{'timestamp': 28231384206000, 'order': 'H: 17653970180569575472:S', 'book': {'Bids': [], 'Asks': []}}
{'timestamp': 28234225686000, 'order': 'O: SUBBB000000001:B1xLPS     @9000', 'book': {'Bids': [{'price': 9000, 'orders': [(b'SUBBB000000001', 1)]}], 'Asks': []}}
{'timestamp': 28234226171000, 'order': 'O: SUBBS000000002:S1xLPS     @11000', 'book': {'Bids': [{'price': 9000, 'orders': [(b'SUBBB000000001', 1)]}], 'Asks': [{'price': 11000, 'orders': [(b'SUBBS000000002', 1)]}]}}
{'timestamp': 28237813153000, 'order': 'U: SUBBS000000002->SUBBS000000003:1@16000', 'book': {'Bids': [{'price': 9000, 'orders': [(b'SUBBB000000001', 1)]}], 'Asks': [{'price': 16000, 'orders': [(b'SUBBS000000003', 1)]}]}}
{'timestamp': 28237813869000, 'order': 'U: SUBBB000000001->SUBBB000000004:1@14000', 'book': {'Bids': [{'price': 14000, 'orders': [(b'SUBBB000000004', 1)]}], 'Asks': [{'price': 16000, 'orders': [(b'SUBBS000000003', 1)]}]}}
{'timestamp': 28237815297000, 'order': 'O: SUBAB000000001:B1xLPS     @15000', 'book': {'Bids': [{'price': 14000, 'orders': [(b'SUBBB000000004', 1)]}], 'Asks': [{'price': 16000, 'orders': [(b'SUBBS000000003', 1)]}]}}
{'timestamp': 28242282660000, 'order': 'O: SUB@S000000001:S1xLPS     @0', 'book': {'Bids': [], 'Asks': [{'price': 16000, 'orders': [(b'SUBBS000000003', 1)]}]}}
{'timestamp': 28242803920000, 'order': 'O: SUBBB000000005:B1xLPS     @14000', 'book': {'Bids': [{'price': 14000, 'orders': [(b'SUBBB000000005', 1)]}], 'Asks': [{'price': 16000, 'orders': [(b'SUBBS000000003', 1)]}]}}
{'timestamp': 28243588051000, 'order': 'X: SUBBS000000003:0', 'book': {'Bids': [{'price': 14000, 'orders': [(b'SUBBB000000005', 1)]}], 'Asks': []}}
{'timestamp': 28243588585000, 'order': 'X: SUBBB000000005:0', 'book': {'Bids': [], 'Asks': []}}
{'timestamp': 28245297134000, 'order': 'O: SUBBB000000006:B1xLPS     @14000', 'book': {'Bids': [{'price': 14000, 'orders': [(b'SUBBB000000006', 1)]}], 'Asks': []}}
{'timestamp': 28245297881000, 'order': 'O: SUBBS000000007:S1xLPS     @16000', 'book': {'Bids': [{'price': 14000, 'orders': [(b'SUBBB000000006', 1)]}], 'Asks': [{'price': 16000, 'orders': [(b'SUBBS000000007', 1)]}]}}
{'timestamp': 28246429104000, 'order': 'X: SUBBB000000006:0', 'book': {'Bids': [], 'Asks': [{'price': 16000, 'orders': [(b'SUBBS000000007', 1)]}]}}
{'timestamp': 28246429582000, 'order': 'X: SUBBS000000007:0', 'book': {'Bids': [], 'Asks': []}}
{'timestamp': 28247406938000, 'order': 'O: SUBAB000000002:B1xLPS     @18000', 'book': {'Bids': [], 'Asks': []}}
{'timestamp': 28248860422000, 'order': 'O: SUBBB000000008:B1xLPS     @17000', 'book': {'Bids': [{'price': 17000, 'orders': [(b'SUBBB000000008', 1)]}], 'Asks': []}}
{'timestamp': 28248861021000, 'order': 'O: SUBBS000000009:S1xLPS     @19000', 'book': {'Bids': [{'price': 17000, 'orders': [(b'SUBBB000000008', 1)]}], 'Asks': [{'price': 19000, 'orders': [(b'SUBBS000000009', 1)]}]}}
{'timestamp': 28252286325000, 'order': 'O: SUB@B000000002:B1xLPS     @214748', 'book': {'Bids': [{'price': 17000, 'orders': [(b'SUBBB000000008', 1)]}], 'Asks': []}}
{'timestamp': 28252809472000, 'order': 'O: SUBBS000000010:S1xLPS     @19000', 'book': {'Bids': [{'price': 17000, 'orders': [(b'SUBBB000000008', 1)]}], 'Asks': [{'price': 19000, 'orders': [(b'SUBBS000000010', 1)]}]}}
{'timestamp': 28257424552000, 'order': 'O: SUBAB000000003:B1xLPS     @21000', 'book': {'Bids': [{'price': 17000, 'orders': [(b'SUBBB000000008', 1)]}], 'Asks': []}}
{'timestamp': 28257968108000, 'order': 'U: SUBBS000000010->SUBBS000000011:1@22000', 'book': {'Bids': [{'price': 17000, 'orders': [(b'SUBBB000000008', 1)]}], 'Asks': []}}
{'timestamp': 28257968518000, 'order': 'U: SUBBB000000008->SUBBB000000012:1@20000', 'book': {'Bids': [{'price': 20000, 'orders': [(b'SUBBB000000012', 1)]}], 'Asks': []}}
{'timestamp': 28257969098000, 'order': 'O: SUBBS000000013:S1xLPS     @22000', 'book': {'Bids': [{'price': 20000, 'orders': [(b'SUBBB000000012', 1)]}], 'Asks': [{'price': 22000, 'orders': [(b'SUBBS000000013', 1)]}]}}
{'timestamp': 28262290910000, 'order': 'O: SUB@S000000003:S1xLPS     @0', 'book': {'Bids': [], 'Asks': [{'price': 22000, 'orders': [(b'SUBBS000000013', 1)]}]}}
{'timestamp': 28262813647000, 'order': 'O: SUBBB000000014:B1xLPS     @20000', 'book': {'Bids': [{'price': 20000, 'orders': [(b'SUBBB000000014', 1)]}], 'Asks': [{'price': 22000, 'orders': [(b'SUBBS000000013', 1)]}]}}
{'timestamp': 28267424020000, 'order': 'O: SUBAS000000004:S1xLPS     @16000', 'book': {'Bids': [], 'Asks': [{'price': 22000, 'orders': [(b'SUBBS000000013', 1)]}]}}
{'timestamp': 28267967986000, 'order': 'U: SUBBB000000014->SUBBB000000015:1@15000', 'book': {'Bids': [], 'Asks': [{'price': 22000, 'orders': [(b'SUBBS000000013', 1)]}]}}
{'timestamp': 28267968435000, 'order': 'U: SUBBS000000013->SUBBS000000016:1@17000', 'book': {'Bids': [], 'Asks': [{'price': 17000, 'orders': [(b'SUBBS000000016', 1)]}]}}
{'timestamp': 28267969033000, 'order': 'O: SUBBB000000017:B1xLPS     @15000', 'book': {'Bids': [{'price': 15000, 'orders': [(b'SUBBB000000017', 1)]}], 'Asks': [{'price': 17000, 'orders': [(b'SUBBS000000016', 1)]}]}}
{'timestamp': 28272287593000, 'order': 'O: SUB@B000000004:B1xLPS     @214748', 'book': {'Bids': [{'price': 15000, 'orders': [(b'SUBBB000000017', 1)]}], 'Asks': []}}
{'timestamp': 28272815967000, 'order': 'O: SUBBS000000018:S1xLPS     @17000', 'book': {'Bids': [{'price': 15000, 'orders': [(b'SUBBB000000017', 1)]}], 'Asks': [{'price': 17000, 'orders': [(b'SUBBS000000018', 1)]}]}}
{'timestamp': 28277431281000, 'order': 'O: SUBAB000000005:B1xLPS     @22000', 'book': {'Bids': [{'price': 15000, 'orders': [(b'SUBBB000000017', 1)]}], 'Asks': []}}
{'timestamp': 28277977589000, 'order': 'U: SUBBS000000018->SUBBS000000019:1@23000', 'book': {'Bids': [{'price': 15000, 'orders': [(b'SUBBB000000017', 1)]}], 'Asks': []}}
{'timestamp': 28277978015000, 'order': 'U: SUBBB000000017->SUBBB000000020:1@21000', 'book': {'Bids': [{'price': 21000, 'orders': [(b'SUBBB000000020', 1)]}], 'Asks': []}}
{'timestamp': 28277978587000, 'order': 'O: SUBBS000000021:S1xLPS     @23000', 'book': {'Bids': [{'price': 21000, 'orders': [(b'SUBBB000000020', 1)]}], 'Asks': [{'price': 23000, 'orders': [(b'SUBBS000000021', 1)]}]}}
{'timestamp': 28282301042000, 'order': 'O: SUB@S000000005:S1xLPS     @0', 'book': {'Bids': [], 'Asks': [{'price': 23000, 'orders': [(b'SUBBS000000021', 1)]}]}}
{'timestamp': 28282827339000, 'order': 'O: SUBBB000000022:B1xLPS     @21000', 'book': {'Bids': [{'price': 21000, 'orders': [(b'SUBBB000000022', 1)]}], 'Asks': [{'price': 23000, 'orders': [(b'SUBBS000000021', 1)]}]}}
{'timestamp': 28287439478000, 'order': 'O: SUBAS000000006:S1xLPS     @17000', 'book': {'Bids': [], 'Asks': [{'price': 23000, 'orders': [(b'SUBBS000000021', 1)]}]}}
{'timestamp': 28287981074000, 'order': 'U: SUBBB000000022->SUBBB000000023:1@16000', 'book': {'Bids': [], 'Asks': [{'price': 23000, 'orders': [(b'SUBBS000000021', 1)]}]}}
{'timestamp': 28287981516000, 'order': 'U: SUBBS000000021->SUBBS000000024:1@18000', 'book': {'Bids': [], 'Asks': [{'price': 18000, 'orders': [(b'SUBBS000000024', 1)]}]}}
{'timestamp': 28287982114000, 'order': 'O: SUBBB000000025:B1xLPS     @16000', 'book': {'Bids': [{'price': 16000, 'orders': [(b'SUBBB000000025', 1)]}], 'Asks': [{'price': 18000, 'orders': [(b'SUBBS000000024', 1)]}]}}
{'timestamp': 28292300106000, 'order': 'O: SUB@B000000006:B1xLPS     @214748', 'book': {'Bids': [{'price': 16000, 'orders': [(b'SUBBB000000025', 1)]}], 'Asks': []}}
{'timestamp': 28292829367000, 'order': 'O: SUBBS000000026:S1xLPS     @18000', 'book': {'Bids': [{'price': 16000, 'orders': [(b'SUBBB000000025', 1)]}], 'Asks': [{'price': 18000, 'orders': [(b'SUBBS000000026', 1)]}]}}
