{'timestamp': 72055828743000, 'order': 'H: 14767103892473786416:S', 'book': {'Bids': [], 'Asks': []}}
{'timestamp': 72058515468000, 'order': 'O: SUBCB000000001:B1xLPS     @9000', 'book': {'Bids': [{'price': 9000, 'orders': [(b'SUBCB000000001', 1)]}], 'Asks': []}}
{'timestamp': 72058516014000, 'order': 'O: SUBCS000000002:S1xLPS     @11000', 'book': {'Bids': [{'price': 9000, 'orders': [(b'SUBCB000000001', 1)]}], 'Asks': [{'price': 11000, 'orders': [(b'SUBCS000000002', 1)]}]}}
{'timestamp': 72062201783000, 'order': 'U: SUBCS000000002->SUBCS000000003:1@16000', 'book': {'Bids': [{'price': 9000, 'orders': [(b'SUBCB000000001', 1)]}], 'Asks': [{'price': 16000, 'orders': [(b'SUBCS000000003', 1)]}]}}
{'timestamp': 72062202519000, 'order': 'U: SUBCB000000001->SUBCB000000004:1@14000', 'book': {'Bids': [{'price': 14000, 'orders': [(b'SUBCB000000004', 1)]}], 'Asks': [{'price': 16000, 'orders': [(b'SUBCS000000003', 1)]}]}}
{'timestamp': 72066678012000, 'order': 'O: SUB@S000000001:S1xLPS     @0', 'book': {'Bids': [], 'Asks': [{'price': 16000, 'orders': [(b'SUBCS000000003', 1)]}]}}
{'timestamp': 72416989922000, 'order': 'H: 16443846824045850672:S', 'book': {'Bids': [], 'Asks': []}}
{'timestamp': 72419419348000, 'order': 'O: SUBCB000000001:B1xLPS     @9000', 'book': {'Bids': [{'price': 9000, 'orders': [(b'SUBCB000000001', 1)]}], 'Asks': []}}
{'timestamp': 72419419895000, 'order': 'O: SUBCS000000002:S1xLPS     @11000', 'book': {'Bids': [{'price': 9000, 'orders': [(b'SUBCB000000001', 1)]}], 'Asks': [{'price': 11000, 'orders': [(b'SUBCS000000002', 1)]}]}}
{'timestamp': 72423337497000, 'order': 'U: SUBCS000000002->SUBCS000000003:1@16000', 'book': {'Bids': [{'price': 9000, 'orders': [(b'SUBCB000000001', 1)]}], 'Asks': [{'price': 16000, 'orders': [(b'SUBCS000000003', 1)]}]}}
{'timestamp': 72423338236000, 'order': 'U: SUBCB000000001->SUBCB000000004:1@14000', 'book': {'Bids': [{'price': 14000, 'orders': [(b'SUBCB000000004', 1)]}], 'Asks': [{'price': 16000, 'orders': [(b'SUBCS000000003', 1)]}]}}
{'timestamp': 72426878772000, 'order': 'O: SUBAB000000001:B1xLPS     @14000', 'book': {'Bids': [{'price': 14000, 'orders': [(b'SUBCB000000004', 1), (b'SUBAB000000001', 1)]}], 'Asks': [{'price': 16000, 'orders': [(b'SUBCS000000003', 1)]}]}}
{'timestamp': 72426879169000, 'order': 'O: SUBAS000000002:S1xLPS     @16000', 'book': {'Bids': [{'price': 14000, 'orders': [(b'SUBCB000000004', 1), (b'SUBAB000000001', 1)]}], 'Asks': [{'price': 16000, 'orders': [(b'SUBCS000000003', 1), (b'SUBAS000000002', 1)]}]}}
{'timestamp': 72427823022000, 'order': 'O: SUB@S000000001:S1xLPS     @0', 'book': {'Bids': [{'price': 14000, 'orders': [(b'SUBAB000000001', 1)]}], 'Asks': [{'price': 16000, 'orders': [(b'SUBCS000000003', 1), (b'SUBAS000000002', 1)]}]}}
{'timestamp': 72772705209000, 'order': 'H: 13111748626725482544:S', 'book': {'Bids': [], 'Asks': []}}
{'timestamp': 72783357039000, 'order': 'O: SUB@S000000001:S1xLPS     @0', 'book': {'Bids': [], 'Asks': []}}
{'timestamp': 72793370954000, 'order': 'O: SUB@B000000002:B1xLPS     @214748', 'book': {'Bids': [], 'Asks': []}}
{'timestamp': 73256044158000, 'order': 'H: 4558787484031397936:S', 'book': {'Bids': [], 'Asks': []}}
{'timestamp': 73266721308000, 'order': 'O: SUB@S000000001:S1xLPS     @0', 'book': {'Bids': [], 'Asks': []}}
{'timestamp': 73276724309000, 'order': 'O: SUB@B000000002:B1xLPS     @214748', 'book': {'Bids': [], 'Asks': []}}
{'timestamp': 73286720051000, 'order': 'O: SUB@S000000003:S1xLPS     @0', 'book': {'Bids': [], 'Asks': []}}
{'timestamp': 73296724461000, 'order': 'O: SUB@B000000004:B1xLPS     @214748', 'book': {'Bids': [], 'Asks': []}}
{'timestamp': 73306727294000, 'order': 'O: SUB@S000000005:S1xLPS     @0', 'book': {'Bids': [], 'Asks': []}}
{'timestamp': 73316726540000, 'order': 'O: SUB@B000000006:B1xLPS     @214748', 'book': {'Bids': [], 'Asks': []}}
{'timestamp': 73365008772000, 'order': 'H: 11374138655585087536:S', 'book': {'Bids': [], 'Asks': []}}
{'timestamp': 73375641967000, 'order': 'O: SUB@S000000001:S1xLPS     @0', 'book': {'Bids': [], 'Asks': []}}
{'timestamp': 73385642390000, 'order': 'O: SUB@B000000002:B1xLPS     @214748', 'book': {'Bids': [], 'Asks': []}}
{'timestamp': 73395652197000, 'order': 'O: SUB@S000000003:S1xLPS     @0', 'book': {'Bids': [], 'Asks': []}}
{'timestamp': 73405642830000, 'order': 'O: SUB@B000000004:B1xLPS     @214748', 'book': {'Bids': [], 'Asks': []}}
{'timestamp': 73415650065000, 'order': 'O: SUB@S000000005:S1xLPS     @0', 'book': {'Bids': [], 'Asks': []}}
{'timestamp': 73425663395000, 'order': 'O: SUB@B000000006:B1xLPS     @214748', 'book': {'Bids': [], 'Asks': []}}
{'timestamp': 73784400148000, 'order': 'H: 4855645281249669168:S', 'book': {'Bids': [], 'Asks': []}}
{'timestamp': 73795084191000, 'order': 'O: SUB@S000000001:S1xLPS     @0', 'book': {'Bids': [], 'Asks': []}}
{'timestamp': 73805083497000, 'order': 'O: SUB@B000000002:B1xLPS     @214748', 'book': {'Bids': [], 'Asks': []}}
{'timestamp': 73815088361000, 'order': 'O: SUB@S000000003:S1xLPS     @0', 'book': {'Bids': [], 'Asks': []}}
{'timestamp': 74093605092000, 'order': 'H: 4755012857474592816:S', 'book': {'Bids': [], 'Asks': []}}
{'timestamp': 74096779402000, 'order': 'O: SUBCB000000001:B1xLPS     @9000', 'book': {'Bids': [{'price': 9000, 'orders': [(b'SUBCB000000001', 1)]}], 'Asks': []}}
{'timestamp': 74096779958000, 'order': 'O: SUBCS000000002:S1xLPS     @11000', 'book': {'Bids': [{'price': 9000, 'orders': [(b'SUBCB000000001', 1)]}], 'Asks': [{'price': 11000, 'orders': [(b'SUBCS000000002', 1)]}]}}
{'timestamp': 74099871319000, 'order': 'O: SUBBB000000001:B1xLPS     @15000', 'book': {'Bids': [{'price': 9000, 'orders': [(b'SUBCB000000001', 1)]}], 'Asks': []}}
{'timestamp': 74099871968000, 'order': 'U: SUBCS000000002->SUBCS000000003:1@16000', 'book': {'Bids': [{'price': 9000, 'orders': [(b'SUBCB000000001', 1)]}], 'Asks': []}}
{'timestamp': 74099873388000, 'order': 'U: SUBCB000000001->SUBCB000000004:1@14000', 'book': {'Bids': [{'price': 14000, 'orders': [(b'SUBCB000000004', 1)]}], 'Asks': []}}
{'timestamp': 74100438939000, 'order': 'O: SUBCS000000005:S1xLPS     @16000', 'book': {'Bids': [{'price': 14000, 'orders': [(b'SUBCB000000004', 1)]}], 'Asks': [{'price': 16000, 'orders': [(b'SUBCS000000005', 1)]}]}}
{'timestamp': 74104313617000, 'order': 'O: SUB@S000000001:S1xLPS     @0', 'book': {'Bids': [], 'Asks': [{'price': 16000, 'orders': [(b'SUBCS000000005', 1)]}]}}
{'timestamp': 74104845384000, 'order': 'O: SUBCB000000006:B1xLPS     @14000', 'book': {'Bids': [{'price': 14000, 'orders': [(b'SUBCB000000006', 1)]}], 'Asks': [{'price': 16000, 'orders': [(b'SUBCS000000005', 1)]}]}}
{'timestamp': 74109470825000, 'order': 'O: SUBAB000000001:B1xLPS     @18000', 'book': {'Bids': [{'price': 14000, 'orders': [(b'SUBCB000000006', 1)]}], 'Asks': []}}
{'timestamp': 74110021952000, 'order': 'O: SUBBB000000002:B1xLPS     @18000', 'book': {'Bids': [{'price': 14000, 'orders': [(b'SUBCB000000006', 1)]}], 'Asks': []}}
{'timestamp': 74110022482000, 'order': 'U: SUBCS000000005->SUBCS000000007:1@19000', 'book': {'Bids': [{'price': 14000, 'orders': [(b'SUBCB000000006', 1)]}], 'Asks': []}}
{'timestamp': 74110022731000, 'order': 'U: SUBCB000000006->SUBCB000000008:1@17000', 'book': {'Bids': [{'price': 17000, 'orders': [(b'SUBCB000000008', 1)]}], 'Asks': []}}
{'timestamp': 74110023223000, 'order': 'O: SUBCS000000009:S1xLPS     @19000', 'book': {'Bids': [{'price': 17000, 'orders': [(b'SUBCB000000008', 1)]}], 'Asks': [{'price': 19000, 'orders': [(b'SUBCS000000009', 1)]}]}}
{'timestamp': 74114323005000, 'order': 'O: SUB@B000000002:B1xLPS     @214748', 'book': {'Bids': [{'price': 17000, 'orders': [(b'SUBCB000000008', 1)]}], 'Asks': []}}
{'timestamp': 74114850706000, 'order': 'O: SUBCS000000010:S1xLPS     @19000', 'book': {'Bids': [{'price': 17000, 'orders': [(b'SUBCB000000008', 1)]}], 'Asks': [{'price': 19000, 'orders': [(b'SUBCS000000010', 1)]}]}}
{'timestamp': 74119470025000, 'order': 'O: SUBAB000000002:B1xLPS     @21000', 'book': {'Bids': [{'price': 17000, 'orders': [(b'SUBCB000000008', 1)]}], 'Asks': []}}
{'timestamp': 74120023216000, 'order': 'O: SUBBB000000003:B1xLPS     @21000', 'book': {'Bids': [{'price': 17000, 'orders': [(b'SUBCB000000008', 1)]}], 'Asks': []}}
{'timestamp': 74120023830000, 'order': 'U: SUBCS000000010->SUBCS000000011:1@22000', 'book': {'Bids': [{'price': 17000, 'orders': [(b'SUBCB000000008', 1)]}], 'Asks': []}}
{'timestamp': 74120024180000, 'order': 'U: SUBCB000000008->SUBCB000000012:1@20000', 'book': {'Bids': [{'price': 20000, 'orders': [(b'SUBCB000000012', 1)]}], 'Asks': []}}
{'timestamp': 74120024747000, 'order': 'O: SUBCS000000013:S1xLPS     @22000', 'book': {'Bids': [{'price': 20000, 'orders': [(b'SUBCB000000012', 1)]}], 'Asks': [{'price': 22000, 'orders': [(b'SUBCS000000013', 1)]}]}}
{'timestamp': 74124320343000, 'order': 'O: SUB@S000000003:S1xLPS     @0', 'book': {'Bids': [], 'Asks': [{'price': 22000, 'orders': [(b'SUBCS000000013', 1)]}]}}
{'timestamp': 74124850925000, 'order': 'O: SUBCB000000014:B1xLPS     @20000', 'book': {'Bids': [{'price': 20000, 'orders': [(b'SUBCB000000014', 1)]}], 'Asks': [{'price': 22000, 'orders': [(b'SUBCS000000013', 1)]}]}}
{'timestamp': 74129491968000, 'order': 'O: SUBAS000000003:S1xLPS     @16000', 'book': {'Bids': [], 'Asks': [{'price': 22000, 'orders': [(b'SUBCS000000013', 1)]}]}}
{'timestamp': 74130041716000, 'order': 'O: SUBBS000000004:S1xLPS     @16000', 'book': {'Bids': [], 'Asks': [{'price': 22000, 'orders': [(b'SUBCS000000013', 1)]}]}}
{'timestamp': 74130042316000, 'order': 'U: SUBCB000000014->SUBCB000000015:1@15000', 'book': {'Bids': [], 'Asks': [{'price': 22000, 'orders': [(b'SUBCS000000013', 1)]}]}}
{'timestamp': 74130042667000, 'order': 'U: SUBCS000000013->SUBCS000000016:1@17000', 'book': {'Bids': [], 'Asks': [{'price': 17000, 'orders': [(b'SUBCS000000016', 1)]}]}}
{'timestamp': 74130043297000, 'order': 'O: SUBCB000000017:B1xLPS     @15000', 'book': {'Bids': [{'price': 15000, 'orders': [(b'SUBCB000000017', 1)]}], 'Asks': [{'price': 17000, 'orders': [(b'SUBCS000000016', 1)]}]}}
{'timestamp': 74134325350000, 'order': 'O: SUB@B000000004:B1xLPS     @214748', 'book': {'Bids': [{'price': 15000, 'orders': [(b'SUBCB000000017', 1)]}], 'Asks': []}}
{'timestamp': 74134858778000, 'order': 'O: SUBCS000000018:S1xLPS     @17000', 'book': {'Bids': [{'price': 15000, 'orders': [(b'SUBCB000000017', 1)]}], 'Asks': [{'price': 17000, 'orders': [(b'SUBCS000000018', 1)]}]}}
{'timestamp': 74139480677000, 'order': 'O: SUBAB000000004:B1xLPS     @22000', 'book': {'Bids': [{'price': 15000, 'orders': [(b'SUBCB000000017', 1)]}], 'Asks': []}}
{'timestamp': 74140037700000, 'order': 'U: SUBCS000000018->SUBCS000000019:1@23000', 'book': {'Bids': [{'price': 15000, 'orders': [(b'SUBCB000000017', 1)]}], 'Asks': []}}
{'timestamp': 74140038111000, 'order': 'U: SUBCB000000017->SUBCB000000020:1@21000', 'book': {'Bids': [{'price': 21000, 'orders': [(b'SUBCB000000020', 1)]}], 'Asks': []}}
{'timestamp': 74140038592000, 'order': 'O: SUBBB000000005:B1xLPS     @22000', 'book': {'Bids': [{'price': 21000, 'orders': [(b'SUBCB000000020', 1)]}], 'Asks': []}}
{'timestamp': 74140038899000, 'order': 'O: SUBCS000000021:S1xLPS     @23000', 'book': {'Bids': [{'price': 21000, 'orders': [(b'SUBCB000000020', 1)]}], 'Asks': [{'price': 23000, 'orders': [(b'SUBCS000000021', 1)]}]}}
{'timestamp': 74144336122000, 'order': 'O: SUB@S000000005:S1xLPS     @0', 'book': {'Bids': [], 'Asks': [{'price': 23000, 'orders': [(b'SUBCS000000021', 1)]}]}}
{'timestamp': 74144872706000, 'order': 'O: SUBCB000000022:B1xLPS     @21000', 'book': {'Bids': [{'price': 21000, 'orders': [(b'SUBCB000000022', 1)]}], 'Asks': [{'price': 23000, 'orders': [(b'SUBCS000000021', 1)]}]}}
{'timestamp': 74149476142000, 'order': 'O: SUBAS000000005:S1xLPS     @17000', 'book': {'Bids': [], 'Asks': [{'price': 23000, 'orders': [(b'SUBCS000000021', 1)]}]}}
{'timestamp': 74150030380000, 'order': 'O: SUBBS000000006:S1xLPS     @17000', 'book': {'Bids': [], 'Asks': [{'price': 23000, 'orders': [(b'SUBCS000000021', 1)]}]}}
{'timestamp': 74150030991000, 'order': 'U: SUBCB000000022->SUBCB000000023:1@16000', 'book': {'Bids': [], 'Asks': [{'price': 23000, 'orders': [(b'SUBCS000000021', 1)]}]}}
{'timestamp': 74150031357000, 'order': 'U: SUBCS000000021->SUBCS000000024:1@18000', 'book': {'Bids': [], 'Asks': [{'price': 18000, 'orders': [(b'SUBCS000000024', 1)]}]}}
{'timestamp': 74150033256000, 'order': 'O: SUBCB000000025:B1xLPS     @16000', 'book': {'Bids': [{'price': 16000, 'orders': [(b'SUBCB000000025', 1)]}], 'Asks': [{'price': 18000, 'orders': [(b'SUBCS000000024', 1)]}]}}
{'timestamp': 74154333212000, 'order': 'O: SUB@B000000006:B1xLPS     @214748', 'book': {'Bids': [{'price': 16000, 'orders': [(b'SUBCB000000025', 1)]}], 'Asks': []}}
{'timestamp': 74154866713000, 'order': 'O: SUBCS000000026:S1xLPS     @18000', 'book': {'Bids': [{'price': 16000, 'orders': [(b'SUBCB000000025', 1)]}], 'Asks': [{'price': 18000, 'orders': [(b'SUBCS000000026', 1)]}]}}
{'timestamp': 74575852825000, 'order': 'H: 9945557491266891824:S', 'book': {'Bids': [], 'Asks': []}}
{'timestamp': 74586686402000, 'order': 'O: SUB@S000000001:S1xLPS     @0', 'book': {'Bids': [], 'Asks': []}}
{'timestamp': 74596701171000, 'order': 'O: SUB@B000000002:B1xLPS     @214748', 'book': {'Bids': [], 'Asks': []}}
{'timestamp': 74606706329000, 'order': 'O: SUB@S000000003:S1xLPS     @0', 'book': {'Bids': [], 'Asks': []}}
{'timestamp': 74616711311000, 'order': 'O: SUB@B000000004:B1xLPS     @214748', 'book': {'Bids': [], 'Asks': []}}
{'timestamp': 74626706649000, 'order': 'O: SUB@S000000005:S1xLPS     @0', 'book': {'Bids': [], 'Asks': []}}
{'timestamp': 74636707362000, 'order': 'O: SUB@B000000006:B1xLPS     @214748', 'book': {'Bids': [], 'Asks': []}}
{'timestamp': 74700496712000, 'order': 'H: 10332260953435942960:S', 'book': {'Bids': [], 'Asks': []}}
{'timestamp': 74711125002000, 'order': 'O: SUB@S000000001:S1xLPS     @0', 'book': {'Bids': [], 'Asks': []}}
{'timestamp': 74828181373000, 'order': 'H: 5306041630949650480:S', 'book': {'Bids': [], 'Asks': []}}
{'timestamp': 74838936782000, 'order': 'O: SUB@S000000001:S1xLPS     @0', 'book': {'Bids': [], 'Asks': []}}
{'timestamp': 74848940036000, 'order': 'O: SUB@B000000002:B1xLPS     @214748', 'book': {'Bids': [], 'Asks': []}}
{'timestamp': 74858928312000, 'order': 'O: SUB@S000000003:S1xLPS     @0', 'book': {'Bids': [], 'Asks': []}}
{'timestamp': 75163975051000, 'order': 'H: 8715837264123408432:S', 'book': {'Bids': [], 'Asks': []}}
{'timestamp': 75167669772000, 'order': 'O: SUBCB000000001:B1xLPS     @9000', 'book': {'Bids': [{'price': 9000, 'orders': [(b'SUBCB000000001', 1)]}], 'Asks': []}}
{'timestamp': 75167670507000, 'order': 'O: SUBCS000000002:S1xLPS     @11000', 'book': {'Bids': [{'price': 9000, 'orders': [(b'SUBCB000000001', 1)]}], 'Asks': [{'price': 11000, 'orders': [(b'SUBCS000000002', 1)]}]}}
{'timestamp': 75170184231000, 'order': 'U: SUBCS000000002->SUBCS000000003:1@16000', 'book': {'Bids': [{'price': 9000, 'orders': [(b'SUBCB000000001', 1)]}], 'Asks': [{'price': 16000, 'orders': [(b'SUBCS000000003', 1)]}]}}
{'timestamp': 75170185862000, 'order': 'U: SUBCB000000001->SUBCB000000004:1@14000', 'book': {'Bids': [{'price': 14000, 'orders': [(b'SUBCB000000004', 1)]}], 'Asks': [{'price': 16000, 'orders': [(b'SUBCS000000003', 1)]}]}}
{'timestamp': 75174651026000, 'order': 'O: SUB@S000000001:S1xLPS     @0', 'book': {'Bids': [], 'Asks': [{'price': 16000, 'orders': [(b'SUBCS000000003', 1)]}]}}
{'timestamp': 75367063595000, 'order': 'H: 14002001785618706480:S', 'book': {'Bids': [], 'Asks': []}}
{'timestamp': 75369295884000, 'order': 'O: SUBCB000000001:B1xLPS     @9000', 'book': {'Bids': [{'price': 9000, 'orders': [(b'SUBCB000000001', 1)]}], 'Asks': []}}
{'timestamp': 75369296310000, 'order': 'O: SUBCS000000002:S1xLPS     @11000', 'book': {'Bids': [{'price': 9000, 'orders': [(b'SUBCB000000001', 1)]}], 'Asks': [{'price': 11000, 'orders': [(b'SUBCS000000002', 1)]}]}}
{'timestamp': 75373258794000, 'order': 'O: SUBBB000000001:B1xLPS     @15000', 'book': {'Bids': [{'price': 9000, 'orders': [(b'SUBCB000000001', 1)]}], 'Asks': []}}
{'timestamp': 75373259455000, 'order': 'U: SUBCS000000002->SUBCS000000003:1@16000', 'book': {'Bids': [{'price': 9000, 'orders': [(b'SUBCB000000001', 1)]}], 'Asks': []}}
{'timestamp': 75373261047000, 'order': 'U: SUBCB000000001->SUBCB000000004:1@14000', 'book': {'Bids': [{'price': 14000, 'orders': [(b'SUBCB000000004', 1)]}], 'Asks': []}}
{'timestamp': 75373262673000, 'order': 'O: SUBAB000000001:B1xLPS     @15000', 'book': {'Bids': [{'price': 14000, 'orders': [(b'SUBCB000000004', 1)]}], 'Asks': []}}
{'timestamp': 75373787595000, 'order': 'O: SUBCS000000005:S1xLPS     @16000', 'book': {'Bids': [{'price': 14000, 'orders': [(b'SUBCB000000004', 1)]}], 'Asks': [{'price': 16000, 'orders': [(b'SUBCS000000005', 1)]}]}}
{'timestamp': 75377738343000, 'order': 'O: SUB@S000000001:S1xLPS     @0', 'book': {'Bids': [], 'Asks': [{'price': 16000, 'orders': [(b'SUBCS000000005', 1)]}]}}
{'timestamp': 75378251323000, 'order': 'O: SUBCB000000006:B1xLPS     @14000', 'book': {'Bids': [{'price': 14000, 'orders': [(b'SUBCB000000006', 1)]}], 'Asks': [{'price': 16000, 'orders': [(b'SUBCS000000005', 1)]}]}}
{'timestamp': 75382869229000, 'order': 'O: SUBAB000000002:B1xLPS     @18000', 'book': {'Bids': [{'price': 14000, 'orders': [(b'SUBCB000000006', 1)]}], 'Asks': []}}
{'timestamp': 75383389601000, 'order': 'O: SUBBB000000002:B1xLPS     @18000', 'book': {'Bids': [{'price': 14000, 'orders': [(b'SUBCB000000006', 1)]}], 'Asks': []}}
{'timestamp': 75383390145000, 'order': 'U: SUBCS000000005->SUBCS000000007:1@19000', 'book': {'Bids': [{'price': 14000, 'orders': [(b'SUBCB000000006', 1)]}], 'Asks': []}}
{'timestamp': 75383391577000, 'order': 'U: SUBCB000000006->SUBCB000000008:1@17000', 'book': {'Bids': [{'price': 17000, 'orders': [(b'SUBCB000000008', 1)]}], 'Asks': []}}
{'timestamp': 75383392252000, 'order': 'O: SUBCS000000009:S1xLPS     @19000', 'book': {'Bids': [{'price': 17000, 'orders': [(b'SUBCB000000008', 1)]}], 'Asks': [{'price': 19000, 'orders': [(b'SUBCS000000009', 1)]}]}}
{'timestamp': 75387740147000, 'order': 'O: SUB@B000000002:B1xLPS     @214748', 'book': {'Bids': [{'price': 17000, 'orders': [(b'SUBCB000000008', 1)]}], 'Asks': []}}
{'timestamp': 75388254146000, 'order': 'O: SUBCS000000010:S1xLPS     @19000', 'book': {'Bids': [{'price': 17000, 'orders': [(b'SUBCB000000008', 1)]}], 'Asks': [{'price': 19000, 'orders': [(b'SUBCS000000010', 1)]}]}}
{'timestamp': 75392867856000, 'order': 'O: SUBAB000000003:B1xLPS     @21000', 'book': {'Bids': [{'price': 17000, 'orders': [(b'SUBCB000000008', 1)]}], 'Asks': []}}
{'timestamp': 75393390688000, 'order': 'O: SUBBB000000003:B1xLPS     @21000', 'book': {'Bids': [{'price': 17000, 'orders': [(b'SUBCB000000008', 1)]}], 'Asks': []}}
{'timestamp': 75393391205000, 'order': 'U: SUBCS000000010->SUBCS000000011:1@22000', 'book': {'Bids': [{'price': 17000, 'orders': [(b'SUBCB000000008', 1)]}], 'Asks': []}}
{'timestamp': 75393392618000, 'order': 'U: SUBCB000000008->SUBCB000000012:1@20000', 'book': {'Bids': [{'price': 20000, 'orders': [(b'SUBCB000000012', 1)]}], 'Asks': []}}
{'timestamp': 75393393221000, 'order': 'O: SUBCS000000013:S1xLPS     @22000', 'book': {'Bids': [{'price': 20000, 'orders': [(b'SUBCB000000012', 1)]}], 'Asks': [{'price': 22000, 'orders': [(b'SUBCS000000013', 1)]}]}}
{'timestamp': 75397748998000, 'order': 'O: SUB@S000000003:S1xLPS     @0', 'book': {'Bids': [], 'Asks': [{'price': 22000, 'orders': [(b'SUBCS000000013', 1)]}]}}
{'timestamp': 75398264936000, 'order': 'O: SUBCB000000014:B1xLPS     @20000', 'book': {'Bids': [{'price': 20000, 'orders': [(b'SUBCB000000014', 1)]}], 'Asks': [{'price': 22000, 'orders': [(b'SUBCS000000013', 1)]}]}}
{'timestamp': 75402866830000, 'order': 'O: SUBAS000000004:S1xLPS     @16000', 'book': {'Bids': [], 'Asks': [{'price': 22000, 'orders': [(b'SUBCS000000013', 1)]}]}}
{'timestamp': 75403387162000, 'order': 'O: SUBBS000000004:S1xLPS     @16000', 'book': {'Bids': [], 'Asks': [{'price': 22000, 'orders': [(b'SUBCS000000013', 1)]}]}}
{'timestamp': 75403387740000, 'order': 'U: SUBCB000000014->SUBCB000000015:1@15000', 'book': {'Bids': [], 'Asks': [{'price': 22000, 'orders': [(b'SUBCS000000013', 1)]}]}}
{'timestamp': 75403389111000, 'order': 'U: SUBCS000000013->SUBCS000000016:1@17000', 'book': {'Bids': [], 'Asks': [{'price': 17000, 'orders': [(b'SUBCS000000016', 1)]}]}}
{'timestamp': 75403389567000, 'order': 'O: SUBCB000000017:B1xLPS     @15000', 'book': {'Bids': [{'price': 15000, 'orders': [(b'SUBCB000000017', 1)]}], 'Asks': [{'price': 17000, 'orders': [(b'SUBCS000000016', 1)]}]}}
{'timestamp': 75407745702000, 'order': 'O: SUB@B000000004:B1xLPS     @214748', 'book': {'Bids': [{'price': 15000, 'orders': [(b'SUBCB000000017', 1)]}], 'Asks': []}}
{'timestamp': 75408260833000, 'order': 'O: SUBCS000000018:S1xLPS     @17000', 'book': {'Bids': [{'price': 15000, 'orders': [(b'SUBCB000000017', 1)]}], 'Asks': [{'price': 17000, 'orders': [(b'SUBCS000000018', 1)]}]}}
{'timestamp': 75411635480000, 'order': 'X: SUBAB000000001:0', 'book': {'Bids': [{'price': 15000, 'orders': [(b'SUBCB000000017', 1)]}], 'Asks': [{'price': 17000, 'orders': [(b'SUBCS000000018', 1)]}]}}
{'timestamp': 75413197992000, 'order': 'O: SUBAB000000005:B1xLPS     @21000', 'book': {'Bids': [{'price': 15000, 'orders': [(b'SUBCB000000017', 1)]}], 'Asks': []}}
{'timestamp': 75413198556000, 'order': 'O: SUBAS000000006:S1xLPS     @23000', 'book': {'Bids': [{'price': 15000, 'orders': [(b'SUBCB000000017', 1)]}], 'Asks': [{'price': 23000, 'orders': [(b'SUBAS000000006', 1)]}]}}
{'timestamp': 75413829631000, 'order': 'O: SUBBB000000005:B1xLPS     @22000', 'book': {'Bids': [{'price': 15000, 'orders': [(b'SUBCB000000017', 1)]}], 'Asks': [{'price': 23000, 'orders': [(b'SUBAS000000006', 1)]}]}}
{'timestamp': 75413830059000, 'order': 'U: SUBCS000000018->SUBCS000000019:1@23000', 'book': {'Bids': [{'price': 15000, 'orders': [(b'SUBCB000000017', 1)]}], 'Asks': [{'price': 23000, 'orders': [(b'SUBAS000000006', 1)]}]}}
{'timestamp': 75413831486000, 'order': 'U: SUBCB000000017->SUBCB000000020:1@21000', 'book': {'Bids': [{'price': 21000, 'orders': [(b'SUBCB000000020', 1)]}], 'Asks': [{'price': 23000, 'orders': [(b'SUBAS000000006', 1)]}]}}
{'timestamp': 75413832056000, 'order': 'O: SUBAB000000007:B1xLPS     @21000', 'book': {'Bids': [{'price': 21000, 'orders': [(b'SUBCB000000020', 1), (b'SUBAB000000007', 1)]}], 'Asks': [{'price': 23000, 'orders': [(b'SUBAS000000006', 1)]}]}}
{'timestamp': 75413832356000, 'order': 'O: SUBCS000000021:S1xLPS     @23000', 'book': {'Bids': [{'price': 21000, 'orders': [(b'SUBCB000000020', 1), (b'SUBAB000000007', 1)]}], 'Asks': [{'price': 23000, 'orders': [(b'SUBAS000000006', 1), (b'SUBCS000000021', 1)]}]}}
{'timestamp': 75417752263000, 'order': 'O: SUB@S000000005:S1xLPS     @0', 'book': {'Bids': [{'price': 21000, 'orders': [(b'SUBAB000000007', 1)]}], 'Asks': [{'price': 23000, 'orders': [(b'SUBAS000000006', 1), (b'SUBCS000000021', 1)]}]}}
{'timestamp': 75418265439000, 'order': 'O: SUBCB000000022:B1xLPS     @21000', 'book': {'Bids': [{'price': 21000, 'orders': [(b'SUBAB000000007', 1), (b'SUBCB000000022', 1)]}], 'Asks': [{'price': 23000, 'orders': [(b'SUBAS000000006', 1), (b'SUBCS000000021', 1)]}]}}
{'timestamp': 75422726244000, 'order': 'X: SUBBB000000002:0', 'book': {'Bids': [{'price': 21000, 'orders': [(b'SUBAB000000007', 1), (b'SUBCB000000022', 1)]}], 'Asks': [{'price': 23000, 'orders': [(b'SUBAS000000006', 1), (b'SUBCS000000021', 1)]}]}}
{'timestamp': 75422726575000, 'order': 'X: SUBBB000000003:0', 'book': {'Bids': [{'price': 21000, 'orders': [(b'SUBAB000000007', 1), (b'SUBCB000000022', 1)]}], 'Asks': [{'price': 23000, 'orders': [(b'SUBAS000000006', 1), (b'SUBCS000000021', 1)]}]}}
{'timestamp': 75422726778000, 'order': 'X: SUBBS000000004:0', 'book': {'Bids': [{'price': 21000, 'orders': [(b'SUBAB000000007', 1), (b'SUBCB000000022', 1)]}], 'Asks': [{'price': 23000, 'orders': [(b'SUBAS000000006', 1), (b'SUBCS000000021', 1)]}]}}
{'timestamp': 75422726971000, 'order': 'X: SUBBB000000005:0', 'book': {'Bids': [{'price': 21000, 'orders': [(b'SUBAB000000007', 1), (b'SUBCB000000022', 1)]}], 'Asks': [{'price': 23000, 'orders': [(b'SUBAS000000006', 1), (b'SUBCS000000021', 1)]}]}}
{'timestamp': 75422883230000, 'order': 'U: SUBAB000000001->SUBAB000000008:1@16000', 'book': {'Bids': [{'price': 21000, 'orders': [(b'SUBAB000000007', 1), (b'SUBCB000000022', 1)]}], 'Asks': [{'price': 23000, 'orders': [(b'SUBAS000000006', 1), (b'SUBCS000000021', 1)]}]}}
{'timestamp': 75422883612000, 'order': 'U: SUBAB000000007->SUBAB000000009:1@16000', 'book': {'Bids': [{'price': 21000, 'orders': [(b'SUBCB000000022', 1)]}, {'price': 16000, 'orders': [(b'SUBAB000000009', 1)]}], 'Asks': [{'price': 23000, 'orders': [(b'SUBAS000000006', 1), (b'SUBCS000000021', 1)]}]}}
{'timestamp': 75422885065000, 'order': 'U: SUBAS000000006->SUBAS000000010:1@18000', 'book': {'Bids': [{'price': 16000, 'orders': [(b'SUBAB000000009', 1)]}], 'Asks': [{'price': 23000, 'orders': [(b'SUBCS000000021', 1)]}]}}
{'timestamp': 75423511367000, 'order': 'O: SUBAS000000011:S1xLPS     @18000', 'book': {'Bids': [{'price': 16000, 'orders': [(b'SUBAB000000009', 1)]}], 'Asks': [{'price': 18000, 'orders': [(b'SUBAS000000011', 1)]}, {'price': 23000, 'orders': [(b'SUBCS000000021', 1)]}]}}
{'timestamp': 75423512142000, 'order': 'U: SUBCB000000022->SUBCB000000023:1@16000', 'book': {'Bids': [{'price': 16000, 'orders': [(b'SUBAB000000009', 1)]}], 'Asks': [{'price': 18000, 'orders': [(b'SUBAS000000011', 1)]}, {'price': 23000, 'orders': [(b'SUBCS000000021', 1)]}]}}
{'timestamp': 75423512575000, 'order': 'U: SUBCS000000021->SUBCS000000024:1@18000', 'book': {'Bids': [{'price': 16000, 'orders': [(b'SUBAB000000009', 1)]}], 'Asks': [{'price': 18000, 'orders': [(b'SUBAS000000011', 1), (b'SUBCS000000024', 1)]}]}}
{'timestamp': 75423513679000, 'order': 'O: SUBCB000000025:B1xLPS     @16000', 'book': {'Bids': [{'price': 16000, 'orders': [(b'SUBAB000000009', 1), (b'SUBCB000000025', 1)]}], 'Asks': [{'price': 18000, 'orders': [(b'SUBAS000000011', 1), (b'SUBCS000000024', 1)]}]}}
{'timestamp': 75427747402000, 'order': 'O: SUB@B000000006:B1xLPS     @214748', 'book': {'Bids': [{'price': 16000, 'orders': [(b'SUBAB000000009', 1), (b'SUBCB000000025', 1)]}], 'Asks': [{'price': 18000, 'orders': [(b'SUBCS000000024', 1)]}]}}
{'timestamp': 75427862172000, 'order': 'O: SUBAS000000012:S1xLPS     @18000', 'book': {'Bids': [{'price': 16000, 'orders': [(b'SUBAB000000009', 1), (b'SUBCB000000025', 1)]}], 'Asks': [{'price': 18000, 'orders': [(b'SUBCS000000024', 1), (b'SUBAS000000012', 1)]}]}}
{'timestamp': 75527210584000, 'order': 'H: 814707365024641072:S', 'book': {'Bids': [], 'Asks': []}}
{'timestamp': 75529504834000, 'order': 'O: SUBCB000000001:B1xLPS     @9000', 'book': {'Bids': [{'price': 9000, 'orders': [(b'SUBCB000000001', 1)]}], 'Asks': []}}
{'timestamp': 75529505498000, 'order': 'O: SUBCS000000002:S1xLPS     @11000', 'book': {'Bids': [{'price': 9000, 'orders': [(b'SUBCB000000001', 1)]}], 'Asks': [{'price': 11000, 'orders': [(b'SUBCS000000002', 1)]}]}}
{'timestamp': 75533460266000, 'order': 'U: SUBCS000000002->SUBCS000000003:1@16000', 'book': {'Bids': [{'price': 9000, 'orders': [(b'SUBCB000000001', 1)]}], 'Asks': [{'price': 16000, 'orders': [(b'SUBCS000000003', 1)]}]}}
{'timestamp': 75533460910000, 'order': 'U: SUBCB000000001->SUBCB000000004:1@14000', 'book': {'Bids': [{'price': 14000, 'orders': [(b'SUBCB000000004', 1)]}], 'Asks': [{'price': 16000, 'orders': [(b'SUBCS000000003', 1)]}]}}
{'timestamp': 75533462315000, 'order': 'O: SUBBB000000001:B1xLPS     @15000', 'book': {'Bids': [{'price': 14000, 'orders': [(b'SUBCB000000004', 1)]}], 'Asks': [{'price': 16000, 'orders': [(b'SUBCS000000003', 1)]}]}}
{'timestamp': 75537875283000, 'order': 'O: SUB@S000000001:S1xLPS     @0', 'book': {'Bids': [], 'Asks': [{'price': 16000, 'orders': [(b'SUBCS000000003', 1)]}]}}
{'timestamp': 75538386064000, 'order': 'O: SUBCB000000005:B1xLPS     @14000', 'book': {'Bids': [{'price': 14000, 'orders': [(b'SUBCB000000005', 1)]}], 'Asks': [{'price': 16000, 'orders': [(b'SUBCS000000003', 1)]}]}}
{'timestamp': 75543061592000, 'order': 'O: SUBAB000000001:B1xLPS     @18000', 'book': {'Bids': [{'price': 14000, 'orders': [(b'SUBCB000000005', 1)]}], 'Asks': []}}
{'timestamp': 75543586354000, 'order': 'U: SUBCS000000003->SUBCS000000006:1@19000', 'book': {'Bids': [{'price': 14000, 'orders': [(b'SUBCB000000005', 1)]}], 'Asks': []}}
{'timestamp': 75543586940000, 'order': 'U: SUBCB000000005->SUBCB000000007:1@17000', 'book': {'Bids': [{'price': 17000, 'orders': [(b'SUBCB000000007', 1)]}], 'Asks': []}}
{'timestamp': 75543588334000, 'order': 'O: SUBBB000000002:B1xLPS     @18000', 'book': {'Bids': [{'price': 17000, 'orders': [(b'SUBCB000000007', 1)]}], 'Asks': []}}
{'timestamp': 75543588804000, 'order': 'O: SUBCS000000008:S1xLPS     @19000', 'book': {'Bids': [{'price': 17000, 'orders': [(b'SUBCB000000007', 1)]}], 'Asks': [{'price': 19000, 'orders': [(b'SUBCS000000008', 1)]}]}}
{'timestamp': 75547877463000, 'order': 'O: SUB@B000000002:B1xLPS     @214748', 'book': {'Bids': [{'price': 17000, 'orders': [(b'SUBCB000000007', 1)]}], 'Asks': []}}
{'timestamp': 75548391561000, 'order': 'O: SUBCS000000009:S1xLPS     @19000', 'book': {'Bids': [{'price': 17000, 'orders': [(b'SUBCB000000007', 1)]}], 'Asks': [{'price': 19000, 'orders': [(b'SUBCS000000009', 1)]}]}}
{'timestamp': 75553065508000, 'order': 'O: SUBAB000000002:B1xLPS     @21000', 'book': {'Bids': [{'price': 17000, 'orders': [(b'SUBCB000000007', 1)]}], 'Asks': []}}
{'timestamp': 75553585753000, 'order': 'O: SUBBB000000003:B1xLPS     @21000', 'book': {'Bids': [{'price': 17000, 'orders': [(b'SUBCB000000007', 1)]}], 'Asks': []}}
{'timestamp': 75553586996000, 'order': 'U: SUBCS000000009->SUBCS000000010:1@22000', 'book': {'Bids': [{'price': 17000, 'orders': [(b'SUBCB000000007', 1)]}], 'Asks': []}}
{'timestamp': 75553588519000, 'order': 'U: SUBCB000000007->SUBCB000000011:1@20000', 'book': {'Bids': [{'price': 20000, 'orders': [(b'SUBCB000000011', 1)]}], 'Asks': []}}
{'timestamp': 75553589533000, 'order': 'O: SUBCS000000012:S1xLPS     @22000', 'book': {'Bids': [{'price': 20000, 'orders': [(b'SUBCB000000011', 1)]}], 'Asks': [{'price': 22000, 'orders': [(b'SUBCS000000012', 1)]}]}}
{'timestamp': 75557882759000, 'order': 'O: SUB@S000000003:S1xLPS     @0', 'book': {'Bids': [], 'Asks': [{'price': 22000, 'orders': [(b'SUBCS000000012', 1)]}]}}
{'timestamp': 75558391645000, 'order': 'O: SUBCB000000013:B1xLPS     @20000', 'book': {'Bids': [{'price': 20000, 'orders': [(b'SUBCB000000013', 1)]}], 'Asks': [{'price': 22000, 'orders': [(b'SUBCS000000012', 1)]}]}}
{'timestamp': 75563069933000, 'order': 'O: SUBAS000000003:S1xLPS     @16000', 'book': {'Bids': [], 'Asks': [{'price': 22000, 'orders': [(b'SUBCS000000012', 1)]}]}}
{'timestamp': 75563591965000, 'order': 'U: SUBCB000000013->SUBCB000000014:1@15000', 'book': {'Bids': [], 'Asks': [{'price': 22000, 'orders': [(b'SUBCS000000012', 1)]}]}}
{'timestamp': 75563592526000, 'order': 'U: SUBCS000000012->SUBCS000000015:1@17000', 'book': {'Bids': [], 'Asks': [{'price': 17000, 'orders': [(b'SUBCS000000015', 1)]}]}}
{'timestamp': 75563593861000, 'order': 'O: SUBBS000000004:S1xLPS     @16000', 'book': {'Bids': [], 'Asks': [{'price': 17000, 'orders': [(b'SUBCS000000015', 1)]}]}}
{'timestamp': 75563594280000, 'order': 'O: SUBCB000000016:B1xLPS     @15000', 'book': {'Bids': [{'price': 15000, 'orders': [(b'SUBCB000000016', 1)]}], 'Asks': [{'price': 17000, 'orders': [(b'SUBCS000000015', 1)]}]}}
{'timestamp': 75567887591000, 'order': 'O: SUB@B000000004:B1xLPS     @214748', 'book': {'Bids': [{'price': 15000, 'orders': [(b'SUBCB000000016', 1)]}], 'Asks': []}}
{'timestamp': 75568401969000, 'order': 'O: SUBCS000000017:S1xLPS     @17000', 'book': {'Bids': [{'price': 15000, 'orders': [(b'SUBCB000000016', 1)]}], 'Asks': [{'price': 17000, 'orders': [(b'SUBCS000000017', 1)]}]}}
{'timestamp': 75573071090000, 'order': 'O: SUBAB000000004:B1xLPS     @22000', 'book': {'Bids': [{'price': 15000, 'orders': [(b'SUBCB000000016', 1)]}], 'Asks': []}}
{'timestamp': 75573601923000, 'order': 'O: SUBBB000000005:B1xLPS     @22000', 'book': {'Bids': [{'price': 15000, 'orders': [(b'SUBCB000000016', 1)]}], 'Asks': []}}
{'timestamp': 75573603029000, 'order': 'U: SUBCS000000017->SUBCS000000018:1@23000', 'book': {'Bids': [{'price': 15000, 'orders': [(b'SUBCB000000016', 1)]}], 'Asks': []}}
{'timestamp': 75573603933000, 'order': 'U: SUBCB000000016->SUBCB000000019:1@21000', 'book': {'Bids': [{'price': 21000, 'orders': [(b'SUBCB000000019', 1)]}], 'Asks': []}}
{'timestamp': 75573604648000, 'order': 'O: SUBCS000000020:S1xLPS     @23000', 'book': {'Bids': [{'price': 21000, 'orders': [(b'SUBCB000000019', 1)]}], 'Asks': [{'price': 23000, 'orders': [(b'SUBCS000000020', 1)]}]}}
{'timestamp': 75802073517000, 'order': 'H: 757919547955097648:S', 'book': {'Bids': [], 'Asks': []}}
{'timestamp': 75803923931000, 'order': 'O: SUBCB000000001:B1xLPS     @9000', 'book': {'Bids': [{'price': 9000, 'orders': [(b'SUBCB000000001', 1)]}], 'Asks': []}}
{'timestamp': 75803924412000, 'order': 'O: SUBCS000000002:S1xLPS     @11000', 'book': {'Bids': [{'price': 9000, 'orders': [(b'SUBCB000000001', 1)]}], 'Asks': [{'price': 11000, 'orders': [(b'SUBCS000000002', 1)]}]}}
{'timestamp': 75867042365000, 'order': 'H: 3111040045334671408:S', 'book': {'Bids': [], 'Asks': []}}
{'timestamp': 75868902812000, 'order': 'O: SUBCB000000001:B1xLPS     @9000', 'book': {'Bids': [{'price': 9000, 'orders': [(b'SUBCB000000001', 1)]}], 'Asks': []}}
{'timestamp': 75868903284000, 'order': 'O: SUBCS000000002:S1xLPS     @11000', 'book': {'Bids': [{'price': 9000, 'orders': [(b'SUBCB000000001', 1)]}], 'Asks': [{'price': 11000, 'orders': [(b'SUBCS000000002', 1)]}]}}
{'timestamp': 75870835004000, 'order': 'O: SUBBB000000001:B1xLPS     @9000', 'book': {'Bids': [{'price': 9000, 'orders': [(b'SUBCB000000001', 1), (b'SUBBB000000001', 1)]}], 'Asks': [{'price': 11000, 'orders': [(b'SUBCS000000002', 1)]}]}}
{'timestamp': 75870835559000, 'order': 'O: SUBBS000000002:S1xLPS     @11000', 'book': {'Bids': [{'price': 9000, 'orders': [(b'SUBCB000000001', 1), (b'SUBBB000000001', 1)]}], 'Asks': [{'price': 11000, 'orders': [(b'SUBCS000000002', 1), (b'SUBBS000000002', 1)]}]}}
{'timestamp': 75872874226000, 'order': 'U: SUBBS000000002->SUBBS000000003:1@16000', 'book': {'Bids': [{'price': 9000, 'orders': [(b'SUBCB000000001', 1), (b'SUBBB000000001', 1)]}], 'Asks': [{'price': 11000, 'orders': [(b'SUBCS000000002', 1)]}, {'price': 16000, 'orders': [(b'SUBBS000000003', 1)]}]}}
{'timestamp': 75872875103000, 'order': 'U: SUBBB000000001->SUBBB000000004:1@14000', 'book': {'Bids': [{'price': 9000, 'orders': [(b'SUBCB000000001', 1)]}], 'Asks': [{'price': 16000, 'orders': [(b'SUBBS000000003', 1)]}]}}
{'timestamp': 75873510403000, 'order': 'O: SUBBB000000005:B1xLPS     @14000', 'book': {'Bids': [{'price': 14000, 'orders': [(b'SUBBB000000005', 1)]}, {'price': 9000, 'orders': [(b'SUBCB000000001', 1)]}], 'Asks': [{'price': 16000, 'orders': [(b'SUBBS000000003', 1)]}]}}
{'timestamp': 75873510866000, 'order': 'U: SUBCS000000002->SUBCS000000003:1@16000', 'book': {'Bids': [{'price': 14000, 'orders': [(b'SUBBB000000005', 1)]}, {'price': 9000, 'orders': [(b'SUBCB000000001', 1)]}], 'Asks': [{'price': 16000, 'orders': [(b'SUBBS000000003', 1)]}]}}
{'timestamp': 75873511252000, 'order': 'U: SUBCB000000001->SUBCB000000004:1@14000', 'book': {'Bids': [{'price': 14000, 'orders': [(b'SUBBB000000005', 1), (b'SUBCB000000004', 1)]}], 'Asks': [{'price': 16000, 'orders': [(b'SUBBS000000003', 1)]}]}}
{'timestamp': 75873511755000, 'order': 'O: SUBCS000000005:S1xLPS     @16000', 'book': {'Bids': [{'price': 14000, 'orders': [(b'SUBBB000000005', 1), (b'SUBCB000000004', 1)]}], 'Asks': [{'price': 16000, 'orders': [(b'SUBBS000000003', 1), (b'SUBCS000000005', 1)]}]}}
{'timestamp': 75877745892000, 'order': 'O: SUB@S000000001:S1xLPS     @0', 'book': {'Bids': [{'price': 14000, 'orders': [(b'SUBCB000000004', 1)]}], 'Asks': [{'price': 16000, 'orders': [(b'SUBBS000000003', 1), (b'SUBCS000000005', 1)]}]}}
{'timestamp': 75877858627000, 'order': 'O: SUBBB000000006:B1xLPS     @14000', 'book': {'Bids': [{'price': 14000, 'orders': [(b'SUBCB000000004', 1), (b'SUBBB000000006', 1)]}], 'Asks': [{'price': 16000, 'orders': [(b'SUBBS000000003', 1), (b'SUBCS000000005', 1)]}]}}
{'timestamp': 75880229703000, 'order': 'U: SUBBS000000003->SUBBS000000007:1@15720', 'book': {'Bids': [{'price': 14000, 'orders': [(b'SUBCB000000004', 1), (b'SUBBB000000006', 1)]}], 'Asks': [{'price': 15720, 'orders': [(b'SUBBS000000007', 1)]}, {'price': 16000, 'orders': [(b'SUBCS000000005', 1)]}]}}
{'timestamp': 75880230550000, 'order': 'U: SUBBB000000006->SUBBB000000008:1@14279', 'book': {'Bids': [{'price': 14279, 'orders': [(b'SUBBB000000008', 1)]}, {'price': 14000, 'orders': [(b'SUBCB000000004', 1)]}], 'Asks': [{'price': 15720, 'orders': [(b'SUBBS000000007', 1)]}, {'price': 16000, 'orders': [(b'SUBCS000000005', 1)]}]}}
{'timestamp': 75882878284000, 'order': 'U: SUBBS000000007->SUBBS000000009:1@18720', 'book': {'Bids': [{'price': 14279, 'orders': [(b'SUBBB000000008', 1)]}, {'price': 14000, 'orders': [(b'SUBCB000000004', 1)]}], 'Asks': [{'price': 16000, 'orders': [(b'SUBCS000000005', 1)]}, {'price': 18720, 'orders': [(b'SUBBS000000009', 1)]}]}}
{'timestamp': 75882879060000, 'order': 'U: SUBBB000000008->SUBBB000000010:1@17279', 'book': {'Bids': [{'price': 14000, 'orders': [(b'SUBCB000000004', 1)]}], 'Asks': [{'price': 18720, 'orders': [(b'SUBBS000000009', 1)]}]}}
{'timestamp': 75882880536000, 'order': 'O: SUBAB000000001:B1xLPS     @18000', 'book': {'Bids': [{'price': 14000, 'orders': [(b'SUBCB000000004', 1)]}], 'Asks': [{'price': 18720, 'orders': [(b'SUBBS000000009', 1)]}]}}
{'timestamp': 75883505929000, 'order': 'O: SUBBB000000011:B1xLPS     @17279', 'book': {'Bids': [{'price': 17279, 'orders': [(b'SUBBB000000011', 1)]}, {'price': 14000, 'orders': [(b'SUBCB000000004', 1)]}], 'Asks': [{'price': 18720, 'orders': [(b'SUBBS000000009', 1)]}]}}
{'timestamp': 75883506433000, 'order': 'U: SUBCS000000005->SUBCS000000006:1@19000', 'book': {'Bids': [{'price': 17279, 'orders': [(b'SUBBB000000011', 1)]}, {'price': 14000, 'orders': [(b'SUBCB000000004', 1)]}], 'Asks': [{'price': 18720, 'orders': [(b'SUBBS000000009', 1)]}]}}
{'timestamp': 75883507834000, 'order': 'U: SUBCB000000004->SUBCB000000007:1@17000', 'book': {'Bids': [{'price': 17279, 'orders': [(b'SUBBB000000011', 1)]}, {'price': 17000, 'orders': [(b'SUBCB000000007', 1)]}], 'Asks': [{'price': 18720, 'orders': [(b'SUBBS000000009', 1)]}]}}
{'timestamp': 75883508465000, 'order': 'O: SUBCS000000008:S1xLPS     @19000', 'book': {'Bids': [{'price': 17279, 'orders': [(b'SUBBB000000011', 1)]}, {'price': 17000, 'orders': [(b'SUBCB000000007', 1)]}], 'Asks': [{'price': 18720, 'orders': [(b'SUBBS000000009', 1)]}, {'price': 19000, 'orders': [(b'SUBCS000000008', 1)]}]}}
{'timestamp': 75887754124000, 'order': 'O: SUB@B000000002:B1xLPS     @214748', 'book': {'Bids': [{'price': 17279, 'orders': [(b'SUBBB000000011', 1)]}, {'price': 17000, 'orders': [(b'SUBCB000000007', 1)]}], 'Asks': [{'price': 19000, 'orders': [(b'SUBCS000000008', 1)]}]}}
{'timestamp': 75887870460000, 'order': 'O: SUBBS000000012:S1xLPS     @18720', 'book': {'Bids': [{'price': 17279, 'orders': [(b'SUBBB000000011', 1)]}, {'price': 17000, 'orders': [(b'SUBCB000000007', 1)]}], 'Asks': [{'price': 18720, 'orders': [(b'SUBBS000000012', 1)]}, {'price': 19000, 'orders': [(b'SUBCS000000008', 1)]}]}}
{'timestamp': 75888829091000, 'order': 'U: SUBCB000000007->SUBCB000000009:1@17730', 'book': {'Bids': [{'price': 17730, 'orders': [(b'SUBCB000000009', 1)]}, {'price': 17279, 'orders': [(b'SUBBB000000011', 1)]}], 'Asks': [{'price': 18720, 'orders': [(b'SUBBS000000012', 1)]}, {'price': 19000, 'orders': [(b'SUBCS000000008', 1)]}]}}
{'timestamp': 75888831501000, 'order': 'U: SUBCS000000008->SUBCS000000010:1@18270', 'book': {'Bids': [{'price': 17730, 'orders': [(b'SUBCB000000009', 1)]}, {'price': 17279, 'orders': [(b'SUBBB000000011', 1)]}], 'Asks': [{'price': 18270, 'orders': [(b'SUBCS000000010', 1)]}, {'price': 18720, 'orders': [(b'SUBBS000000012', 1)]}]}}
{'timestamp': 75891247155000, 'order': 'U: SUBCB000000009->SUBCB000000011:1@17903', 'book': {'Bids': [{'price': 17903, 'orders': [(b'SUBCB000000011', 1)]}, {'price': 17279, 'orders': [(b'SUBBB000000011', 1)]}], 'Asks': [{'price': 18270, 'orders': [(b'SUBCS000000010', 1)]}, {'price': 18720, 'orders': [(b'SUBBS000000012', 1)]}]}}
{'timestamp': 75891247909000, 'order': 'U: SUBCS000000010->SUBCS000000012:1@18096', 'book': {'Bids': [{'price': 17903, 'orders': [(b'SUBCB000000011', 1)]}, {'price': 17279, 'orders': [(b'SUBBB000000011', 1)]}], 'Asks': [{'price': 18096, 'orders': [(b'SUBCS000000012', 1)]}, {'price': 18720, 'orders': [(b'SUBBS000000012', 1)]}]}}
{'timestamp': 75892884323000, 'order': 'O: SUBAB000000002:B1xLPS     @21000', 'book': {'Bids': [{'price': 17903, 'orders': [(b'SUBCB000000011', 1)]}, {'price': 17279, 'orders': [(b'SUBBB000000011', 1)]}], 'Asks': [{'price': 18720, 'orders': [(b'SUBBS000000012', 1)]}]}}
{'timestamp': 75892885351000, 'order': 'U: SUBBS000000012->SUBBS000000013:1@21720', 'book': {'Bids': [{'price': 17903, 'orders': [(b'SUBCB000000011', 1)]}, {'price': 17279, 'orders': [(b'SUBBB000000011', 1)]}], 'Asks': [{'price': 21720, 'orders': [(b'SUBBS000000013', 1)]}]}}
{'timestamp': 75892886826000, 'order': 'U: SUBBB000000011->SUBBB000000014:1@20279', 'book': {'Bids': [{'price': 20279, 'orders': [(b'SUBBB000000014', 1)]}, {'price': 17903, 'orders': [(b'SUBCB000000011', 1)]}], 'Asks': [{'price': 21720, 'orders': [(b'SUBBS000000013', 1)]}]}}
{'timestamp': 75893410379000, 'order': 'U: SUBCS000000012->SUBCS000000013:1@21096', 'book': {'Bids': [{'price': 20279, 'orders': [(b'SUBBB000000014', 1)]}, {'price': 17903, 'orders': [(b'SUBCB000000011', 1)]}], 'Asks': [{'price': 21720, 'orders': [(b'SUBBS000000013', 1)]}]}}
{'timestamp': 75893410875000, 'order': 'U: SUBCB000000011->SUBCB000000014:1@20903', 'book': {'Bids': [{'price': 20903, 'orders': [(b'SUBCB000000014', 1)]}, {'price': 20279, 'orders': [(b'SUBBB000000014', 1)]}], 'Asks': [{'price': 21720, 'orders': [(b'SUBBS000000013', 1)]}]}}
{'timestamp': 75893411676000, 'order': 'O: SUBCS000000015:S1xLPS     @21096', 'book': {'Bids': [{'price': 20903, 'orders': [(b'SUBCB000000014', 1)]}, {'price': 20279, 'orders': [(b'SUBBB000000014', 1)]}], 'Asks': [{'price': 21096, 'orders': [(b'SUBCS000000015', 1)]}, {'price': 21720, 'orders': [(b'SUBBS000000013', 1)]}]}}
{'timestamp': 75897755947000, 'order': 'O: SUB@S000000003:S1xLPS     @0', 'book': {'Bids': [{'price': 20279, 'orders': [(b'SUBBB000000014', 1)]}], 'Asks': [{'price': 21096, 'orders': [(b'SUBCS000000015', 1)]}, {'price': 21720, 'orders': [(b'SUBBS000000013', 1)]}]}}
{'timestamp': 75898267954000, 'order': 'O: SUBCB000000016:B1xLPS     @20903', 'book': {'Bids': [{'price': 20903, 'orders': [(b'SUBCB000000016', 1)]}, {'price': 20279, 'orders': [(b'SUBBB000000014', 1)]}], 'Asks': [{'price': 21096, 'orders': [(b'SUBCS000000015', 1)]}, {'price': 21720, 'orders': [(b'SUBBS000000013', 1)]}]}}
{'timestamp': 75902889046000, 'order': 'O: SUBAS000000003:S1xLPS     @16000', 'book': {'Bids': [{'price': 20279, 'orders': [(b'SUBBB000000014', 1)]}], 'Asks': [{'price': 21096, 'orders': [(b'SUBCS000000015', 1)]}, {'price': 21720, 'orders': [(b'SUBBS000000013', 1)]}]}}
{'timestamp': 75902890414000, 'order': 'U: SUBBB000000014->SUBBB000000015:1@15279', 'book': {'Bids': [{'price': 15279, 'orders': [(b'SUBBB000000015', 1)]}], 'Asks': [{'price': 21096, 'orders': [(b'SUBCS000000015', 1)]}, {'price': 21720, 'orders': [(b'SUBBS000000013', 1)]}]}}
{'timestamp': 75902891810000, 'order': 'U: SUBBS000000013->SUBBS000000016:1@16720', 'book': {'Bids': [{'price': 15279, 'orders': [(b'SUBBB000000015', 1)]}], 'Asks': [{'price': 16720, 'orders': [(b'SUBBS000000016', 1)]}, {'price': 21096, 'orders': [(b'SUBCS000000015', 1)]}]}}
{'timestamp': 75903422899000, 'order': 'U: SUBCB000000016->SUBCB000000017:1@15903', 'book': {'Bids': [{'price': 15279, 'orders': [(b'SUBBB000000015', 1)]}], 'Asks': [{'price': 16720, 'orders': [(b'SUBBS000000016', 1)]}, {'price': 21096, 'orders': [(b'SUBCS000000015', 1)]}]}}
{'timestamp': 75903423467000, 'order': 'U: SUBCS000000015->SUBCS000000018:1@16096', 'book': {'Bids': [{'price': 15279, 'orders': [(b'SUBBB000000015', 1)]}], 'Asks': [{'price': 16096, 'orders': [(b'SUBCS000000018', 1)]}, {'price': 16720, 'orders': [(b'SUBBS000000016', 1)]}]}}
{'timestamp': 75903424814000, 'order': 'O: SUBCB000000019:B1xLPS     @15903', 'book': {'Bids': [{'price': 15903, 'orders': [(b'SUBCB000000019', 1)]}, {'price': 15279, 'orders': [(b'SUBBB000000015', 1)]}], 'Asks': [{'price': 16096, 'orders': [(b'SUBCS000000018', 1)]}, {'price': 16720, 'orders': [(b'SUBBS000000016', 1)]}]}}
{'timestamp': 75907771755000, 'order': 'O: SUB@B000000004:B1xLPS     @214748', 'book': {'Bids': [{'price': 15903, 'orders': [(b'SUBCB000000019', 1)]}, {'price': 15279, 'orders': [(b'SUBBB000000015', 1)]}], 'Asks': [{'price': 16720, 'orders': [(b'SUBBS000000016', 1)]}]}}
{'timestamp': 75908280727000, 'order': 'O: SUBCS000000020:S1xLPS     @16096', 'book': {'Bids': [{'price': 15903, 'orders': [(b'SUBCB000000019', 1)]}, {'price': 15279, 'orders': [(b'SUBBB000000015', 1)]}], 'Asks': [{'price': 16096, 'orders': [(b'SUBCS000000020', 1)]}, {'price': 16720, 'orders': [(b'SUBBS000000016', 1)]}]}}
{'timestamp': 75912885258000, 'order': 'U: SUBBS000000016->SUBBS000000017:1@22720', 'book': {'Bids': [{'price': 15903, 'orders': [(b'SUBCB000000019', 1)]}, {'price': 15279, 'orders': [(b'SUBBB000000015', 1)]}], 'Asks': [{'price': 16096, 'orders': [(b'SUBCS000000020', 1)]}, {'price': 22720, 'orders': [(b'SUBBS000000017', 1)]}]}}
{'timestamp': 75912885870000, 'order': 'U: SUBBB000000015->SUBBB000000018:1@21279', 'book': {'Bids': [{'price': 15903, 'orders': [(b'SUBCB000000019', 1)]}], 'Asks': [{'price': 22720, 'orders': [(b'SUBBS000000017', 1)]}]}}
{'timestamp': 75912887724000, 'order': 'O: SUBAB000000004:B1xLPS     @22000', 'book': {'Bids': [{'price': 15903, 'orders': [(b'SUBCB000000019', 1)]}], 'Asks': [{'price': 22720, 'orders': [(b'SUBBS000000017', 1)]}]}}
{'timestamp': 75913518461000, 'order': 'O: SUBBB000000019:B1xLPS     @21279', 'book': {'Bids': [{'price': 21279, 'orders': [(b'SUBBB000000019', 1)]}, {'price': 15903, 'orders': [(b'SUBCB000000019', 1)]}], 'Asks': [{'price': 22720, 'orders': [(b'SUBBS000000017', 1)]}]}}
{'timestamp': 75913518928000, 'order': 'U: SUBCS000000020->SUBCS000000021:1@22096', 'book': {'Bids': [{'price': 21279, 'orders': [(b'SUBBB000000019', 1)]}, {'price': 15903, 'orders': [(b'SUBCB000000019', 1)]}], 'Asks': [{'price': 22720, 'orders': [(b'SUBBS000000017', 1)]}]}}
{'timestamp': 75913520820000, 'order': 'U: SUBCB000000019->SUBCB000000022:1@21903', 'book': {'Bids': [{'price': 21903, 'orders': [(b'SUBCB000000022', 1)]}, {'price': 21279, 'orders': [(b'SUBBB000000019', 1)]}], 'Asks': [{'price': 22720, 'orders': [(b'SUBBS000000017', 1)]}]}}
{'timestamp': 75913521957000, 'order': 'O: SUBCS000000023:S1xLPS     @22096', 'book': {'Bids': [{'price': 21903, 'orders': [(b'SUBCB000000022', 1)]}, {'price': 21279, 'orders': [(b'SUBBB000000019', 1)]}], 'Asks': [{'price': 22096, 'orders': [(b'SUBCS000000023', 1)]}, {'price': 22720, 'orders': [(b'SUBBS000000017', 1)]}]}}
{'timestamp': 75917765248000, 'order': 'O: SUB@S000000005:S1xLPS     @0', 'book': {'Bids': [{'price': 21279, 'orders': [(b'SUBBB000000019', 1)]}], 'Asks': [{'price': 22096, 'orders': [(b'SUBCS000000023', 1)]}, {'price': 22720, 'orders': [(b'SUBBS000000017', 1)]}]}}
{'timestamp': 75918274296000, 'order': 'O: SUBCB000000024:B1xLPS     @21903', 'book': {'Bids': [{'price': 21903, 'orders': [(b'SUBCB000000024', 1)]}, {'price': 21279, 'orders': [(b'SUBBB000000019', 1)]}], 'Asks': [{'price': 22096, 'orders': [(b'SUBCS000000023', 1)]}, {'price': 22720, 'orders': [(b'SUBBS000000017', 1)]}]}}
{'timestamp': 75922900747000, 'order': 'U: SUBBB000000019->SUBBB000000020:1@16279', 'book': {'Bids': [{'price': 21903, 'orders': [(b'SUBCB000000024', 1)]}, {'price': 16279, 'orders': [(b'SUBBB000000020', 1)]}], 'Asks': [{'price': 22096, 'orders': [(b'SUBCS000000023', 1)]}, {'price': 22720, 'orders': [(b'SUBBS000000017', 1)]}]}}
{'timestamp': 75922901737000, 'order': 'U: SUBBS000000017->SUBBS000000021:1@17720', 'book': {'Bids': [{'price': 16279, 'orders': [(b'SUBBB000000020', 1)]}], 'Asks': [{'price': 22096, 'orders': [(b'SUBCS000000023', 1)]}]}}
{'timestamp': 75922903178000, 'order': 'O: SUBAS000000005:S1xLPS     @17000', 'book': {'Bids': [{'price': 16279, 'orders': [(b'SUBBB000000020', 1)]}], 'Asks': [{'price': 22096, 'orders': [(b'SUBCS000000023', 1)]}]}}
{'timestamp': 75923534804000, 'order': 'O: SUBBS000000022:S1xLPS     @17720', 'book': {'Bids': [{'price': 16279, 'orders': [(b'SUBBB000000020', 1)]}], 'Asks': [{'price': 17720, 'orders': [(b'SUBBS000000022', 1)]}, {'price': 22096, 'orders': [(b'SUBCS000000023', 1)]}]}}
{'timestamp': 75923535443000, 'order': 'U: SUBCB000000024->SUBCB000000025:1@16903', 'book': {'Bids': [{'price': 16279, 'orders': [(b'SUBBB000000020', 1)]}], 'Asks': [{'price': 17720, 'orders': [(b'SUBBS000000022', 1)]}, {'price': 22096, 'orders': [(b'SUBCS000000023', 1)]}]}}
{'timestamp': 75923536895000, 'order': 'U: SUBCS000000023->SUBCS000000026:1@17096', 'book': {'Bids': [{'price': 16279, 'orders': [(b'SUBBB000000020', 1)]}], 'Asks': [{'price': 17096, 'orders': [(b'SUBCS000000026', 1)]}, {'price': 17720, 'orders': [(b'SUBBS000000022', 1)]}]}}
{'timestamp': 75923537674000, 'order': 'O: SUBCB000000027:B1xLPS     @16903', 'book': {'Bids': [{'price': 16903, 'orders': [(b'SUBCB000000027', 1)]}, {'price': 16279, 'orders': [(b'SUBBB000000020', 1)]}], 'Asks': [{'price': 17096, 'orders': [(b'SUBCS000000026', 1)]}, {'price': 17720, 'orders': [(b'SUBBS000000022', 1)]}]}}
{'timestamp': 75927767421000, 'order': 'O: SUB@B000000006:B1xLPS     @214748', 'book': {'Bids': [{'price': 16903, 'orders': [(b'SUBCB000000027', 1)]}, {'price': 16279, 'orders': [(b'SUBBB000000020', 1)]}], 'Asks': [{'price': 17720, 'orders': [(b'SUBBS000000022', 1)]}]}}
{'timestamp': 75928276819000, 'order': 'O: SUBCS000000028:S1xLPS     @17096', 'book': {'Bids': [{'price': 16903, 'orders': [(b'SUBCB000000027', 1)]}, {'price': 16279, 'orders': [(b'SUBBB000000020', 1)]}], 'Asks': [{'price': 17096, 'orders': [(b'SUBCS000000028', 1)]}, {'price': 17720, 'orders': [(b'SUBBS000000022', 1)]}]}}
{'timestamp': 75942379072000, 'order': 'U: SUBBB000000020->SUBBB000000023:1@16005', 'book': {'Bids': [{'price': 16903, 'orders': [(b'SUBCB000000027', 1)]}, {'price': 16005, 'orders': [(b'SUBBB000000023', 1)]}], 'Asks': [{'price': 17096, 'orders': [(b'SUBCS000000028', 1)]}, {'price': 17720, 'orders': [(b'SUBBS000000022', 1)]}]}}
{'timestamp': 75942379735000, 'order': 'U: SUBBS000000022->SUBBS000000024:1@17994', 'book': {'Bids': [{'price': 16903, 'orders': [(b'SUBCB000000027', 1)]}, {'price': 16005, 'orders': [(b'SUBBB000000023', 1)]}], 'Asks': [{'price': 17096, 'orders': [(b'SUBCS000000028', 1)]}, {'price': 17994, 'orders': [(b'SUBBS000000024', 1)]}]}}
{'timestamp': 76787279476000, 'order': 'H: 7866254559305281584:S', 'book': {'Bids': [], 'Asks': []}}
{'timestamp': 76798032676000, 'order': 'O: SUB@S000000001:S1xLPS     @0', 'book': {'Bids': [], 'Asks': []}}
{'timestamp': 76801444970000, 'order': 'O: SUBCB000000001:B1xLPS     @14000', 'book': {'Bids': [{'price': 14000, 'orders': [(b'SUBCB000000001', 1)]}], 'Asks': []}}
{'timestamp': 76801445620000, 'order': 'O: SUBCS000000002:S1xLPS     @16000', 'book': {'Bids': [{'price': 14000, 'orders': [(b'SUBCB000000001', 1)]}], 'Asks': [{'price': 16000, 'orders': [(b'SUBCS000000002', 1)]}]}}
{'timestamp': 76803539591000, 'order': 'U: SUBCS000000002->SUBCS000000003:1@19000', 'book': {'Bids': [{'price': 14000, 'orders': [(b'SUBCB000000001', 1)]}], 'Asks': [{'price': 19000, 'orders': [(b'SUBCS000000003', 1)]}]}}
{'timestamp': 76803540200000, 'order': 'U: SUBCB000000001->SUBCB000000004:1@17000', 'book': {'Bids': [{'price': 17000, 'orders': [(b'SUBCB000000004', 1)]}], 'Asks': [{'price': 19000, 'orders': [(b'SUBCS000000003', 1)]}]}}
{'timestamp': 76808028601000, 'order': 'O: SUB@B000000002:B1xLPS     @214748', 'book': {'Bids': [{'price': 17000, 'orders': [(b'SUBCB000000004', 1)]}], 'Asks': []}}
{'timestamp': 76808541496000, 'order': 'O: SUBCS000000005:S1xLPS     @19000', 'book': {'Bids': [{'price': 17000, 'orders': [(b'SUBCB000000004', 1)]}], 'Asks': [{'price': 19000, 'orders': [(b'SUBCS000000005', 1)]}]}}
{'timestamp': 76813550441000, 'order': 'U: SUBCS000000005->SUBCS000000006:1@22000', 'book': {'Bids': [{'price': 17000, 'orders': [(b'SUBCB000000004', 1)]}], 'Asks': [{'price': 22000, 'orders': [(b'SUBCS000000006', 1)]}]}}
{'timestamp': 76813551303000, 'order': 'U: SUBCB000000004->SUBCB000000007:1@20000', 'book': {'Bids': [{'price': 20000, 'orders': [(b'SUBCB000000007', 1)]}], 'Asks': [{'price': 22000, 'orders': [(b'SUBCS000000006', 1)]}]}}
{'timestamp': 76818036633000, 'order': 'O: SUB@S000000003:S1xLPS     @0', 'book': {'Bids': [], 'Asks': [{'price': 22000, 'orders': [(b'SUBCS000000006', 1)]}]}}
{'timestamp': 76818545255000, 'order': 'O: SUBCB000000008:B1xLPS     @20000', 'book': {'Bids': [{'price': 20000, 'orders': [(b'SUBCB000000008', 1)]}], 'Asks': [{'price': 22000, 'orders': [(b'SUBCS000000006', 1)]}]}}
{'timestamp': 76823421593000, 'order': 'X: SUBCS000000006:0', 'book': {'Bids': [{'price': 20000, 'orders': [(b'SUBCB000000008', 1)]}], 'Asks': []}}
{'timestamp': 76823422224000, 'order': 'X: SUBCB000000008:0', 'book': {'Bids': [], 'Asks': []}}
{'timestamp': 76823547264000, 'order': 'U: SUBCB000000008->SUBCB000000009:1@15000', 'book': {'Bids': [], 'Asks': []}}
{'timestamp': 76823548283000, 'order': 'U: SUBCS000000006->SUBCS000000010:1@17000', 'book': {'Bids': [], 'Asks': []}}
{'timestamp': 76828036465000, 'order': 'O: SUB@B000000004:B1xLPS     @214748', 'book': {'Bids': [], 'Asks': []}}
{'timestamp': 76833547115000, 'order': 'O: SUBCB000000011:B1xLPS     @22000', 'book': {'Bids': [], 'Asks': []}}
{'timestamp': 77174652113000, 'order': 'H: 11407375036666884144:S', 'book': {'Bids': [], 'Asks': []}}
{'timestamp': 77178885710000, 'order': 'O: SUBCB000000001:B1xLPS     @9000', 'book': {'Bids': [{'price': 9000, 'orders': [(b'SUBCB000000001', 1)]}], 'Asks': []}}
{'timestamp': 77178886427000, 'order': 'O: SUBCS000000002:S1xLPS     @11000', 'book': {'Bids': [{'price': 9000, 'orders': [(b'SUBCB000000001', 1)]}], 'Asks': [{'price': 11000, 'orders': [(b'SUBCS000000002', 1)]}]}}
{'timestamp': 77181081699000, 'order': 'O: SUBBB000000001:B1xLPS     @15000', 'book': {'Bids': [{'price': 9000, 'orders': [(b'SUBCB000000001', 1)]}], 'Asks': []}}
{'timestamp': 77181082611000, 'order': 'U: SUBCS000000002->SUBCS000000003:1@16000', 'book': {'Bids': [{'price': 9000, 'orders': [(b'SUBCB000000001', 1)]}], 'Asks': []}}
{'timestamp': 77181083008000, 'order': 'U: SUBCB000000001->SUBCB000000004:1@14000', 'book': {'Bids': [{'price': 14000, 'orders': [(b'SUBCB000000004', 1)]}], 'Asks': []}}
{'timestamp': 77181606294000, 'order': 'O: SUBCS000000005:S1xLPS     @16000', 'book': {'Bids': [{'price': 14000, 'orders': [(b'SUBCB000000004', 1)]}], 'Asks': [{'price': 16000, 'orders': [(b'SUBCS000000005', 1)]}]}}
{'timestamp': 77185548137000, 'order': 'O: SUB@S000000001:S1xLPS     @0', 'book': {'Bids': [], 'Asks': [{'price': 16000, 'orders': [(b'SUBCS000000005', 1)]}]}}
{'timestamp': 77186058212000, 'order': 'O: SUBCB000000006:B1xLPS     @14000', 'book': {'Bids': [{'price': 14000, 'orders': [(b'SUBCB000000006', 1)]}], 'Asks': [{'price': 16000, 'orders': [(b'SUBCS000000005', 1)]}]}}
{'timestamp': 77188648833000, 'order': 'X: SUBCS000000005:0', 'book': {'Bids': [{'price': 14000, 'orders': [(b'SUBCB000000006', 1)]}], 'Asks': []}}
{'timestamp': 77188649982000, 'order': 'X: SUBCB000000006:0', 'book': {'Bids': [], 'Asks': []}}
{'timestamp': 77190676799000, 'order': 'O: SUBAB000000001:B1xLPS     @18000', 'book': {'Bids': [], 'Asks': []}}
{'timestamp': 77190698871000, 'order': 'O: SUBBB000000002:B1xLPS     @14000', 'book': {'Bids': [{'price': 14000, 'orders': [(b'SUBBB000000002', 1)]}], 'Asks': []}}
{'timestamp': 77190699849000, 'order': 'O: SUBBS000000003:S1xLPS     @16000', 'book': {'Bids': [{'price': 14000, 'orders': [(b'SUBBB000000002', 1)]}], 'Asks': [{'price': 16000, 'orders': [(b'SUBBS000000003', 1)]}]}}
{'timestamp': 77191074575000, 'order': 'O: SUBBB000000004:B1xLPS     @18000', 'book': {'Bids': [{'price': 14000, 'orders': [(b'SUBBB000000002', 1)]}], 'Asks': []}}
{'timestamp': 77191306537000, 'order': 'O: SUBBB000000005:B1xLPS     @17000', 'book': {'Bids': [{'price': 17000, 'orders': [(b'SUBBB000000005', 1)]}, {'price': 14000, 'orders': [(b'SUBBB000000002', 1)]}], 'Asks': []}}
{'timestamp': 77191306993000, 'order': 'O: SUBBS000000006:S1xLPS     @19000', 'book': {'Bids': [{'price': 17000, 'orders': [(b'SUBBB000000005', 1)]}, {'price': 14000, 'orders': [(b'SUBBB000000002', 1)]}], 'Asks': [{'price': 19000, 'orders': [(b'SUBBS000000006', 1)]}]}}
{'timestamp': 77195551812000, 'order': 'O: SUB@B000000002:B1xLPS     @214748', 'book': {'Bids': [{'price': 17000, 'orders': [(b'SUBBB000000005', 1)]}, {'price': 14000, 'orders': [(b'SUBBB000000002', 1)]}], 'Asks': []}}
{'timestamp': 77196064951000, 'order': 'O: SUBBS000000007:S1xLPS     @19000', 'book': {'Bids': [{'price': 17000, 'orders': [(b'SUBBB000000005', 1)]}, {'price': 14000, 'orders': [(b'SUBBB000000002', 1)]}], 'Asks': [{'price': 19000, 'orders': [(b'SUBBS000000007', 1)]}]}}
{'timestamp': 77198095867000, 'order': 'O: SUBCB000000007:B1xLPS     @17000', 'book': {'Bids': [{'price': 17000, 'orders': [(b'SUBBB000000005', 1), (b'SUBCB000000007', 1)]}, {'price': 14000, 'orders': [(b'SUBBB000000002', 1)]}], 'Asks': [{'price': 19000, 'orders': [(b'SUBBS000000007', 1)]}]}}
{'timestamp': 77198096287000, 'order': 'O: SUBCS000000008:S1xLPS     @19000', 'book': {'Bids': [{'price': 17000, 'orders': [(b'SUBBB000000005', 1), (b'SUBCB000000007', 1)]}, {'price': 14000, 'orders': [(b'SUBBB000000002', 1)]}], 'Asks': [{'price': 19000, 'orders': [(b'SUBBS000000007', 1), (b'SUBCS000000008', 1)]}]}}
{'timestamp': 77200681172000, 'order': 'O: SUBAB000000002:B1xLPS     @21000', 'book': {'Bids': [{'price': 17000, 'orders': [(b'SUBBB000000005', 1), (b'SUBCB000000007', 1)]}, {'price': 14000, 'orders': [(b'SUBBB000000002', 1)]}], 'Asks': [{'price': 19000, 'orders': [(b'SUBCS000000008', 1)]}]}}
{'timestamp': 77201203880000, 'order': 'U: SUBBS000000007->SUBBS000000008:1@22000', 'book': {'Bids': [{'price': 17000, 'orders': [(b'SUBBB000000005', 1), (b'SUBCB000000007', 1)]}, {'price': 14000, 'orders': [(b'SUBBB000000002', 1)]}], 'Asks': [{'price': 19000, 'orders': [(b'SUBCS000000008', 1)]}]}}
{'timestamp': 77201204388000, 'order': 'U: SUBBB000000005->SUBBB000000009:1@20000', 'book': {'Bids': [{'price': 17000, 'orders': [(b'SUBCB000000007', 1)]}, {'price': 14000, 'orders': [(b'SUBBB000000002', 1)]}], 'Asks': []}}
{'timestamp': 77201205755000, 'order': 'U: SUBBB000000002->SUBBB000000010:1@20000', 'book': {'Bids': [{'price': 20000, 'orders': [(b'SUBBB000000010', 1)]}, {'price': 17000, 'orders': [(b'SUBCB000000007', 1)]}], 'Asks': []}}
{'timestamp': 77201206332000, 'order': 'U: SUBCS000000008->SUBCS000000009:1@22000', 'book': {'Bids': [{'price': 20000, 'orders': [(b'SUBBB000000010', 1)]}, {'price': 17000, 'orders': [(b'SUBCB000000007', 1)]}], 'Asks': []}}
{'timestamp': 77201206557000, 'order': 'U: SUBCB000000007->SUBCB000000010:1@20000', 'book': {'Bids': [{'price': 20000, 'orders': [(b'SUBBB000000010', 1), (b'SUBCB000000010', 1)]}], 'Asks': []}}
{'timestamp': 77201206954000, 'order': 'O: SUBBS000000011:S1xLPS     @22000', 'book': {'Bids': [{'price': 20000, 'orders': [(b'SUBBB000000010', 1), (b'SUBCB000000010', 1)]}], 'Asks': [{'price': 22000, 'orders': [(b'SUBBS000000011', 1)]}]}}
{'timestamp': 77202245858000, 'order': 'O: SUBBB000000012:B1xLPS     @20000', 'book': {'Bids': [{'price': 20000, 'orders': [(b'SUBBB000000010', 1), (b'SUBCB000000010', 1), (b'SUBBB000000012', 1)]}], 'Asks': [{'price': 22000, 'orders': [(b'SUBBS000000011', 1)]}]}}
{'timestamp': 77202246360000, 'order': 'O: SUBCS000000011:S1xLPS     @22000', 'book': {'Bids': [{'price': 20000, 'orders': [(b'SUBBB000000010', 1), (b'SUBCB000000010', 1), (b'SUBBB000000012', 1)]}], 'Asks': [{'price': 22000, 'orders': [(b'SUBBS000000011', 1), (b'SUBCS000000011', 1)]}]}}
{'timestamp': 77203181896000, 'order': 'X: SUBAB000000001:0', 'book': {'Bids': [{'price': 20000, 'orders': [(b'SUBBB000000010', 1), (b'SUBCB000000010', 1), (b'SUBBB000000012', 1)]}], 'Asks': [{'price': 22000, 'orders': [(b'SUBBS000000011', 1), (b'SUBCS000000011', 1)]}]}}
{'timestamp': 77205558786000, 'order': 'O: SUB@S000000003:S1xLPS     @0', 'book': {'Bids': [{'price': 20000, 'orders': [(b'SUBCB000000010', 1), (b'SUBBB000000012', 1)]}], 'Asks': [{'price': 22000, 'orders': [(b'SUBBS000000011', 1), (b'SUBCS000000011', 1)]}]}}
{'timestamp': 77206070902000, 'order': 'X: SUBAB000000001:0', 'book': {'Bids': [{'price': 20000, 'orders': [(b'SUBCB000000010', 1), (b'SUBBB000000012', 1)]}], 'Asks': [{'price': 22000, 'orders': [(b'SUBBS000000011', 1), (b'SUBCS000000011', 1)]}]}}
{'timestamp': 77206071328000, 'order': 'O: SUBBB000000013:B1xLPS     @20000', 'book': {'Bids': [{'price': 20000, 'orders': [(b'SUBCB000000010', 1), (b'SUBBB000000012', 1), (b'SUBBB000000013', 1)]}], 'Asks': [{'price': 22000, 'orders': [(b'SUBBS000000011', 1), (b'SUBCS000000011', 1)]}]}}
{'timestamp': 77210676959000, 'order': 'O: SUBAS000000003:S1xLPS     @16000', 'book': {'Bids': [{'price': 20000, 'orders': [(b'SUBBB000000012', 1), (b'SUBBB000000013', 1)]}], 'Asks': [{'price': 22000, 'orders': [(b'SUBBS000000011', 1), (b'SUBCS000000011', 1)]}]}}
{'timestamp': 77211195044000, 'order': 'U: SUBCB000000010->SUBCB000000012:1@15000', 'book': {'Bids': [{'price': 20000, 'orders': [(b'SUBBB000000012', 1), (b'SUBBB000000013', 1)]}], 'Asks': [{'price': 22000, 'orders': [(b'SUBBS000000011', 1), (b'SUBCS000000011', 1)]}]}}
{'timestamp': 77211195498000, 'order': 'U: SUBCS000000011->SUBCS000000013:1@17000', 'book': {'Bids': [{'price': 20000, 'orders': [(b'SUBBB000000013', 1)]}], 'Asks': [{'price': 22000, 'orders': [(b'SUBBS000000011', 1)]}]}}
{'timestamp': 77211196932000, 'order': 'U: SUBBB000000012->SUBBB000000014:1@15000', 'book': {'Bids': [{'price': 20000, 'orders': [(b'SUBBB000000013', 1)]}], 'Asks': [{'price': 22000, 'orders': [(b'SUBBS000000011', 1)]}]}}
{'timestamp': 77211197198000, 'order': 'U: SUBBB000000013->SUBBB000000015:1@15000', 'book': {'Bids': [{'price': 15000, 'orders': [(b'SUBBB000000015', 1)]}], 'Asks': [{'price': 22000, 'orders': [(b'SUBBS000000011', 1)]}]}}
{'timestamp': 77211197773000, 'order': 'U: SUBBS000000011->SUBBS000000016:1@17000', 'book': {'Bids': [{'price': 15000, 'orders': [(b'SUBBB000000015', 1)]}], 'Asks': [{'price': 17000, 'orders': [(b'SUBBS000000016', 1)]}]}}
{'timestamp': 77211198306000, 'order': 'O: SUBCB000000014:B1xLPS     @15000', 'book': {'Bids': [{'price': 15000, 'orders': [(b'SUBBB000000015', 1), (b'SUBCB000000014', 1)]}], 'Asks': [{'price': 17000, 'orders': [(b'SUBBS000000016', 1)]}]}}
{'timestamp': 77212230788000, 'order': 'O: SUBCS000000015:S1xLPS     @17000', 'book': {'Bids': [{'price': 15000, 'orders': [(b'SUBBB000000015', 1), (b'SUBCB000000014', 1)]}], 'Asks': [{'price': 17000, 'orders': [(b'SUBBS000000016', 1), (b'SUBCS000000015', 1)]}]}}
{'timestamp': 77212231279000, 'order': 'O: SUBBB000000017:B1xLPS     @15000', 'book': {'Bids': [{'price': 15000, 'orders': [(b'SUBBB000000015', 1), (b'SUBCB000000014', 1), (b'SUBBB000000017', 1)]}], 'Asks': [{'price': 17000, 'orders': [(b'SUBBS000000016', 1), (b'SUBCS000000015', 1)]}]}}
{'timestamp': 77215561501000, 'order': 'O: SUB@B000000004:B1xLPS     @214748', 'book': {'Bids': [{'price': 15000, 'orders': [(b'SUBBB000000015', 1), (b'SUBCB000000014', 1), (b'SUBBB000000017', 1)]}], 'Asks': [{'price': 17000, 'orders': [(b'SUBCS000000015', 1)]}]}}
{'timestamp': 77216074065000, 'order': 'O: SUBBS000000018:S1xLPS     @17000', 'book': {'Bids': [{'price': 15000, 'orders': [(b'SUBBB000000015', 1), (b'SUBCB000000014', 1), (b'SUBBB000000017', 1)]}], 'Asks': [{'price': 17000, 'orders': [(b'SUBCS000000015', 1), (b'SUBBS000000018', 1)]}]}}
{'timestamp': 77220685893000, 'order': 'O: SUBAB000000004:B1xLPS     @22000', 'book': {'Bids': [{'price': 15000, 'orders': [(b'SUBBB000000015', 1), (b'SUBCB000000014', 1), (b'SUBBB000000017', 1)]}], 'Asks': [{'price': 17000, 'orders': [(b'SUBBS000000018', 1)]}]}}
{'timestamp': 77221208534000, 'order': 'U: SUBBS000000018->SUBBS000000019:1@23000', 'book': {'Bids': [{'price': 15000, 'orders': [(b'SUBBB000000015', 1), (b'SUBCB000000014', 1), (b'SUBBB000000017', 1)]}], 'Asks': [{'price': 23000, 'orders': [(b'SUBBS000000019', 1)]}]}}
{'timestamp': 77221209230000, 'order': 'U: SUBBB000000015->SUBBB000000020:1@21000', 'book': {'Bids': [{'price': 21000, 'orders': [(b'SUBBB000000020', 1)]}, {'price': 15000, 'orders': [(b'SUBCB000000014', 1), (b'SUBBB000000017', 1)]}], 'Asks': [{'price': 23000, 'orders': [(b'SUBBS000000019', 1)]}]}}
{'timestamp': 77221210624000, 'order': 'U: SUBBB000000017->SUBBB000000021:1@21000', 'book': {'Bids': [{'price': 21000, 'orders': [(b'SUBBB000000020', 1), (b'SUBBB000000021', 1)]}, {'price': 15000, 'orders': [(b'SUBCB000000014', 1)]}], 'Asks': [{'price': 23000, 'orders': [(b'SUBBS000000019', 1)]}]}}
{'timestamp': 77221211124000, 'order': 'U: SUBCS000000015->SUBCS000000016:1@23000', 'book': {'Bids': [{'price': 21000, 'orders': [(b'SUBBB000000020', 1), (b'SUBBB000000021', 1)]}, {'price': 15000, 'orders': [(b'SUBCB000000014', 1)]}], 'Asks': [{'price': 23000, 'orders': [(b'SUBBS000000019', 1)]}]}}
{'timestamp': 77221211345000, 'order': 'U: SUBCB000000014->SUBCB000000017:1@21000', 'book': {'Bids': [{'price': 21000, 'orders': [(b'SUBBB000000020', 1), (b'SUBBB000000021', 1), (b'SUBCB000000017', 1)]}], 'Asks': [{'price': 23000, 'orders': [(b'SUBBS000000019', 1)]}]}}
{'timestamp': 77221211872000, 'order': 'O: SUBCS000000018:S1xLPS     @23000', 'book': {'Bids': [{'price': 21000, 'orders': [(b'SUBBB000000020', 1), (b'SUBBB000000021', 1), (b'SUBCB000000017', 1)]}], 'Asks': [{'price': 23000, 'orders': [(b'SUBBS000000019', 1), (b'SUBCS000000018', 1)]}]}}
{'timestamp': 77225555813000, 'order': 'O: SUB@S000000005:S1xLPS     @0', 'book': {'Bids': [{'price': 21000, 'orders': [(b'SUBBB000000021', 1), (b'SUBCB000000017', 1)]}], 'Asks': [{'price': 23000, 'orders': [(b'SUBBS000000019', 1), (b'SUBCS000000018', 1)]}]}}
{'timestamp': 77226068687000, 'order': 'O: SUBBB000000022:B1xLPS     @21000', 'book': {'Bids': [{'price': 21000, 'orders': [(b'SUBBB000000021', 1), (b'SUBCB000000017', 1), (b'SUBBB000000022', 1)]}], 'Asks': [{'price': 23000, 'orders': [(b'SUBBS000000019', 1), (b'SUBCS000000018', 1)]}]}}
{'timestamp': 77230697894000, 'order': 'O: SUBAS000000005:S1xLPS     @17000', 'book': {'Bids': [{'price': 21000, 'orders': [(b'SUBCB000000017', 1), (b'SUBBB000000022', 1)]}], 'Asks': [{'price': 23000, 'orders': [(b'SUBBS000000019', 1), (b'SUBCS000000018', 1)]}]}}
{'timestamp': 77231223983000, 'order': 'U: SUBBB000000021->SUBBB000000023:1@16000', 'book': {'Bids': [{'price': 21000, 'orders': [(b'SUBCB000000017', 1), (b'SUBBB000000022', 1)]}], 'Asks': [{'price': 23000, 'orders': [(b'SUBBS000000019', 1), (b'SUBCS000000018', 1)]}]}}
{'timestamp': 77231224493000, 'order': 'U: SUBBB000000022->SUBBB000000024:1@16000', 'book': {'Bids': [{'price': 21000, 'orders': [(b'SUBCB000000017', 1)]}, {'price': 16000, 'orders': [(b'SUBBB000000024', 1)]}], 'Asks': [{'price': 23000, 'orders': [(b'SUBBS000000019', 1), (b'SUBCS000000018', 1)]}]}}
{'timestamp': 77231225205000, 'order': 'U: SUBBS000000019->SUBBS000000025:1@18000', 'book': {'Bids': [{'price': 16000, 'orders': [(b'SUBBB000000024', 1)]}], 'Asks': [{'price': 23000, 'orders': [(b'SUBCS000000018', 1)]}]}}
{'timestamp': 77231226137000, 'order': 'U: SUBCB000000017->SUBCB000000019:1@16000', 'book': {'Bids': [{'price': 16000, 'orders': [(b'SUBBB000000024', 1)]}], 'Asks': [{'price': 23000, 'orders': [(b'SUBCS000000018', 1)]}]}}
{'timestamp': 77231226450000, 'order': 'U: SUBCS000000018->SUBCS000000020:1@18000', 'book': {'Bids': [{'price': 16000, 'orders': [(b'SUBBB000000024', 1)]}], 'Asks': [{'price': 18000, 'orders': [(b'SUBCS000000020', 1)]}]}}
{'timestamp': 77231227157000, 'order': 'O: SUBBB000000026:B1xLPS     @16000', 'book': {'Bids': [{'price': 16000, 'orders': [(b'SUBBB000000024', 1), (b'SUBBB000000026', 1)]}], 'Asks': [{'price': 18000, 'orders': [(b'SUBCS000000020', 1)]}]}}
{'timestamp': 77232265707000, 'order': 'O: SUBBS000000027:S1xLPS     @18000', 'book': {'Bids': [{'price': 16000, 'orders': [(b'SUBBB000000024', 1), (b'SUBBB000000026', 1)]}], 'Asks': [{'price': 18000, 'orders': [(b'SUBCS000000020', 1), (b'SUBBS000000027', 1)]}]}}
{'timestamp': 77232266183000, 'order': 'O: SUBCB000000021:B1xLPS     @16000', 'book': {'Bids': [{'price': 16000, 'orders': [(b'SUBBB000000024', 1), (b'SUBBB000000026', 1), (b'SUBCB000000021', 1)]}], 'Asks': [{'price': 18000, 'orders': [(b'SUBCS000000020', 1), (b'SUBBS000000027', 1)]}]}}
