{'timestamp': 48381039949000, 'order': 'H: 9812017238523260976:S', 'book': {'Bids': [], 'Asks': []}}
{'timestamp': 48383586439000, 'order': 'O: SUBBB000000001:B1xLPS     @9000', 'book': {'Bids': [{'price': 9000, 'orders': [(b'SUBBB000000001', 1)]}], 'Asks': []}}
{'timestamp': 48383587488000, 'order': 'O: SUBBS000000002:S1xLPS     @11000', 'book': {'Bids': [{'price': 9000, 'orders': [(b'SUBBB000000001', 1)]}], 'Asks': [{'price': 11000, 'orders': [(b'SUBBS000000002', 1)]}]}}
{'timestamp': 48650822739000, 'order': 'H: 10970724180041936944:S', 'book': {'Bids': [], 'Asks': []}}
{'timestamp': 48653066239000, 'order': 'O: SUBBB000000001:B1xLPS     @9000', 'book': {'Bids': [{'price': 9000, 'orders': [(b'SUBBB000000001', 1)]}], 'Asks': []}}
{'timestamp': 48653066756000, 'order': 'O: SUBBS000000002:S1xLPS     @11000', 'book': {'Bids': [{'price': 9000, 'orders': [(b'SUBBB000000001', 1)]}], 'Asks': [{'price': 11000, 'orders': [(b'SUBBS000000002', 1)]}]}}
{'timestamp': 49021778986000, 'order': 'H: 12563987107886936112:S', 'book': {'Bids': [], 'Asks': []}}
{'timestamp': 49023677439000, 'order': 'O: SUBBB000000001:B1xLPS     @9000', 'book': {'Bids': [{'price': 9000, 'orders': [(b'SUBBB000000001', 1)]}], 'Asks': []}}
{'timestamp': 49023678038000, 'order': 'O: SUBBS000000002:S1xLPS     @11000', 'book': {'Bids': [{'price': 9000, 'orders': [(b'SUBBB000000001', 1)]}], 'Asks': [{'price': 11000, 'orders': [(b'SUBBS000000002', 1)]}]}}
{'timestamp': 49056371198000, 'order': 'H: 12712555038882410544:S', 'book': {'Bids': [], 'Asks': []}}
{'timestamp': 49058409729000, 'order': 'O: SUBBB000000001:B1xLPS     @9000', 'book': {'Bids': [{'price': 9000, 'orders': [(b'SUBBB000000001', 1)]}], 'Asks': []}}
{'timestamp': 49058410337000, 'order': 'O: SUBBS000000002:S1xLPS     @11000', 'book': {'Bids': [{'price': 9000, 'orders': [(b'SUBBB000000001', 1)]}], 'Asks': [{'price': 11000, 'orders': [(b'SUBBS000000002', 1)]}]}}
{'timestamp': 49122437881000, 'order': 'H: 12996323296200896560:S', 'book': {'Bids': [], 'Asks': []}}
{'timestamp': 49124208091000, 'order': 'O: SUBBB000000001:B1xLPS     @9000', 'book': {'Bids': [{'price': 9000, 'orders': [(b'SUBBB000000001', 1)]}], 'Asks': []}}
{'timestamp': 49124208552000, 'order': 'O: SUBBS000000002:S1xLPS     @11000', 'book': {'Bids': [{'price': 9000, 'orders': [(b'SUBBB000000001', 1)]}], 'Asks': [{'price': 11000, 'orders': [(b'SUBBS000000002', 1)]}]}}
{'timestamp': 49897672505000, 'order': 'H: 16325948872259022896:S', 'book': {'Bids': [], 'Asks': []}}
{'timestamp': 49900145687000, 'order': 'O: SUBBB000000001:B1xLPS     @9000', 'book': {'Bids': [{'price': 9000, 'orders': [(b'SUBBB000000001', 1)]}], 'Asks': []}}
{'timestamp': 49900146586000, 'order': 'O: SUBBS000000002:S1xLPS     @11000', 'book': {'Bids': [{'price': 9000, 'orders': [(b'SUBBB000000001', 1)]}], 'Asks': [{'price': 11000, 'orders': [(b'SUBBS000000002', 1)]}]}}
{'timestamp': 49902015326000, 'order': 'O: SUBAB000000001:B1xLPS     @9000', 'book': {'Bids': [{'price': 9000, 'orders': [(b'SUBBB000000001', 1), (b'SUBAB000000001', 1)]}], 'Asks': [{'price': 11000, 'orders': [(b'SUBBS000000002', 1)]}]}}
{'timestamp': 49902015976000, 'order': 'O: SUBAS000000002:S1xLPS     @11000', 'book': {'Bids': [{'price': 9000, 'orders': [(b'SUBBB000000001', 1), (b'SUBAB000000001', 1)]}], 'Asks': [{'price': 11000, 'orders': [(b'SUBBS000000002', 1), (b'SUBAS000000002', 1)]}]}}
{'timestamp': 49904001201000, 'order': 'U: SUBBS000000002->SUBBS000000003:1@16000', 'book': {'Bids': [{'price': 9000, 'orders': [(b'SUBBB000000001', 1), (b'SUBAB000000001', 1)]}], 'Asks': [{'price': 11000, 'orders': [(b'SUBAS000000002', 1)]}, {'price': 16000, 'orders': [(b'SUBBS000000003', 1)]}]}}
{'timestamp': 49904002106000, 'order': 'U: SUBBB000000001->SUBBB000000004:1@14000', 'book': {'Bids': [{'price': 9000, 'orders': [(b'SUBAB000000001', 1)]}], 'Asks': [{'price': 16000, 'orders': [(b'SUBBS000000003', 1)]}]}}
{'timestamp': 49904003276000, 'order': 'U: SUBAS000000002->SUBAS000000003:1@16000', 'book': {'Bids': [{'price': 9000, 'orders': [(b'SUBAB000000001', 1)]}], 'Asks': [{'price': 16000, 'orders': [(b'SUBBS000000003', 1)]}]}}
{'timestamp': 49904003994000, 'order': 'U: SUBAB000000001->SUBAB000000004:1@14000', 'book': {'Bids': [{'price': 14000, 'orders': [(b'SUBAB000000004', 1)]}], 'Asks': [{'price': 16000, 'orders': [(b'SUBBS000000003', 1)]}]}}
{'timestamp': 50236754091000, 'order': 'H: 17782255420567466032:S', 'book': {'Bids': [], 'Asks': []}}
{'timestamp': 50239497356000, 'order': 'O: SUBBB000000001:B1xLPS     @9000', 'book': {'Bids': [{'price': 9000, 'orders': [(b'SUBBB000000001', 1)]}], 'Asks': []}}
{'timestamp': 50239498103000, 'order': 'O: SUBBS000000002:S1xLPS     @11000', 'book': {'Bids': [{'price': 9000, 'orders': [(b'SUBBB000000001', 1)]}], 'Asks': [{'price': 11000, 'orders': [(b'SUBBS000000002', 1)]}]}}
{'timestamp': 50242796072000, 'order': 'O: SUBAB000000001:B1xLPS     @9000', 'book': {'Bids': [{'price': 9000, 'orders': [(b'SUBBB000000001', 1), (b'SUBAB000000001', 1)]}], 'Asks': [{'price': 11000, 'orders': [(b'SUBBS000000002', 1)]}]}}
{'timestamp': 50242796807000, 'order': 'O: SUBAS000000002:S1xLPS     @11000', 'book': {'Bids': [{'price': 9000, 'orders': [(b'SUBBB000000001', 1), (b'SUBAB000000001', 1)]}], 'Asks': [{'price': 11000, 'orders': [(b'SUBBS000000002', 1), (b'SUBAS000000002', 1)]}]}}
{'timestamp': 50243073525000, 'order': 'U: SUBBS000000002->SUBBS000000003:1@16000', 'book': {'Bids': [{'price': 9000, 'orders': [(b'SUBBB000000001', 1), (b'SUBAB000000001', 1)]}], 'Asks': [{'price': 11000, 'orders': [(b'SUBAS000000002', 1)]}, {'price': 16000, 'orders': [(b'SUBBS000000003', 1)]}]}}
{'timestamp': 50243074284000, 'order': 'U: SUBBB000000001->SUBBB000000004:1@14000', 'book': {'Bids': [{'price': 9000, 'orders': [(b'SUBAB000000001', 1)]}], 'Asks': [{'price': 16000, 'orders': [(b'SUBBS000000003', 1)]}]}}
{'timestamp': 50243075729000, 'order': 'O: SUBAB000000003:B1xLPS     @15000', 'book': {'Bids': [{'price': 9000, 'orders': [(b'SUBAB000000001', 1)]}], 'Asks': [{'price': 16000, 'orders': [(b'SUBBS000000003', 1)]}]}}
{'timestamp': 50244154255000, 'order': 'O: SUBBB000000005:B1xLPS     @14000', 'book': {'Bids': [{'price': 14000, 'orders': [(b'SUBBB000000005', 1)]}, {'price': 9000, 'orders': [(b'SUBAB000000001', 1)]}], 'Asks': [{'price': 16000, 'orders': [(b'SUBBS000000003', 1)]}]}}
{'timestamp': 50244154778000, 'order': 'O: SUBAS000000004:S1xLPS     @16000', 'book': {'Bids': [{'price': 14000, 'orders': [(b'SUBBB000000005', 1)]}, {'price': 9000, 'orders': [(b'SUBAB000000001', 1)]}], 'Asks': [{'price': 16000, 'orders': [(b'SUBBS000000003', 1), (b'SUBAS000000004', 1)]}]}}
{'timestamp': 50245122953000, 'order': 'X: SUBAB000000001:0', 'book': {'Bids': [{'price': 14000, 'orders': [(b'SUBBB000000005', 1)]}], 'Asks': [{'price': 16000, 'orders': [(b'SUBBS000000003', 1), (b'SUBAS000000004', 1)]}]}}
{'timestamp': 50245123504000, 'order': 'X: SUBAB000000003:0', 'book': {'Bids': [{'price': 14000, 'orders': [(b'SUBBB000000005', 1)]}], 'Asks': [{'price': 16000, 'orders': [(b'SUBBS000000003', 1), (b'SUBAS000000004', 1)]}]}}
{'timestamp': 50245123842000, 'order': 'X: SUBAS000000004:0', 'book': {'Bids': [{'price': 14000, 'orders': [(b'SUBBB000000005', 1)]}], 'Asks': [{'price': 16000, 'orders': [(b'SUBBS000000003', 1)]}]}}
{'timestamp': 50305588061000, 'order': 'H: 18077903351268257840:S', 'book': {'Bids': [], 'Asks': []}}
{'timestamp': 50315078987000, 'order': 'O: SUBBB000000001:B1xLPS     @14000', 'book': {'Bids': [{'price': 14000, 'orders': [(b'SUBBB000000001', 1)]}], 'Asks': []}}
{'timestamp': 50315079621000, 'order': 'O: SUBBS000000002:S1xLPS     @16000', 'book': {'Bids': [{'price': 14000, 'orders': [(b'SUBBB000000001', 1)]}], 'Asks': [{'price': 16000, 'orders': [(b'SUBBS000000002', 1)]}]}}
{'timestamp': 50316296491000, 'order': 'O: SUB@S000000001:S1xLPS     @0', 'book': {'Bids': [], 'Asks': [{'price': 16000, 'orders': [(b'SUBBS000000002', 1)]}]}}
{'timestamp': 50378060388000, 'order': 'H: 18389188622238625840:S', 'book': {'Bids': [], 'Asks': []}}
{'timestamp': 50380533057000, 'order': 'O: SUBBB000000001:B1xLPS     @9000', 'book': {'Bids': [{'price': 9000, 'orders': [(b'SUBBB000000001', 1)]}], 'Asks': []}}
{'timestamp': 50380533548000, 'order': 'O: SUBBS000000002:S1xLPS     @11000', 'book': {'Bids': [{'price': 9000, 'orders': [(b'SUBBB000000001', 1)]}], 'Asks': [{'price': 11000, 'orders': [(b'SUBBS000000002', 1)]}]}}
{'timestamp': 50382487092000, 'order': 'O: SUBAB000000001:B1xLPS     @9000', 'book': {'Bids': [{'price': 9000, 'orders': [(b'SUBBB000000001', 1), (b'SUBAB000000001', 1)]}], 'Asks': [{'price': 11000, 'orders': [(b'SUBBS000000002', 1)]}]}}
{'timestamp': 50382487619000, 'order': 'O: SUBAS000000002:S1xLPS     @11000', 'book': {'Bids': [{'price': 9000, 'orders': [(b'SUBBB000000001', 1), (b'SUBAB000000001', 1)]}], 'Asks': [{'price': 11000, 'orders': [(b'SUBBS000000002', 1), (b'SUBAS000000002', 1)]}]}}
{'timestamp': 50384411084000, 'order': 'U: SUBAS000000002->SUBAS000000003:1@16000', 'book': {'Bids': [{'price': 9000, 'orders': [(b'SUBBB000000001', 1), (b'SUBAB000000001', 1)]}], 'Asks': [{'price': 11000, 'orders': [(b'SUBBS000000002', 1)]}, {'price': 16000, 'orders': [(b'SUBAS000000003', 1)]}]}}
{'timestamp': 50384412374000, 'order': 'U: SUBAB000000001->SUBAB000000004:1@14000', 'book': {'Bids': [{'price': 9000, 'orders': [(b'SUBBB000000001', 1)]}], 'Asks': [{'price': 16000, 'orders': [(b'SUBAS000000003', 1)]}]}}
{'timestamp': 50384413497000, 'order': 'U: SUBBS000000002->SUBBS000000003:1@16000', 'book': {'Bids': [{'price': 9000, 'orders': [(b'SUBBB000000001', 1)]}], 'Asks': [{'price': 16000, 'orders': [(b'SUBAS000000003', 1)]}]}}
{'timestamp': 50384413889000, 'order': 'U: SUBBB000000001->SUBBB000000004:1@14000', 'book': {'Bids': [{'price': 14000, 'orders': [(b'SUBBB000000004', 1)]}], 'Asks': [{'price': 16000, 'orders': [(b'SUBAS000000003', 1)]}]}}
{'timestamp': 50385501567000, 'order': 'O: SUBAB000000005:B1xLPS     @14000', 'book': {'Bids': [{'price': 14000, 'orders': [(b'SUBBB000000004', 1), (b'SUBAB000000005', 1)]}], 'Asks': [{'price': 16000, 'orders': [(b'SUBAS000000003', 1)]}]}}
{'timestamp': 50385501994000, 'order': 'O: SUBBS000000005:S1xLPS     @16000', 'book': {'Bids': [{'price': 14000, 'orders': [(b'SUBBB000000004', 1), (b'SUBAB000000005', 1)]}], 'Asks': [{'price': 16000, 'orders': [(b'SUBAS000000003', 1), (b'SUBBS000000005', 1)]}]}}
{'timestamp': 50386038896000, 'order': 'X: SUBAS000000003:0', 'book': {'Bids': [{'price': 14000, 'orders': [(b'SUBBB000000004', 1), (b'SUBAB000000005', 1)]}], 'Asks': [{'price': 16000, 'orders': [(b'SUBBS000000005', 1)]}]}}
{'timestamp': 50386039440000, 'order': 'X: SUBAB000000005:0', 'book': {'Bids': [{'price': 14000, 'orders': [(b'SUBBB000000004', 1)]}], 'Asks': [{'price': 16000, 'orders': [(b'SUBBS000000005', 1)]}]}}
{'timestamp': 50387990103000, 'order': 'X: SUBBB000000004:0', 'book': {'Bids': [], 'Asks': [{'price': 16000, 'orders': [(b'SUBBS000000005', 1)]}]}}
{'timestamp': 50387990773000, 'order': 'X: SUBBS000000005:0', 'book': {'Bids': [], 'Asks': []}}
{'timestamp': 50388846726000, 'order': 'O: SUB@S000000001:S1xLPS     @0', 'book': {'Bids': [], 'Asks': []}}
{'timestamp': 50389961448000, 'order': 'O: SUBBB000000006:B1xLPS     @14000', 'book': {'Bids': [{'price': 14000, 'orders': [(b'SUBBB000000006', 1)]}], 'Asks': []}}
{'timestamp': 50389961963000, 'order': 'O: SUBBS000000007:S1xLPS     @16000', 'book': {'Bids': [{'price': 14000, 'orders': [(b'SUBBB000000006', 1)]}], 'Asks': [{'price': 16000, 'orders': [(b'SUBBS000000007', 1)]}]}}
{'timestamp': 50393991175000, 'order': 'U: SUBBS000000007->SUBBS000000008:1@19000', 'book': {'Bids': [{'price': 14000, 'orders': [(b'SUBBB000000006', 1)]}], 'Asks': [{'price': 19000, 'orders': [(b'SUBBS000000008', 1)]}]}}
{'timestamp': 50393991906000, 'order': 'U: SUBBB000000006->SUBBB000000009:1@17000', 'book': {'Bids': [{'price': 17000, 'orders': [(b'SUBBB000000009', 1)]}], 'Asks': [{'price': 19000, 'orders': [(b'SUBBS000000008', 1)]}]}}
{'timestamp': 50398852296000, 'order': 'O: SUB@B000000002:B1xLPS     @214748', 'book': {'Bids': [{'price': 17000, 'orders': [(b'SUBBB000000009', 1)]}], 'Asks': []}}
{'timestamp': 50398979661000, 'order': 'O: SUBBS000000010:S1xLPS     @19000', 'book': {'Bids': [{'price': 17000, 'orders': [(b'SUBBB000000009', 1)]}], 'Asks': [{'price': 19000, 'orders': [(b'SUBBS000000010', 1)]}]}}
{'timestamp': 50403990120000, 'order': 'U: SUBBS000000010->SUBBS000000011:1@22000', 'book': {'Bids': [{'price': 17000, 'orders': [(b'SUBBB000000009', 1)]}], 'Asks': [{'price': 22000, 'orders': [(b'SUBBS000000011', 1)]}]}}
{'timestamp': 50403990889000, 'order': 'U: SUBBB000000009->SUBBB000000012:1@20000', 'book': {'Bids': [{'price': 20000, 'orders': [(b'SUBBB000000012', 1)]}], 'Asks': [{'price': 22000, 'orders': [(b'SUBBS000000011', 1)]}]}}
{'timestamp': 50408862098000, 'order': 'O: SUB@S000000003:S1xLPS     @0', 'book': {'Bids': [], 'Asks': [{'price': 22000, 'orders': [(b'SUBBS000000011', 1)]}]}}
{'timestamp': 50408985560000, 'order': 'O: SUBBB000000013:B1xLPS     @20000', 'book': {'Bids': [{'price': 20000, 'orders': [(b'SUBBB000000013', 1)]}], 'Asks': [{'price': 22000, 'orders': [(b'SUBBS000000011', 1)]}]}}
{'timestamp': 50413999856000, 'order': 'U: SUBBB000000013->SUBBB000000014:1@15000', 'book': {'Bids': [{'price': 15000, 'orders': [(b'SUBBB000000014', 1)]}], 'Asks': [{'price': 22000, 'orders': [(b'SUBBS000000011', 1)]}]}}
{'timestamp': 50414000617000, 'order': 'U: SUBBS000000011->SUBBS000000015:1@17000', 'book': {'Bids': [{'price': 15000, 'orders': [(b'SUBBB000000014', 1)]}], 'Asks': [{'price': 17000, 'orders': [(b'SUBBS000000015', 1)]}]}}
{'timestamp': 50418869731000, 'order': 'O: SUB@B000000004:B1xLPS     @214748', 'book': {'Bids': [{'price': 15000, 'orders': [(b'SUBBB000000014', 1)]}], 'Asks': []}}
{'timestamp': 50419005562000, 'order': 'O: SUBBS000000016:S1xLPS     @17000', 'book': {'Bids': [{'price': 15000, 'orders': [(b'SUBBB000000014', 1)]}], 'Asks': [{'price': 17000, 'orders': [(b'SUBBS000000016', 1)]}]}}
{'timestamp': 50424000941000, 'order': 'U: SUBBS000000016->SUBBS000000017:1@23000', 'book': {'Bids': [{'price': 15000, 'orders': [(b'SUBBB000000014', 1)]}], 'Asks': [{'price': 23000, 'orders': [(b'SUBBS000000017', 1)]}]}}
{'timestamp': 50424001624000, 'order': 'U: SUBBB000000014->SUBBB000000018:1@21000', 'book': {'Bids': [{'price': 21000, 'orders': [(b'SUBBB000000018', 1)]}], 'Asks': [{'price': 23000, 'orders': [(b'SUBBS000000017', 1)]}]}}
{'timestamp': 50844636299000, 'order': 'H: 1946373252577243184:S', 'book': {'Bids': [], 'Asks': []}}
{'timestamp': 50846756676000, 'order': 'O: SUBBB000000001:B1xLPS     @9000', 'book': {'Bids': [{'price': 9000, 'orders': [(b'SUBBB000000001', 1)]}], 'Asks': []}}
{'timestamp': 50846757450000, 'order': 'O: SUBBS000000002:S1xLPS     @11000', 'book': {'Bids': [{'price': 9000, 'orders': [(b'SUBBB000000001', 1)]}], 'Asks': [{'price': 11000, 'orders': [(b'SUBBS000000002', 1)]}]}}
{'timestamp': 50848017887000, 'order': 'X: SUBBB000000001:0', 'book': {'Bids': [], 'Asks': [{'price': 11000, 'orders': [(b'SUBBS000000002', 1)]}]}}
{'timestamp': 50848018384000, 'order': 'X: SUBBS000000002:0', 'book': {'Bids': [], 'Asks': []}}
{'timestamp': 50853435915000, 'order': 'O: SUBAB000000001:B1xLPS     @14000', 'book': {'Bids': [{'price': 14000, 'orders': [(b'SUBAB000000001', 1)]}], 'Asks': []}}
{'timestamp': 50853436532000, 'order': 'O: SUBAS000000002:S1xLPS     @16000', 'book': {'Bids': [{'price': 14000, 'orders': [(b'SUBAB000000001', 1)]}], 'Asks': [{'price': 16000, 'orders': [(b'SUBAS000000002', 1)]}]}}
{'timestamp': 50854529965000, 'order': 'X: SUBAB000000001:0', 'book': {'Bids': [], 'Asks': [{'price': 16000, 'orders': [(b'SUBAS000000002', 1)]}]}}
{'timestamp': 50854530541000, 'order': 'X: SUBAS000000002:0', 'book': {'Bids': [], 'Asks': []}}
{'timestamp': 50855547287000, 'order': 'O: SUB@S000000001:S1xLPS     @0', 'book': {'Bids': [], 'Asks': []}}
{'timestamp': 50864041576000, 'order': 'O: SUBAB000000003:B1xLPS     @17000', 'book': {'Bids': [{'price': 17000, 'orders': [(b'SUBAB000000003', 1)]}], 'Asks': []}}
{'timestamp': 50864042222000, 'order': 'O: SUBAS000000004:S1xLPS     @19000', 'book': {'Bids': [{'price': 17000, 'orders': [(b'SUBAB000000003', 1)]}], 'Asks': [{'price': 19000, 'orders': [(b'SUBAS000000004', 1)]}]}}
{'timestamp': 50865554923000, 'order': 'O: SUB@B000000002:B1xLPS     @214748', 'book': {'Bids': [{'price': 17000, 'orders': [(b'SUBAB000000003', 1)]}], 'Asks': []}}
{'timestamp': 50865680253000, 'order': 'O: SUBAS000000005:S1xLPS     @19000', 'book': {'Bids': [{'price': 17000, 'orders': [(b'SUBAB000000003', 1)]}], 'Asks': [{'price': 19000, 'orders': [(b'SUBAS000000005', 1)]}]}}
{'timestamp': 50870684023000, 'order': 'U: SUBAS000000005->SUBAS000000006:1@22000', 'book': {'Bids': [{'price': 17000, 'orders': [(b'SUBAB000000003', 1)]}], 'Asks': [{'price': 22000, 'orders': [(b'SUBAS000000006', 1)]}]}}
{'timestamp': 50870684672000, 'order': 'U: SUBAB000000003->SUBAB000000007:1@20000', 'book': {'Bids': [{'price': 20000, 'orders': [(b'SUBAB000000007', 1)]}], 'Asks': [{'price': 22000, 'orders': [(b'SUBAS000000006', 1)]}]}}
{'timestamp': 50875561459000, 'order': 'O: SUB@S000000003:S1xLPS     @0', 'book': {'Bids': [], 'Asks': [{'price': 22000, 'orders': [(b'SUBAS000000006', 1)]}]}}
{'timestamp': 50875684182000, 'order': 'O: SUBAB000000008:B1xLPS     @20000', 'book': {'Bids': [{'price': 20000, 'orders': [(b'SUBAB000000008', 1)]}], 'Asks': [{'price': 22000, 'orders': [(b'SUBAS000000006', 1)]}]}}
{'timestamp': 50880688531000, 'order': 'U: SUBAB000000008->SUBAB000000009:1@15000', 'book': {'Bids': [{'price': 15000, 'orders': [(b'SUBAB000000009', 1)]}], 'Asks': [{'price': 22000, 'orders': [(b'SUBAS000000006', 1)]}]}}
{'timestamp': 50880690892000, 'order': 'U: SUBAS000000006->SUBAS000000010:1@17000', 'book': {'Bids': [{'price': 15000, 'orders': [(b'SUBAB000000009', 1)]}], 'Asks': [{'price': 17000, 'orders': [(b'SUBAS000000010', 1)]}]}}
{'timestamp': 50885559127000, 'order': 'O: SUB@B000000004:B1xLPS     @214748', 'book': {'Bids': [{'price': 15000, 'orders': [(b'SUBAB000000009', 1)]}], 'Asks': []}}
{'timestamp': 50886085558000, 'order': 'O: SUBAS000000011:S1xLPS     @17000', 'book': {'Bids': [{'price': 15000, 'orders': [(b'SUBAB000000009', 1)]}], 'Asks': [{'price': 17000, 'orders': [(b'SUBAS000000011', 1)]}]}}
{'timestamp': 50890702195000, 'order': 'O: SUBBB000000003:B1xLPS     @22000', 'book': {'Bids': [{'price': 15000, 'orders': [(b'SUBAB000000009', 1)]}], 'Asks': []}}
{'timestamp': 50891246116000, 'order': 'U: SUBAS000000011->SUBAS000000012:1@23000', 'book': {'Bids': [{'price': 15000, 'orders': [(b'SUBAB000000009', 1)]}], 'Asks': []}}
{'timestamp': 50891246564000, 'order': 'U: SUBAB000000009->SUBAB000000013:1@21000', 'book': {'Bids': [{'price': 21000, 'orders': [(b'SUBAB000000013', 1)]}], 'Asks': []}}
{'timestamp': 50891247133000, 'order': 'O: SUBAS000000014:S1xLPS     @23000', 'book': {'Bids': [{'price': 21000, 'orders': [(b'SUBAB000000013', 1)]}], 'Asks': [{'price': 23000, 'orders': [(b'SUBAS000000014', 1)]}]}}
{'timestamp': 50895567655000, 'order': 'O: SUB@S000000005:S1xLPS     @0', 'book': {'Bids': [], 'Asks': [{'price': 23000, 'orders': [(b'SUBAS000000014', 1)]}]}}
{'timestamp': 50896094398000, 'order': 'O: SUBAB000000015:B1xLPS     @21000', 'book': {'Bids': [{'price': 21000, 'orders': [(b'SUBAB000000015', 1)]}], 'Asks': [{'price': 23000, 'orders': [(b'SUBAS000000014', 1)]}]}}
{'timestamp': 50900691537000, 'order': 'O: SUBBS000000004:S1xLPS     @17000', 'book': {'Bids': [], 'Asks': [{'price': 23000, 'orders': [(b'SUBAS000000014', 1)]}]}}
{'timestamp': 50901230377000, 'order': 'U: SUBAB000000015->SUBAB000000016:1@16000', 'book': {'Bids': [], 'Asks': [{'price': 23000, 'orders': [(b'SUBAS000000014', 1)]}]}}
{'timestamp': 50901230790000, 'order': 'U: SUBAS000000014->SUBAS000000017:1@18000', 'book': {'Bids': [], 'Asks': [{'price': 18000, 'orders': [(b'SUBAS000000017', 1)]}]}}
{'timestamp': 50901231636000, 'order': 'O: SUBAB000000018:B1xLPS     @16000', 'book': {'Bids': [{'price': 16000, 'orders': [(b'SUBAB000000018', 1)]}], 'Asks': [{'price': 18000, 'orders': [(b'SUBAS000000017', 1)]}]}}
{'timestamp': 50904307302000, 'order': 'X: SUBAS000000017:0', 'book': {'Bids': [{'price': 16000, 'orders': [(b'SUBAB000000018', 1)]}], 'Asks': []}}
{'timestamp': 50904307950000, 'order': 'X: SUBAB000000018:0', 'book': {'Bids': [], 'Asks': []}}
{'timestamp': 50905563787000, 'order': 'O: SUB@B000000006:B1xLPS     @214748', 'book': {'Bids': [], 'Asks': []}}
{'timestamp': 50906333956000, 'order': 'O: SUBAB000000019:B1xLPS     @16000', 'book': {'Bids': [{'price': 16000, 'orders': [(b'SUBAB000000019', 1)]}], 'Asks': []}}
{'timestamp': 50906334517000, 'order': 'O: SUBAS000000020:S1xLPS     @18000', 'book': {'Bids': [{'price': 16000, 'orders': [(b'SUBAB000000019', 1)]}], 'Asks': [{'price': 18000, 'orders': [(b'SUBAS000000020', 1)]}]}}
{'timestamp': 74470246239000, 'order': 'H: 11183845856043348016:S', 'book': {'Bids': [], 'Asks': []}}
{'timestamp': 74472285176000, 'order': 'O: SUBBB000000001:B1xLPS     @9000', 'book': {'Bids': [{'price': 9000, 'orders': [(b'SUBBB000000001', 1)]}], 'Asks': []}}
{'timestamp': 74472285779000, 'order': 'O: SUBBS000000002:S1xLPS     @11000', 'book': {'Bids': [{'price': 9000, 'orders': [(b'SUBBB000000001', 1)]}], 'Asks': [{'price': 11000, 'orders': [(b'SUBBS000000002', 1)]}]}}
{'timestamp': 74476424894000, 'order': 'O: SUBAB000000001:B1xLPS     @15000', 'book': {'Bids': [{'price': 9000, 'orders': [(b'SUBBB000000001', 1)]}], 'Asks': []}}
{'timestamp': 74476425545000, 'order': 'U: SUBBS000000002->SUBBS000000003:1@16000', 'book': {'Bids': [{'price': 9000, 'orders': [(b'SUBBB000000001', 1)]}], 'Asks': []}}
{'timestamp': 74476426968000, 'order': 'U: SUBBB000000001->SUBBB000000004:1@14000', 'book': {'Bids': [{'price': 14000, 'orders': [(b'SUBBB000000004', 1)]}], 'Asks': []}}
{'timestamp': 74476979107000, 'order': 'O: SUBBS000000005:S1xLPS     @16000', 'book': {'Bids': [{'price': 14000, 'orders': [(b'SUBBB000000004', 1)]}], 'Asks': [{'price': 16000, 'orders': [(b'SUBBS000000005', 1)]}]}}
{'timestamp': 74477793851000, 'order': 'X: SUBBB000000004:0', 'book': {'Bids': [], 'Asks': [{'price': 16000, 'orders': [(b'SUBBS000000005', 1)]}]}}
{'timestamp': 74477794371000, 'order': 'X: SUBBS000000005:0', 'book': {'Bids': [], 'Asks': []}}
{'timestamp': 74480438949000, 'order': 'O: SUBAB000000002:B1xLPS     @14000', 'book': {'Bids': [{'price': 14000, 'orders': [(b'SUBAB000000002', 1)]}], 'Asks': []}}
{'timestamp': 74480439364000, 'order': 'O: SUBAS000000003:S1xLPS     @16000', 'book': {'Bids': [{'price': 14000, 'orders': [(b'SUBAB000000002', 1)]}], 'Asks': [{'price': 16000, 'orders': [(b'SUBAS000000003', 1)]}]}}
{'timestamp': 74480888365000, 'order': 'O: SUB@S000000001:S1xLPS     @0', 'book': {'Bids': [], 'Asks': [{'price': 16000, 'orders': [(b'SUBAS000000003', 1)]}]}}
{'timestamp': 74481412023000, 'order': 'O: SUBAB000000004:B1xLPS     @14000', 'book': {'Bids': [{'price': 14000, 'orders': [(b'SUBAB000000004', 1)]}], 'Asks': [{'price': 16000, 'orders': [(b'SUBAS000000003', 1)]}]}}
{'timestamp': 74484391932000, 'order': 'O: SUBBB000000006:B1xLPS     @14000', 'book': {'Bids': [{'price': 14000, 'orders': [(b'SUBAB000000004', 1), (b'SUBBB000000006', 1)]}], 'Asks': [{'price': 16000, 'orders': [(b'SUBAS000000003', 1)]}]}}
{'timestamp': 74484392365000, 'order': 'O: SUBBS000000007:S1xLPS     @16000', 'book': {'Bids': [{'price': 14000, 'orders': [(b'SUBAB000000004', 1), (b'SUBBB000000006', 1)]}], 'Asks': [{'price': 16000, 'orders': [(b'SUBAS000000003', 1), (b'SUBBS000000007', 1)]}]}}
{'timestamp': 74486033220000, 'order': 'U: SUBBS000000007->SUBBS000000008:1@19000', 'book': {'Bids': [{'price': 14000, 'orders': [(b'SUBAB000000004', 1), (b'SUBBB000000006', 1)]}], 'Asks': [{'price': 16000, 'orders': [(b'SUBAS000000003', 1)]}, {'price': 19000, 'orders': [(b'SUBBS000000008', 1)]}]}}
{'timestamp': 74486033968000, 'order': 'U: SUBBB000000006->SUBBB000000009:1@17000', 'book': {'Bids': [{'price': 14000, 'orders': [(b'SUBAB000000004', 1)]}], 'Asks': [{'price': 19000, 'orders': [(b'SUBBS000000008', 1)]}]}}
{'timestamp': 74486034733000, 'order': 'U: SUBAS000000003->SUBAS000000005:1@19000', 'book': {'Bids': [{'price': 14000, 'orders': [(b'SUBAB000000004', 1)]}], 'Asks': [{'price': 19000, 'orders': [(b'SUBBS000000008', 1)]}]}}
{'timestamp': 74486034998000, 'order': 'U: SUBAB000000004->SUBAB000000006:1@17000', 'book': {'Bids': [{'price': 17000, 'orders': [(b'SUBAB000000006', 1)]}], 'Asks': [{'price': 19000, 'orders': [(b'SUBBS000000008', 1)]}]}}
{'timestamp': 74486328710000, 'order': 'O: SUBBB000000010:B1xLPS     @17000', 'book': {'Bids': [{'price': 17000, 'orders': [(b'SUBAB000000006', 1), (b'SUBBB000000010', 1)]}], 'Asks': [{'price': 19000, 'orders': [(b'SUBBS000000008', 1)]}]}}
{'timestamp': 74486329158000, 'order': 'O: SUBAS000000007:S1xLPS     @19000', 'book': {'Bids': [{'price': 17000, 'orders': [(b'SUBAB000000006', 1), (b'SUBBB000000010', 1)]}], 'Asks': [{'price': 19000, 'orders': [(b'SUBBS000000008', 1), (b'SUBAS000000007', 1)]}]}}
{'timestamp': 74486464468000, 'order': 'X: SUBBS000000008:0', 'book': {'Bids': [{'price': 17000, 'orders': [(b'SUBAB000000006', 1), (b'SUBBB000000010', 1)]}], 'Asks': [{'price': 19000, 'orders': [(b'SUBAS000000007', 1)]}]}}
{'timestamp': 74486464914000, 'order': 'X: SUBBB000000010:0', 'book': {'Bids': [{'price': 17000, 'orders': [(b'SUBAB000000006', 1)]}], 'Asks': [{'price': 19000, 'orders': [(b'SUBAS000000007', 1)]}]}}
{'timestamp': 74489636449000, 'order': 'X: SUBAB000000006:0', 'book': {'Bids': [], 'Asks': [{'price': 19000, 'orders': [(b'SUBAS000000007', 1)]}]}}
{'timestamp': 74489636944000, 'order': 'X: SUBAS000000007:0', 'book': {'Bids': [], 'Asks': []}}
{'timestamp': 74490883364000, 'order': 'O: SUB@B000000002:B1xLPS     @214748', 'book': {'Bids': [], 'Asks': []}}
{'timestamp': 74494974028000, 'order': 'O: SUBBB000000011:B1xLPS     @17000', 'book': {'Bids': [{'price': 17000, 'orders': [(b'SUBBB000000011', 1)]}], 'Asks': []}}
{'timestamp': 74494974646000, 'order': 'O: SUBBS000000012:S1xLPS     @19000', 'book': {'Bids': [{'price': 17000, 'orders': [(b'SUBBB000000011', 1)]}], 'Asks': [{'price': 19000, 'orders': [(b'SUBBS000000012', 1)]}]}}
{'timestamp': 74496028901000, 'order': 'U: SUBBS000000012->SUBBS000000013:1@22000', 'book': {'Bids': [{'price': 17000, 'orders': [(b'SUBBB000000011', 1)]}], 'Asks': [{'price': 22000, 'orders': [(b'SUBBS000000013', 1)]}]}}
{'timestamp': 74496029589000, 'order': 'U: SUBBB000000011->SUBBB000000014:1@20000', 'book': {'Bids': [{'price': 20000, 'orders': [(b'SUBBB000000014', 1)]}], 'Asks': [{'price': 22000, 'orders': [(b'SUBBS000000013', 1)]}]}}
{'timestamp': 74500898314000, 'order': 'O: SUB@S000000003:S1xLPS     @0', 'book': {'Bids': [], 'Asks': [{'price': 22000, 'orders': [(b'SUBBS000000013', 1)]}]}}
{'timestamp': 74501023110000, 'order': 'O: SUBBB000000015:B1xLPS     @20000', 'book': {'Bids': [{'price': 20000, 'orders': [(b'SUBBB000000015', 1)]}], 'Asks': [{'price': 22000, 'orders': [(b'SUBBS000000013', 1)]}]}}
{'timestamp': 74506027344000, 'order': 'O: SUBAS000000008:S1xLPS     @16000', 'book': {'Bids': [], 'Asks': [{'price': 22000, 'orders': [(b'SUBBS000000013', 1)]}]}}
{'timestamp': 74506028073000, 'order': 'U: SUBBB000000015->SUBBB000000016:1@15000', 'book': {'Bids': [], 'Asks': [{'price': 22000, 'orders': [(b'SUBBS000000013', 1)]}]}}
{'timestamp': 74506028473000, 'order': 'U: SUBBS000000013->SUBBS000000017:1@17000', 'book': {'Bids': [], 'Asks': [{'price': 17000, 'orders': [(b'SUBBS000000017', 1)]}]}}
{'timestamp': 74506180133000, 'order': 'O: SUBBB000000018:B1xLPS     @15000', 'book': {'Bids': [{'price': 15000, 'orders': [(b'SUBBB000000018', 1)]}], 'Asks': [{'price': 17000, 'orders': [(b'SUBBS000000017', 1)]}]}}
{'timestamp': 74510892649000, 'order': 'O: SUB@B000000004:B1xLPS     @214748', 'book': {'Bids': [{'price': 15000, 'orders': [(b'SUBBB000000018', 1)]}], 'Asks': []}}
{'timestamp': 74511015413000, 'order': 'O: SUBBS000000019:S1xLPS     @17000', 'book': {'Bids': [{'price': 15000, 'orders': [(b'SUBBB000000018', 1)]}], 'Asks': [{'price': 17000, 'orders': [(b'SUBBS000000019', 1)]}]}}
{'timestamp': 74516042409000, 'order': 'O: SUBAB000000009:B1xLPS     @22000', 'book': {'Bids': [{'price': 15000, 'orders': [(b'SUBBB000000018', 1)]}], 'Asks': []}}
{'timestamp': 74516592288000, 'order': 'U: SUBBS000000019->SUBBS000000020:1@23000', 'book': {'Bids': [{'price': 15000, 'orders': [(b'SUBBB000000018', 1)]}], 'Asks': []}}
{'timestamp': 74516593004000, 'order': 'U: SUBBB000000018->SUBBB000000021:1@21000', 'book': {'Bids': [{'price': 21000, 'orders': [(b'SUBBB000000021', 1)]}], 'Asks': []}}
{'timestamp': 74516593559000, 'order': 'O: SUBBS000000022:S1xLPS     @23000', 'book': {'Bids': [{'price': 21000, 'orders': [(b'SUBBB000000021', 1)]}], 'Asks': [{'price': 23000, 'orders': [(b'SUBBS000000022', 1)]}]}}
{'timestamp': 74520906527000, 'order': 'O: SUB@S000000005:S1xLPS     @0', 'book': {'Bids': [], 'Asks': [{'price': 23000, 'orders': [(b'SUBBS000000022', 1)]}]}}
{'timestamp': 74521431480000, 'order': 'O: SUBBB000000023:B1xLPS     @21000', 'book': {'Bids': [{'price': 21000, 'orders': [(b'SUBBB000000023', 1)]}], 'Asks': [{'price': 23000, 'orders': [(b'SUBBS000000022', 1)]}]}}
{'timestamp': 74526029996000, 'order': 'O: SUBAS000000010:S1xLPS     @17000', 'book': {'Bids': [], 'Asks': [{'price': 23000, 'orders': [(b'SUBBS000000022', 1)]}]}}
{'timestamp': 74526570490000, 'order': 'U: SUBBB000000023->SUBBB000000024:1@16000', 'book': {'Bids': [], 'Asks': [{'price': 23000, 'orders': [(b'SUBBS000000022', 1)]}]}}
{'timestamp': 74526570879000, 'order': 'U: SUBBS000000022->SUBBS000000025:1@18000', 'book': {'Bids': [], 'Asks': [{'price': 18000, 'orders': [(b'SUBBS000000025', 1)]}]}}
{'timestamp': 74526571467000, 'order': 'O: SUBBB000000026:B1xLPS     @16000', 'book': {'Bids': [{'price': 16000, 'orders': [(b'SUBBB000000026', 1)]}], 'Asks': [{'price': 18000, 'orders': [(b'SUBBS000000025', 1)]}]}}
{'timestamp': 74530911045000, 'order': 'O: SUB@B000000006:B1xLPS     @214748', 'book': {'Bids': [{'price': 16000, 'orders': [(b'SUBBB000000026', 1)]}], 'Asks': []}}
{'timestamp': 74531435369000, 'order': 'O: SUBBS000000027:S1xLPS     @18000', 'book': {'Bids': [{'price': 16000, 'orders': [(b'SUBBB000000026', 1)]}], 'Asks': [{'price': 18000, 'orders': [(b'SUBBS000000027', 1)]}]}}
{'timestamp': 78117089932000, 'order': 'H: 8400203909996490800:S', 'book': {'Bids': [], 'Asks': []}}
{'timestamp': 78119098078000, 'order': 'O: SUBBB000000001:B1xLPS     @9000', 'book': {'Bids': [{'price': 9000, 'orders': [(b'SUBBB000000001', 1)]}], 'Asks': []}}
{'timestamp': 78119098701000, 'order': 'O: SUBBS000000002:S1xLPS     @11000', 'book': {'Bids': [{'price': 9000, 'orders': [(b'SUBBB000000001', 1)]}], 'Asks': [{'price': 11000, 'orders': [(b'SUBBS000000002', 1)]}]}}
{'timestamp': 78123373344000, 'order': 'X: SUBBB000000001:0', 'book': {'Bids': [], 'Asks': [{'price': 11000, 'orders': [(b'SUBBS000000002', 1)]}]}}
{'timestamp': 78123374224000, 'order': 'X: SUBBS000000002:0', 'book': {'Bids': [], 'Asks': []}}
{'timestamp': 78125299302000, 'order': 'O: SUBBB000000003:B1xLPS     @9000', 'book': {'Bids': [{'price': 9000, 'orders': [(b'SUBBB000000003', 1)]}], 'Asks': []}}
{'timestamp': 78125299752000, 'order': 'O: SUBBS000000004:S1xLPS     @11000', 'book': {'Bids': [{'price': 9000, 'orders': [(b'SUBBB000000003', 1)]}], 'Asks': [{'price': 11000, 'orders': [(b'SUBBS000000004', 1)]}]}}
{'timestamp': 78127517181000, 'order': 'O: SUBAB000000001:B1xLPS     @9000', 'book': {'Bids': [{'price': 9000, 'orders': [(b'SUBBB000000003', 1), (b'SUBAB000000001', 1)]}], 'Asks': [{'price': 11000, 'orders': [(b'SUBBS000000004', 1)]}]}}
{'timestamp': 78127517774000, 'order': 'O: SUBAS000000002:S1xLPS     @11000', 'book': {'Bids': [{'price': 9000, 'orders': [(b'SUBBB000000003', 1), (b'SUBAB000000001', 1)]}], 'Asks': [{'price': 11000, 'orders': [(b'SUBBS000000004', 1), (b'SUBAS000000002', 1)]}]}}
{'timestamp': 78127785858000, 'order': 'O: SUB@S000000001:S1xLPS     @0', 'book': {'Bids': [{'price': 9000, 'orders': [(b'SUBAB000000001', 1)]}], 'Asks': [{'price': 11000, 'orders': [(b'SUBBS000000004', 1), (b'SUBAS000000002', 1)]}]}}
{'timestamp': 78127925929000, 'order': 'O: SUBBB000000005:B1xLPS     @9000', 'book': {'Bids': [{'price': 9000, 'orders': [(b'SUBAB000000001', 1), (b'SUBBB000000005', 1)]}], 'Asks': [{'price': 11000, 'orders': [(b'SUBBS000000004', 1), (b'SUBAS000000002', 1)]}]}}
{'timestamp': 78128462502000, 'order': 'X: SUBAB000000001:0', 'book': {'Bids': [{'price': 9000, 'orders': [(b'SUBBB000000005', 1)]}], 'Asks': [{'price': 11000, 'orders': [(b'SUBBS000000004', 1), (b'SUBAS000000002', 1)]}]}}
{'timestamp': 78128463078000, 'order': 'X: SUBAS000000002:0', 'book': {'Bids': [{'price': 9000, 'orders': [(b'SUBBB000000005', 1)]}], 'Asks': [{'price': 11000, 'orders': [(b'SUBBS000000004', 1)]}]}}
{'timestamp': 78128901330000, 'order': 'X: SUBAB000000001:0', 'book': {'Bids': [{'price': 9000, 'orders': [(b'SUBBB000000005', 1)]}], 'Asks': [{'price': 11000, 'orders': [(b'SUBBS000000004', 1)]}]}}
{'timestamp': 78128901728000, 'order': 'X: SUBAS000000002:0', 'book': {'Bids': [{'price': 9000, 'orders': [(b'SUBBB000000005', 1)]}], 'Asks': [{'price': 11000, 'orders': [(b'SUBBS000000004', 1)]}]}}
{'timestamp': 78167028519000, 'order': 'H: 8614691729195413552:S', 'book': {'Bids': [], 'Asks': []}}
{'timestamp': 78168905827000, 'order': 'O: SUBBB000000001:B1xLPS     @9000', 'book': {'Bids': [{'price': 9000, 'orders': [(b'SUBBB000000001', 1)]}], 'Asks': []}}
{'timestamp': 78168906418000, 'order': 'O: SUBBS000000002:S1xLPS     @11000', 'book': {'Bids': [{'price': 9000, 'orders': [(b'SUBBB000000001', 1)]}], 'Asks': [{'price': 11000, 'orders': [(b'SUBBS000000002', 1)]}]}}
{'timestamp': 78169923465000, 'order': 'X: SUBBB000000001:0', 'book': {'Bids': [], 'Asks': [{'price': 11000, 'orders': [(b'SUBBS000000002', 1)]}]}}
{'timestamp': 78169923900000, 'order': 'X: SUBBS000000002:0', 'book': {'Bids': [], 'Asks': []}}
{'timestamp': 78171481962000, 'order': 'O: SUBBB000000003:B1xLPS     @9000', 'book': {'Bids': [{'price': 9000, 'orders': [(b'SUBBB000000003', 1)]}], 'Asks': []}}
{'timestamp': 78171482592000, 'order': 'O: SUBBS000000004:S1xLPS     @11000', 'book': {'Bids': [{'price': 9000, 'orders': [(b'SUBBB000000003', 1)]}], 'Asks': [{'price': 11000, 'orders': [(b'SUBBS000000004', 1)]}]}}
{'timestamp': 78172844161000, 'order': 'U: SUBBS000000004->SUBBS000000005:1@16000', 'book': {'Bids': [{'price': 9000, 'orders': [(b'SUBBB000000003', 1)]}], 'Asks': [{'price': 16000, 'orders': [(b'SUBBS000000005', 1)]}]}}
{'timestamp': 78172844824000, 'order': 'U: SUBBB000000003->SUBBB000000006:1@14000', 'book': {'Bids': [{'price': 14000, 'orders': [(b'SUBBB000000006', 1)]}], 'Asks': [{'price': 16000, 'orders': [(b'SUBBS000000005', 1)]}]}}
{'timestamp': 78174744917000, 'order': 'O: SUBAB000000001:B1xLPS     @14000', 'book': {'Bids': [{'price': 14000, 'orders': [(b'SUBBB000000006', 1), (b'SUBAB000000001', 1)]}], 'Asks': [{'price': 16000, 'orders': [(b'SUBBS000000005', 1)]}]}}
{'timestamp': 78174745422000, 'order': 'O: SUBAS000000002:S1xLPS     @16000', 'book': {'Bids': [{'price': 14000, 'orders': [(b'SUBBB000000006', 1), (b'SUBAB000000001', 1)]}], 'Asks': [{'price': 16000, 'orders': [(b'SUBBS000000005', 1), (b'SUBAS000000002', 1)]}]}}
{'timestamp': 78177711325000, 'order': 'O: SUB@S000000001:S1xLPS     @0', 'book': {'Bids': [{'price': 14000, 'orders': [(b'SUBAB000000001', 1)]}], 'Asks': [{'price': 16000, 'orders': [(b'SUBBS000000005', 1), (b'SUBAS000000002', 1)]}]}}
{'timestamp': 78178234312000, 'order': 'O: SUBBB000000007:B1xLPS     @14000', 'book': {'Bids': [{'price': 14000, 'orders': [(b'SUBAB000000001', 1), (b'SUBBB000000007', 1)]}], 'Asks': [{'price': 16000, 'orders': [(b'SUBBS000000005', 1), (b'SUBAS000000002', 1)]}]}}
{'timestamp': 78182852828000, 'order': 'U: SUBAS000000002->SUBAS000000003:1@19000', 'book': {'Bids': [{'price': 14000, 'orders': [(b'SUBAB000000001', 1), (b'SUBBB000000007', 1)]}], 'Asks': [{'price': 16000, 'orders': [(b'SUBBS000000005', 1)]}, {'price': 19000, 'orders': [(b'SUBAS000000003', 1)]}]}}
{'timestamp': 78182853459000, 'order': 'U: SUBAB000000001->SUBAB000000004:1@17000', 'book': {'Bids': [{'price': 14000, 'orders': [(b'SUBBB000000007', 1)]}], 'Asks': [{'price': 19000, 'orders': [(b'SUBAS000000003', 1)]}]}}
{'timestamp': 78183523335000, 'order': 'O: SUBAB000000005:B1xLPS     @17000', 'book': {'Bids': [{'price': 17000, 'orders': [(b'SUBAB000000005', 1)]}, {'price': 14000, 'orders': [(b'SUBBB000000007', 1)]}], 'Asks': [{'price': 19000, 'orders': [(b'SUBAS000000003', 1)]}]}}
{'timestamp': 78183523906000, 'order': 'U: SUBBS000000005->SUBBS000000008:1@19000', 'book': {'Bids': [{'price': 17000, 'orders': [(b'SUBAB000000005', 1)]}, {'price': 14000, 'orders': [(b'SUBBB000000007', 1)]}], 'Asks': [{'price': 19000, 'orders': [(b'SUBAS000000003', 1)]}]}}
{'timestamp': 78183524242000, 'order': 'U: SUBBB000000007->SUBBB000000009:1@17000', 'book': {'Bids': [{'price': 17000, 'orders': [(b'SUBAB000000005', 1), (b'SUBBB000000009', 1)]}], 'Asks': [{'price': 19000, 'orders': [(b'SUBAS000000003', 1)]}]}}
{'timestamp': 78183525169000, 'order': 'O: SUBBS000000010:S1xLPS     @19000', 'book': {'Bids': [{'price': 17000, 'orders': [(b'SUBAB000000005', 1), (b'SUBBB000000009', 1)]}], 'Asks': [{'price': 19000, 'orders': [(b'SUBAS000000003', 1), (b'SUBBS000000010', 1)]}]}}
{'timestamp': 78187711578000, 'order': 'O: SUB@B000000002:B1xLPS     @214748', 'book': {'Bids': [{'price': 17000, 'orders': [(b'SUBAB000000005', 1), (b'SUBBB000000009', 1)]}], 'Asks': [{'price': 19000, 'orders': [(b'SUBBS000000010', 1)]}]}}
{'timestamp': 78187839357000, 'order': 'O: SUBAS000000006:S1xLPS     @19000', 'book': {'Bids': [{'price': 17000, 'orders': [(b'SUBAB000000005', 1), (b'SUBBB000000009', 1)]}], 'Asks': [{'price': 19000, 'orders': [(b'SUBBS000000010', 1), (b'SUBAS000000006', 1)]}]}}
{'timestamp': 78192857505000, 'order': 'U: SUBAS000000006->SUBAS000000007:1@22000', 'book': {'Bids': [{'price': 17000, 'orders': [(b'SUBAB000000005', 1), (b'SUBBB000000009', 1)]}], 'Asks': [{'price': 19000, 'orders': [(b'SUBBS000000010', 1)]}, {'price': 22000, 'orders': [(b'SUBAS000000007', 1)]}]}}
{'timestamp': 78192858283000, 'order': 'U: SUBAB000000005->SUBAB000000008:1@20000', 'book': {'Bids': [{'price': 17000, 'orders': [(b'SUBBB000000009', 1)]}], 'Asks': [{'price': 22000, 'orders': [(b'SUBAS000000007', 1)]}]}}
{'timestamp': 78193522515000, 'order': 'O: SUBAB000000009:B1xLPS     @20000', 'book': {'Bids': [{'price': 20000, 'orders': [(b'SUBAB000000009', 1)]}, {'price': 17000, 'orders': [(b'SUBBB000000009', 1)]}], 'Asks': [{'price': 22000, 'orders': [(b'SUBAS000000007', 1)]}]}}
{'timestamp': 78193523050000, 'order': 'U: SUBBS000000010->SUBBS000000011:1@22000', 'book': {'Bids': [{'price': 20000, 'orders': [(b'SUBAB000000009', 1)]}, {'price': 17000, 'orders': [(b'SUBBB000000009', 1)]}], 'Asks': [{'price': 22000, 'orders': [(b'SUBAS000000007', 1)]}]}}
{'timestamp': 78193523364000, 'order': 'U: SUBBB000000009->SUBBB000000012:1@20000', 'book': {'Bids': [{'price': 20000, 'orders': [(b'SUBAB000000009', 1), (b'SUBBB000000012', 1)]}], 'Asks': [{'price': 22000, 'orders': [(b'SUBAS000000007', 1)]}]}}
{'timestamp': 78193523886000, 'order': 'O: SUBBS000000013:S1xLPS     @22000', 'book': {'Bids': [{'price': 20000, 'orders': [(b'SUBAB000000009', 1), (b'SUBBB000000012', 1)]}], 'Asks': [{'price': 22000, 'orders': [(b'SUBAS000000007', 1), (b'SUBBS000000013', 1)]}]}}
{'timestamp': 78197709445000, 'order': 'O: SUB@S000000003:S1xLPS     @0', 'book': {'Bids': [{'price': 20000, 'orders': [(b'SUBBB000000012', 1)]}], 'Asks': [{'price': 22000, 'orders': [(b'SUBAS000000007', 1), (b'SUBBS000000013', 1)]}]}}
{'timestamp': 78197833663000, 'order': 'O: SUBAB000000010:B1xLPS     @20000', 'book': {'Bids': [{'price': 20000, 'orders': [(b'SUBBB000000012', 1), (b'SUBAB000000010', 1)]}], 'Asks': [{'price': 22000, 'orders': [(b'SUBAS000000007', 1), (b'SUBBS000000013', 1)]}]}}
{'timestamp': 78202866910000, 'order': 'U: SUBAB000000010->SUBAB000000011:1@15000', 'book': {'Bids': [{'price': 20000, 'orders': [(b'SUBBB000000012', 1)]}, {'price': 15000, 'orders': [(b'SUBAB000000011', 1)]}], 'Asks': [{'price': 22000, 'orders': [(b'SUBAS000000007', 1), (b'SUBBS000000013', 1)]}]}}
{'timestamp': 78202867651000, 'order': 'U: SUBAS000000007->SUBAS000000012:1@17000', 'book': {'Bids': [{'price': 15000, 'orders': [(b'SUBAB000000011', 1)]}], 'Asks': [{'price': 22000, 'orders': [(b'SUBBS000000013', 1)]}]}}
{'timestamp': 78203542934000, 'order': 'O: SUBAS000000013:S1xLPS     @17000', 'book': {'Bids': [{'price': 15000, 'orders': [(b'SUBAB000000011', 1)]}], 'Asks': [{'price': 17000, 'orders': [(b'SUBAS000000013', 1)]}, {'price': 22000, 'orders': [(b'SUBBS000000013', 1)]}]}}
{'timestamp': 78203543499000, 'order': 'U: SUBBB000000012->SUBBB000000014:1@15000', 'book': {'Bids': [{'price': 15000, 'orders': [(b'SUBAB000000011', 1)]}], 'Asks': [{'price': 17000, 'orders': [(b'SUBAS000000013', 1)]}, {'price': 22000, 'orders': [(b'SUBBS000000013', 1)]}]}}
{'timestamp': 78203543848000, 'order': 'U: SUBBS000000013->SUBBS000000015:1@17000', 'book': {'Bids': [{'price': 15000, 'orders': [(b'SUBAB000000011', 1)]}], 'Asks': [{'price': 17000, 'orders': [(b'SUBAS000000013', 1), (b'SUBBS000000015', 1)]}]}}
{'timestamp': 78203544391000, 'order': 'O: SUBBB000000016:B1xLPS     @15000', 'book': {'Bids': [{'price': 15000, 'orders': [(b'SUBAB000000011', 1), (b'SUBBB000000016', 1)]}], 'Asks': [{'price': 17000, 'orders': [(b'SUBAS000000013', 1), (b'SUBBS000000015', 1)]}]}}
{'timestamp': 78207727823000, 'order': 'O: SUB@B000000004:B1xLPS     @214748', 'book': {'Bids': [{'price': 15000, 'orders': [(b'SUBAB000000011', 1), (b'SUBBB000000016', 1)]}], 'Asks': [{'price': 17000, 'orders': [(b'SUBBS000000015', 1)]}]}}
{'timestamp': 78207853967000, 'order': 'O: SUBAS000000014:S1xLPS     @17000', 'book': {'Bids': [{'price': 15000, 'orders': [(b'SUBAB000000011', 1), (b'SUBBB000000016', 1)]}], 'Asks': [{'price': 17000, 'orders': [(b'SUBBS000000015', 1), (b'SUBAS000000014', 1)]}]}}
{'timestamp': 78212864468000, 'order': 'U: SUBAS000000014->SUBAS000000015:1@23000', 'book': {'Bids': [{'price': 15000, 'orders': [(b'SUBAB000000011', 1), (b'SUBBB000000016', 1)]}], 'Asks': [{'price': 17000, 'orders': [(b'SUBBS000000015', 1)]}, {'price': 23000, 'orders': [(b'SUBAS000000015', 1)]}]}}
{'timestamp': 78212865285000, 'order': 'U: SUBAB000000011->SUBAB000000016:1@21000', 'book': {'Bids': [{'price': 15000, 'orders': [(b'SUBBB000000016', 1)]}], 'Asks': [{'price': 23000, 'orders': [(b'SUBAS000000015', 1)]}]}}
{'timestamp': 78213535993000, 'order': 'O: SUBAB000000017:B1xLPS     @21000', 'book': {'Bids': [{'price': 21000, 'orders': [(b'SUBAB000000017', 1)]}, {'price': 15000, 'orders': [(b'SUBBB000000016', 1)]}], 'Asks': [{'price': 23000, 'orders': [(b'SUBAS000000015', 1)]}]}}
{'timestamp': 78213536562000, 'order': 'U: SUBBS000000015->SUBBS000000017:1@23000', 'book': {'Bids': [{'price': 21000, 'orders': [(b'SUBAB000000017', 1)]}, {'price': 15000, 'orders': [(b'SUBBB000000016', 1)]}], 'Asks': [{'price': 23000, 'orders': [(b'SUBAS000000015', 1)]}]}}
{'timestamp': 78213536890000, 'order': 'U: SUBBB000000016->SUBBB000000018:1@21000', 'book': {'Bids': [{'price': 21000, 'orders': [(b'SUBAB000000017', 1), (b'SUBBB000000018', 1)]}], 'Asks': [{'price': 23000, 'orders': [(b'SUBAS000000015', 1)]}]}}
{'timestamp': 78213537500000, 'order': 'O: SUBBS000000019:S1xLPS     @23000', 'book': {'Bids': [{'price': 21000, 'orders': [(b'SUBAB000000017', 1), (b'SUBBB000000018', 1)]}], 'Asks': [{'price': 23000, 'orders': [(b'SUBAS000000015', 1), (b'SUBBS000000019', 1)]}]}}
{'timestamp': 78904376125000, 'order': 'H: 11781563140229050416:S', 'book': {'Bids': [], 'Asks': []}}
{'timestamp': 78906230473000, 'order': 'O: SUBBB000000001:B1xLPS     @9000', 'book': {'Bids': [{'price': 9000, 'orders': [(b'SUBBB000000001', 1)]}], 'Asks': []}}
{'timestamp': 78906231117000, 'order': 'O: SUBBS000000002:S1xLPS     @11000', 'book': {'Bids': [{'price': 9000, 'orders': [(b'SUBBB000000001', 1)]}], 'Asks': [{'price': 11000, 'orders': [(b'SUBBS000000002', 1)]}]}}
{'timestamp': 78907014952000, 'order': 'X: SUBBB000000001:0', 'book': {'Bids': [], 'Asks': [{'price': 11000, 'orders': [(b'SUBBS000000002', 1)]}]}}
{'timestamp': 78907015559000, 'order': 'X: SUBBS000000002:0', 'book': {'Bids': [], 'Asks': []}}
{'timestamp': 78910603536000, 'order': 'O: SUBBB000000003:B1xLPS     @15000', 'book': {'Bids': [], 'Asks': []}}
{'timestamp': 78911692749000, 'order': 'O: SUBBB000000004:B1xLPS     @14000', 'book': {'Bids': [{'price': 14000, 'orders': [(b'SUBBB000000004', 1)]}], 'Asks': []}}
{'timestamp': 78911693388000, 'order': 'O: SUBBS000000005:S1xLPS     @16000', 'book': {'Bids': [{'price': 14000, 'orders': [(b'SUBBB000000004', 1)]}], 'Asks': [{'price': 16000, 'orders': [(b'SUBBS000000005', 1)]}]}}
{'timestamp': 78915084743000, 'order': 'O: SUB@S000000001:S1xLPS     @0', 'book': {'Bids': [], 'Asks': [{'price': 16000, 'orders': [(b'SUBBS000000005', 1)]}]}}
{'timestamp': 78915610080000, 'order': 'O: SUBBB000000006:B1xLPS     @14000', 'book': {'Bids': [{'price': 14000, 'orders': [(b'SUBBB000000006', 1)]}], 'Asks': [{'price': 16000, 'orders': [(b'SUBBS000000005', 1)]}]}}
{'timestamp': 78920238629000, 'order': 'O: SUBAB000000001:B1xLPS     @18000', 'book': {'Bids': [{'price': 14000, 'orders': [(b'SUBBB000000006', 1)]}], 'Asks': []}}
{'timestamp': 78920779389000, 'order': 'U: SUBBS000000005->SUBBS000000007:1@19000', 'book': {'Bids': [{'price': 14000, 'orders': [(b'SUBBB000000006', 1)]}], 'Asks': []}}
{'timestamp': 78920779790000, 'order': 'U: SUBBB000000003->SUBBB000000008:1@17000', 'book': {'Bids': [{'price': 14000, 'orders': [(b'SUBBB000000006', 1)]}], 'Asks': []}}
{'timestamp': 78920780090000, 'order': 'U: SUBBB000000006->SUBBB000000009:1@17000', 'book': {'Bids': [{'price': 17000, 'orders': [(b'SUBBB000000009', 1)]}], 'Asks': []}}
{'timestamp': 78920780695000, 'order': 'O: SUBBS000000010:S1xLPS     @19000', 'book': {'Bids': [{'price': 17000, 'orders': [(b'SUBBB000000009', 1)]}], 'Asks': [{'price': 19000, 'orders': [(b'SUBBS000000010', 1)]}]}}
{'timestamp': 78925096932000, 'order': 'O: SUB@B000000002:B1xLPS     @214748', 'book': {'Bids': [{'price': 17000, 'orders': [(b'SUBBB000000009', 1)]}], 'Asks': []}}
{'timestamp': 78925617762000, 'order': 'O: SUBBS000000011:S1xLPS     @19000', 'book': {'Bids': [{'price': 17000, 'orders': [(b'SUBBB000000009', 1)]}], 'Asks': [{'price': 19000, 'orders': [(b'SUBBS000000011', 1)]}]}}
{'timestamp': 78930235846000, 'order': 'O: SUBAB000000002:B1xLPS     @21000', 'book': {'Bids': [{'price': 17000, 'orders': [(b'SUBBB000000009', 1)]}], 'Asks': []}}
{'timestamp': 79079931617000, 'order': 'H: 12535556893993611312:S', 'book': {'Bids': [], 'Asks': []}}
{'timestamp': 79090703908000, 'order': 'O: SUB@S000000001:S1xLPS     @0', 'book': {'Bids': [], 'Asks': []}}
{'timestamp': 79125037626000, 'order': 'H: 12729313606134411312:S', 'book': {'Bids': [], 'Asks': []}}
{'timestamp': 79127230781000, 'order': 'O: SUBBB000000001:B1xLPS     @9000', 'book': {'Bids': [{'price': 9000, 'orders': [(b'SUBBB000000001', 1)]}], 'Asks': []}}
{'timestamp': 79127231234000, 'order': 'O: SUBBS000000002:S1xLPS     @11000', 'book': {'Bids': [{'price': 9000, 'orders': [(b'SUBBB000000001', 1)]}], 'Asks': [{'price': 11000, 'orders': [(b'SUBBS000000002', 1)]}]}}
{'timestamp': 79130734600000, 'order': 'X: SUBBB000000001:0', 'book': {'Bids': [], 'Asks': [{'price': 11000, 'orders': [(b'SUBBS000000002', 1)]}]}}
{'timestamp': 79130734999000, 'order': 'X: SUBBS000000002:0', 'book': {'Bids': [], 'Asks': []}}
{'timestamp': 79131262621000, 'order': 'X: SUBBB000000001:0', 'book': {'Bids': [], 'Asks': []}}
{'timestamp': 79131262993000, 'order': 'X: SUBBS000000002:0', 'book': {'Bids': [], 'Asks': []}}
{'timestamp': 79131285904000, 'order': 'U: SUBBS000000002->SUBBS000000003:1@16000', 'book': {'Bids': [], 'Asks': []}}
{'timestamp': 79131286351000, 'order': 'U: SUBBB000000001->SUBBB000000004:1@14000', 'book': {'Bids': [], 'Asks': []}}
{'timestamp': 79131801767000, 'order': 'O: SUBBB000000005:B1xLPS     @14000', 'book': {'Bids': [{'price': 14000, 'orders': [(b'SUBBB000000005', 1)]}], 'Asks': []}}
{'timestamp': 79131802219000, 'order': 'O: SUBBS000000006:S1xLPS     @16000', 'book': {'Bids': [{'price': 14000, 'orders': [(b'SUBBB000000005', 1)]}], 'Asks': [{'price': 16000, 'orders': [(b'SUBBS000000006', 1)]}]}}
{'timestamp': 79135727584000, 'order': 'O: SUB@S000000001:S1xLPS     @0', 'book': {'Bids': [], 'Asks': [{'price': 16000, 'orders': [(b'SUBBS000000006', 1)]}]}}
{'timestamp': 79136250735000, 'order': 'O: SUBBB000000007:B1xLPS     @14000', 'book': {'Bids': [{'price': 14000, 'orders': [(b'SUBBB000000007', 1)]}], 'Asks': [{'price': 16000, 'orders': [(b'SUBBS000000006', 1)]}]}}
{'timestamp': 81314044636000, 'order': 'H: 3684281066814713904:S', 'book': {'Bids': [], 'Asks': []}}
{'timestamp': 81315865529000, 'order': 'O: SUBBB000000001:B1xLPS     @9000', 'book': {'Bids': [{'price': 9000, 'orders': [(b'SUBBB000000001', 1)]}], 'Asks': []}}
{'timestamp': 81315866455000, 'order': 'O: SUBBS000000002:S1xLPS     @11000', 'book': {'Bids': [{'price': 9000, 'orders': [(b'SUBBB000000001', 1)]}], 'Asks': [{'price': 11000, 'orders': [(b'SUBBS000000002', 1)]}]}}
{'timestamp': 81316694117000, 'order': 'X: SUBBB000000001:0', 'book': {'Bids': [], 'Asks': [{'price': 11000, 'orders': [(b'SUBBS000000002', 1)]}]}}
{'timestamp': 81316694600000, 'order': 'X: SUBBS000000002:0', 'book': {'Bids': [], 'Asks': []}}
{'timestamp': 81318043220000, 'order': 'O: SUBBB000000003:B1xLPS     @9000', 'book': {'Bids': [{'price': 9000, 'orders': [(b'SUBBB000000003', 1)]}], 'Asks': []}}
{'timestamp': 81318043672000, 'order': 'O: SUBBS000000004:S1xLPS     @11000', 'book': {'Bids': [{'price': 9000, 'orders': [(b'SUBBB000000003', 1)]}], 'Asks': [{'price': 11000, 'orders': [(b'SUBBS000000004', 1)]}]}}
{'timestamp': 81318603771000, 'order': 'X: SUBBB000000003:0', 'book': {'Bids': [], 'Asks': [{'price': 11000, 'orders': [(b'SUBBS000000004', 1)]}]}}
{'timestamp': 81318604241000, 'order': 'X: SUBBS000000004:0', 'book': {'Bids': [], 'Asks': []}}
{'timestamp': 81320253671000, 'order': 'O: SUBBB000000005:B1xLPS     @15000', 'book': {'Bids': [], 'Asks': []}}
{'timestamp': 81321649580000, 'order': 'O: SUBBB000000006:B1xLPS     @14000', 'book': {'Bids': [{'price': 14000, 'orders': [(b'SUBBB000000006', 1)]}], 'Asks': []}}
{'timestamp': 81321650088000, 'order': 'O: SUBBS000000007:S1xLPS     @16000', 'book': {'Bids': [{'price': 14000, 'orders': [(b'SUBBB000000006', 1)]}], 'Asks': [{'price': 16000, 'orders': [(b'SUBBS000000007', 1)]}]}}
{'timestamp': 81324742643000, 'order': 'O: SUB@S000000001:S1xLPS     @0', 'book': {'Bids': [], 'Asks': [{'price': 16000, 'orders': [(b'SUBBS000000007', 1)]}]}}
{'timestamp': 81325265351000, 'order': 'O: SUBBB000000008:B1xLPS     @14000', 'book': {'Bids': [{'price': 14000, 'orders': [(b'SUBBB000000008', 1)]}], 'Asks': [{'price': 16000, 'orders': [(b'SUBBS000000007', 1)]}]}}
{'timestamp': 81329874357000, 'order': 'O: SUBAB000000001:B1xLPS     @18000', 'book': {'Bids': [{'price': 14000, 'orders': [(b'SUBBB000000008', 1)]}], 'Asks': []}}
{'timestamp': 81330415082000, 'order': 'U: SUBBS000000007->SUBBS000000009:1@19000', 'book': {'Bids': [{'price': 14000, 'orders': [(b'SUBBB000000008', 1)]}], 'Asks': []}}
{'timestamp': 81330415530000, 'order': 'U: SUBBB000000005->SUBBB000000010:1@17000', 'book': {'Bids': [{'price': 14000, 'orders': [(b'SUBBB000000008', 1)]}], 'Asks': []}}
{'timestamp': 81330415829000, 'order': 'U: SUBBB000000008->SUBBB000000011:1@17000', 'book': {'Bids': [{'price': 17000, 'orders': [(b'SUBBB000000011', 1)]}], 'Asks': []}}
{'timestamp': 81330416379000, 'order': 'O: SUBBS000000012:S1xLPS     @19000', 'book': {'Bids': [{'price': 17000, 'orders': [(b'SUBBB000000011', 1)]}], 'Asks': [{'price': 19000, 'orders': [(b'SUBBS000000012', 1)]}]}}
{'timestamp': 81334737733000, 'order': 'O: SUB@B000000002:B1xLPS     @214748', 'book': {'Bids': [{'price': 17000, 'orders': [(b'SUBBB000000011', 1)]}], 'Asks': []}}
{'timestamp': 81335260970000, 'order': 'O: SUBBS000000013:S1xLPS     @19000', 'book': {'Bids': [{'price': 17000, 'orders': [(b'SUBBB000000011', 1)]}], 'Asks': [{'price': 19000, 'orders': [(b'SUBBS000000013', 1)]}]}}
{'timestamp': 81339877727000, 'order': 'O: SUBAB000000002:B1xLPS     @21000', 'book': {'Bids': [{'price': 17000, 'orders': [(b'SUBBB000000011', 1)]}], 'Asks': []}}
{'timestamp': 81340419686000, 'order': 'U: SUBBS000000013->SUBBS000000014:1@22000', 'book': {'Bids': [{'price': 17000, 'orders': [(b'SUBBB000000011', 1)]}], 'Asks': []}}
{'timestamp': 81340420148000, 'order': 'U: SUBBB000000011->SUBBB000000015:1@20000', 'book': {'Bids': [{'price': 20000, 'orders': [(b'SUBBB000000015', 1)]}], 'Asks': []}}
{'timestamp': 81340420829000, 'order': 'U: SUBBB000000005->SUBBB000000016:1@20000', 'book': {'Bids': [{'price': 20000, 'orders': [(b'SUBBB000000015', 1)]}], 'Asks': []}}
{'timestamp': 81340421191000, 'order': 'O: SUBBS000000017:S1xLPS     @22000', 'book': {'Bids': [{'price': 20000, 'orders': [(b'SUBBB000000015', 1)]}], 'Asks': [{'price': 22000, 'orders': [(b'SUBBS000000017', 1)]}]}}
{'timestamp': 81344736562000, 'order': 'O: SUB@S000000003:S1xLPS     @0', 'book': {'Bids': [], 'Asks': [{'price': 22000, 'orders': [(b'SUBBS000000017', 1)]}]}}
{'timestamp': 81345262355000, 'order': 'O: SUBBB000000018:B1xLPS     @20000', 'book': {'Bids': [{'price': 20000, 'orders': [(b'SUBBB000000018', 1)]}], 'Asks': [{'price': 22000, 'orders': [(b'SUBBS000000017', 1)]}]}}
{'timestamp': 81349890120000, 'order': 'O: SUBAS000000003:S1xLPS     @16000', 'book': {'Bids': [], 'Asks': [{'price': 22000, 'orders': [(b'SUBBS000000017', 1)]}]}}
{'timestamp': 81350431770000, 'order': 'U: SUBBB000000005->SUBBB000000019:1@15000', 'book': {'Bids': [], 'Asks': [{'price': 22000, 'orders': [(b'SUBBS000000017', 1)]}]}}
{'timestamp': 81350432216000, 'order': 'U: SUBBB000000018->SUBBB000000020:1@15000', 'book': {'Bids': [], 'Asks': [{'price': 22000, 'orders': [(b'SUBBS000000017', 1)]}]}}
{'timestamp': 81350432530000, 'order': 'U: SUBBS000000017->SUBBS000000021:1@17000', 'book': {'Bids': [], 'Asks': [{'price': 17000, 'orders': [(b'SUBBS000000021', 1)]}]}}
{'timestamp': 81350433106000, 'order': 'O: SUBBB000000022:B1xLPS     @15000', 'book': {'Bids': [{'price': 15000, 'orders': [(b'SUBBB000000022', 1)]}], 'Asks': [{'price': 17000, 'orders': [(b'SUBBS000000021', 1)]}]}}
{'timestamp': 81354747332000, 'order': 'O: SUB@B000000004:B1xLPS     @214748', 'book': {'Bids': [{'price': 15000, 'orders': [(b'SUBBB000000022', 1)]}], 'Asks': []}}
{'timestamp': 81355274188000, 'order': 'O: SUBBS000000023:S1xLPS     @17000', 'book': {'Bids': [{'price': 15000, 'orders': [(b'SUBBB000000022', 1)]}], 'Asks': [{'price': 17000, 'orders': [(b'SUBBS000000023', 1)]}]}}
{'timestamp': 81359876857000, 'order': 'O: SUBAB000000004:B1xLPS     @22000', 'book': {'Bids': [{'price': 15000, 'orders': [(b'SUBBB000000022', 1)]}], 'Asks': []}}
{'timestamp': 81360419103000, 'order': 'U: SUBBS000000023->SUBBS000000024:1@23000', 'book': {'Bids': [{'price': 15000, 'orders': [(b'SUBBB000000022', 1)]}], 'Asks': []}}
{'timestamp': 81360420753000, 'order': 'U: SUBBB000000005->SUBBB000000025:1@21000', 'book': {'Bids': [{'price': 15000, 'orders': [(b'SUBBB000000022', 1)]}], 'Asks': []}}
{'timestamp': 81360421067000, 'order': 'U: SUBBB000000022->SUBBB000000026:1@21000', 'book': {'Bids': [{'price': 21000, 'orders': [(b'SUBBB000000026', 1)]}], 'Asks': []}}
{'timestamp': 81360421606000, 'order': 'O: SUBBS000000027:S1xLPS     @23000', 'book': {'Bids': [{'price': 21000, 'orders': [(b'SUBBB000000026', 1)]}], 'Asks': [{'price': 23000, 'orders': [(b'SUBBS000000027', 1)]}]}}
{'timestamp': 81364742682000, 'order': 'O: SUB@S000000005:S1xLPS     @0', 'book': {'Bids': [], 'Asks': [{'price': 23000, 'orders': [(b'SUBBS000000027', 1)]}]}}
{'timestamp': 81365268054000, 'order': 'O: SUBBB000000028:B1xLPS     @21000', 'book': {'Bids': [{'price': 21000, 'orders': [(b'SUBBB000000028', 1)]}], 'Asks': [{'price': 23000, 'orders': [(b'SUBBS000000027', 1)]}]}}
{'timestamp': 81369887179000, 'order': 'O: SUBAS000000005:S1xLPS     @17000', 'book': {'Bids': [], 'Asks': [{'price': 23000, 'orders': [(b'SUBBS000000027', 1)]}]}}
{'timestamp': 81370426923000, 'order': 'U: SUBBB000000005->SUBBB000000029:1@16000', 'book': {'Bids': [], 'Asks': [{'price': 23000, 'orders': [(b'SUBBS000000027', 1)]}]}}
{'timestamp': 81370427706000, 'order': 'U: SUBBB000000028->SUBBB000000030:1@16000', 'book': {'Bids': [], 'Asks': [{'price': 23000, 'orders': [(b'SUBBS000000027', 1)]}]}}
{'timestamp': 81370428159000, 'order': 'U: SUBBS000000027->SUBBS000000031:1@18000', 'book': {'Bids': [], 'Asks': [{'price': 18000, 'orders': [(b'SUBBS000000031', 1)]}]}}
{'timestamp': 81370428895000, 'order': 'O: SUBBB000000032:B1xLPS     @16000', 'book': {'Bids': [{'price': 16000, 'orders': [(b'SUBBB000000032', 1)]}], 'Asks': [{'price': 18000, 'orders': [(b'SUBBS000000031', 1)]}]}}
{'timestamp': 81374748705000, 'order': 'O: SUB@B000000006:B1xLPS     @214748', 'book': {'Bids': [{'price': 16000, 'orders': [(b'SUBBB000000032', 1)]}], 'Asks': []}}
{'timestamp': 81375274303000, 'order': 'O: SUBBS000000033:S1xLPS     @18000', 'book': {'Bids': [{'price': 16000, 'orders': [(b'SUBBB000000032', 1)]}], 'Asks': [{'price': 18000, 'orders': [(b'SUBBS000000033', 1)]}]}}
{'timestamp': 81616049858000, 'order': 'H: 4981359317600972848:S', 'book': {'Bids': [], 'Asks': []}}
