{'timestamp': 79310494931000, 'order': 'H: 4018696007984361520:S', 'book': {'Bids': [], 'Asks': []}}
{'timestamp': 79313139988000, 'order': 'O: INV@S000000000:S1xLPS     @2147483647', 'book': {'Bids': [], 'Asks': []}}
{'timestamp': 79320145025000, 'order': 'O: INV@S000000001:S1xLPS     @2147483647', 'book': {'Bids': [], 'Asks': []}}
{'timestamp': 79323144918000, 'order': 'O: INV@B000000002:B1xLPS     @2147483647', 'book': {'Bids': [], 'Asks': []}}
{'timestamp': 79324160279000, 'order': 'O: INV@B000000003:B1xLPS     @2147483647', 'book': {'Bids': [], 'Asks': []}}
{'timestamp': 79328158754000, 'order': 'O: INV@B000000004:B1xLPS     @2147483647', 'book': {'Bids': [], 'Asks': []}}
{'timestamp': 79331053974000, 'order': 'O: SUBAB000000001:B1xLPS     @9000', 'book': {'Bids': [{'price': 9000, 'orders': [(b'SUBAB000000001', 1)]}], 'Asks': []}}
{'timestamp': 79331054699000, 'order': 'O: SUBAS000000002:S1xLPS     @11000', 'book': {'Bids': [{'price': 9000, 'orders': [(b'SUBAB000000001', 1)]}], 'Asks': [{'price': 11000, 'orders': [(b'SUBAS000000002', 1)]}]}}
{'timestamp': 79332157963000, 'order': 'O: INV@S000000005:S1xLPS     @2147483647', 'book': {'Bids': [{'price': 9000, 'orders': [(b'SUBAB000000001', 1)]}], 'Asks': [{'price': 11000, 'orders': [(b'SUBAS000000002', 1)]}]}}
{'timestamp': 79333159775000, 'order': 'O: INV@B000000006:B1xLPS     @2147483647', 'book': {'Bids': [{'price': 9000, 'orders': [(b'SUBAB000000001', 1)]}], 'Asks': []}}
{'timestamp': 79576339403000, 'order': 'H: 5160554926672195632:S', 'book': {'Bids': [], 'Asks': []}}
{'timestamp': 79584660108000, 'order': 'O: SUBAB000000001:B1xLPS     @9000', 'book': {'Bids': [{'price': 9000, 'orders': [(b'SUBAB000000001', 1)]}], 'Asks': []}}
{'timestamp': 79584660687000, 'order': 'O: SUBAS000000002:S1xLPS     @11000', 'book': {'Bids': [{'price': 9000, 'orders': [(b'SUBAB000000001', 1)]}], 'Asks': [{'price': 11000, 'orders': [(b'SUBAS000000002', 1)]}]}}
{'timestamp': 79586880337000, 'order': 'X: SUBAB000000001:0', 'book': {'Bids': [], 'Asks': [{'price': 11000, 'orders': [(b'SUBAS000000002', 1)]}]}}
{'timestamp': 79586880875000, 'order': 'X: SUBAS000000002:0', 'book': {'Bids': [], 'Asks': []}}
{'timestamp': 79589593033000, 'order': 'O: SUBBB000000001:B1xLPS     @12000', 'book': {'Bids': [{'price': 12000, 'orders': [(b'SUBBB000000001', 1)]}], 'Asks': []}}
{'timestamp': 79589593485000, 'order': 'O: SUBBS000000002:S1xLPS     @14000', 'book': {'Bids': [{'price': 12000, 'orders': [(b'SUBBB000000001', 1)]}], 'Asks': [{'price': 14000, 'orders': [(b'SUBBS000000002', 1)]}]}}
{'timestamp': 79604978651000, 'order': 'H: 5283578054343405616:S', 'book': {'Bids': [], 'Asks': []}}
{'timestamp': 79609143389000, 'order': 'O: SUBBB000000001:B1xLPS     @9000', 'book': {'Bids': [{'price': 9000, 'orders': [(b'SUBBB000000001', 1)]}], 'Asks': []}}
{'timestamp': 79609143975000, 'order': 'O: SUBBS000000002:S1xLPS     @11000', 'book': {'Bids': [{'price': 9000, 'orders': [(b'SUBBB000000001', 1)]}], 'Asks': [{'price': 11000, 'orders': [(b'SUBBS000000002', 1)]}]}}
{'timestamp': 79616230461000, 'order': 'U: SUBBS000000002->SUBBS000000003:1@14000', 'book': {'Bids': [{'price': 9000, 'orders': [(b'SUBBB000000001', 1)]}], 'Asks': [{'price': 14000, 'orders': [(b'SUBBS000000003', 1)]}]}}
{'timestamp': 79616231153000, 'order': 'U: SUBBB000000001->SUBBB000000004:1@12000', 'book': {'Bids': [{'price': 12000, 'orders': [(b'SUBBB000000004', 1)]}], 'Asks': [{'price': 14000, 'orders': [(b'SUBBS000000003', 1)]}]}}
{'timestamp': 79616744729000, 'order': 'O: SUBAB000000001:B1xLPS     @13000', 'book': {'Bids': [{'price': 12000, 'orders': [(b'SUBBB000000004', 1)]}], 'Asks': [{'price': 14000, 'orders': [(b'SUBBS000000003', 1)]}]}}
{'timestamp': 79626251601000, 'order': 'U: SUBBS000000003->SUBBS000000005:1@16000', 'book': {'Bids': [{'price': 12000, 'orders': [(b'SUBBB000000004', 1)]}], 'Asks': [{'price': 16000, 'orders': [(b'SUBBS000000005', 1)]}]}}
{'timestamp': 79626252285000, 'order': 'U: SUBBB000000004->SUBBB000000006:1@14000', 'book': {'Bids': [{'price': 14000, 'orders': [(b'SUBBB000000006', 1)]}], 'Asks': [{'price': 16000, 'orders': [(b'SUBBS000000005', 1)]}]}}
{'timestamp': 79626752265000, 'order': 'O: SUBAB000000002:B1xLPS     @15000', 'book': {'Bids': [{'price': 14000, 'orders': [(b'SUBBB000000006', 1)]}], 'Asks': [{'price': 16000, 'orders': [(b'SUBBS000000005', 1)]}]}}
{'timestamp': 80011733178000, 'order': 'H: 7030578228447162416:S', 'book': {'Bids': [], 'Asks': []}}
{'timestamp': 80016675331000, 'order': 'O: SUBBB000000001:B1xLPS     @9000', 'book': {'Bids': [{'price': 9000, 'orders': [(b'SUBBB000000001', 1)]}], 'Asks': []}}
{'timestamp': 80016675833000, 'order': 'O: SUBBS000000002:S1xLPS     @11000', 'book': {'Bids': [{'price': 9000, 'orders': [(b'SUBBB000000001', 1)]}], 'Asks': [{'price': 11000, 'orders': [(b'SUBBS000000002', 1)]}]}}
{'timestamp': 80022900096000, 'order': 'U: SUBBS000000002->SUBBS000000003:1@14000', 'book': {'Bids': [{'price': 9000, 'orders': [(b'SUBBB000000001', 1)]}], 'Asks': [{'price': 14000, 'orders': [(b'SUBBS000000003', 1)]}]}}
{'timestamp': 80022900718000, 'order': 'U: SUBBB000000001->SUBBB000000004:1@12000', 'book': {'Bids': [{'price': 12000, 'orders': [(b'SUBBB000000004', 1)]}], 'Asks': [{'price': 14000, 'orders': [(b'SUBBS000000003', 1)]}]}}
{'timestamp': 80023399098000, 'order': 'O: SUBAB000000001:B1xLPS     @13000', 'book': {'Bids': [{'price': 12000, 'orders': [(b'SUBBB000000004', 1)]}], 'Asks': [{'price': 14000, 'orders': [(b'SUBBS000000003', 1)]}]}}
{'timestamp': 80032880761000, 'order': 'U: SUBBS000000003->SUBBS000000005:1@16000', 'book': {'Bids': [{'price': 12000, 'orders': [(b'SUBBB000000004', 1)]}], 'Asks': [{'price': 16000, 'orders': [(b'SUBBS000000005', 1)]}]}}
{'timestamp': 80032881982000, 'order': 'U: SUBBB000000004->SUBBB000000006:1@14000', 'book': {'Bids': [{'price': 14000, 'orders': [(b'SUBBB000000006', 1)]}], 'Asks': [{'price': 16000, 'orders': [(b'SUBBS000000005', 1)]}]}}
{'timestamp': 80033387266000, 'order': 'O: SUBAB000000002:B1xLPS     @15000', 'book': {'Bids': [{'price': 14000, 'orders': [(b'SUBBB000000006', 1)]}], 'Asks': [{'price': 16000, 'orders': [(b'SUBBS000000005', 1)]}]}}
{'timestamp': 82856464169000, 'order': 'H: 801844337405079600:S', 'book': {'Bids': [], 'Asks': []}}
{'timestamp': 82861411156000, 'order': 'O: SUBBB000000001:B1xLPS     @9000', 'book': {'Bids': [{'price': 9000, 'orders': [(b'SUBBB000000001', 1)]}], 'Asks': []}}
{'timestamp': 82861411902000, 'order': 'O: SUBBS000000002:S1xLPS     @11000', 'book': {'Bids': [{'price': 9000, 'orders': [(b'SUBBB000000001', 1)]}], 'Asks': [{'price': 11000, 'orders': [(b'SUBBS000000002', 1)]}]}}
{'timestamp': 82867938274000, 'order': 'U: SUBBS000000002->SUBBS000000003:1@14000', 'book': {'Bids': [{'price': 9000, 'orders': [(b'SUBBB000000001', 1)]}], 'Asks': [{'price': 14000, 'orders': [(b'SUBBS000000003', 1)]}]}}
{'timestamp': 82867938995000, 'order': 'U: SUBBB000000001->SUBBB000000004:1@12000', 'book': {'Bids': [{'price': 12000, 'orders': [(b'SUBBB000000004', 1)]}], 'Asks': [{'price': 14000, 'orders': [(b'SUBBS000000003', 1)]}]}}
{'timestamp': 82868445177000, 'order': 'O: SUBAB000000001:B1xLPS     @13000', 'book': {'Bids': [{'price': 12000, 'orders': [(b'SUBBB000000004', 1)]}], 'Asks': [{'price': 14000, 'orders': [(b'SUBBS000000003', 1)]}]}}
{'timestamp': 82877928078000, 'order': 'U: SUBBS000000003->SUBBS000000005:1@16000', 'book': {'Bids': [{'price': 12000, 'orders': [(b'SUBBB000000004', 1)]}], 'Asks': [{'price': 16000, 'orders': [(b'SUBBS000000005', 1)]}]}}
{'timestamp': 82877929022000, 'order': 'U: SUBBB000000004->SUBBB000000006:1@14000', 'book': {'Bids': [{'price': 14000, 'orders': [(b'SUBBB000000006', 1)]}], 'Asks': [{'price': 16000, 'orders': [(b'SUBBS000000005', 1)]}]}}
{'timestamp': 82878436144000, 'order': 'O: SUBAB000000002:B1xLPS     @15000', 'book': {'Bids': [{'price': 14000, 'orders': [(b'SUBBB000000006', 1)]}], 'Asks': [{'price': 16000, 'orders': [(b'SUBBS000000005', 1)]}]}}
{'timestamp': 83123105421000, 'order': 'H: 1947075746018111536:S', 'book': {'Bids': [], 'Asks': []}}
{'timestamp': 83129127100000, 'order': 'O: SUBBB000000001:B1xLPS     @9000', 'book': {'Bids': [{'price': 9000, 'orders': [(b'SUBBB000000001', 1)]}], 'Asks': []}}
{'timestamp': 83129127963000, 'order': 'O: SUBBS000000002:S1xLPS     @11000', 'book': {'Bids': [{'price': 9000, 'orders': [(b'SUBBB000000001', 1)]}], 'Asks': [{'price': 11000, 'orders': [(b'SUBBS000000002', 1)]}]}}
{'timestamp': 83134400515000, 'order': 'U: SUBBS000000002->SUBBS000000003:1@14000', 'book': {'Bids': [{'price': 9000, 'orders': [(b'SUBBB000000001', 1)]}], 'Asks': [{'price': 14000, 'orders': [(b'SUBBS000000003', 1)]}]}}
{'timestamp': 83134401285000, 'order': 'U: SUBBB000000001->SUBBB000000004:1@12000', 'book': {'Bids': [{'price': 12000, 'orders': [(b'SUBBB000000004', 1)]}], 'Asks': [{'price': 14000, 'orders': [(b'SUBBS000000003', 1)]}]}}
{'timestamp': 83134904796000, 'order': 'O: SUBAB000000001:B1xLPS     @13000', 'book': {'Bids': [{'price': 12000, 'orders': [(b'SUBBB000000004', 1)]}], 'Asks': [{'price': 14000, 'orders': [(b'SUBBS000000003', 1)]}]}}
{'timestamp': 83144393849000, 'order': 'U: SUBBS000000003->SUBBS000000005:1@16000', 'book': {'Bids': [{'price': 12000, 'orders': [(b'SUBBB000000004', 1)]}], 'Asks': [{'price': 16000, 'orders': [(b'SUBBS000000005', 1)]}]}}
{'timestamp': 83144394600000, 'order': 'U: SUBBB000000004->SUBBB000000006:1@14000', 'book': {'Bids': [{'price': 14000, 'orders': [(b'SUBBB000000006', 1)]}], 'Asks': [{'price': 16000, 'orders': [(b'SUBBS000000005', 1)]}]}}
{'timestamp': 83144909104000, 'order': 'O: SUBAB000000002:B1xLPS     @15000', 'book': {'Bids': [{'price': 14000, 'orders': [(b'SUBBB000000006', 1)]}], 'Asks': [{'price': 16000, 'orders': [(b'SUBBS000000005', 1)]}]}}
{'timestamp': 83185582650000, 'order': 'H: 2215417425702170672:S', 'book': {'Bids': [], 'Asks': []}}
{'timestamp': 83191530848000, 'order': 'O: SUBBB000000001:B1xLPS     @9000', 'book': {'Bids': [{'price': 9000, 'orders': [(b'SUBBB000000001', 1)]}], 'Asks': []}}
{'timestamp': 83191531337000, 'order': 'O: SUBBS000000002:S1xLPS     @11000', 'book': {'Bids': [{'price': 9000, 'orders': [(b'SUBBB000000001', 1)]}], 'Asks': [{'price': 11000, 'orders': [(b'SUBBS000000002', 1)]}]}}
{'timestamp': 83196870641000, 'order': 'U: SUBBS000000002->SUBBS000000003:1@14000', 'book': {'Bids': [{'price': 9000, 'orders': [(b'SUBBB000000001', 1)]}], 'Asks': [{'price': 14000, 'orders': [(b'SUBBS000000003', 1)]}]}}
{'timestamp': 83196871322000, 'order': 'U: SUBBB000000001->SUBBB000000004:1@12000', 'book': {'Bids': [{'price': 12000, 'orders': [(b'SUBBB000000004', 1)]}], 'Asks': [{'price': 14000, 'orders': [(b'SUBBS000000003', 1)]}]}}
{'timestamp': 83197375278000, 'order': 'O: SUBAB000000001:B1xLPS     @13000', 'book': {'Bids': [{'price': 12000, 'orders': [(b'SUBBB000000004', 1)]}], 'Asks': [{'price': 14000, 'orders': [(b'SUBBS000000003', 1)]}]}}
{'timestamp': 83206869664000, 'order': 'U: SUBBS000000003->SUBBS000000005:1@16000', 'book': {'Bids': [{'price': 12000, 'orders': [(b'SUBBB000000004', 1)]}], 'Asks': [{'price': 16000, 'orders': [(b'SUBBS000000005', 1)]}]}}
{'timestamp': 83206870432000, 'order': 'U: SUBBB000000004->SUBBB000000006:1@14000', 'book': {'Bids': [{'price': 14000, 'orders': [(b'SUBBB000000006', 1)]}], 'Asks': [{'price': 16000, 'orders': [(b'SUBBS000000005', 1)]}]}}
{'timestamp': 83207377541000, 'order': 'O: SUBAB000000002:B1xLPS     @15000', 'book': {'Bids': [{'price': 14000, 'orders': [(b'SUBBB000000006', 1)]}], 'Asks': [{'price': 16000, 'orders': [(b'SUBBS000000005', 1)]}]}}
{'timestamp': 83317544195000, 'order': 'H: 2782171895514017840:S', 'book': {'Bids': [], 'Asks': []}}
{'timestamp': 83323753785000, 'order': 'O: SUBBB000000001:B1xLPS     @9000', 'book': {'Bids': [{'price': 9000, 'orders': [(b'SUBBB000000001', 1)]}], 'Asks': []}}
{'timestamp': 83323754813000, 'order': 'O: SUBBS000000002:S1xLPS     @11000', 'book': {'Bids': [{'price': 9000, 'orders': [(b'SUBBB000000001', 1)]}], 'Asks': [{'price': 11000, 'orders': [(b'SUBBS000000002', 1)]}]}}
{'timestamp': 83328760774000, 'order': 'U: SUBBS000000002->SUBBS000000003:1@14000', 'book': {'Bids': [{'price': 9000, 'orders': [(b'SUBBB000000001', 1)]}], 'Asks': [{'price': 14000, 'orders': [(b'SUBBS000000003', 1)]}]}}
{'timestamp': 83328761463000, 'order': 'U: SUBBB000000001->SUBBB000000004:1@12000', 'book': {'Bids': [{'price': 12000, 'orders': [(b'SUBBB000000004', 1)]}], 'Asks': [{'price': 14000, 'orders': [(b'SUBBS000000003', 1)]}]}}
{'timestamp': 83329267474000, 'order': 'O: SUBAB000000001:B1xLPS     @13000', 'book': {'Bids': [{'price': 12000, 'orders': [(b'SUBBB000000004', 1)]}], 'Asks': [{'price': 14000, 'orders': [(b'SUBBS000000003', 1)]}]}}
{'timestamp': 83338770698000, 'order': 'U: SUBBS000000003->SUBBS000000005:1@16000', 'book': {'Bids': [{'price': 12000, 'orders': [(b'SUBBB000000004', 1)]}], 'Asks': [{'price': 16000, 'orders': [(b'SUBBS000000005', 1)]}]}}
{'timestamp': 83338771453000, 'order': 'U: SUBBB000000004->SUBBB000000006:1@14000', 'book': {'Bids': [{'price': 14000, 'orders': [(b'SUBBB000000006', 1)]}], 'Asks': [{'price': 16000, 'orders': [(b'SUBBS000000005', 1)]}]}}
{'timestamp': 83339272711000, 'order': 'O: SUBAB000000002:B1xLPS     @15000', 'book': {'Bids': [{'price': 14000, 'orders': [(b'SUBBB000000006', 1)]}], 'Asks': [{'price': 16000, 'orders': [(b'SUBBS000000005', 1)]}]}}
{'timestamp': 83348774399000, 'order': 'U: SUBBS000000005->SUBBS000000007:1@23000', 'book': {'Bids': [{'price': 14000, 'orders': [(b'SUBBB000000006', 1)]}], 'Asks': [{'price': 23000, 'orders': [(b'SUBBS000000007', 1)]}]}}
{'timestamp': 83348775156000, 'order': 'U: SUBBB000000006->SUBBB000000008:1@21000', 'book': {'Bids': [{'price': 21000, 'orders': [(b'SUBBB000000008', 1)]}], 'Asks': [{'price': 23000, 'orders': [(b'SUBBS000000007', 1)]}]}}
{'timestamp': 83349272617000, 'order': 'O: SUBAB000000003:B1xLPS     @22000', 'book': {'Bids': [{'price': 21000, 'orders': [(b'SUBBB000000008', 1)]}], 'Asks': [{'price': 23000, 'orders': [(b'SUBBS000000007', 1)]}]}}
{'timestamp': 83478468304000, 'order': 'H: 3473347556391530544:S', 'book': {'Bids': [], 'Asks': []}}
{'timestamp': 83482725154000, 'order': 'O: SUBBB000000001:B1xLPS     @9000', 'book': {'Bids': [{'price': 9000, 'orders': [(b'SUBBB000000001', 1)]}], 'Asks': []}}
{'timestamp': 83482725803000, 'order': 'O: SUBBS000000002:S1xLPS     @11000', 'book': {'Bids': [{'price': 9000, 'orders': [(b'SUBBB000000001', 1)]}], 'Asks': [{'price': 11000, 'orders': [(b'SUBBS000000002', 1)]}]}}
{'timestamp': 83489683131000, 'order': 'U: SUBBS000000002->SUBBS000000003:1@14000', 'book': {'Bids': [{'price': 9000, 'orders': [(b'SUBBB000000001', 1)]}], 'Asks': [{'price': 14000, 'orders': [(b'SUBBS000000003', 1)]}]}}
{'timestamp': 83489683767000, 'order': 'U: SUBBB000000001->SUBBB000000004:1@12000', 'book': {'Bids': [{'price': 12000, 'orders': [(b'SUBBB000000004', 1)]}], 'Asks': [{'price': 14000, 'orders': [(b'SUBBS000000003', 1)]}]}}
{'timestamp': 83490180564000, 'order': 'O: SUBAB000000001:B1xLPS     @13000', 'book': {'Bids': [{'price': 12000, 'orders': [(b'SUBBB000000004', 1)]}], 'Asks': [{'price': 14000, 'orders': [(b'SUBBS000000003', 1)]}]}}
{'timestamp': 83499675149000, 'order': 'U: SUBBS000000003->SUBBS000000005:1@16000', 'book': {'Bids': [{'price': 12000, 'orders': [(b'SUBBB000000004', 1)]}], 'Asks': [{'price': 16000, 'orders': [(b'SUBBS000000005', 1)]}]}}
{'timestamp': 83499675977000, 'order': 'U: SUBBB000000004->SUBBB000000006:1@14000', 'book': {'Bids': [{'price': 14000, 'orders': [(b'SUBBB000000006', 1)]}], 'Asks': [{'price': 16000, 'orders': [(b'SUBBS000000005', 1)]}]}}
{'timestamp': 83500175069000, 'order': 'O: SUBAB000000002:B1xLPS     @15000', 'book': {'Bids': [{'price': 14000, 'orders': [(b'SUBBB000000006', 1)]}], 'Asks': [{'price': 16000, 'orders': [(b'SUBBS000000005', 1)]}]}}
{'timestamp': 84242554827000, 'order': 'H: 6755065130199822384:S', 'book': {'Bids': [], 'Asks': []}}
{'timestamp': 84248191209000, 'order': 'O: SUBBB000000001:B1xLPS     @9000', 'book': {'Bids': [{'price': 9000, 'orders': [(b'SUBBB000000001', 1)]}], 'Asks': []}}
{'timestamp': 84248191902000, 'order': 'O: SUBBS000000002:S1xLPS     @11000', 'book': {'Bids': [{'price': 9000, 'orders': [(b'SUBBB000000001', 1)]}], 'Asks': [{'price': 11000, 'orders': [(b'SUBBS000000002', 1)]}]}}
{'timestamp': 84253794845000, 'order': 'U: SUBBS000000002->SUBBS000000003:1@14000', 'book': {'Bids': [{'price': 9000, 'orders': [(b'SUBBB000000001', 1)]}], 'Asks': [{'price': 14000, 'orders': [(b'SUBBS000000003', 1)]}]}}
{'timestamp': 84253795528000, 'order': 'U: SUBBB000000001->SUBBB000000004:1@12000', 'book': {'Bids': [{'price': 12000, 'orders': [(b'SUBBB000000004', 1)]}], 'Asks': [{'price': 14000, 'orders': [(b'SUBBS000000003', 1)]}]}}
{'timestamp': 84254298371000, 'order': 'O: SUBAB000000001:B1xLPS     @13000', 'book': {'Bids': [{'price': 12000, 'orders': [(b'SUBBB000000004', 1)]}], 'Asks': [{'price': 14000, 'orders': [(b'SUBBS000000003', 1)]}]}}
{'timestamp': 84263814024000, 'order': 'U: SUBBS000000003->SUBBS000000005:1@16000', 'book': {'Bids': [{'price': 12000, 'orders': [(b'SUBBB000000004', 1)]}], 'Asks': [{'price': 16000, 'orders': [(b'SUBBS000000005', 1)]}]}}
{'timestamp': 84263815746000, 'order': 'U: SUBBB000000004->SUBBB000000006:1@14000', 'book': {'Bids': [{'price': 14000, 'orders': [(b'SUBBB000000006', 1)]}], 'Asks': [{'price': 16000, 'orders': [(b'SUBBS000000005', 1)]}]}}
{'timestamp': 84264319166000, 'order': 'O: SUBAB000000002:B1xLPS     @15000', 'book': {'Bids': [{'price': 14000, 'orders': [(b'SUBBB000000006', 1)]}], 'Asks': [{'price': 16000, 'orders': [(b'SUBBS000000005', 1)]}]}}
