{'timestamp': 76598587410000, 'order': 'H: 9125337210108784688:S', 'book': {'Bids': [], 'Asks': []}}
{'timestamp': 76600791073000, 'order': 'O: SUBBB000000001:B1xLPS     @9000', 'book': {'Bids': [{'price': 9000, 'orders': [(b'SUBBB000000001', 1)]}], 'Asks': []}}
{'timestamp': 76600791770000, 'order': 'O: SUBBS000000002:S1xLPS     @11000', 'book': {'Bids': [{'price': 9000, 'orders': [(b'SUBBB000000001', 1)]}], 'Asks': [{'price': 11000, 'orders': [(b'SUBBS000000002', 1)]}]}}
{'timestamp': 76605092777000, 'order': 'U: SUBBS000000002->SUBBS000000003:1@17000', 'book': {'Bids': [{'price': 9000, 'orders': [(b'SUBBB000000001', 1)]}], 'Asks': [{'price': 17000, 'orders': [(b'SUBBS000000003', 1)]}]}}
{'timestamp': 76605093562000, 'order': 'U: SUBBB000000001->SUBBB000000004:1@13000', 'book': {'Bids': [{'price': 13000, 'orders': [(b'SUBBB000000004', 1)]}], 'Asks': [{'price': 17000, 'orders': [(b'SUBBS000000003', 1)]}]}}
{'timestamp': 76880408939000, 'order': 'H: 2019066703638442032:S', 'book': {'Bids': [], 'Asks': []}}
{'timestamp': 76882424887000, 'order': 'O: SUBBB000000001:B1xLPS     @9000', 'book': {'Bids': [{'price': 9000, 'orders': [(b'SUBBB000000001', 1)]}], 'Asks': []}}
{'timestamp': 76882425414000, 'order': 'O: SUBBS000000002:S1xLPS     @11000', 'book': {'Bids': [{'price': 9000, 'orders': [(b'SUBBB000000001', 1)]}], 'Asks': [{'price': 11000, 'orders': [(b'SUBBS000000002', 1)]}]}}
{'timestamp': 76884391970000, 'order': 'O: SUBAB000000001:B1xLPS     @9000', 'book': {'Bids': [{'price': 9000, 'orders': [(b'SUBBB000000001', 1), (b'SUBAB000000001', 1)]}], 'Asks': [{'price': 11000, 'orders': [(b'SUBBS000000002', 1)]}]}}
{'timestamp': 76884392434000, 'order': 'O: SUBAS000000002:S1xLPS     @11000', 'book': {'Bids': [{'price': 9000, 'orders': [(b'SUBBB000000001', 1), (b'SUBAB000000001', 1)]}], 'Asks': [{'price': 11000, 'orders': [(b'SUBBS000000002', 1), (b'SUBAS000000002', 1)]}]}}
{'timestamp': 76886977956000, 'order': 'U: SUBBS000000002->SUBBS000000003:1@17000', 'book': {'Bids': [{'price': 9000, 'orders': [(b'SUBBB000000001', 1), (b'SUBAB000000001', 1)]}], 'Asks': [{'price': 11000, 'orders': [(b'SUBAS000000002', 1)]}, {'price': 17000, 'orders': [(b'SUBBS000000003', 1)]}]}}
{'timestamp': 76886978558000, 'order': 'U: SUBBB000000001->SUBBB000000004:1@13000', 'book': {'Bids': [{'price': 9000, 'orders': [(b'SUBAB000000001', 1)]}], 'Asks': [{'price': 17000, 'orders': [(b'SUBBS000000003', 1)]}]}}
{'timestamp': 76886979986000, 'order': 'U: SUBAS000000002->SUBAS000000003:1@17000', 'book': {'Bids': [{'price': 9000, 'orders': [(b'SUBAB000000001', 1)]}], 'Asks': [{'price': 17000, 'orders': [(b'SUBBS000000003', 1)]}]}}
{'timestamp': 76886980247000, 'order': 'U: SUBAB000000001->SUBAB000000004:1@13000', 'book': {'Bids': [{'price': 13000, 'orders': [(b'SUBAB000000004', 1)]}], 'Asks': [{'price': 17000, 'orders': [(b'SUBBS000000003', 1)]}]}}
{'timestamp': 76888051890000, 'order': 'O: SUBBB000000005:B1xLPS     @13000', 'book': {'Bids': [{'price': 13000, 'orders': [(b'SUBAB000000004', 1), (b'SUBBB000000005', 1)]}], 'Asks': [{'price': 17000, 'orders': [(b'SUBBS000000003', 1)]}]}}
{'timestamp': 76888052295000, 'order': 'O: SUBAS000000005:S1xLPS     @17000', 'book': {'Bids': [{'price': 13000, 'orders': [(b'SUBAB000000004', 1), (b'SUBBB000000005', 1)]}], 'Asks': [{'price': 17000, 'orders': [(b'SUBBS000000003', 1), (b'SUBAS000000005', 1)]}]}}
{'timestamp': 76891425327000, 'order': 'O: SUB@S000000001:S1xLPS     @0', 'book': {'Bids': [{'price': 13000, 'orders': [(b'SUBBB000000005', 1)]}], 'Asks': [{'price': 17000, 'orders': [(b'SUBBS000000003', 1), (b'SUBAS000000005', 1)]}]}}
{'timestamp': 76891947936000, 'order': 'O: SUBAB000000006:B1xLPS     @13000', 'book': {'Bids': [{'price': 13000, 'orders': [(b'SUBBB000000005', 1), (b'SUBAB000000006', 1)]}], 'Asks': [{'price': 17000, 'orders': [(b'SUBBS000000003', 1), (b'SUBAS000000005', 1)]}]}}
{'timestamp': 76896975080000, 'order': 'U: SUBBS000000003->SUBBS000000006:1@20000', 'book': {'Bids': [{'price': 13000, 'orders': [(b'SUBBB000000005', 1), (b'SUBAB000000006', 1)]}], 'Asks': [{'price': 17000, 'orders': [(b'SUBAS000000005', 1)]}, {'price': 20000, 'orders': [(b'SUBBS000000006', 1)]}]}}
{'timestamp': 76896977687000, 'order': 'U: SUBBB000000005->SUBBB000000007:1@16000', 'book': {'Bids': [{'price': 16000, 'orders': [(b'SUBBB000000007', 1)]}, {'price': 13000, 'orders': [(b'SUBAB000000006', 1)]}], 'Asks': [{'price': 17000, 'orders': [(b'SUBAS000000005', 1)]}, {'price': 20000, 'orders': [(b'SUBBS000000006', 1)]}]}}
{'timestamp': 76896978309000, 'order': 'U: SUBAS000000005->SUBAS000000007:1@20000', 'book': {'Bids': [{'price': 16000, 'orders': [(b'SUBBB000000007', 1)]}, {'price': 13000, 'orders': [(b'SUBAB000000006', 1)]}], 'Asks': [{'price': 20000, 'orders': [(b'SUBBS000000006', 1), (b'SUBAS000000007', 1)]}]}}
{'timestamp': 76896978705000, 'order': 'U: SUBAB000000006->SUBAB000000008:1@16000', 'book': {'Bids': [{'price': 16000, 'orders': [(b'SUBBB000000007', 1), (b'SUBAB000000008', 1)]}], 'Asks': [{'price': 20000, 'orders': [(b'SUBBS000000006', 1), (b'SUBAS000000007', 1)]}]}}
{'timestamp': 76901432522000, 'order': 'O: SUB@B000000002:B1xLPS     @214748', 'book': {'Bids': [{'price': 16000, 'orders': [(b'SUBBB000000007', 1), (b'SUBAB000000008', 1)]}], 'Asks': [{'price': 20000, 'orders': [(b'SUBAS000000007', 1)]}]}}
{'timestamp': 76901955412000, 'order': 'O: SUBBS000000008:S1xLPS     @20000', 'book': {'Bids': [{'price': 16000, 'orders': [(b'SUBBB000000007', 1), (b'SUBAB000000008', 1)]}], 'Asks': [{'price': 20000, 'orders': [(b'SUBAS000000007', 1), (b'SUBBS000000008', 1)]}]}}
