{'timestamp': 73268337912000, 'order': 'H: 2062303864529367088:S', 'book': {'Bids': [], 'Asks': []}}
{'timestamp': 73270865806000, 'order': 'O: SUBBB000000001:B1xLPS     @99900', 'book': {'Bids': [{'price': 99900, 'orders': [(b'SUBBB000000001', 1)]}], 'Asks': []}}
{'timestamp': 73270866582000, 'order': 'O: SUBBS000000002:S1xLPS     @100100', 'book': {'Bids': [{'price': 99900, 'orders': [(b'SUBBB000000001', 1)]}], 'Asks': [{'price': 100100, 'orders': [(b'SUBBS000000002', 1)]}]}}
{'timestamp': 75806923729000, 'order': 'H: 3193985072230314032:S', 'book': {'Bids': [], 'Asks': []}}
{'timestamp': 75813026596000, 'order': 'O: SUBBB000000001:B1xLPS     @99900', 'book': {'Bids': [{'price': 99900, 'orders': [(b'SUBBB000000001', 1)]}], 'Asks': []}}
{'timestamp': 75813028940000, 'order': 'O: SUBBS000000002:S1xLPS     @100100', 'book': {'Bids': [{'price': 99900, 'orders': [(b'SUBBB000000001', 1)]}], 'Asks': [{'price': 100100, 'orders': [(b'SUBBS000000002', 1)]}]}}
{'timestamp': 75815732651000, 'order': 'O: SUBAB000000001:B1xLPS     @99900', 'book': {'Bids': [{'price': 99900, 'orders': [(b'SUBBB000000001', 1), (b'SUBAB000000001', 1)]}], 'Asks': [{'price': 100100, 'orders': [(b'SUBBS000000002', 1)]}]}}
{'timestamp': 75815738789000, 'order': 'O: SUBAS000000002:S1xLPS     @100100', 'book': {'Bids': [{'price': 99900, 'orders': [(b'SUBBB000000001', 1), (b'SUBAB000000001', 1)]}], 'Asks': [{'price': 100100, 'orders': [(b'SUBBS000000002', 1), (b'SUBAS000000002', 1)]}]}}
{'timestamp': 76928184387000, 'order': 'H: 3935183658858590256:S', 'book': {'Bids': [], 'Asks': []}}
{'timestamp': 76930373980000, 'order': 'O: SUBBB000000001:B1xLPS     @99900', 'book': {'Bids': [{'price': 99900, 'orders': [(b'SUBBB000000001', 1)]}], 'Asks': []}}
{'timestamp': 76930375415000, 'order': 'O: SUBBS000000002:S1xLPS     @100100', 'book': {'Bids': [{'price': 99900, 'orders': [(b'SUBBB000000001', 1)]}], 'Asks': [{'price': 100100, 'orders': [(b'SUBBS000000002', 1)]}]}}
{'timestamp': 73297189498000, 'order': 'H: 10991520360149561392:S', 'book': {'Bids': [], 'Asks': []}}
{'timestamp': 73305561706000, 'order': 'O: SUBBB000000001:B1xLPS     @99900', 'book': {'Bids': [{'price': 99900, 'orders': [(b'SUBBB000000001', 1)]}], 'Asks': []}}
{'timestamp': 73305562780000, 'order': 'O: SUBBS000000002:S1xLPS     @100100', 'book': {'Bids': [{'price': 99900, 'orders': [(b'SUBBB000000001', 1)]}], 'Asks': [{'price': 100100, 'orders': [(b'SUBBS000000002', 1)]}]}}
{'timestamp': 73361047263000, 'order': 'O: SUBAB000000001:B1xLPS     @99900', 'book': {'Bids': [{'price': 99900, 'orders': [(b'SUBBB000000001', 1), (b'SUBAB000000001', 1)]}], 'Asks': [{'price': 100100, 'orders': [(b'SUBBS000000002', 1)]}]}}
{'timestamp': 73361049039000, 'order': 'O: SUBAS000000002:S1xLPS     @100100', 'book': {'Bids': [{'price': 99900, 'orders': [(b'SUBBB000000001', 1), (b'SUBAB000000001', 1)]}], 'Asks': [{'price': 100100, 'orders': [(b'SUBBS000000002', 1), (b'SUBAS000000002', 1)]}]}}
{'timestamp': 73362178211000, 'order': 'X: SUBAB000000001:0', 'book': {'Bids': [{'price': 99900, 'orders': [(b'SUBBB000000001', 1)]}], 'Asks': [{'price': 100100, 'orders': [(b'SUBBS000000002', 1), (b'SUBAS000000002', 1)]}]}}
{'timestamp': 73362187112000, 'order': 'X: SUBAS000000002:0', 'book': {'Bids': [{'price': 99900, 'orders': [(b'SUBBB000000001', 1)]}], 'Asks': [{'price': 100100, 'orders': [(b'SUBBS000000002', 1)]}]}}
{'timestamp': 73363334443000, 'order': 'O: SUBAB000000003:B1xLPS     @99900', 'book': {'Bids': [{'price': 99900, 'orders': [(b'SUBBB000000001', 1), (b'SUBAB000000003', 1)]}], 'Asks': [{'price': 100100, 'orders': [(b'SUBBS000000002', 1)]}]}}
{'timestamp': 73363354626000, 'order': 'O: SUBAS000000004:S1xLPS     @100100', 'book': {'Bids': [{'price': 99900, 'orders': [(b'SUBBB000000001', 1), (b'SUBAB000000003', 1)]}], 'Asks': [{'price': 100100, 'orders': [(b'SUBBS000000002', 1), (b'SUBAS000000004', 1)]}]}}
{'timestamp': 73364037664000, 'order': 'X: SUBAB000000003:0', 'book': {'Bids': [{'price': 99900, 'orders': [(b'SUBBB000000001', 1)]}], 'Asks': [{'price': 100100, 'orders': [(b'SUBBS000000002', 1), (b'SUBAS000000004', 1)]}]}}
{'timestamp': 73364038355000, 'order': 'X: SUBAS000000004:0', 'book': {'Bids': [{'price': 99900, 'orders': [(b'SUBBB000000001', 1)]}], 'Asks': [{'price': 100100, 'orders': [(b'SUBBS000000002', 1)]}]}}
{'timestamp': 73364658152000, 'order': 'O: SUBAB000000005:B1xLPS     @99900', 'book': {'Bids': [{'price': 99900, 'orders': [(b'SUBBB000000001', 1), (b'SUBAB000000005', 1)]}], 'Asks': [{'price': 100100, 'orders': [(b'SUBBS000000002', 1)]}]}}
{'timestamp': 73364658865000, 'order': 'O: SUBAS000000006:S1xLPS     @100100', 'book': {'Bids': [{'price': 99900, 'orders': [(b'SUBBB000000001', 1), (b'SUBAB000000005', 1)]}], 'Asks': [{'price': 100100, 'orders': [(b'SUBBS000000002', 1), (b'SUBAS000000006', 1)]}]}}
{'timestamp': 73365750766000, 'order': 'X: SUBAB000000005:0', 'book': {'Bids': [{'price': 99900, 'orders': [(b'SUBBB000000001', 1)]}], 'Asks': [{'price': 100100, 'orders': [(b'SUBBS000000002', 1), (b'SUBAS000000006', 1)]}]}}
{'timestamp': 73365751247000, 'order': 'X: SUBAS000000006:0', 'book': {'Bids': [{'price': 99900, 'orders': [(b'SUBBB000000001', 1)]}], 'Asks': [{'price': 100100, 'orders': [(b'SUBBS000000002', 1)]}]}}
{'timestamp': 73366380316000, 'order': 'O: SUBAB000000007:B1xLPS     @99900', 'book': {'Bids': [{'price': 99900, 'orders': [(b'SUBBB000000001', 1), (b'SUBAB000000007', 1)]}], 'Asks': [{'price': 100100, 'orders': [(b'SUBBS000000002', 1)]}]}}
{'timestamp': 73366380884000, 'order': 'O: SUBAS000000008:S1xLPS     @100100', 'book': {'Bids': [{'price': 99900, 'orders': [(b'SUBBB000000001', 1), (b'SUBAB000000007', 1)]}], 'Asks': [{'price': 100100, 'orders': [(b'SUBBS000000002', 1), (b'SUBAS000000008', 1)]}]}}
{'timestamp': 73389706902000, 'order': 'X: SUBAB000000007:0', 'book': {'Bids': [{'price': 99900, 'orders': [(b'SUBBB000000001', 1)]}], 'Asks': [{'price': 100100, 'orders': [(b'SUBBS000000002', 1), (b'SUBAS000000008', 1)]}]}}
{'timestamp': 73389707723000, 'order': 'X: SUBAS000000008:0', 'book': {'Bids': [{'price': 99900, 'orders': [(b'SUBBB000000001', 1)]}], 'Asks': [{'price': 100100, 'orders': [(b'SUBBS000000002', 1)]}]}}
{'timestamp': 73390771928000, 'order': 'O: SUBAB000000009:B1xLPS     @99900', 'book': {'Bids': [{'price': 99900, 'orders': [(b'SUBBB000000001', 1), (b'SUBAB000000009', 1)]}], 'Asks': [{'price': 100100, 'orders': [(b'SUBBS000000002', 1)]}]}}
{'timestamp': 73390773127000, 'order': 'O: SUBAS000000010:S1xLPS     @100100', 'book': {'Bids': [{'price': 99900, 'orders': [(b'SUBBB000000001', 1), (b'SUBAB000000009', 1)]}], 'Asks': [{'price': 100100, 'orders': [(b'SUBBS000000002', 1), (b'SUBAS000000010', 1)]}]}}
{'timestamp': 73391884873000, 'order': 'X: SUBAB000000009:0', 'book': {'Bids': [{'price': 99900, 'orders': [(b'SUBBB000000001', 1)]}], 'Asks': [{'price': 100100, 'orders': [(b'SUBBS000000002', 1), (b'SUBAS000000010', 1)]}]}}
{'timestamp': 73391885302000, 'order': 'X: SUBAS000000010:0', 'book': {'Bids': [{'price': 99900, 'orders': [(b'SUBBB000000001', 1)]}], 'Asks': [{'price': 100100, 'orders': [(b'SUBBS000000002', 1)]}]}}
{'timestamp': 73392294406000, 'order': 'X: SUBAB000000009:0', 'book': {'Bids': [{'price': 99900, 'orders': [(b'SUBBB000000001', 1)]}], 'Asks': [{'price': 100100, 'orders': [(b'SUBBS000000002', 1)]}]}}
{'timestamp': 73392295365000, 'order': 'X: SUBAS000000010:0', 'book': {'Bids': [{'price': 99900, 'orders': [(b'SUBBB000000001', 1)]}], 'Asks': [{'price': 100100, 'orders': [(b'SUBBS000000002', 1)]}]}}
{'timestamp': 73393145165000, 'order': 'O: SUBAB000000011:B1xLPS     @99900', 'book': {'Bids': [{'price': 99900, 'orders': [(b'SUBBB000000001', 1), (b'SUBAB000000011', 1)]}], 'Asks': [{'price': 100100, 'orders': [(b'SUBBS000000002', 1)]}]}}
{'timestamp': 73393147549000, 'order': 'O: SUBAS000000012:S1xLPS     @100100', 'book': {'Bids': [{'price': 99900, 'orders': [(b'SUBBB000000001', 1), (b'SUBAB000000011', 1)]}], 'Asks': [{'price': 100100, 'orders': [(b'SUBBS000000002', 1), (b'SUBAS000000012', 1)]}]}}
{'timestamp': 73393796002000, 'order': 'X: SUBAB000000011:0', 'book': {'Bids': [{'price': 99900, 'orders': [(b'SUBBB000000001', 1)]}], 'Asks': [{'price': 100100, 'orders': [(b'SUBBS000000002', 1), (b'SUBAS000000012', 1)]}]}}
{'timestamp': 73393798068000, 'order': 'X: SUBAS000000012:0', 'book': {'Bids': [{'price': 99900, 'orders': [(b'SUBBB000000001', 1)]}], 'Asks': [{'price': 100100, 'orders': [(b'SUBBS000000002', 1)]}]}}
{'timestamp': 73394305873000, 'order': 'X: SUBAB000000011:0', 'book': {'Bids': [{'price': 99900, 'orders': [(b'SUBBB000000001', 1)]}], 'Asks': [{'price': 100100, 'orders': [(b'SUBBS000000002', 1)]}]}}
{'timestamp': 73394306203000, 'order': 'X: SUBAS000000012:0', 'book': {'Bids': [{'price': 99900, 'orders': [(b'SUBBB000000001', 1)]}], 'Asks': [{'price': 100100, 'orders': [(b'SUBBS000000002', 1)]}]}}
{'timestamp': 73394764103000, 'order': 'O: SUBAB000000013:B1xLPS     @99900', 'book': {'Bids': [{'price': 99900, 'orders': [(b'SUBBB000000001', 1), (b'SUBAB000000013', 1)]}], 'Asks': [{'price': 100100, 'orders': [(b'SUBBS000000002', 1)]}]}}
{'timestamp': 73394764520000, 'order': 'O: SUBAS000000014:S1xLPS     @100100', 'book': {'Bids': [{'price': 99900, 'orders': [(b'SUBBB000000001', 1), (b'SUBAB000000013', 1)]}], 'Asks': [{'price': 100100, 'orders': [(b'SUBBS000000002', 1), (b'SUBAS000000014', 1)]}]}}
{'timestamp': 73395759492000, 'order': 'X: SUBAB000000013:0', 'book': {'Bids': [{'price': 99900, 'orders': [(b'SUBBB000000001', 1)]}], 'Asks': [{'price': 100100, 'orders': [(b'SUBBS000000002', 1), (b'SUBAS000000014', 1)]}]}}
{'timestamp': 73395760354000, 'order': 'X: SUBAS000000014:0', 'book': {'Bids': [{'price': 99900, 'orders': [(b'SUBBB000000001', 1)]}], 'Asks': [{'price': 100100, 'orders': [(b'SUBBS000000002', 1)]}]}}
{'timestamp': 73397647350000, 'order': 'O: SUBAB000000015:B1xLPS     @99900', 'book': {'Bids': [{'price': 99900, 'orders': [(b'SUBBB000000001', 1), (b'SUBAB000000015', 1)]}], 'Asks': [{'price': 100100, 'orders': [(b'SUBBS000000002', 1)]}]}}
{'timestamp': 73397648005000, 'order': 'O: SUBAS000000016:S1xLPS     @100100', 'book': {'Bids': [{'price': 99900, 'orders': [(b'SUBBB000000001', 1), (b'SUBAB000000015', 1)]}], 'Asks': [{'price': 100100, 'orders': [(b'SUBBS000000002', 1), (b'SUBAS000000016', 1)]}]}}
{'timestamp': 73398242887000, 'order': 'X: SUBAB000000015:0', 'book': {'Bids': [{'price': 99900, 'orders': [(b'SUBBB000000001', 1)]}], 'Asks': [{'price': 100100, 'orders': [(b'SUBBS000000002', 1), (b'SUBAS000000016', 1)]}]}}
{'timestamp': 73398243333000, 'order': 'X: SUBAS000000016:0', 'book': {'Bids': [{'price': 99900, 'orders': [(b'SUBBB000000001', 1)]}], 'Asks': [{'price': 100100, 'orders': [(b'SUBBS000000002', 1)]}]}}
{'timestamp': 73399403049000, 'order': 'O: SUBAB000000017:B1xLPS     @99900', 'book': {'Bids': [{'price': 99900, 'orders': [(b'SUBBB000000001', 1), (b'SUBAB000000017', 1)]}], 'Asks': [{'price': 100100, 'orders': [(b'SUBBS000000002', 1)]}]}}
{'timestamp': 73399403834000, 'order': 'O: SUBAS000000018:S1xLPS     @100100', 'book': {'Bids': [{'price': 99900, 'orders': [(b'SUBBB000000001', 1), (b'SUBAB000000017', 1)]}], 'Asks': [{'price': 100100, 'orders': [(b'SUBBS000000002', 1), (b'SUBAS000000018', 1)]}]}}
{'timestamp': 73400668768000, 'order': 'X: SUBAB000000017:0', 'book': {'Bids': [{'price': 99900, 'orders': [(b'SUBBB000000001', 1)]}], 'Asks': [{'price': 100100, 'orders': [(b'SUBBS000000002', 1), (b'SUBAS000000018', 1)]}]}}
{'timestamp': 73400669246000, 'order': 'X: SUBAS000000018:0', 'book': {'Bids': [{'price': 99900, 'orders': [(b'SUBBB000000001', 1)]}], 'Asks': [{'price': 100100, 'orders': [(b'SUBBS000000002', 1)]}]}}
{'timestamp': 73401148150000, 'order': 'X: SUBAB000000017:0', 'book': {'Bids': [{'price': 99900, 'orders': [(b'SUBBB000000001', 1)]}], 'Asks': [{'price': 100100, 'orders': [(b'SUBBS000000002', 1)]}]}}
{'timestamp': 73401148648000, 'order': 'X: SUBAS000000018:0', 'book': {'Bids': [{'price': 99900, 'orders': [(b'SUBBB000000001', 1)]}], 'Asks': [{'price': 100100, 'orders': [(b'SUBBS000000002', 1)]}]}}
{'timestamp': 73401699487000, 'order': 'O: SUBAB000000019:B1xLPS     @99900', 'book': {'Bids': [{'price': 99900, 'orders': [(b'SUBBB000000001', 1), (b'SUBAB000000019', 1)]}], 'Asks': [{'price': 100100, 'orders': [(b'SUBBS000000002', 1)]}]}}
{'timestamp': 73401700057000, 'order': 'O: SUBAS000000020:S1xLPS     @100100', 'book': {'Bids': [{'price': 99900, 'orders': [(b'SUBBB000000001', 1), (b'SUBAB000000019', 1)]}], 'Asks': [{'price': 100100, 'orders': [(b'SUBBS000000002', 1), (b'SUBAS000000020', 1)]}]}}
{'timestamp': 73402346606000, 'order': 'X: SUBAB000000019:0', 'book': {'Bids': [{'price': 99900, 'orders': [(b'SUBBB000000001', 1)]}], 'Asks': [{'price': 100100, 'orders': [(b'SUBBS000000002', 1), (b'SUBAS000000020', 1)]}]}}
{'timestamp': 73402347240000, 'order': 'X: SUBAS000000020:0', 'book': {'Bids': [{'price': 99900, 'orders': [(b'SUBBB000000001', 1)]}], 'Asks': [{'price': 100100, 'orders': [(b'SUBBS000000002', 1)]}]}}
{'timestamp': 73404630695000, 'order': 'O: SUBAB000000021:B1xLPS     @99900', 'book': {'Bids': [{'price': 99900, 'orders': [(b'SUBBB000000001', 1), (b'SUBAB000000021', 1)]}], 'Asks': [{'price': 100100, 'orders': [(b'SUBBS000000002', 1)]}]}}
{'timestamp': 73404631287000, 'order': 'O: SUBAS000000022:S1xLPS     @100100', 'book': {'Bids': [{'price': 99900, 'orders': [(b'SUBBB000000001', 1), (b'SUBAB000000021', 1)]}], 'Asks': [{'price': 100100, 'orders': [(b'SUBBS000000002', 1), (b'SUBAS000000022', 1)]}]}}
{'timestamp': 73405989721000, 'order': 'X: SUBAB000000021:0', 'book': {'Bids': [{'price': 99900, 'orders': [(b'SUBBB000000001', 1)]}], 'Asks': [{'price': 100100, 'orders': [(b'SUBBS000000002', 1), (b'SUBAS000000022', 1)]}]}}
{'timestamp': 73405991073000, 'order': 'X: SUBAS000000022:0', 'book': {'Bids': [{'price': 99900, 'orders': [(b'SUBBB000000001', 1)]}], 'Asks': [{'price': 100100, 'orders': [(b'SUBBS000000002', 1)]}]}}
{'timestamp': 73408547406000, 'order': 'O: SUBAB000000023:B1xLPS     @99900', 'book': {'Bids': [{'price': 99900, 'orders': [(b'SUBBB000000001', 1), (b'SUBAB000000023', 1)]}], 'Asks': [{'price': 100100, 'orders': [(b'SUBBS000000002', 1)]}]}}
{'timestamp': 73408547862000, 'order': 'O: SUBAS000000024:S1xLPS     @100100', 'book': {'Bids': [{'price': 99900, 'orders': [(b'SUBBB000000001', 1), (b'SUBAB000000023', 1)]}], 'Asks': [{'price': 100100, 'orders': [(b'SUBBS000000002', 1), (b'SUBAS000000024', 1)]}]}}
{'timestamp': 73409501056000, 'order': 'X: SUBAB000000023:0', 'book': {'Bids': [{'price': 99900, 'orders': [(b'SUBBB000000001', 1)]}], 'Asks': [{'price': 100100, 'orders': [(b'SUBBS000000002', 1), (b'SUBAS000000024', 1)]}]}}
{'timestamp': 73409502039000, 'order': 'X: SUBAS000000024:0', 'book': {'Bids': [{'price': 99900, 'orders': [(b'SUBBB000000001', 1)]}], 'Asks': [{'price': 100100, 'orders': [(b'SUBBS000000002', 1)]}]}}
{'timestamp': 73410099217000, 'order': 'O: SUBAB000000025:B1xLPS     @99900', 'book': {'Bids': [{'price': 99900, 'orders': [(b'SUBBB000000001', 1), (b'SUBAB000000025', 1)]}], 'Asks': [{'price': 100100, 'orders': [(b'SUBBS000000002', 1)]}]}}
{'timestamp': 73410099740000, 'order': 'O: SUBAS000000026:S1xLPS     @100100', 'book': {'Bids': [{'price': 99900, 'orders': [(b'SUBBB000000001', 1), (b'SUBAB000000025', 1)]}], 'Asks': [{'price': 100100, 'orders': [(b'SUBBS000000002', 1), (b'SUBAS000000026', 1)]}]}}
{'timestamp': 73639581940000, 'order': 'X: SUBBB000000001:0', 'book': {'Bids': [{'price': 99900, 'orders': [(b'SUBAB000000025', 1)]}], 'Asks': [{'price': 100100, 'orders': [(b'SUBBS000000002', 1), (b'SUBAS000000026', 1)]}]}}
{'timestamp': 73639582632000, 'order': 'X: SUBBS000000002:0', 'book': {'Bids': [{'price': 99900, 'orders': [(b'SUBAB000000025', 1)]}], 'Asks': [{'price': 100100, 'orders': [(b'SUBAS000000026', 1)]}]}}
{'timestamp': 73640135253000, 'order': 'O: SUBBB000000003:B1xLPS     @99900', 'book': {'Bids': [{'price': 99900, 'orders': [(b'SUBAB000000025', 1), (b'SUBBB000000003', 1)]}], 'Asks': [{'price': 100100, 'orders': [(b'SUBAS000000026', 1)]}]}}
{'timestamp': 73640135962000, 'order': 'O: SUBBS000000004:S1xLPS     @100100', 'book': {'Bids': [{'price': 99900, 'orders': [(b'SUBAB000000025', 1), (b'SUBBB000000003', 1)]}], 'Asks': [{'price': 100100, 'orders': [(b'SUBAS000000026', 1), (b'SUBBS000000004', 1)]}]}}
{'timestamp': 73641090243000, 'order': 'X: SUBBB000000003:0', 'book': {'Bids': [{'price': 99900, 'orders': [(b'SUBAB000000025', 1)]}], 'Asks': [{'price': 100100, 'orders': [(b'SUBAS000000026', 1), (b'SUBBS000000004', 1)]}]}}
{'timestamp': 73641090745000, 'order': 'X: SUBBS000000004:0', 'book': {'Bids': [{'price': 99900, 'orders': [(b'SUBAB000000025', 1)]}], 'Asks': [{'price': 100100, 'orders': [(b'SUBAS000000026', 1)]}]}}
{'timestamp': 73641576066000, 'order': 'O: SUBBB000000005:B1xLPS     @99900', 'book': {'Bids': [{'price': 99900, 'orders': [(b'SUBAB000000025', 1), (b'SUBBB000000005', 1)]}], 'Asks': [{'price': 100100, 'orders': [(b'SUBAS000000026', 1)]}]}}
{'timestamp': 73641576573000, 'order': 'O: SUBBS000000006:S1xLPS     @100100', 'book': {'Bids': [{'price': 99900, 'orders': [(b'SUBAB000000025', 1), (b'SUBBB000000005', 1)]}], 'Asks': [{'price': 100100, 'orders': [(b'SUBAS000000026', 1), (b'SUBBS000000006', 1)]}]}}
