{'timestamp': 66413723221000, 'order': 'H: 2739518914599858224:S', 'book': {'Bids': [], 'Asks': []}}
{'timestamp': 66714197992000, 'order': 'H: 2006833056231469104:S', 'book': {'Bids': [], 'Asks': []}}
{'timestamp': 67674967456000, 'order': 'H: 14856816825755250736:S', 'book': {'Bids': [], 'Asks': []}}
{'timestamp': 67677259913000, 'order': 'O: SUBBB000000001:B1xLPS     @99900', 'book': {'Bids': [{'price': 99900, 'orders': [(b'SUBBB000000001', 1)]}], 'Asks': []}}
{'timestamp': 67677260572000, 'order': 'O: SUBBS000000002:S1xLPS     @100100', 'book': {'Bids': [{'price': 99900, 'orders': [(b'SUBBB000000001', 1)]}], 'Asks': [{'price': 100100, 'orders': [(b'SUBBS000000002', 1)]}]}}
{'timestamp': 67683624057000, 'order': 'O: SUBAB000000001:B1xLPS     @99900', 'book': {'Bids': [{'price': 99900, 'orders': [(b'SUBBB000000001', 1), (b'SUBAB000000001', 1)]}], 'Asks': [{'price': 100100, 'orders': [(b'SUBBS000000002', 1)]}]}}
{'timestamp': 67683624520000, 'order': 'O: SUBAS000000002:S1xLPS     @100100', 'book': {'Bids': [{'price': 99900, 'orders': [(b'SUBBB000000001', 1), (b'SUBAB000000001', 1)]}], 'Asks': [{'price': 100100, 'orders': [(b'SUBBS000000002', 1), (b'SUBAS000000002', 1)]}]}}
{'timestamp': 67684961550000, 'order': 'X: SUBAB000000001:0', 'book': {'Bids': [{'price': 99900, 'orders': [(b'SUBBB000000001', 1)]}], 'Asks': [{'price': 100100, 'orders': [(b'SUBBS000000002', 1), (b'SUBAS000000002', 1)]}]}}
{'timestamp': 67684962074000, 'order': 'X: SUBAS000000002:0', 'book': {'Bids': [{'price': 99900, 'orders': [(b'SUBBB000000001', 1)]}], 'Asks': [{'price': 100100, 'orders': [(b'SUBBS000000002', 1)]}]}}
{'timestamp': 67687994214000, 'order': 'X: SUBBB000000001:0', 'book': {'Bids': [], 'Asks': [{'price': 100100, 'orders': [(b'SUBBS000000002', 1)]}]}}
{'timestamp': 67687995169000, 'order': 'X: SUBBS000000002:0', 'book': {'Bids': [], 'Asks': []}}
{'timestamp': 67688518483000, 'order': 'X: SUBBS000000002:0', 'book': {'Bids': [], 'Asks': []}}
{'timestamp': 68082807136000, 'order': 'H: 14072426433090695216:S', 'book': {'Bids': [], 'Asks': []}}
{'timestamp': 68084739510000, 'order': 'O: SUBBB000000001:B1xLPS     @99900', 'book': {'Bids': [{'price': 99900, 'orders': [(b'SUBBB000000001', 1)]}], 'Asks': []}}
{'timestamp': 68084740189000, 'order': 'O: SUBBS000000002:S1xLPS     @100100', 'book': {'Bids': [{'price': 99900, 'orders': [(b'SUBBB000000001', 1)]}], 'Asks': [{'price': 100100, 'orders': [(b'SUBBS000000002', 1)]}]}}
{'timestamp': 68132125275000, 'order': 'H: 4532970985370955824:S', 'book': {'Bids': [], 'Asks': []}}
{'timestamp': 68134772260000, 'order': 'O: SUBBB000000001:B1xLPS     @99900', 'book': {'Bids': [{'price': 99900, 'orders': [(b'SUBBB000000001', 1)]}], 'Asks': []}}
{'timestamp': 68134773304000, 'order': 'O: SUBBS000000002:S1xLPS     @100100', 'book': {'Bids': [{'price': 99900, 'orders': [(b'SUBBB000000001', 1)]}], 'Asks': [{'price': 100100, 'orders': [(b'SUBBS000000002', 1)]}]}}
{'timestamp': 68141177293000, 'order': 'X: SUBBB000000001:0', 'book': {'Bids': [], 'Asks': [{'price': 100100, 'orders': [(b'SUBBS000000002', 1)]}]}}
{'timestamp': 68141177763000, 'order': 'X: SUBBS000000002:0', 'book': {'Bids': [], 'Asks': []}}
{'timestamp': 68145671787000, 'order': 'O: SUBBB000000003:B1xLPS     @99900', 'book': {'Bids': [{'price': 99900, 'orders': [(b'SUBBB000000003', 1)]}], 'Asks': []}}
{'timestamp': 68145672589000, 'order': 'O: SUBBS000000004:S1xLPS     @100100', 'book': {'Bids': [{'price': 99900, 'orders': [(b'SUBBB000000003', 1)]}], 'Asks': [{'price': 100100, 'orders': [(b'SUBBS000000004', 1)]}]}}
{'timestamp': 68147696440000, 'order': 'O: SUBAB000000001:B1xLPS     @99900', 'book': {'Bids': [{'price': 99900, 'orders': [(b'SUBBB000000003', 1), (b'SUBAB000000001', 1)]}], 'Asks': [{'price': 100100, 'orders': [(b'SUBBS000000004', 1)]}]}}
{'timestamp': 68147696980000, 'order': 'O: SUBAS000000002:S1xLPS     @100100', 'book': {'Bids': [{'price': 99900, 'orders': [(b'SUBBB000000003', 1), (b'SUBAB000000001', 1)]}], 'Asks': [{'price': 100100, 'orders': [(b'SUBBS000000004', 1), (b'SUBAS000000002', 1)]}]}}
{'timestamp': 68151048215000, 'order': 'X: SUBAB000000001:0', 'book': {'Bids': [{'price': 99900, 'orders': [(b'SUBBB000000003', 1)]}], 'Asks': [{'price': 100100, 'orders': [(b'SUBBS000000004', 1), (b'SUBAS000000002', 1)]}]}}
{'timestamp': 68151048665000, 'order': 'X: SUBAS000000002:0', 'book': {'Bids': [{'price': 99900, 'orders': [(b'SUBBB000000003', 1)]}], 'Asks': [{'price': 100100, 'orders': [(b'SUBBS000000004', 1)]}]}}
{'timestamp': 68154633822000, 'order': 'X: SUBBB000000003:0', 'book': {'Bids': [], 'Asks': [{'price': 100100, 'orders': [(b'SUBBS000000004', 1)]}]}}
{'timestamp': 68154634658000, 'order': 'X: SUBBS000000004:0', 'book': {'Bids': [], 'Asks': []}}
{'timestamp': 68398859744000, 'order': 'H: 6359674899106115632:S', 'book': {'Bids': [], 'Asks': []}}
{'timestamp': 68400785014000, 'order': 'O: SUBBB000000001:B1xLPS     @99900', 'book': {'Bids': [{'price': 99900, 'orders': [(b'SUBBB000000001', 1)]}], 'Asks': []}}
{'timestamp': 68400785754000, 'order': 'O: SUBBS000000002:S1xLPS     @100100', 'book': {'Bids': [{'price': 99900, 'orders': [(b'SUBBB000000001', 1)]}], 'Asks': [{'price': 100100, 'orders': [(b'SUBBS000000002', 1)]}]}}
{'timestamp': 68405036598000, 'order': 'O: SUB@S000000001:S1xLPS     @0', 'book': {'Bids': [], 'Asks': [{'price': 100100, 'orders': [(b'SUBBS000000002', 1)]}]}}
{'timestamp': 68405554541000, 'order': 'O: SUBBB000000003:B1xLPS     @99900', 'book': {'Bids': [{'price': 99900, 'orders': [(b'SUBBB000000003', 1)]}], 'Asks': [{'price': 100100, 'orders': [(b'SUBBS000000002', 1)]}]}}
{'timestamp': 68406039841000, 'order': 'O: SUB@B000000002:B1xLPS     @214748', 'book': {'Bids': [{'price': 99900, 'orders': [(b'SUBBB000000003', 1)]}], 'Asks': []}}
{'timestamp': 68406554082000, 'order': 'O: SUBBS000000004:S1xLPS     @100100', 'book': {'Bids': [{'price': 99900, 'orders': [(b'SUBBB000000003', 1)]}], 'Asks': [{'price': 100100, 'orders': [(b'SUBBS000000004', 1)]}]}}
{'timestamp': 68407049857000, 'order': 'O: SUB@S000000003:S1xLPS     @0', 'book': {'Bids': [], 'Asks': [{'price': 100100, 'orders': [(b'SUBBS000000004', 1)]}]}}
{'timestamp': 68407573716000, 'order': 'O: SUBAB000000001:B1xLPS     @100100', 'book': {'Bids': [], 'Asks': []}}
{'timestamp': 68407574509000, 'order': 'O: SUBBB000000006:B1xLPS     @99900', 'book': {'Bids': [{'price': 99900, 'orders': [(b'SUBBB000000006', 1)]}], 'Asks': []}}
{'timestamp': 68408120758000, 'order': 'U: SUBBS000000004->SUBBS000000005:1@100200', 'book': {'Bids': [{'price': 99900, 'orders': [(b'SUBBB000000006', 1)]}], 'Asks': []}}
{'timestamp': 68408121410000, 'order': 'O: SUBAB000000002:B1xLPS     @100749', 'book': {'Bids': [{'price': 99900, 'orders': [(b'SUBBB000000006', 1)]}], 'Asks': []}}
{'timestamp': 68408122858000, 'order': 'O: SUBBS000000007:S1xLPS     @100200', 'book': {'Bids': [{'price': 99900, 'orders': [(b'SUBBB000000006', 1)]}], 'Asks': [{'price': 100200, 'orders': [(b'SUBBS000000007', 1)]}]}}
{'timestamp': 68408149254000, 'order': 'O: SUB@B000000004:B1xLPS     @214748', 'book': {'Bids': [{'price': 99900, 'orders': [(b'SUBBB000000006', 1)]}], 'Asks': []}}
{'timestamp': 68408662290000, 'order': 'O: SUBBS000000008:S1xLPS     @100849', 'book': {'Bids': [{'price': 99900, 'orders': [(b'SUBBB000000006', 1)]}], 'Asks': [{'price': 100849, 'orders': [(b'SUBBS000000008', 1)]}]}}
{'timestamp': 68409054404000, 'order': 'O: SUB@S000000005:S1xLPS     @0', 'book': {'Bids': [], 'Asks': [{'price': 100849, 'orders': [(b'SUBBS000000008', 1)]}]}}
{'timestamp': 68409567349000, 'order': 'O: SUBBB000000009:B1xLPS     @100649', 'book': {'Bids': [{'price': 100649, 'orders': [(b'SUBBB000000009', 1)]}], 'Asks': [{'price': 100849, 'orders': [(b'SUBBS000000008', 1)]}]}}
{'timestamp': 68410069806000, 'order': 'O: SUB@B000000006:B1xLPS     @214748', 'book': {'Bids': [{'price': 100649, 'orders': [(b'SUBBB000000009', 1)]}], 'Asks': []}}
{'timestamp': 69532171134000, 'order': 'H: 3985708417178153008:S', 'book': {'Bids': [], 'Asks': []}}
{'timestamp': 69534411082000, 'order': 'O: SUBBB000000001:B1xLPS     @99900', 'book': {'Bids': [{'price': 99900, 'orders': [(b'SUBBB000000001', 1)]}], 'Asks': []}}
{'timestamp': 69534411667000, 'order': 'O: SUBBS000000002:S1xLPS     @100100', 'book': {'Bids': [{'price': 99900, 'orders': [(b'SUBBB000000001', 1)]}], 'Asks': [{'price': 100100, 'orders': [(b'SUBBS000000002', 1)]}]}}
{'timestamp': 69537954499000, 'order': 'O: SUB@S000000001:S1xLPS     @0', 'book': {'Bids': [], 'Asks': [{'price': 100100, 'orders': [(b'SUBBS000000002', 1)]}]}}
{'timestamp': 69538466469000, 'order': 'O: SUBBB000000003:B1xLPS     @99900', 'book': {'Bids': [{'price': 99900, 'orders': [(b'SUBBB000000003', 1)]}], 'Asks': [{'price': 100100, 'orders': [(b'SUBBS000000002', 1)]}]}}
{'timestamp': 69538957190000, 'order': 'O: SUB@B000000002:B1xLPS     @214748', 'book': {'Bids': [{'price': 99900, 'orders': [(b'SUBBB000000003', 1)]}], 'Asks': []}}
{'timestamp': 69539468398000, 'order': 'O: SUBBS000000004:S1xLPS     @100100', 'book': {'Bids': [{'price': 99900, 'orders': [(b'SUBBB000000003', 1)]}], 'Asks': [{'price': 100100, 'orders': [(b'SUBBS000000004', 1)]}]}}
{'timestamp': 69539964516000, 'order': 'O: SUB@S000000003:S1xLPS     @0', 'book': {'Bids': [], 'Asks': [{'price': 100100, 'orders': [(b'SUBBS000000004', 1)]}]}}
{'timestamp': 69540487293000, 'order': 'U: SUBBS000000004->SUBBS000000005:1@100200', 'book': {'Bids': [], 'Asks': [{'price': 100200, 'orders': [(b'SUBBS000000005', 1)]}]}}
{'timestamp': 69540487894000, 'order': 'U: SUBBB000000003->SUBBB000000006:1@100000', 'book': {'Bids': [], 'Asks': [{'price': 100200, 'orders': [(b'SUBBS000000005', 1)]}]}}
{'timestamp': 69540488144000, 'order': 'O: SUBBB000000007:B1xLPS     @100000', 'book': {'Bids': [{'price': 100000, 'orders': [(b'SUBBB000000007', 1)]}], 'Asks': [{'price': 100200, 'orders': [(b'SUBBS000000005', 1)]}]}}
{'timestamp': 69540960911000, 'order': 'O: SUB@B000000004:B1xLPS     @214748', 'book': {'Bids': [{'price': 100000, 'orders': [(b'SUBBB000000007', 1)]}], 'Asks': []}}
{'timestamp': 69541474089000, 'order': 'U: SUBBS000000005->SUBBS000000008:1@100849', 'book': {'Bids': [{'price': 100000, 'orders': [(b'SUBBB000000007', 1)]}], 'Asks': []}}
{'timestamp': 69541474486000, 'order': 'U: SUBBB000000007->SUBBB000000009:1@100649', 'book': {'Bids': [{'price': 100649, 'orders': [(b'SUBBB000000009', 1)]}], 'Asks': []}}
{'timestamp': 69541475911000, 'order': 'O: SUBBS000000010:S1xLPS     @100849', 'book': {'Bids': [{'price': 100649, 'orders': [(b'SUBBB000000009', 1)]}], 'Asks': [{'price': 100849, 'orders': [(b'SUBBS000000010', 1)]}]}}
{'timestamp': 69541970605000, 'order': 'O: SUB@S000000005:S1xLPS     @0', 'book': {'Bids': [], 'Asks': [{'price': 100849, 'orders': [(b'SUBBS000000010', 1)]}]}}
{'timestamp': 69542480189000, 'order': 'O: SUBBB000000011:B1xLPS     @100649', 'book': {'Bids': [{'price': 100649, 'orders': [(b'SUBBB000000011', 1)]}], 'Asks': [{'price': 100849, 'orders': [(b'SUBBS000000010', 1)]}]}}
{'timestamp': 69542969405000, 'order': 'O: SUB@B000000006:B1xLPS     @214748', 'book': {'Bids': [{'price': 100649, 'orders': [(b'SUBBB000000011', 1)]}], 'Asks': []}}
{'timestamp': 69543483727000, 'order': 'O: SUBBS000000012:S1xLPS     @100849', 'book': {'Bids': [{'price': 100649, 'orders': [(b'SUBBB000000011', 1)]}], 'Asks': [{'price': 100849, 'orders': [(b'SUBBS000000012', 1)]}]}}
{'timestamp': 69543969625000, 'order': 'O: SUB@S000000007:S1xLPS     @0', 'book': {'Bids': [], 'Asks': [{'price': 100849, 'orders': [(b'SUBBS000000012', 1)]}]}}
{'timestamp': 69544482919000, 'order': 'O: SUBBB000000013:B1xLPS     @100649', 'book': {'Bids': [{'price': 100649, 'orders': [(b'SUBBB000000013', 1)]}], 'Asks': [{'price': 100849, 'orders': [(b'SUBBS000000012', 1)]}]}}
{'timestamp': 69545023060000, 'order': 'U: SUBBS000000012->SUBBS000000014:1@100861', 'book': {'Bids': [{'price': 100649, 'orders': [(b'SUBBB000000013', 1)]}], 'Asks': [{'price': 100861, 'orders': [(b'SUBBS000000014', 1)]}]}}
{'timestamp': 69545024545000, 'order': 'U: SUBBB000000013->SUBBB000000015:1@100661', 'book': {'Bids': [{'price': 100661, 'orders': [(b'SUBBB000000015', 1)]}], 'Asks': [{'price': 100861, 'orders': [(b'SUBBS000000014', 1)]}]}}
{'timestamp': 69545976710000, 'order': 'O: SUB@B000000008:B1xLPS     @214748', 'book': {'Bids': [{'price': 100661, 'orders': [(b'SUBBB000000015', 1)]}], 'Asks': []}}
{'timestamp': 69546489807000, 'order': 'U: SUBBS000000014->SUBBS000000016:1@100448', 'book': {'Bids': [{'price': 100661, 'orders': [(b'SUBBB000000015', 1)]}], 'Asks': []}}
{'timestamp': 69546490232000, 'order': 'U: SUBBB000000015->SUBBB000000017:1@100248', 'book': {'Bids': [{'price': 100248, 'orders': [(b'SUBBB000000017', 1)]}], 'Asks': []}}
{'timestamp': 69546491650000, 'order': 'O: SUBBS000000018:S1xLPS     @100448', 'book': {'Bids': [{'price': 100248, 'orders': [(b'SUBBB000000017', 1)]}], 'Asks': [{'price': 100448, 'orders': [(b'SUBBS000000018', 1)]}]}}
{'timestamp': 69547209681000, 'order': 'U: SUBBS000000018->SUBBS000000019:1@99830', 'book': {'Bids': [], 'Asks': []}}
{'timestamp': 69547210660000, 'order': 'U: SUBBB000000017->SUBBB000000020:1@99630', 'book': {'Bids': [], 'Asks': []}}
{'timestamp': 69777987468000, 'order': 'H: 8290610522289614896:S', 'book': {'Bids': [], 'Asks': []}}
{'timestamp': 69921126426000, 'order': 'H: 14275420812431339568:S', 'book': {'Bids': [], 'Asks': []}}
{'timestamp': 69926867627000, 'order': 'O: SUB@S000000001:S1xLPS     @0', 'book': {'Bids': [], 'Asks': []}}
{'timestamp': 69927871642000, 'order': 'O: SUB@B000000002:B1xLPS     @214748', 'book': {'Bids': [], 'Asks': []}}
{'timestamp': 69928867257000, 'order': 'O: SUB@S000000003:S1xLPS     @0', 'book': {'Bids': [], 'Asks': []}}
{'timestamp': 69929866259000, 'order': 'O: SUB@B000000004:B1xLPS     @214748', 'book': {'Bids': [], 'Asks': []}}
{'timestamp': 69930872915000, 'order': 'O: SUB@S000000005:S1xLPS     @0', 'book': {'Bids': [], 'Asks': []}}
{'timestamp': 69931873415000, 'order': 'O: SUB@B000000006:B1xLPS     @214748', 'book': {'Bids': [], 'Asks': []}}
{'timestamp': 69932895912000, 'order': 'O: SUB@S000000007:S1xLPS     @0', 'book': {'Bids': [], 'Asks': []}}
{'timestamp': 72466514098000, 'order': 'H: 7763024058273247280:S', 'book': {'Bids': [], 'Asks': []}}
{'timestamp': 72472246756000, 'order': 'O: SUB@S000000001:S1xLPS     @0', 'book': {'Bids': [], 'Asks': []}}
{'timestamp': 72473248491000, 'order': 'O: SUB@B000000002:B1xLPS     @214748', 'book': {'Bids': [], 'Asks': []}}
{'timestamp': 72474261258000, 'order': 'O: SUB@S000000003:S1xLPS     @0', 'book': {'Bids': [], 'Asks': []}}
{'timestamp': 72651053025000, 'order': 'H: 7152469855574175792:S', 'book': {'Bids': [], 'Asks': []}}
{'timestamp': 72654125301000, 'order': 'O: SUBBB000000001:B1xLPS     @1000', 'book': {'Bids': [{'price': 1000, 'orders': [(b'SUBBB000000001', 1)]}], 'Asks': []}}
{'timestamp': 72654126043000, 'order': 'O: SUBBS000000002:S1xLPS     @1000', 'book': {'Bids': [], 'Asks': []}}
{'timestamp': 72655172248000, 'order': 'O: SUBBS000000003:S1xLPS     @1000', 'book': {'Bids': [], 'Asks': [{'price': 1000, 'orders': [(b'SUBBS000000003', 1)]}]}}
{'timestamp': 72655173212000, 'order': 'O: SUBBB000000004:B1xLPS     @1000', 'book': {'Bids': [], 'Asks': []}}
{'timestamp': 72656211250000, 'order': 'O: SUBBB000000005:B1xLPS     @1000', 'book': {'Bids': [{'price': 1000, 'orders': [(b'SUBBB000000005', 1)]}], 'Asks': []}}
{'timestamp': 72656211782000, 'order': 'O: SUBBS000000006:S1xLPS     @1000', 'book': {'Bids': [], 'Asks': []}}
{'timestamp': 72657257055000, 'order': 'O: SUBBS000000007:S1xLPS     @1000', 'book': {'Bids': [], 'Asks': [{'price': 1000, 'orders': [(b'SUBBS000000007', 1)]}]}}
{'timestamp': 72657257786000, 'order': 'O: SUBBB000000008:B1xLPS     @1000', 'book': {'Bids': [], 'Asks': []}}
{'timestamp': 72658303810000, 'order': 'O: SUB@S000000001:S1xLPS     @0', 'book': {'Bids': [], 'Asks': []}}
{'timestamp': 72658306516000, 'order': 'O: SUBBB000000009:B1xLPS     @1000', 'book': {'Bids': [{'price': 1000, 'orders': [(b'SUBBB000000009', 1)]}], 'Asks': []}}
{'timestamp': 72658307146000, 'order': 'O: SUBBS000000010:S1xLPS     @1000', 'book': {'Bids': [], 'Asks': []}}
{'timestamp': 72659352509000, 'order': 'O: SUB@B000000002:B1xLPS     @214748', 'book': {'Bids': [], 'Asks': []}}
{'timestamp': 72659353036000, 'order': 'O: SUBBS000000011:S1xLPS     @1000', 'book': {'Bids': [], 'Asks': [{'price': 1000, 'orders': [(b'SUBBS000000011', 1)]}]}}
{'timestamp': 72659353498000, 'order': 'O: SUBBB000000012:B1xLPS     @1000', 'book': {'Bids': [], 'Asks': []}}
