{'timestamp': 75374269751000, 'order': 'H: 7998609920766259248:S', 'book': {'Bids': [], 'Asks': []}}
{'timestamp': 75384974019000, 'order': 'O: SUB@S000000001:S1xLPS     @0', 'book': {'Bids': [], 'Asks': []}}
{'timestamp': 75394982859000, 'order': 'O: SUB@B000000002:B1xLPS     @214748', 'book': {'Bids': [], 'Asks': []}}
{'timestamp': 75404985018000, 'order': 'O: SUB@S000000003:S1xLPS     @0', 'book': {'Bids': [], 'Asks': []}}
{'timestamp': 75414985471000, 'order': 'O: SUB@B000000004:B1xLPS     @214748', 'book': {'Bids': [], 'Asks': []}}
{'timestamp': 75424994485000, 'order': 'O: SUB@S000000005:S1xLPS     @0', 'book': {'Bids': [], 'Asks': []}}
{'timestamp': 75435001566000, 'order': 'O: SUB@B000000006:B1xLPS     @214748', 'book': {'Bids': [], 'Asks': []}}
{'timestamp': 75548924586000, 'order': 'H: 1824903086296018992:S', 'book': {'Bids': [], 'Asks': []}}
{'timestamp': 75559676312000, 'order': 'O: SUB@S000000001:S1xLPS     @0', 'book': {'Bids': [], 'Asks': []}}
{'timestamp': 75569687245000, 'order': 'O: SUB@B000000002:B1xLPS     @214748', 'book': {'Bids': [], 'Asks': []}}
{'timestamp': 76055891398000, 'order': 'H: 2505758791164768304:S', 'book': {'Bids': [], 'Asks': []}}
{'timestamp': 76059109775000, 'order': 'O: SUBCB000000001:B1xLPS     @9000', 'book': {'Bids': [{'price': 9000, 'orders': [(b'SUBCB000000001', 1)]}], 'Asks': []}}
{'timestamp': 76059110288000, 'order': 'O: SUBCS000000002:S1xLPS     @11000', 'book': {'Bids': [{'price': 9000, 'orders': [(b'SUBCB000000001', 1)]}], 'Asks': [{'price': 11000, 'orders': [(b'SUBCS000000002', 1)]}]}}
{'timestamp': 76059968518000, 'order': 'U: SUBCB000000001->SUBCB000000003:1@9551', 'book': {'Bids': [{'price': 9551, 'orders': [(b'SUBCB000000003', 1)]}], 'Asks': [{'price': 11000, 'orders': [(b'SUBCS000000002', 1)]}]}}
{'timestamp': 76059969697000, 'order': 'U: SUBCS000000002->SUBCS000000004:1@10449', 'book': {'Bids': [{'price': 9551, 'orders': [(b'SUBCB000000003', 1)]}], 'Asks': [{'price': 10449, 'orders': [(b'SUBCS000000004', 1)]}]}}
{'timestamp': 76061000417000, 'order': 'U: SUBCB000000003->SUBCB000000005:1@9800', 'book': {'Bids': [{'price': 9800, 'orders': [(b'SUBCB000000005', 1)]}], 'Asks': [{'price': 10449, 'orders': [(b'SUBCS000000004', 1)]}]}}
{'timestamp': 76061001206000, 'order': 'U: SUBCS000000004->SUBCS000000006:1@10199', 'book': {'Bids': [{'price': 9800, 'orders': [(b'SUBCB000000005', 1)]}], 'Asks': [{'price': 10199, 'orders': [(b'SUBCS000000006', 1)]}]}}
{'timestamp': 76061891769000, 'order': 'U: SUBCB000000005->SUBCB000000007:1@9363', 'book': {'Bids': [{'price': 9363, 'orders': [(b'SUBCB000000007', 1)]}], 'Asks': [{'price': 10199, 'orders': [(b'SUBCS000000006', 1)]}]}}
{'timestamp': 76061892362000, 'order': 'U: SUBCS000000006->SUBCS000000008:1@10636', 'book': {'Bids': [{'price': 9363, 'orders': [(b'SUBCB000000007', 1)]}], 'Asks': [{'price': 10636, 'orders': [(b'SUBCS000000008', 1)]}]}}
{'timestamp': 76062393437000, 'order': 'U: SUBCS000000006->SUBCS000000009:1@15199', 'book': {'Bids': [{'price': 9363, 'orders': [(b'SUBCB000000007', 1)]}], 'Asks': [{'price': 10636, 'orders': [(b'SUBCS000000008', 1)]}]}}
{'timestamp': 76062393841000, 'order': 'U: SUBCB000000005->SUBCB000000010:1@14800', 'book': {'Bids': [{'price': 9363, 'orders': [(b'SUBCB000000007', 1)]}], 'Asks': [{'price': 10636, 'orders': [(b'SUBCS000000008', 1)]}]}}
{'timestamp': 76064163893000, 'order': 'O: SUBBB000000001:B1xLPS     @14000', 'book': {'Bids': [{'price': 9363, 'orders': [(b'SUBCB000000007', 1)]}], 'Asks': []}}
{'timestamp': 76064164562000, 'order': 'O: SUBBS000000002:S1xLPS     @16000', 'book': {'Bids': [{'price': 9363, 'orders': [(b'SUBCB000000007', 1)]}], 'Asks': [{'price': 16000, 'orders': [(b'SUBBS000000002', 1)]}]}}
{'timestamp': 76065199515000, 'order': 'O: SUBBB000000003:B1xLPS     @14000', 'book': {'Bids': [{'price': 14000, 'orders': [(b'SUBBB000000003', 1)]}, {'price': 9363, 'orders': [(b'SUBCB000000007', 1)]}], 'Asks': [{'price': 16000, 'orders': [(b'SUBBS000000002', 1)]}]}}
{'timestamp': 76065200222000, 'order': 'O: SUBCS000000011:S1xLPS     @15636', 'book': {'Bids': [{'price': 14000, 'orders': [(b'SUBBB000000003', 1)]}, {'price': 9363, 'orders': [(b'SUBCB000000007', 1)]}], 'Asks': [{'price': 15636, 'orders': [(b'SUBCS000000011', 1)]}, {'price': 16000, 'orders': [(b'SUBBS000000002', 1)]}]}}
{'timestamp': 76065754634000, 'order': 'U: SUBBS000000002->SUBBS000000004:1@15381', 'book': {'Bids': [{'price': 14000, 'orders': [(b'SUBBB000000003', 1)]}, {'price': 9363, 'orders': [(b'SUBCB000000007', 1)]}], 'Asks': [{'price': 15381, 'orders': [(b'SUBBS000000004', 1)]}, {'price': 15636, 'orders': [(b'SUBCS000000011', 1)]}]}}
{'timestamp': 76065755552000, 'order': 'U: SUBBB000000003->SUBBB000000005:1@14618', 'book': {'Bids': [{'price': 14618, 'orders': [(b'SUBBB000000005', 1)]}, {'price': 9363, 'orders': [(b'SUBCB000000007', 1)]}], 'Asks': [{'price': 15381, 'orders': [(b'SUBBS000000004', 1)]}, {'price': 15636, 'orders': [(b'SUBCS000000011', 1)]}]}}
{'timestamp': 76065756380000, 'order': 'U: SUBBS000000002->SUBBS000000006:1@15414', 'book': {'Bids': [{'price': 14618, 'orders': [(b'SUBBB000000005', 1)]}, {'price': 9363, 'orders': [(b'SUBCB000000007', 1)]}], 'Asks': [{'price': 15381, 'orders': [(b'SUBBS000000004', 1)]}, {'price': 15636, 'orders': [(b'SUBCS000000011', 1)]}]}}
{'timestamp': 76065756784000, 'order': 'U: SUBBB000000003->SUBBB000000007:1@14586', 'book': {'Bids': [{'price': 14618, 'orders': [(b'SUBBB000000005', 1)]}, {'price': 9363, 'orders': [(b'SUBCB000000007', 1)]}], 'Asks': [{'price': 15381, 'orders': [(b'SUBBS000000004', 1)]}, {'price': 15636, 'orders': [(b'SUBCS000000011', 1)]}]}}
{'timestamp': 76066880856000, 'order': 'O: SUB@S000000001:S1xLPS     @0', 'book': {'Bids': [{'price': 9363, 'orders': [(b'SUBCB000000007', 1)]}], 'Asks': [{'price': 15381, 'orders': [(b'SUBBS000000004', 1)]}, {'price': 15636, 'orders': [(b'SUBCS000000011', 1)]}]}}
{'timestamp': 76067395566000, 'order': 'O: SUBBB000000008:B1xLPS     @14586', 'book': {'Bids': [{'price': 14586, 'orders': [(b'SUBBB000000008', 1)]}, {'price': 9363, 'orders': [(b'SUBCB000000007', 1)]}], 'Asks': [{'price': 15381, 'orders': [(b'SUBBS000000004', 1)]}, {'price': 15636, 'orders': [(b'SUBCS000000011', 1)]}]}}
{'timestamp': 76072004658000, 'order': 'O: SUBAB000000001:B1xLPS     @18000', 'book': {'Bids': [{'price': 14586, 'orders': [(b'SUBBB000000008', 1)]}, {'price': 9363, 'orders': [(b'SUBCB000000007', 1)]}], 'Asks': [{'price': 15636, 'orders': [(b'SUBCS000000011', 1)]}]}}
{'timestamp': 76072526539000, 'order': 'U: SUBCS000000011->SUBCS000000012:1@18636', 'book': {'Bids': [{'price': 14586, 'orders': [(b'SUBBB000000008', 1)]}, {'price': 9363, 'orders': [(b'SUBCB000000007', 1)]}], 'Asks': [{'price': 18636, 'orders': [(b'SUBCS000000012', 1)]}]}}
{'timestamp': 76072527392000, 'order': 'U: SUBCB000000007->SUBCB000000013:1@17363', 'book': {'Bids': [{'price': 17363, 'orders': [(b'SUBCB000000013', 1)]}, {'price': 14586, 'orders': [(b'SUBBB000000008', 1)]}], 'Asks': [{'price': 18636, 'orders': [(b'SUBCS000000012', 1)]}]}}
{'timestamp': 76072528795000, 'order': 'U: SUBBS000000004->SUBBS000000009:1@18414', 'book': {'Bids': [{'price': 17363, 'orders': [(b'SUBCB000000013', 1)]}, {'price': 14586, 'orders': [(b'SUBBB000000008', 1)]}], 'Asks': [{'price': 18636, 'orders': [(b'SUBCS000000012', 1)]}]}}
{'timestamp': 76072529073000, 'order': 'U: SUBBB000000008->SUBBB000000010:1@17586', 'book': {'Bids': [{'price': 17586, 'orders': [(b'SUBBB000000010', 1)]}, {'price': 17363, 'orders': [(b'SUBCB000000013', 1)]}], 'Asks': [{'price': 18636, 'orders': [(b'SUBCS000000012', 1)]}]}}
{'timestamp': 76072529502000, 'order': 'O: SUBBS000000011:S1xLPS     @18414', 'book': {'Bids': [{'price': 17586, 'orders': [(b'SUBBB000000010', 1)]}, {'price': 17363, 'orders': [(b'SUBCB000000013', 1)]}], 'Asks': [{'price': 18414, 'orders': [(b'SUBBS000000011', 1)]}, {'price': 18636, 'orders': [(b'SUBCS000000012', 1)]}]}}
{'timestamp': 76073053807000, 'order': 'U: SUBBB000000010->SUBBB000000012:1@17781', 'book': {'Bids': [{'price': 17781, 'orders': [(b'SUBBB000000012', 1)]}, {'price': 17363, 'orders': [(b'SUBCB000000013', 1)]}], 'Asks': [{'price': 18414, 'orders': [(b'SUBBS000000011', 1)]}, {'price': 18636, 'orders': [(b'SUBCS000000012', 1)]}]}}
{'timestamp': 76075166820000, 'order': 'U: SUBBS000000011->SUBBS000000013:1@18055', 'book': {'Bids': [{'price': 17781, 'orders': [(b'SUBBB000000012', 1)]}, {'price': 17363, 'orders': [(b'SUBCB000000013', 1)]}], 'Asks': [{'price': 18055, 'orders': [(b'SUBBS000000013', 1)]}, {'price': 18636, 'orders': [(b'SUBCS000000012', 1)]}]}}
{'timestamp': 76075167404000, 'order': 'U: SUBBB000000012->SUBBB000000014:1@17944', 'book': {'Bids': [{'price': 17944, 'orders': [(b'SUBBB000000014', 1)]}, {'price': 17363, 'orders': [(b'SUBCB000000013', 1)]}], 'Asks': [{'price': 18055, 'orders': [(b'SUBBS000000013', 1)]}, {'price': 18636, 'orders': [(b'SUBCS000000012', 1)]}]}}
{'timestamp': 76076878838000, 'order': 'O: SUB@B000000002:B1xLPS     @214748', 'book': {'Bids': [{'price': 17944, 'orders': [(b'SUBBB000000014', 1)]}, {'price': 17363, 'orders': [(b'SUBCB000000013', 1)]}], 'Asks': [{'price': 18636, 'orders': [(b'SUBCS000000012', 1)]}]}}
{'timestamp': 76077391511000, 'order': 'O: SUBBS000000015:S1xLPS     @18055', 'book': {'Bids': [{'price': 17944, 'orders': [(b'SUBBB000000014', 1)]}, {'price': 17363, 'orders': [(b'SUBCB000000013', 1)]}], 'Asks': [{'price': 18055, 'orders': [(b'SUBBS000000015', 1)]}, {'price': 18636, 'orders': [(b'SUBCS000000012', 1)]}]}}
{'timestamp': 76078725042000, 'order': 'U: SUBCS000000012->SUBCS000000014:1@18308', 'book': {'Bids': [{'price': 17944, 'orders': [(b'SUBBB000000014', 1)]}, {'price': 17363, 'orders': [(b'SUBCB000000013', 1)]}], 'Asks': [{'price': 18055, 'orders': [(b'SUBBS000000015', 1)]}, {'price': 18308, 'orders': [(b'SUBCS000000014', 1)]}]}}
{'timestamp': 76078725623000, 'order': 'U: SUBCB000000013->SUBCB000000015:1@17692', 'book': {'Bids': [{'price': 17944, 'orders': [(b'SUBBB000000014', 1)]}, {'price': 17692, 'orders': [(b'SUBCB000000015', 1)]}], 'Asks': [{'price': 18055, 'orders': [(b'SUBBS000000015', 1)]}, {'price': 18308, 'orders': [(b'SUBCS000000014', 1)]}]}}
{'timestamp': 76082009391000, 'order': 'O: SUBAB000000002:B1xLPS     @21000', 'book': {'Bids': [{'price': 17944, 'orders': [(b'SUBBB000000014', 1)]}, {'price': 17692, 'orders': [(b'SUBCB000000015', 1)]}], 'Asks': [{'price': 18308, 'orders': [(b'SUBCS000000014', 1)]}]}}
{'timestamp': 76082531049000, 'order': 'U: SUBBS000000015->SUBBS000000016:1@21055', 'book': {'Bids': [{'price': 17944, 'orders': [(b'SUBBB000000014', 1)]}, {'price': 17692, 'orders': [(b'SUBCB000000015', 1)]}], 'Asks': [{'price': 18308, 'orders': [(b'SUBCS000000014', 1)]}]}}
{'timestamp': 76082531445000, 'order': 'U: SUBBB000000014->SUBBB000000017:1@20944', 'book': {'Bids': [{'price': 17692, 'orders': [(b'SUBCB000000015', 1)]}], 'Asks': []}}
{'timestamp': 76082532862000, 'order': 'U: SUBCS000000014->SUBCS000000016:1@21308', 'book': {'Bids': [{'price': 17692, 'orders': [(b'SUBCB000000015', 1)]}], 'Asks': []}}
{'timestamp': 76082533155000, 'order': 'U: SUBCB000000015->SUBCB000000017:1@20692', 'book': {'Bids': [{'price': 20692, 'orders': [(b'SUBCB000000017', 1)]}], 'Asks': []}}
{'timestamp': 76082533627000, 'order': 'O: SUBBS000000018:S1xLPS     @21055', 'book': {'Bids': [{'price': 20692, 'orders': [(b'SUBCB000000017', 1)]}], 'Asks': [{'price': 21055, 'orders': [(b'SUBBS000000018', 1)]}]}}
{'timestamp': 76083573614000, 'order': 'O: SUBBB000000019:B1xLPS     @20944', 'book': {'Bids': [{'price': 20944, 'orders': [(b'SUBBB000000019', 1)]}, {'price': 20692, 'orders': [(b'SUBCB000000017', 1)]}], 'Asks': [{'price': 21055, 'orders': [(b'SUBBS000000018', 1)]}]}}
{'timestamp': 76083574256000, 'order': 'O: SUBCS000000018:S1xLPS     @21308', 'book': {'Bids': [{'price': 20944, 'orders': [(b'SUBBB000000019', 1)]}, {'price': 20692, 'orders': [(b'SUBCB000000017', 1)]}], 'Asks': [{'price': 21055, 'orders': [(b'SUBBS000000018', 1)]}, {'price': 21308, 'orders': [(b'SUBCS000000018', 1)]}]}}
{'timestamp': 76086886245000, 'order': 'O: SUB@S000000003:S1xLPS     @0', 'book': {'Bids': [{'price': 20692, 'orders': [(b'SUBCB000000017', 1)]}], 'Asks': [{'price': 21055, 'orders': [(b'SUBBS000000018', 1)]}, {'price': 21308, 'orders': [(b'SUBCS000000018', 1)]}]}}
{'timestamp': 76087401006000, 'order': 'O: SUBBB000000020:B1xLPS     @20944', 'book': {'Bids': [{'price': 20944, 'orders': [(b'SUBBB000000020', 1)]}, {'price': 20692, 'orders': [(b'SUBCB000000017', 1)]}], 'Asks': [{'price': 21055, 'orders': [(b'SUBBS000000018', 1)]}, {'price': 21308, 'orders': [(b'SUBCS000000018', 1)]}]}}
{'timestamp': 76092009916000, 'order': 'O: SUBAS000000003:S1xLPS     @16000', 'book': {'Bids': [{'price': 20692, 'orders': [(b'SUBCB000000017', 1)]}], 'Asks': [{'price': 21055, 'orders': [(b'SUBBS000000018', 1)]}, {'price': 21308, 'orders': [(b'SUBCS000000018', 1)]}]}}
{'timestamp': 76092532427000, 'order': 'U: SUBBB000000020->SUBBB000000021:1@15944', 'book': {'Bids': [{'price': 20692, 'orders': [(b'SUBCB000000017', 1)]}], 'Asks': [{'price': 21055, 'orders': [(b'SUBBS000000018', 1)]}, {'price': 21308, 'orders': [(b'SUBCS000000018', 1)]}]}}
{'timestamp': 76092532846000, 'order': 'U: SUBBS000000018->SUBBS000000022:1@16055', 'book': {'Bids': [], 'Asks': [{'price': 21308, 'orders': [(b'SUBCS000000018', 1)]}]}}
{'timestamp': 76092534255000, 'order': 'U: SUBCB000000017->SUBCB000000019:1@15692', 'book': {'Bids': [], 'Asks': [{'price': 21308, 'orders': [(b'SUBCS000000018', 1)]}]}}
{'timestamp': 76092534510000, 'order': 'U: SUBCS000000018->SUBCS000000020:1@16308', 'book': {'Bids': [], 'Asks': [{'price': 16308, 'orders': [(b'SUBCS000000020', 1)]}]}}
{'timestamp': 76092535018000, 'order': 'O: SUBBB000000023:B1xLPS     @15944', 'book': {'Bids': [{'price': 15944, 'orders': [(b'SUBBB000000023', 1)]}], 'Asks': [{'price': 16308, 'orders': [(b'SUBCS000000020', 1)]}]}}
{'timestamp': 76093566415000, 'order': 'O: SUBBS000000024:S1xLPS     @16055', 'book': {'Bids': [{'price': 15944, 'orders': [(b'SUBBB000000023', 1)]}], 'Asks': [{'price': 16055, 'orders': [(b'SUBBS000000024', 1)]}, {'price': 16308, 'orders': [(b'SUBCS000000020', 1)]}]}}
{'timestamp': 76093566940000, 'order': 'O: SUBCB000000021:B1xLPS     @15692', 'book': {'Bids': [{'price': 15944, 'orders': [(b'SUBBB000000023', 1)]}, {'price': 15692, 'orders': [(b'SUBCB000000021', 1)]}], 'Asks': [{'price': 16055, 'orders': [(b'SUBBS000000024', 1)]}, {'price': 16308, 'orders': [(b'SUBCS000000020', 1)]}]}}
{'timestamp': 76096879591000, 'order': 'O: SUB@B000000004:B1xLPS     @214748', 'book': {'Bids': [{'price': 15944, 'orders': [(b'SUBBB000000023', 1)]}, {'price': 15692, 'orders': [(b'SUBCB000000021', 1)]}], 'Asks': [{'price': 16308, 'orders': [(b'SUBCS000000020', 1)]}]}}
{'timestamp': 76097391287000, 'order': 'O: SUBBS000000025:S1xLPS     @16055', 'book': {'Bids': [{'price': 15944, 'orders': [(b'SUBBB000000023', 1)]}, {'price': 15692, 'orders': [(b'SUBCB000000021', 1)]}], 'Asks': [{'price': 16055, 'orders': [(b'SUBBS000000025', 1)]}, {'price': 16308, 'orders': [(b'SUBCS000000020', 1)]}]}}
{'timestamp': 76102023612000, 'order': 'O: SUBAB000000004:B1xLPS     @22000', 'book': {'Bids': [{'price': 15944, 'orders': [(b'SUBBB000000023', 1)]}, {'price': 15692, 'orders': [(b'SUBCB000000021', 1)]}], 'Asks': [{'price': 16308, 'orders': [(b'SUBCS000000020', 1)]}]}}
{'timestamp': 76102545950000, 'order': 'U: SUBCS000000020->SUBCS000000022:1@22308', 'book': {'Bids': [{'price': 15944, 'orders': [(b'SUBBB000000023', 1)]}, {'price': 15692, 'orders': [(b'SUBCB000000021', 1)]}], 'Asks': [{'price': 22308, 'orders': [(b'SUBCS000000022', 1)]}]}}
{'timestamp': 76102546518000, 'order': 'U: SUBCB000000021->SUBCB000000023:1@21692', 'book': {'Bids': [{'price': 21692, 'orders': [(b'SUBCB000000023', 1)]}, {'price': 15944, 'orders': [(b'SUBBB000000023', 1)]}], 'Asks': [{'price': 22308, 'orders': [(b'SUBCS000000022', 1)]}]}}
{'timestamp': 76102548029000, 'order': 'U: SUBBS000000025->SUBBS000000026:1@22055', 'book': {'Bids': [{'price': 21692, 'orders': [(b'SUBCB000000023', 1)]}, {'price': 15944, 'orders': [(b'SUBBB000000023', 1)]}], 'Asks': [{'price': 22308, 'orders': [(b'SUBCS000000022', 1)]}]}}
{'timestamp': 76102548334000, 'order': 'U: SUBBB000000023->SUBBB000000027:1@21944', 'book': {'Bids': [{'price': 21944, 'orders': [(b'SUBBB000000027', 1)]}, {'price': 21692, 'orders': [(b'SUBCB000000023', 1)]}], 'Asks': [{'price': 22308, 'orders': [(b'SUBCS000000022', 1)]}]}}
{'timestamp': 76102548810000, 'order': 'O: SUBBS000000028:S1xLPS     @22055', 'book': {'Bids': [{'price': 21944, 'orders': [(b'SUBBB000000027', 1)]}, {'price': 21692, 'orders': [(b'SUBCB000000023', 1)]}], 'Asks': [{'price': 22055, 'orders': [(b'SUBBS000000028', 1)]}, {'price': 22308, 'orders': [(b'SUBCS000000022', 1)]}]}}
{'timestamp': 76106894873000, 'order': 'O: SUB@S000000005:S1xLPS     @0', 'book': {'Bids': [{'price': 21692, 'orders': [(b'SUBCB000000023', 1)]}], 'Asks': [{'price': 22055, 'orders': [(b'SUBBS000000028', 1)]}, {'price': 22308, 'orders': [(b'SUBCS000000022', 1)]}]}}
{'timestamp': 76107408220000, 'order': 'O: SUBBB000000029:B1xLPS     @21944', 'book': {'Bids': [{'price': 21944, 'orders': [(b'SUBBB000000029', 1)]}, {'price': 21692, 'orders': [(b'SUBCB000000023', 1)]}], 'Asks': [{'price': 22055, 'orders': [(b'SUBBS000000028', 1)]}, {'price': 22308, 'orders': [(b'SUBCS000000022', 1)]}]}}
{'timestamp': 76112026577000, 'order': 'O: SUBAS000000005:S1xLPS     @17000', 'book': {'Bids': [{'price': 21692, 'orders': [(b'SUBCB000000023', 1)]}], 'Asks': [{'price': 22055, 'orders': [(b'SUBBS000000028', 1)]}, {'price': 22308, 'orders': [(b'SUBCS000000022', 1)]}]}}
{'timestamp': 76112550651000, 'order': 'U: SUBCB000000023->SUBCB000000024:1@16692', 'book': {'Bids': [{'price': 16692, 'orders': [(b'SUBCB000000024', 1)]}], 'Asks': [{'price': 22055, 'orders': [(b'SUBBS000000028', 1)]}, {'price': 22308, 'orders': [(b'SUBCS000000022', 1)]}]}}
{'timestamp': 76112551488000, 'order': 'U: SUBCS000000022->SUBCS000000025:1@17308', 'book': {'Bids': [{'price': 16692, 'orders': [(b'SUBCB000000024', 1)]}], 'Asks': [{'price': 17308, 'orders': [(b'SUBCS000000025', 1)]}, {'price': 22055, 'orders': [(b'SUBBS000000028', 1)]}]}}
{'timestamp': 76112552925000, 'order': 'U: SUBBB000000029->SUBBB000000030:1@16944', 'book': {'Bids': [{'price': 16692, 'orders': [(b'SUBCB000000024', 1)]}], 'Asks': [{'price': 17308, 'orders': [(b'SUBCS000000025', 1)]}, {'price': 22055, 'orders': [(b'SUBBS000000028', 1)]}]}}
{'timestamp': 76112553354000, 'order': 'U: SUBBS000000028->SUBBS000000031:1@17055', 'book': {'Bids': [{'price': 16692, 'orders': [(b'SUBCB000000024', 1)]}], 'Asks': [{'price': 17055, 'orders': [(b'SUBBS000000031', 1)]}, {'price': 17308, 'orders': [(b'SUBCS000000025', 1)]}]}}
{'timestamp': 76112554032000, 'order': 'O: SUBBB000000032:B1xLPS     @16944', 'book': {'Bids': [{'price': 16944, 'orders': [(b'SUBBB000000032', 1)]}, {'price': 16692, 'orders': [(b'SUBCB000000024', 1)]}], 'Asks': [{'price': 17055, 'orders': [(b'SUBBS000000031', 1)]}, {'price': 17308, 'orders': [(b'SUBCS000000025', 1)]}]}}
{'timestamp': 76116891298000, 'order': 'O: SUB@B000000006:B1xLPS     @214748', 'book': {'Bids': [{'price': 16944, 'orders': [(b'SUBBB000000032', 1)]}, {'price': 16692, 'orders': [(b'SUBCB000000024', 1)]}], 'Asks': [{'price': 17308, 'orders': [(b'SUBCS000000025', 1)]}]}}
{'timestamp': 76117402617000, 'order': 'O: SUBBS000000033:S1xLPS     @17055', 'book': {'Bids': [{'price': 16944, 'orders': [(b'SUBBB000000032', 1)]}, {'price': 16692, 'orders': [(b'SUBCB000000024', 1)]}], 'Asks': [{'price': 17055, 'orders': [(b'SUBBS000000033', 1)]}, {'price': 17308, 'orders': [(b'SUBCS000000025', 1)]}]}}
{'timestamp': 76840779424000, 'order': 'H: 16287403155685126192:S', 'book': {'Bids': [], 'Asks': []}}
{'timestamp': 76844591223000, 'order': 'O: SUBCB000000001:B1xLPS     @9000', 'book': {'Bids': [{'price': 9000, 'orders': [(b'SUBCB000000001', 1)]}], 'Asks': []}}
{'timestamp': 76844591801000, 'order': 'O: SUBCS000000002:S1xLPS     @11000', 'book': {'Bids': [{'price': 9000, 'orders': [(b'SUBCB000000001', 1)]}], 'Asks': [{'price': 11000, 'orders': [(b'SUBCS000000002', 1)]}]}}
{'timestamp': 76845984754000, 'order': 'U: SUBCB000000001->SUBCB000000003:1@9602', 'book': {'Bids': [{'price': 9602, 'orders': [(b'SUBCB000000003', 1)]}], 'Asks': [{'price': 11000, 'orders': [(b'SUBCS000000002', 1)]}]}}
{'timestamp': 76845985381000, 'order': 'U: SUBCS000000002->SUBCS000000004:1@10397', 'book': {'Bids': [{'price': 9602, 'orders': [(b'SUBCB000000003', 1)]}], 'Asks': [{'price': 10397, 'orders': [(b'SUBCS000000004', 1)]}]}}
{'timestamp': 76846964371000, 'order': 'U: SUBCS000000004->SUBCS000000005:1@15397', 'book': {'Bids': [{'price': 9602, 'orders': [(b'SUBCB000000003', 1)]}], 'Asks': [{'price': 15397, 'orders': [(b'SUBCS000000005', 1)]}]}}
{'timestamp': 76846965050000, 'order': 'U: SUBCB000000003->SUBCB000000006:1@14602', 'book': {'Bids': [{'price': 14602, 'orders': [(b'SUBCB000000006', 1)]}], 'Asks': [{'price': 15397, 'orders': [(b'SUBCS000000005', 1)]}]}}
{'timestamp': 76849244819000, 'order': 'O: SUBBB000000001:B1xLPS     @14000', 'book': {'Bids': [{'price': 14602, 'orders': [(b'SUBCB000000006', 1)]}, {'price': 14000, 'orders': [(b'SUBBB000000001', 1)]}], 'Asks': [{'price': 15397, 'orders': [(b'SUBCS000000005', 1)]}]}}
{'timestamp': 76849246383000, 'order': 'O: SUBBS000000002:S1xLPS     @16000', 'book': {'Bids': [{'price': 14602, 'orders': [(b'SUBCB000000006', 1)]}, {'price': 14000, 'orders': [(b'SUBBB000000001', 1)]}], 'Asks': [{'price': 15397, 'orders': [(b'SUBCS000000005', 1)]}, {'price': 16000, 'orders': [(b'SUBBS000000002', 1)]}]}}
{'timestamp': 76851446943000, 'order': 'O: SUB@S000000001:S1xLPS     @0', 'book': {'Bids': [{'price': 14000, 'orders': [(b'SUBBB000000001', 1)]}], 'Asks': [{'price': 15397, 'orders': [(b'SUBCS000000005', 1)]}, {'price': 16000, 'orders': [(b'SUBBS000000002', 1)]}]}}
{'timestamp': 76851959922000, 'order': 'O: SUBCB000000007:B1xLPS     @14602', 'book': {'Bids': [{'price': 14602, 'orders': [(b'SUBCB000000007', 1)]}, {'price': 14000, 'orders': [(b'SUBBB000000001', 1)]}], 'Asks': [{'price': 15397, 'orders': [(b'SUBCS000000005', 1)]}, {'price': 16000, 'orders': [(b'SUBBS000000002', 1)]}]}}
{'timestamp': 76856567534000, 'order': 'U: SUBBS000000002->SUBBS000000003:1@18112', 'book': {'Bids': [{'price': 14602, 'orders': [(b'SUBCB000000007', 1)]}, {'price': 14000, 'orders': [(b'SUBBB000000001', 1)]}], 'Asks': [{'price': 15397, 'orders': [(b'SUBCS000000005', 1)]}, {'price': 18112, 'orders': [(b'SUBBS000000003', 1)]}]}}
{'timestamp': 76856568387000, 'order': 'U: SUBBB000000001->SUBBB000000004:1@17887', 'book': {'Bids': [{'price': 14602, 'orders': [(b'SUBCB000000007', 1)]}], 'Asks': [{'price': 18112, 'orders': [(b'SUBBS000000003', 1)]}]}}
{'timestamp': 76856569818000, 'order': 'O: SUBAB000000001:B1xLPS     @18000', 'book': {'Bids': [{'price': 14602, 'orders': [(b'SUBCB000000007', 1)]}], 'Asks': [{'price': 18112, 'orders': [(b'SUBBS000000003', 1)]}]}}
{'timestamp': 76857205437000, 'order': 'O: SUBBB000000005:B1xLPS     @17887', 'book': {'Bids': [{'price': 17887, 'orders': [(b'SUBBB000000005', 1)]}, {'price': 14602, 'orders': [(b'SUBCB000000007', 1)]}], 'Asks': [{'price': 18112, 'orders': [(b'SUBBS000000003', 1)]}]}}
{'timestamp': 76857205882000, 'order': 'U: SUBCS000000005->SUBCS000000008:1@18397', 'book': {'Bids': [{'price': 17887, 'orders': [(b'SUBBB000000005', 1)]}, {'price': 14602, 'orders': [(b'SUBCB000000007', 1)]}], 'Asks': [{'price': 18112, 'orders': [(b'SUBBS000000003', 1)]}]}}
{'timestamp': 76857207324000, 'order': 'U: SUBCB000000007->SUBCB000000009:1@17602', 'book': {'Bids': [{'price': 17887, 'orders': [(b'SUBBB000000005', 1)]}, {'price': 17602, 'orders': [(b'SUBCB000000009', 1)]}], 'Asks': [{'price': 18112, 'orders': [(b'SUBBS000000003', 1)]}]}}
{'timestamp': 76857208014000, 'order': 'O: SUBCS000000010:S1xLPS     @18397', 'book': {'Bids': [{'price': 17887, 'orders': [(b'SUBBB000000005', 1)]}, {'price': 17602, 'orders': [(b'SUBCB000000009', 1)]}], 'Asks': [{'price': 18112, 'orders': [(b'SUBBS000000003', 1)]}, {'price': 18397, 'orders': [(b'SUBCS000000010', 1)]}]}}
{'timestamp': 76861444600000, 'order': 'O: SUB@B000000002:B1xLPS     @214748', 'book': {'Bids': [{'price': 17887, 'orders': [(b'SUBBB000000005', 1)]}, {'price': 17602, 'orders': [(b'SUBCB000000009', 1)]}], 'Asks': [{'price': 18397, 'orders': [(b'SUBCS000000010', 1)]}]}}
{'timestamp': 76861559769000, 'order': 'O: SUBBS000000006:S1xLPS     @18112', 'book': {'Bids': [{'price': 17887, 'orders': [(b'SUBBB000000005', 1)]}, {'price': 17602, 'orders': [(b'SUBCB000000009', 1)]}], 'Asks': [{'price': 18112, 'orders': [(b'SUBBS000000006', 1)]}, {'price': 18397, 'orders': [(b'SUBCS000000010', 1)]}]}}
{'timestamp': 76866576320000, 'order': 'U: SUBBS000000006->SUBBS000000007:1@21112', 'book': {'Bids': [{'price': 17887, 'orders': [(b'SUBBB000000005', 1)]}, {'price': 17602, 'orders': [(b'SUBCB000000009', 1)]}], 'Asks': [{'price': 18397, 'orders': [(b'SUBCS000000010', 1)]}, {'price': 21112, 'orders': [(b'SUBBS000000007', 1)]}]}}
{'timestamp': 76866576949000, 'order': 'U: SUBBB000000005->SUBBB000000008:1@20887', 'book': {'Bids': [{'price': 17602, 'orders': [(b'SUBCB000000009', 1)]}], 'Asks': [{'price': 21112, 'orders': [(b'SUBBS000000007', 1)]}]}}
{'timestamp': 76866578094000, 'order': 'O: SUBAB000000002:B1xLPS     @21000', 'book': {'Bids': [{'price': 17602, 'orders': [(b'SUBCB000000009', 1)]}], 'Asks': [{'price': 21112, 'orders': [(b'SUBBS000000007', 1)]}]}}
{'timestamp': 76867212020000, 'order': 'O: SUBBB000000009:B1xLPS     @20887', 'book': {'Bids': [{'price': 20887, 'orders': [(b'SUBBB000000009', 1)]}, {'price': 17602, 'orders': [(b'SUBCB000000009', 1)]}], 'Asks': [{'price': 21112, 'orders': [(b'SUBBS000000007', 1)]}]}}
{'timestamp': 76867212482000, 'order': 'U: SUBCS000000010->SUBCS000000011:1@21397', 'book': {'Bids': [{'price': 20887, 'orders': [(b'SUBBB000000009', 1)]}, {'price': 17602, 'orders': [(b'SUBCB000000009', 1)]}], 'Asks': [{'price': 21112, 'orders': [(b'SUBBS000000007', 1)]}]}}
{'timestamp': 76867213879000, 'order': 'U: SUBCB000000009->SUBCB000000012:1@20602', 'book': {'Bids': [{'price': 20887, 'orders': [(b'SUBBB000000009', 1)]}, {'price': 20602, 'orders': [(b'SUBCB000000012', 1)]}], 'Asks': [{'price': 21112, 'orders': [(b'SUBBS000000007', 1)]}]}}
{'timestamp': 76867215276000, 'order': 'O: SUBCS000000013:S1xLPS     @21397', 'book': {'Bids': [{'price': 20887, 'orders': [(b'SUBBB000000009', 1)]}, {'price': 20602, 'orders': [(b'SUBCB000000012', 1)]}], 'Asks': [{'price': 21112, 'orders': [(b'SUBBS000000007', 1)]}, {'price': 21397, 'orders': [(b'SUBCS000000013', 1)]}]}}
{'timestamp': 76871451339000, 'order': 'O: SUB@S000000003:S1xLPS     @0', 'book': {'Bids': [{'price': 20602, 'orders': [(b'SUBCB000000012', 1)]}], 'Asks': [{'price': 21112, 'orders': [(b'SUBBS000000007', 1)]}, {'price': 21397, 'orders': [(b'SUBCS000000013', 1)]}]}}
{'timestamp': 76871561154000, 'order': 'O: SUBBB000000010:B1xLPS     @20887', 'book': {'Bids': [{'price': 20887, 'orders': [(b'SUBBB000000010', 1)]}, {'price': 20602, 'orders': [(b'SUBCB000000012', 1)]}], 'Asks': [{'price': 21112, 'orders': [(b'SUBBS000000007', 1)]}, {'price': 21397, 'orders': [(b'SUBCS000000013', 1)]}]}}
{'timestamp': 76872380481000, 'order': 'U: SUBCB000000012->SUBCB000000014:1@20944', 'book': {'Bids': [{'price': 20944, 'orders': [(b'SUBCB000000014', 1)]}, {'price': 20887, 'orders': [(b'SUBBB000000010', 1)]}], 'Asks': [{'price': 21112, 'orders': [(b'SUBBS000000007', 1)]}, {'price': 21397, 'orders': [(b'SUBCS000000013', 1)]}]}}
{'timestamp': 76872381413000, 'order': 'U: SUBCS000000013->SUBCS000000015:1@21055', 'book': {'Bids': [{'price': 20944, 'orders': [(b'SUBCB000000014', 1)]}, {'price': 20887, 'orders': [(b'SUBBB000000010', 1)]}], 'Asks': [{'price': 21055, 'orders': [(b'SUBCS000000015', 1)]}, {'price': 21112, 'orders': [(b'SUBBS000000007', 1)]}]}}
{'timestamp': 76876578132000, 'order': 'O: SUBAS000000003:S1xLPS     @16000', 'book': {'Bids': [{'price': 20887, 'orders': [(b'SUBBB000000010', 1)]}], 'Asks': [{'price': 21055, 'orders': [(b'SUBCS000000015', 1)]}, {'price': 21112, 'orders': [(b'SUBBS000000007', 1)]}]}}
{'timestamp': 76876578712000, 'order': 'U: SUBBB000000010->SUBBB000000011:1@15887', 'book': {'Bids': [{'price': 15887, 'orders': [(b'SUBBB000000011', 1)]}], 'Asks': [{'price': 21055, 'orders': [(b'SUBCS000000015', 1)]}, {'price': 21112, 'orders': [(b'SUBBS000000007', 1)]}]}}
{'timestamp': 76876580154000, 'order': 'U: SUBBS000000007->SUBBS000000012:1@16112', 'book': {'Bids': [{'price': 15887, 'orders': [(b'SUBBB000000011', 1)]}], 'Asks': [{'price': 16112, 'orders': [(b'SUBBS000000012', 1)]}, {'price': 21055, 'orders': [(b'SUBCS000000015', 1)]}]}}
{'timestamp': 76877107213000, 'order': 'U: SUBCB000000014->SUBCB000000016:1@15944', 'book': {'Bids': [{'price': 15887, 'orders': [(b'SUBBB000000011', 1)]}], 'Asks': [{'price': 16112, 'orders': [(b'SUBBS000000012', 1)]}, {'price': 21055, 'orders': [(b'SUBCS000000015', 1)]}]}}
{'timestamp': 76877107564000, 'order': 'U: SUBCS000000015->SUBCS000000017:1@16055', 'book': {'Bids': [{'price': 15887, 'orders': [(b'SUBBB000000011', 1)]}], 'Asks': [{'price': 16055, 'orders': [(b'SUBCS000000017', 1)]}, {'price': 16112, 'orders': [(b'SUBBS000000012', 1)]}]}}
{'timestamp': 76877109024000, 'order': 'O: SUBCB000000018:B1xLPS     @15944', 'book': {'Bids': [{'price': 15944, 'orders': [(b'SUBCB000000018', 1)]}, {'price': 15887, 'orders': [(b'SUBBB000000011', 1)]}], 'Asks': [{'price': 16055, 'orders': [(b'SUBCS000000017', 1)]}, {'price': 16112, 'orders': [(b'SUBBS000000012', 1)]}]}}
{'timestamp': 76881452411000, 'order': 'O: SUB@B000000004:B1xLPS     @214748', 'book': {'Bids': [{'price': 15944, 'orders': [(b'SUBCB000000018', 1)]}, {'price': 15887, 'orders': [(b'SUBBB000000011', 1)]}], 'Asks': [{'price': 16112, 'orders': [(b'SUBBS000000012', 1)]}]}}
{'timestamp': 76881963403000, 'order': 'U: SUBCS000000017->SUBCS000000019:1@16034', 'book': {'Bids': [{'price': 15944, 'orders': [(b'SUBCB000000018', 1)]}, {'price': 15887, 'orders': [(b'SUBBB000000011', 1)]}], 'Asks': [{'price': 16112, 'orders': [(b'SUBBS000000012', 1)]}]}}
{'timestamp': 76881963800000, 'order': 'U: SUBCB000000018->SUBCB000000020:1@15966', 'book': {'Bids': [{'price': 15966, 'orders': [(b'SUBCB000000020', 1)]}, {'price': 15887, 'orders': [(b'SUBBB000000011', 1)]}], 'Asks': [{'price': 16112, 'orders': [(b'SUBBS000000012', 1)]}]}}
{'timestamp': 76881965248000, 'order': 'O: SUBCS000000021:S1xLPS     @16055', 'book': {'Bids': [{'price': 15966, 'orders': [(b'SUBCB000000020', 1)]}, {'price': 15887, 'orders': [(b'SUBBB000000011', 1)]}], 'Asks': [{'price': 16055, 'orders': [(b'SUBCS000000021', 1)]}, {'price': 16112, 'orders': [(b'SUBBS000000012', 1)]}]}}
{'timestamp': 76883560410000, 'order': 'U: SUBCB000000020->SUBCB000000022:1@15985', 'book': {'Bids': [{'price': 15985, 'orders': [(b'SUBCB000000022', 1)]}, {'price': 15887, 'orders': [(b'SUBBB000000011', 1)]}], 'Asks': [{'price': 16055, 'orders': [(b'SUBCS000000021', 1)]}, {'price': 16112, 'orders': [(b'SUBBS000000012', 1)]}]}}
{'timestamp': 76883561027000, 'order': 'U: SUBCS000000021->SUBCS000000023:1@16015', 'book': {'Bids': [{'price': 15985, 'orders': [(b'SUBCB000000022', 1)]}, {'price': 15887, 'orders': [(b'SUBBB000000011', 1)]}], 'Asks': [{'price': 16015, 'orders': [(b'SUBCS000000023', 1)]}, {'price': 16112, 'orders': [(b'SUBBS000000012', 1)]}]}}
{'timestamp': 76886584246000, 'order': 'O: SUBAB000000004:B1xLPS     @22000', 'book': {'Bids': [{'price': 15985, 'orders': [(b'SUBCB000000022', 1)]}, {'price': 15887, 'orders': [(b'SUBBB000000011', 1)]}], 'Asks': [{'price': 16112, 'orders': [(b'SUBBS000000012', 1)]}]}}
{'timestamp': 76886585260000, 'order': 'U: SUBBS000000012->SUBBS000000013:1@22112', 'book': {'Bids': [{'price': 15985, 'orders': [(b'SUBCB000000022', 1)]}, {'price': 15887, 'orders': [(b'SUBBB000000011', 1)]}], 'Asks': [{'price': 22112, 'orders': [(b'SUBBS000000013', 1)]}]}}
{'timestamp': 76886586736000, 'order': 'U: SUBBB000000011->SUBBB000000014:1@21887', 'book': {'Bids': [{'price': 21887, 'orders': [(b'SUBBB000000014', 1)]}, {'price': 15985, 'orders': [(b'SUBCB000000022', 1)]}], 'Asks': [{'price': 22112, 'orders': [(b'SUBBS000000013', 1)]}]}}
{'timestamp': 76887113158000, 'order': 'U: SUBCS000000023->SUBCS000000024:1@22015', 'book': {'Bids': [{'price': 21887, 'orders': [(b'SUBBB000000014', 1)]}, {'price': 15985, 'orders': [(b'SUBCB000000022', 1)]}], 'Asks': [{'price': 22112, 'orders': [(b'SUBBS000000013', 1)]}]}}
{'timestamp': 76887113593000, 'order': 'U: SUBCB000000022->SUBCB000000025:1@21985', 'book': {'Bids': [{'price': 21985, 'orders': [(b'SUBCB000000025', 1)]}, {'price': 21887, 'orders': [(b'SUBBB000000014', 1)]}], 'Asks': [{'price': 22112, 'orders': [(b'SUBBS000000013', 1)]}]}}
{'timestamp': 76887114972000, 'order': 'O: SUBCS000000026:S1xLPS     @22015', 'book': {'Bids': [{'price': 21985, 'orders': [(b'SUBCB000000025', 1)]}, {'price': 21887, 'orders': [(b'SUBBB000000014', 1)]}], 'Asks': [{'price': 22015, 'orders': [(b'SUBCS000000026', 1)]}, {'price': 22112, 'orders': [(b'SUBBS000000013', 1)]}]}}
{'timestamp': 76891463278000, 'order': 'O: SUB@S000000005:S1xLPS     @0', 'book': {'Bids': [{'price': 21887, 'orders': [(b'SUBBB000000014', 1)]}], 'Asks': [{'price': 22015, 'orders': [(b'SUBCS000000026', 1)]}, {'price': 22112, 'orders': [(b'SUBBS000000013', 1)]}]}}
{'timestamp': 76891976850000, 'order': 'O: SUBCB000000027:B1xLPS     @21985', 'book': {'Bids': [{'price': 21985, 'orders': [(b'SUBCB000000027', 1)]}, {'price': 21887, 'orders': [(b'SUBBB000000014', 1)]}], 'Asks': [{'price': 22015, 'orders': [(b'SUBCS000000026', 1)]}, {'price': 22112, 'orders': [(b'SUBBS000000013', 1)]}]}}
{'timestamp': 76896588103000, 'order': 'O: SUBAS000000005:S1xLPS     @17000', 'book': {'Bids': [{'price': 21887, 'orders': [(b'SUBBB000000014', 1)]}], 'Asks': [{'price': 22015, 'orders': [(b'SUBCS000000026', 1)]}, {'price': 22112, 'orders': [(b'SUBBS000000013', 1)]}]}}
{'timestamp': 76896588852000, 'order': 'U: SUBBB000000014->SUBBB000000015:1@16887', 'book': {'Bids': [{'price': 16887, 'orders': [(b'SUBBB000000015', 1)]}], 'Asks': [{'price': 22015, 'orders': [(b'SUBCS000000026', 1)]}, {'price': 22112, 'orders': [(b'SUBBS000000013', 1)]}]}}
{'timestamp': 76896589614000, 'order': 'U: SUBBS000000013->SUBBS000000016:1@17112', 'book': {'Bids': [{'price': 16887, 'orders': [(b'SUBBB000000015', 1)]}], 'Asks': [{'price': 17112, 'orders': [(b'SUBBS000000016', 1)]}, {'price': 22015, 'orders': [(b'SUBCS000000026', 1)]}]}}
{'timestamp': 76897123204000, 'order': 'U: SUBCB000000027->SUBCB000000028:1@16985', 'book': {'Bids': [{'price': 16887, 'orders': [(b'SUBBB000000015', 1)]}], 'Asks': [{'price': 17112, 'orders': [(b'SUBBS000000016', 1)]}, {'price': 22015, 'orders': [(b'SUBCS000000026', 1)]}]}}
{'timestamp': 76897123723000, 'order': 'U: SUBCS000000026->SUBCS000000029:1@17015', 'book': {'Bids': [{'price': 16887, 'orders': [(b'SUBBB000000015', 1)]}], 'Asks': [{'price': 17015, 'orders': [(b'SUBCS000000029', 1)]}, {'price': 17112, 'orders': [(b'SUBBS000000016', 1)]}]}}
{'timestamp': 76897124510000, 'order': 'O: SUBCB000000030:B1xLPS     @16985', 'book': {'Bids': [{'price': 16985, 'orders': [(b'SUBCB000000030', 1)]}, {'price': 16887, 'orders': [(b'SUBBB000000015', 1)]}], 'Asks': [{'price': 17015, 'orders': [(b'SUBCS000000029', 1)]}, {'price': 17112, 'orders': [(b'SUBBS000000016', 1)]}]}}
{'timestamp': 76901469720000, 'order': 'O: SUB@B000000006:B1xLPS     @214748', 'book': {'Bids': [{'price': 16985, 'orders': [(b'SUBCB000000030', 1)]}, {'price': 16887, 'orders': [(b'SUBBB000000015', 1)]}], 'Asks': [{'price': 17112, 'orders': [(b'SUBBS000000016', 1)]}]}}
{'timestamp': 76901984633000, 'order': 'O: SUBCS000000031:S1xLPS     @17015', 'book': {'Bids': [{'price': 16985, 'orders': [(b'SUBCB000000030', 1)]}, {'price': 16887, 'orders': [(b'SUBBB000000015', 1)]}], 'Asks': [{'price': 17015, 'orders': [(b'SUBCS000000031', 1)]}, {'price': 17112, 'orders': [(b'SUBBS000000016', 1)]}]}}
{'timestamp': 77327394544000, 'order': 'H: 3370135493654097968:S', 'book': {'Bids': [], 'Asks': []}}
{'timestamp': 77329398802000, 'order': 'O: SUBCB000000001:B1xLPS     @9000', 'book': {'Bids': [{'price': 9000, 'orders': [(b'SUBCB000000001', 1)]}], 'Asks': []}}
{'timestamp': 77329399356000, 'order': 'O: SUBCS000000002:S1xLPS     @11000', 'book': {'Bids': [{'price': 9000, 'orders': [(b'SUBCB000000001', 1)]}], 'Asks': [{'price': 11000, 'orders': [(b'SUBCS000000002', 1)]}]}}
{'timestamp': 77333276239000, 'order': 'O: SUBBB000000001:B1xLPS     @15000', 'book': {'Bids': [{'price': 9000, 'orders': [(b'SUBCB000000001', 1)]}], 'Asks': []}}
{'timestamp': 77333277212000, 'order': 'U: SUBCS000000002->SUBCS000000003:1@16000', 'book': {'Bids': [{'price': 9000, 'orders': [(b'SUBCB000000001', 1)]}], 'Asks': []}}
{'timestamp': 77333277560000, 'order': 'U: SUBCB000000001->SUBCB000000004:1@14000', 'book': {'Bids': [{'price': 14000, 'orders': [(b'SUBCB000000004', 1)]}], 'Asks': []}}
{'timestamp': 77333404916000, 'order': 'O: SUBCS000000005:S1xLPS     @16000', 'book': {'Bids': [{'price': 14000, 'orders': [(b'SUBCB000000004', 1)]}], 'Asks': [{'price': 16000, 'orders': [(b'SUBCS000000005', 1)]}]}}
{'timestamp': 77338154701000, 'order': 'O: SUB@S000000001:S1xLPS     @0', 'book': {'Bids': [], 'Asks': [{'price': 16000, 'orders': [(b'SUBCS000000005', 1)]}]}}
{'timestamp': 77338265449000, 'order': 'O: SUBCB000000006:B1xLPS     @14000', 'book': {'Bids': [{'price': 14000, 'orders': [(b'SUBCB000000006', 1)]}], 'Asks': [{'price': 16000, 'orders': [(b'SUBCS000000005', 1)]}]}}
{'timestamp': 77340961918000, 'order': 'O: SUBAB000000001:B1xLPS     @14000', 'book': {'Bids': [{'price': 14000, 'orders': [(b'SUBCB000000006', 1), (b'SUBAB000000001', 1)]}], 'Asks': [{'price': 16000, 'orders': [(b'SUBCS000000005', 1)]}]}}
{'timestamp': 77340962357000, 'order': 'O: SUBAS000000002:S1xLPS     @16000', 'book': {'Bids': [{'price': 14000, 'orders': [(b'SUBCB000000006', 1), (b'SUBAB000000001', 1)]}], 'Asks': [{'price': 16000, 'orders': [(b'SUBCS000000005', 1), (b'SUBAS000000002', 1)]}]}}
{'timestamp': 77341444023000, 'order': 'U: SUBAB000000001->SUBAB000000003:1@14491', 'book': {'Bids': [{'price': 14491, 'orders': [(b'SUBAB000000003', 1)]}, {'price': 14000, 'orders': [(b'SUBCB000000006', 1)]}], 'Asks': [{'price': 16000, 'orders': [(b'SUBCS000000005', 1), (b'SUBAS000000002', 1)]}]}}
{'timestamp': 77341444828000, 'order': 'U: SUBAS000000002->SUBAS000000004:1@15509', 'book': {'Bids': [{'price': 14491, 'orders': [(b'SUBAB000000003', 1)]}, {'price': 14000, 'orders': [(b'SUBCB000000006', 1)]}], 'Asks': [{'price': 15509, 'orders': [(b'SUBAS000000004', 1)]}, {'price': 16000, 'orders': [(b'SUBCS000000005', 1)]}]}}
{'timestamp': 77342269261000, 'order': 'U: SUBAB000000003->SUBAB000000005:1@14925', 'book': {'Bids': [{'price': 14925, 'orders': [(b'SUBAB000000005', 1)]}, {'price': 14000, 'orders': [(b'SUBCB000000006', 1)]}], 'Asks': [{'price': 15509, 'orders': [(b'SUBAS000000004', 1)]}, {'price': 16000, 'orders': [(b'SUBCS000000005', 1)]}]}}
{'timestamp': 77342270070000, 'order': 'U: SUBAS000000004->SUBAS000000006:1@15074', 'book': {'Bids': [{'price': 14925, 'orders': [(b'SUBAB000000005', 1)]}, {'price': 14000, 'orders': [(b'SUBCB000000006', 1)]}], 'Asks': [{'price': 15074, 'orders': [(b'SUBAS000000006', 1)]}, {'price': 16000, 'orders': [(b'SUBCS000000005', 1)]}]}}
{'timestamp': 77343222479000, 'order': 'U: SUBAB000000005->SUBAB000000007:1@14437', 'book': {'Bids': [{'price': 14437, 'orders': [(b'SUBAB000000007', 1)]}, {'price': 14000, 'orders': [(b'SUBCB000000006', 1)]}], 'Asks': [{'price': 15074, 'orders': [(b'SUBAS000000006', 1)]}, {'price': 16000, 'orders': [(b'SUBCS000000005', 1)]}]}}
{'timestamp': 77343223126000, 'order': 'U: SUBAS000000006->SUBAS000000008:1@15563', 'book': {'Bids': [{'price': 14437, 'orders': [(b'SUBAB000000007', 1)]}, {'price': 14000, 'orders': [(b'SUBCB000000006', 1)]}], 'Asks': [{'price': 15563, 'orders': [(b'SUBAS000000008', 1)]}, {'price': 16000, 'orders': [(b'SUBCS000000005', 1)]}]}}
{'timestamp': 77343279970000, 'order': 'O: SUBBB000000002:B1xLPS     @18000', 'book': {'Bids': [{'price': 14437, 'orders': [(b'SUBAB000000007', 1)]}, {'price': 14000, 'orders': [(b'SUBCB000000006', 1)]}], 'Asks': [{'price': 16000, 'orders': [(b'SUBCS000000005', 1)]}]}}
{'timestamp': 77343280537000, 'order': 'U: SUBCS000000005->SUBCS000000007:1@19000', 'book': {'Bids': [{'price': 14437, 'orders': [(b'SUBAB000000007', 1)]}, {'price': 14000, 'orders': [(b'SUBCB000000006', 1)]}], 'Asks': [{'price': 19000, 'orders': [(b'SUBCS000000007', 1)]}]}}
{'timestamp': 77343282282000, 'order': 'U: SUBCB000000006->SUBCB000000008:1@17000', 'book': {'Bids': [{'price': 17000, 'orders': [(b'SUBCB000000008', 1)]}, {'price': 14437, 'orders': [(b'SUBAB000000007', 1)]}], 'Asks': [{'price': 19000, 'orders': [(b'SUBCS000000007', 1)]}]}}
{'timestamp': 77343283585000, 'order': 'U: SUBAS000000006->SUBAS000000009:1@18074', 'book': {'Bids': [{'price': 17000, 'orders': [(b'SUBCB000000008', 1)]}, {'price': 14437, 'orders': [(b'SUBAB000000007', 1)]}], 'Asks': [{'price': 19000, 'orders': [(b'SUBCS000000007', 1)]}]}}
{'timestamp': 77343284097000, 'order': 'U: SUBAB000000005->SUBAB000000010:1@17925', 'book': {'Bids': [{'price': 17000, 'orders': [(b'SUBCB000000008', 1)]}, {'price': 14437, 'orders': [(b'SUBAB000000007', 1)]}], 'Asks': [{'price': 19000, 'orders': [(b'SUBCS000000007', 1)]}]}}
{'timestamp': 77343412808000, 'order': 'O: SUBAS000000011:S1xLPS     @18563', 'book': {'Bids': [{'price': 17000, 'orders': [(b'SUBCB000000008', 1)]}, {'price': 14437, 'orders': [(b'SUBAB000000007', 1)]}], 'Asks': [{'price': 18563, 'orders': [(b'SUBAS000000011', 1)]}, {'price': 19000, 'orders': [(b'SUBCS000000007', 1)]}]}}
{'timestamp': 77344269488000, 'order': 'U: SUBAB000000007->SUBAB000000012:1@17792', 'book': {'Bids': [{'price': 17792, 'orders': [(b'SUBAB000000012', 1)]}, {'price': 17000, 'orders': [(b'SUBCB000000008', 1)]}], 'Asks': [{'price': 18563, 'orders': [(b'SUBAS000000011', 1)]}, {'price': 19000, 'orders': [(b'SUBCS000000007', 1)]}]}}
{'timestamp': 77344270097000, 'order': 'U: SUBAS000000011->SUBAS000000013:1@18207', 'book': {'Bids': [{'price': 17792, 'orders': [(b'SUBAB000000012', 1)]}, {'price': 17000, 'orders': [(b'SUBCB000000008', 1)]}], 'Asks': [{'price': 18207, 'orders': [(b'SUBAS000000013', 1)]}, {'price': 19000, 'orders': [(b'SUBCS000000007', 1)]}]}}
{'timestamp': 77348032922000, 'order': 'U: SUBAB000000012->SUBAB000000014:1@17982', 'book': {'Bids': [{'price': 17982, 'orders': [(b'SUBAB000000014', 1)]}, {'price': 17000, 'orders': [(b'SUBCB000000008', 1)]}], 'Asks': [{'price': 18207, 'orders': [(b'SUBAS000000013', 1)]}, {'price': 19000, 'orders': [(b'SUBCS000000007', 1)]}]}}
{'timestamp': 77348034070000, 'order': 'U: SUBAS000000013->SUBAS000000015:1@18017', 'book': {'Bids': [{'price': 17982, 'orders': [(b'SUBAB000000014', 1)]}, {'price': 17000, 'orders': [(b'SUBCB000000008', 1)]}], 'Asks': [{'price': 18017, 'orders': [(b'SUBAS000000015', 1)]}, {'price': 19000, 'orders': [(b'SUBCS000000007', 1)]}]}}
{'timestamp': 77348160586000, 'order': 'O: SUB@B000000002:B1xLPS     @214748', 'book': {'Bids': [{'price': 17982, 'orders': [(b'SUBAB000000014', 1)]}, {'price': 17000, 'orders': [(b'SUBCB000000008', 1)]}], 'Asks': [{'price': 19000, 'orders': [(b'SUBCS000000007', 1)]}]}}
{'timestamp': 77348275869000, 'order': 'O: SUBAS000000016:S1xLPS     @18017', 'book': {'Bids': [{'price': 17982, 'orders': [(b'SUBAB000000014', 1)]}, {'price': 17000, 'orders': [(b'SUBCB000000008', 1)]}], 'Asks': [{'price': 18017, 'orders': [(b'SUBAS000000016', 1)]}, {'price': 19000, 'orders': [(b'SUBCS000000007', 1)]}]}}
{'timestamp': 77353274189000, 'order': 'O: SUBBB000000003:B1xLPS     @21000', 'book': {'Bids': [{'price': 17982, 'orders': [(b'SUBAB000000014', 1)]}, {'price': 17000, 'orders': [(b'SUBCB000000008', 1)]}], 'Asks': [{'price': 19000, 'orders': [(b'SUBCS000000007', 1)]}]}}
{'timestamp': 77353276375000, 'order': 'U: SUBCS000000007->SUBCS000000009:1@22000', 'book': {'Bids': [{'price': 17982, 'orders': [(b'SUBAB000000014', 1)]}, {'price': 17000, 'orders': [(b'SUBCB000000008', 1)]}], 'Asks': [{'price': 22000, 'orders': [(b'SUBCS000000009', 1)]}]}}
{'timestamp': 77353277007000, 'order': 'U: SUBCB000000008->SUBCB000000010:1@20000', 'book': {'Bids': [{'price': 20000, 'orders': [(b'SUBCB000000010', 1)]}, {'price': 17982, 'orders': [(b'SUBAB000000014', 1)]}], 'Asks': [{'price': 22000, 'orders': [(b'SUBCS000000009', 1)]}]}}
{'timestamp': 77353801685000, 'order': 'U: SUBAS000000016->SUBAS000000017:1@21017', 'book': {'Bids': [{'price': 20000, 'orders': [(b'SUBCB000000010', 1)]}, {'price': 17982, 'orders': [(b'SUBAB000000014', 1)]}], 'Asks': [{'price': 22000, 'orders': [(b'SUBCS000000009', 1)]}]}}
{'timestamp': 77353802115000, 'order': 'U: SUBAB000000014->SUBAB000000018:1@20982', 'book': {'Bids': [{'price': 20982, 'orders': [(b'SUBAB000000018', 1)]}, {'price': 20000, 'orders': [(b'SUBCB000000010', 1)]}], 'Asks': [{'price': 22000, 'orders': [(b'SUBCS000000009', 1)]}]}}
{'timestamp': 77353802594000, 'order': 'O: SUBAS000000019:S1xLPS     @21017', 'book': {'Bids': [{'price': 20982, 'orders': [(b'SUBAB000000018', 1)]}, {'price': 20000, 'orders': [(b'SUBCB000000010', 1)]}], 'Asks': [{'price': 21017, 'orders': [(b'SUBAS000000019', 1)]}, {'price': 22000, 'orders': [(b'SUBCS000000009', 1)]}]}}
{'timestamp': 39371432809000, 'order': 'H: 16070405533692080176:S', 'book': {'Bids': [], 'Asks': []}}
{'timestamp': 39373563792000, 'order': 'O: SUBCB000000001:B1xLPS     @9000', 'book': {'Bids': [{'price': 9000, 'orders': [(b'SUBCB000000001', 1)]}], 'Asks': []}}
{'timestamp': 39373564695000, 'order': 'O: SUBCS000000002:S1xLPS     @11000', 'book': {'Bids': [{'price': 9000, 'orders': [(b'SUBCB000000001', 1)]}], 'Asks': [{'price': 11000, 'orders': [(b'SUBCS000000002', 1)]}]}}
{'timestamp': 39377268683000, 'order': 'O: SUBBB000000001:B1xLPS     @15000', 'book': {'Bids': [{'price': 9000, 'orders': [(b'SUBCB000000001', 1)]}], 'Asks': []}}
{'timestamp': 39377800237000, 'order': 'U: SUBCS000000002->SUBCS000000003:1@16000', 'book': {'Bids': [{'price': 9000, 'orders': [(b'SUBCB000000001', 1)]}], 'Asks': []}}
{'timestamp': 39377800732000, 'order': 'U: SUBCB000000001->SUBCB000000004:1@14000', 'book': {'Bids': [{'price': 14000, 'orders': [(b'SUBCB000000004', 1)]}], 'Asks': []}}
{'timestamp': 39377802168000, 'order': 'O: SUBCS000000005:S1xLPS     @16000', 'book': {'Bids': [{'price': 14000, 'orders': [(b'SUBCB000000004', 1)]}], 'Asks': [{'price': 16000, 'orders': [(b'SUBCS000000005', 1)]}]}}
{'timestamp': 39378603107000, 'order': 'O: SUBAB000000001:B1xLPS     @14000', 'book': {'Bids': [{'price': 14000, 'orders': [(b'SUBCB000000004', 1), (b'SUBAB000000001', 1)]}], 'Asks': [{'price': 16000, 'orders': [(b'SUBCS000000005', 1)]}]}}
{'timestamp': 39378603634000, 'order': 'O: SUBAS000000002:S1xLPS     @16000', 'book': {'Bids': [{'price': 14000, 'orders': [(b'SUBCB000000004', 1), (b'SUBAB000000001', 1)]}], 'Asks': [{'price': 16000, 'orders': [(b'SUBCS000000005', 1), (b'SUBAS000000002', 1)]}]}}
{'timestamp': 39379148658000, 'order': 'U: SUBAB000000001->SUBAB000000003:1@14901', 'book': {'Bids': [{'price': 14901, 'orders': [(b'SUBAB000000003', 1)]}, {'price': 14000, 'orders': [(b'SUBCB000000004', 1)]}], 'Asks': [{'price': 16000, 'orders': [(b'SUBCS000000005', 1), (b'SUBAS000000002', 1)]}]}}
{'timestamp': 39379149260000, 'order': 'U: SUBAS000000002->SUBAS000000004:1@15099', 'book': {'Bids': [{'price': 14901, 'orders': [(b'SUBAB000000003', 1)]}, {'price': 14000, 'orders': [(b'SUBCB000000004', 1)]}], 'Asks': [{'price': 15099, 'orders': [(b'SUBAS000000004', 1)]}, {'price': 16000, 'orders': [(b'SUBCS000000005', 1)]}]}}
{'timestamp': 39380761874000, 'order': 'U: SUBAB000000003->SUBAB000000005:1@14656', 'book': {'Bids': [{'price': 14656, 'orders': [(b'SUBAB000000005', 1)]}, {'price': 14000, 'orders': [(b'SUBCB000000004', 1)]}], 'Asks': [{'price': 15099, 'orders': [(b'SUBAS000000004', 1)]}, {'price': 16000, 'orders': [(b'SUBCS000000005', 1)]}]}}
{'timestamp': 39380762872000, 'order': 'U: SUBAS000000004->SUBAS000000006:1@15343', 'book': {'Bids': [{'price': 14656, 'orders': [(b'SUBAB000000005', 1)]}, {'price': 14000, 'orders': [(b'SUBCB000000004', 1)]}], 'Asks': [{'price': 15343, 'orders': [(b'SUBAS000000006', 1)]}, {'price': 16000, 'orders': [(b'SUBCS000000005', 1)]}]}}
{'timestamp': 39382113388000, 'order': 'U: SUBAB000000005->SUBAB000000007:1@14382', 'book': {'Bids': [{'price': 14382, 'orders': [(b'SUBAB000000007', 1)]}, {'price': 14000, 'orders': [(b'SUBCB000000004', 1)]}], 'Asks': [{'price': 15343, 'orders': [(b'SUBAS000000006', 1)]}, {'price': 16000, 'orders': [(b'SUBCS000000005', 1)]}]}}
{'timestamp': 39382114063000, 'order': 'U: SUBAS000000006->SUBAS000000008:1@15617', 'book': {'Bids': [{'price': 14382, 'orders': [(b'SUBAB000000007', 1)]}, {'price': 14000, 'orders': [(b'SUBCB000000004', 1)]}], 'Asks': [{'price': 15617, 'orders': [(b'SUBAS000000008', 1)]}, {'price': 16000, 'orders': [(b'SUBCS000000005', 1)]}]}}
{'timestamp': 39382145831000, 'order': 'O: SUB@S000000001:S1xLPS     @0', 'book': {'Bids': [{'price': 14000, 'orders': [(b'SUBCB000000004', 1)]}], 'Asks': [{'price': 15617, 'orders': [(b'SUBAS000000008', 1)]}, {'price': 16000, 'orders': [(b'SUBCS000000005', 1)]}]}}
{'timestamp': 39382658869000, 'order': 'O: SUBAB000000009:B1xLPS     @14382', 'book': {'Bids': [{'price': 14382, 'orders': [(b'SUBAB000000009', 1)]}, {'price': 14000, 'orders': [(b'SUBCB000000004', 1)]}], 'Asks': [{'price': 15617, 'orders': [(b'SUBAS000000008', 1)]}, {'price': 16000, 'orders': [(b'SUBCS000000005', 1)]}]}}
{'timestamp': 39384060770000, 'order': 'U: SUBAS000000008->SUBAS000000010:1@15023', 'book': {'Bids': [{'price': 14382, 'orders': [(b'SUBAB000000009', 1)]}, {'price': 14000, 'orders': [(b'SUBCB000000004', 1)]}], 'Asks': [{'price': 15023, 'orders': [(b'SUBAS000000010', 1)]}, {'price': 16000, 'orders': [(b'SUBCS000000005', 1)]}]}}
{'timestamp': 39384062053000, 'order': 'U: SUBAB000000009->SUBAB000000011:1@14977', 'book': {'Bids': [{'price': 14977, 'orders': [(b'SUBAB000000011', 1)]}, {'price': 14000, 'orders': [(b'SUBCB000000004', 1)]}], 'Asks': [{'price': 15023, 'orders': [(b'SUBAS000000010', 1)]}, {'price': 16000, 'orders': [(b'SUBCS000000005', 1)]}]}}
{'timestamp': 39385651596000, 'order': 'U: SUBAS000000010->SUBAS000000012:1@15243', 'book': {'Bids': [{'price': 14977, 'orders': [(b'SUBAB000000011', 1)]}, {'price': 14000, 'orders': [(b'SUBCB000000004', 1)]}], 'Asks': [{'price': 15243, 'orders': [(b'SUBAS000000012', 1)]}, {'price': 16000, 'orders': [(b'SUBCS000000005', 1)]}]}}
{'timestamp': 39385652801000, 'order': 'U: SUBAB000000011->SUBAB000000013:1@14757', 'book': {'Bids': [{'price': 14757, 'orders': [(b'SUBAB000000013', 1)]}, {'price': 14000, 'orders': [(b'SUBCB000000004', 1)]}], 'Asks': [{'price': 15243, 'orders': [(b'SUBAS000000012', 1)]}, {'price': 16000, 'orders': [(b'SUBCS000000005', 1)]}]}}
{'timestamp': 39387275584000, 'order': 'O: SUBBB000000002:B1xLPS     @18000', 'book': {'Bids': [{'price': 14757, 'orders': [(b'SUBAB000000013', 1)]}, {'price': 14000, 'orders': [(b'SUBCB000000004', 1)]}], 'Asks': [{'price': 16000, 'orders': [(b'SUBCS000000005', 1)]}]}}
{'timestamp': 39387802228000, 'order': 'U: SUBAS000000012->SUBAS000000014:1@15085', 'book': {'Bids': [{'price': 14757, 'orders': [(b'SUBAB000000013', 1)]}, {'price': 14000, 'orders': [(b'SUBCB000000004', 1)]}], 'Asks': [{'price': 16000, 'orders': [(b'SUBCS000000005', 1)]}]}}
{'timestamp': 39387805473000, 'order': 'U: SUBAB000000013->SUBAB000000015:1@14914', 'book': {'Bids': [{'price': 14914, 'orders': [(b'SUBAB000000015', 1)]}, {'price': 14000, 'orders': [(b'SUBCB000000004', 1)]}], 'Asks': [{'price': 16000, 'orders': [(b'SUBCS000000005', 1)]}]}}
{'timestamp': 39387807360000, 'order': 'U: SUBCS000000005->SUBCS000000006:1@19000', 'book': {'Bids': [{'price': 14914, 'orders': [(b'SUBAB000000015', 1)]}, {'price': 14000, 'orders': [(b'SUBCB000000004', 1)]}], 'Asks': [{'price': 19000, 'orders': [(b'SUBCS000000006', 1)]}]}}
{'timestamp': 39387808813000, 'order': 'U: SUBCB000000004->SUBCB000000007:1@17000', 'book': {'Bids': [{'price': 17000, 'orders': [(b'SUBCB000000007', 1)]}, {'price': 14914, 'orders': [(b'SUBAB000000015', 1)]}], 'Asks': [{'price': 19000, 'orders': [(b'SUBCS000000006', 1)]}]}}
{'timestamp': 39387809906000, 'order': 'U: SUBAS000000012->SUBAS000000016:1@18243', 'book': {'Bids': [{'price': 17000, 'orders': [(b'SUBCB000000007', 1)]}, {'price': 14914, 'orders': [(b'SUBAB000000015', 1)]}], 'Asks': [{'price': 19000, 'orders': [(b'SUBCS000000006', 1)]}]}}
{'timestamp': 39387810354000, 'order': 'U: SUBAB000000013->SUBAB000000017:1@17757', 'book': {'Bids': [{'price': 17000, 'orders': [(b'SUBCB000000007', 1)]}, {'price': 14914, 'orders': [(b'SUBAB000000015', 1)]}], 'Asks': [{'price': 19000, 'orders': [(b'SUBCS000000006', 1)]}]}}
{'timestamp': 39387810640000, 'order': 'O: SUBAS000000018:S1xLPS     @18243', 'book': {'Bids': [{'price': 17000, 'orders': [(b'SUBCB000000007', 1)]}, {'price': 14914, 'orders': [(b'SUBAB000000015', 1)]}], 'Asks': [{'price': 18243, 'orders': [(b'SUBAS000000018', 1)]}, {'price': 19000, 'orders': [(b'SUBCS000000006', 1)]}]}}
{'timestamp': 39392149885000, 'order': 'O: SUB@B000000002:B1xLPS     @214748', 'book': {'Bids': [{'price': 17000, 'orders': [(b'SUBCB000000007', 1)]}, {'price': 14914, 'orders': [(b'SUBAB000000015', 1)]}], 'Asks': [{'price': 19000, 'orders': [(b'SUBCS000000006', 1)]}]}}
{'timestamp': 39392660991000, 'order': 'O: SUBAS000000019:S1xLPS     @18085', 'book': {'Bids': [{'price': 17000, 'orders': [(b'SUBCB000000007', 1)]}, {'price': 14914, 'orders': [(b'SUBAB000000015', 1)]}], 'Asks': [{'price': 18085, 'orders': [(b'SUBAS000000019', 1)]}, {'price': 19000, 'orders': [(b'SUBCS000000006', 1)]}]}}
{'timestamp': 39397281293000, 'order': 'O: SUBBB000000003:B1xLPS     @21000', 'book': {'Bids': [{'price': 17000, 'orders': [(b'SUBCB000000007', 1)]}, {'price': 14914, 'orders': [(b'SUBAB000000015', 1)]}], 'Asks': [{'price': 19000, 'orders': [(b'SUBCS000000006', 1)]}]}}
{'timestamp': 39397804303000, 'order': 'U: SUBCS000000006->SUBCS000000008:1@22000', 'book': {'Bids': [{'price': 17000, 'orders': [(b'SUBCB000000007', 1)]}, {'price': 14914, 'orders': [(b'SUBAB000000015', 1)]}], 'Asks': [{'price': 22000, 'orders': [(b'SUBCS000000008', 1)]}]}}
{'timestamp': 39397805119000, 'order': 'U: SUBCB000000007->SUBCB000000009:1@20000', 'book': {'Bids': [{'price': 20000, 'orders': [(b'SUBCB000000009', 1)]}, {'price': 14914, 'orders': [(b'SUBAB000000015', 1)]}], 'Asks': [{'price': 22000, 'orders': [(b'SUBCS000000008', 1)]}]}}
{'timestamp': 39397806473000, 'order': 'U: SUBAS000000019->SUBAS000000020:1@21085', 'book': {'Bids': [{'price': 20000, 'orders': [(b'SUBCB000000009', 1)]}, {'price': 14914, 'orders': [(b'SUBAB000000015', 1)]}], 'Asks': [{'price': 22000, 'orders': [(b'SUBCS000000008', 1)]}]}}
{'timestamp': 39397806724000, 'order': 'U: SUBAB000000015->SUBAB000000021:1@20914', 'book': {'Bids': [{'price': 20914, 'orders': [(b'SUBAB000000021', 1)]}, {'price': 20000, 'orders': [(b'SUBCB000000009', 1)]}], 'Asks': [{'price': 22000, 'orders': [(b'SUBCS000000008', 1)]}]}}
{'timestamp': 39397807170000, 'order': 'O: SUBAS000000022:S1xLPS     @21085', 'book': {'Bids': [{'price': 20914, 'orders': [(b'SUBAB000000021', 1)]}, {'price': 20000, 'orders': [(b'SUBCB000000009', 1)]}], 'Asks': [{'price': 21085, 'orders': [(b'SUBAS000000022', 1)]}, {'price': 22000, 'orders': [(b'SUBCS000000008', 1)]}]}}
{'timestamp': 39402157414000, 'order': 'O: SUB@S000000003:S1xLPS     @0', 'book': {'Bids': [{'price': 20000, 'orders': [(b'SUBCB000000009', 1)]}], 'Asks': [{'price': 21085, 'orders': [(b'SUBAS000000022', 1)]}, {'price': 22000, 'orders': [(b'SUBCS000000008', 1)]}]}}
{'timestamp': 39402670797000, 'order': 'O: SUBAB000000023:B1xLPS     @20914', 'book': {'Bids': [{'price': 20914, 'orders': [(b'SUBAB000000023', 1)]}, {'price': 20000, 'orders': [(b'SUBCB000000009', 1)]}], 'Asks': [{'price': 21085, 'orders': [(b'SUBAS000000022', 1)]}, {'price': 22000, 'orders': [(b'SUBCS000000008', 1)]}]}}
{'timestamp': 39407294917000, 'order': 'O: SUBBB000000004:B1xLPS     @16000', 'book': {'Bids': [{'price': 20914, 'orders': [(b'SUBAB000000023', 1)]}, {'price': 20000, 'orders': [(b'SUBCB000000009', 1)]}], 'Asks': [{'price': 21085, 'orders': [(b'SUBAS000000022', 1)]}, {'price': 22000, 'orders': [(b'SUBCS000000008', 1)]}]}}
{'timestamp': 39407690674000, 'order': 'U: SUBAS000000022->SUBAS000000024:1@16085', 'book': {'Bids': [{'price': 20000, 'orders': [(b'SUBCB000000009', 1)]}], 'Asks': [{'price': 22000, 'orders': [(b'SUBCS000000008', 1)]}]}}
{'timestamp': 39407691415000, 'order': 'U: SUBAB000000023->SUBAB000000025:1@15914', 'book': {'Bids': [{'price': 20000, 'orders': [(b'SUBCB000000009', 1)]}], 'Asks': [{'price': 22000, 'orders': [(b'SUBCS000000008', 1)]}]}}
{'timestamp': 39407692812000, 'order': 'U: SUBCS000000008->SUBCS000000010:1@17000', 'book': {'Bids': [], 'Asks': []}}
{'timestamp': 39407693379000, 'order': 'U: SUBCB000000009->SUBCB000000011:1@15000', 'book': {'Bids': [], 'Asks': []}}
{'timestamp': 39409747597000, 'order': 'O: SUBAS000000026:S1xLPS     @16085', 'book': {'Bids': [], 'Asks': [{'price': 16085, 'orders': [(b'SUBAS000000026', 1)]}]}}
{'timestamp': 39409748117000, 'order': 'O: SUBAB000000027:B1xLPS     @15914', 'book': {'Bids': [{'price': 15914, 'orders': [(b'SUBAB000000027', 1)]}], 'Asks': [{'price': 16085, 'orders': [(b'SUBAS000000026', 1)]}]}}
{'timestamp': 39409749594000, 'order': 'O: SUBCS000000012:S1xLPS     @17000', 'book': {'Bids': [{'price': 15914, 'orders': [(b'SUBAB000000027', 1)]}], 'Asks': [{'price': 16085, 'orders': [(b'SUBAS000000026', 1)]}, {'price': 17000, 'orders': [(b'SUBCS000000012', 1)]}]}}
{'timestamp': 39409749962000, 'order': 'O: SUBCB000000013:B1xLPS     @15000', 'book': {'Bids': [{'price': 15914, 'orders': [(b'SUBAB000000027', 1)]}, {'price': 15000, 'orders': [(b'SUBCB000000013', 1)]}], 'Asks': [{'price': 16085, 'orders': [(b'SUBAS000000026', 1)]}, {'price': 17000, 'orders': [(b'SUBCS000000012', 1)]}]}}
{'timestamp': 39412161185000, 'order': 'O: SUB@B000000004:B1xLPS     @214748', 'book': {'Bids': [{'price': 15914, 'orders': [(b'SUBAB000000027', 1)]}, {'price': 15000, 'orders': [(b'SUBCB000000013', 1)]}], 'Asks': [{'price': 17000, 'orders': [(b'SUBCS000000012', 1)]}]}}
{'timestamp': 39412674526000, 'order': 'O: SUBAS000000028:S1xLPS     @16085', 'book': {'Bids': [{'price': 15914, 'orders': [(b'SUBAB000000027', 1)]}, {'price': 15000, 'orders': [(b'SUBCB000000013', 1)]}], 'Asks': [{'price': 16085, 'orders': [(b'SUBAS000000028', 1)]}, {'price': 17000, 'orders': [(b'SUBCS000000012', 1)]}]}}
{'timestamp': 39417287173000, 'order': 'O: SUBBB000000005:B1xLPS     @22000', 'book': {'Bids': [{'price': 15914, 'orders': [(b'SUBAB000000027', 1)]}, {'price': 15000, 'orders': [(b'SUBCB000000013', 1)]}], 'Asks': [{'price': 17000, 'orders': [(b'SUBCS000000012', 1)]}]}}
{'timestamp': 39417809979000, 'order': 'U: SUBCS000000012->SUBCS000000014:1@23000', 'book': {'Bids': [{'price': 15914, 'orders': [(b'SUBAB000000027', 1)]}, {'price': 15000, 'orders': [(b'SUBCB000000013', 1)]}], 'Asks': [{'price': 23000, 'orders': [(b'SUBCS000000014', 1)]}]}}
{'timestamp': 39417810799000, 'order': 'U: SUBCB000000013->SUBCB000000015:1@21000', 'book': {'Bids': [{'price': 21000, 'orders': [(b'SUBCB000000015', 1)]}, {'price': 15914, 'orders': [(b'SUBAB000000027', 1)]}], 'Asks': [{'price': 23000, 'orders': [(b'SUBCS000000014', 1)]}]}}
{'timestamp': 39417811414000, 'order': 'U: SUBAS000000028->SUBAS000000029:1@22085', 'book': {'Bids': [{'price': 21000, 'orders': [(b'SUBCB000000015', 1)]}, {'price': 15914, 'orders': [(b'SUBAB000000027', 1)]}], 'Asks': [{'price': 23000, 'orders': [(b'SUBCS000000014', 1)]}]}}
{'timestamp': 39417811716000, 'order': 'U: SUBAB000000027->SUBAB000000030:1@21914', 'book': {'Bids': [{'price': 21914, 'orders': [(b'SUBAB000000030', 1)]}, {'price': 21000, 'orders': [(b'SUBCB000000015', 1)]}], 'Asks': [{'price': 23000, 'orders': [(b'SUBCS000000014', 1)]}]}}
{'timestamp': 39417812239000, 'order': 'O: SUBAS000000031:S1xLPS     @22085', 'book': {'Bids': [{'price': 21914, 'orders': [(b'SUBAB000000030', 1)]}, {'price': 21000, 'orders': [(b'SUBCB000000015', 1)]}], 'Asks': [{'price': 22085, 'orders': [(b'SUBAS000000031', 1)]}, {'price': 23000, 'orders': [(b'SUBCS000000014', 1)]}]}}
{'timestamp': 39422161293000, 'order': 'O: SUB@S000000005:S1xLPS     @0', 'book': {'Bids': [{'price': 21000, 'orders': [(b'SUBCB000000015', 1)]}], 'Asks': [{'price': 22085, 'orders': [(b'SUBAS000000031', 1)]}, {'price': 23000, 'orders': [(b'SUBCS000000014', 1)]}]}}
{'timestamp': 39422676564000, 'order': 'O: SUBAB000000032:B1xLPS     @21914', 'book': {'Bids': [{'price': 21914, 'orders': [(b'SUBAB000000032', 1)]}, {'price': 21000, 'orders': [(b'SUBCB000000015', 1)]}], 'Asks': [{'price': 22085, 'orders': [(b'SUBAS000000031', 1)]}, {'price': 23000, 'orders': [(b'SUBCS000000014', 1)]}]}}
{'timestamp': 39427304342000, 'order': 'O: SUBBB000000006:B1xLPS     @17000', 'book': {'Bids': [{'price': 21914, 'orders': [(b'SUBAB000000032', 1)]}, {'price': 21000, 'orders': [(b'SUBCB000000015', 1)]}], 'Asks': [{'price': 22085, 'orders': [(b'SUBAS000000031', 1)]}, {'price': 23000, 'orders': [(b'SUBCS000000014', 1)]}]}}
{'timestamp': 39427699030000, 'order': 'U: SUBCS000000014->SUBCS000000016:1@18000', 'book': {'Bids': [{'price': 21000, 'orders': [(b'SUBCB000000015', 1)]}], 'Asks': [{'price': 22085, 'orders': [(b'SUBAS000000031', 1)]}]}}
{'timestamp': 39427700485000, 'order': 'U: SUBCB000000015->SUBCB000000017:1@16000', 'book': {'Bids': [{'price': 16000, 'orders': [(b'SUBCB000000017', 1)]}], 'Asks': [{'price': 22085, 'orders': [(b'SUBAS000000031', 1)]}]}}
{'timestamp': 39427701504000, 'order': 'U: SUBAS000000031->SUBAS000000033:1@17085', 'book': {'Bids': [{'price': 16000, 'orders': [(b'SUBCB000000017', 1)]}], 'Asks': [{'price': 17085, 'orders': [(b'SUBAS000000033', 1)]}]}}
{'timestamp': 39427702556000, 'order': 'U: SUBAB000000032->SUBAB000000034:1@16914', 'book': {'Bids': [{'price': 16000, 'orders': [(b'SUBCB000000017', 1)]}], 'Asks': [{'price': 17085, 'orders': [(b'SUBAS000000033', 1)]}]}}
{'timestamp': 39428735598000, 'order': 'O: SUBCS000000018:S1xLPS     @18000', 'book': {'Bids': [{'price': 16000, 'orders': [(b'SUBCB000000017', 1)]}], 'Asks': [{'price': 17085, 'orders': [(b'SUBAS000000033', 1)]}, {'price': 18000, 'orders': [(b'SUBCS000000018', 1)]}]}}
{'timestamp': 39428736213000, 'order': 'O: SUBAB000000035:B1xLPS     @16914', 'book': {'Bids': [{'price': 16914, 'orders': [(b'SUBAB000000035', 1)]}, {'price': 16000, 'orders': [(b'SUBCB000000017', 1)]}], 'Asks': [{'price': 17085, 'orders': [(b'SUBAS000000033', 1)]}, {'price': 18000, 'orders': [(b'SUBCS000000018', 1)]}]}}
{'timestamp': 39865505150000, 'order': 'H: 16741867664048140336:S', 'book': {'Bids': [], 'Asks': []}}
{'timestamp': 39867716047000, 'order': 'O: SUBCB000000001:B1xLPS     @9000', 'book': {'Bids': [{'price': 9000, 'orders': [(b'SUBCB000000001', 1)]}], 'Asks': []}}
{'timestamp': 39867716559000, 'order': 'O: SUBCS000000002:S1xLPS     @11000', 'book': {'Bids': [{'price': 9000, 'orders': [(b'SUBCB000000001', 1)]}], 'Asks': [{'price': 11000, 'orders': [(b'SUBCS000000002', 1)]}]}}
{'timestamp': 39869967671000, 'order': 'X: SUBCB000000001:0', 'book': {'Bids': [], 'Asks': [{'price': 11000, 'orders': [(b'SUBCS000000002', 1)]}]}}
{'timestamp': 39869968366000, 'order': 'X: SUBCS000000002:0', 'book': {'Bids': [], 'Asks': []}}
{'timestamp': 39872032724000, 'order': 'O: SUBBB000000001:B1xLPS     @14000', 'book': {'Bids': [{'price': 14000, 'orders': [(b'SUBBB000000001', 1)]}], 'Asks': []}}
{'timestamp': 39872035322000, 'order': 'O: SUBBS000000002:S1xLPS     @16000', 'book': {'Bids': [{'price': 14000, 'orders': [(b'SUBBB000000001', 1)]}], 'Asks': [{'price': 16000, 'orders': [(b'SUBBS000000002', 1)]}]}}
{'timestamp': 39874815122000, 'order': 'O: SUBAB000000001:B1xLPS     @14000', 'book': {'Bids': [{'price': 14000, 'orders': [(b'SUBBB000000001', 1), (b'SUBAB000000001', 1)]}], 'Asks': [{'price': 16000, 'orders': [(b'SUBBS000000002', 1)]}]}}
{'timestamp': 39874817083000, 'order': 'O: SUBAS000000002:S1xLPS     @16000', 'book': {'Bids': [{'price': 14000, 'orders': [(b'SUBBB000000001', 1), (b'SUBAB000000001', 1)]}], 'Asks': [{'price': 16000, 'orders': [(b'SUBBS000000002', 1), (b'SUBAS000000002', 1)]}]}}
{'timestamp': 39876217196000, 'order': 'U: SUBAB000000001->SUBAB000000003:1@14971', 'book': {'Bids': [{'price': 14971, 'orders': [(b'SUBAB000000003', 1)]}, {'price': 14000, 'orders': [(b'SUBBB000000001', 1)]}], 'Asks': [{'price': 16000, 'orders': [(b'SUBBS000000002', 1), (b'SUBAS000000002', 1)]}]}}
{'timestamp': 39876217957000, 'order': 'U: SUBAS000000002->SUBAS000000004:1@15028', 'book': {'Bids': [{'price': 14971, 'orders': [(b'SUBAB000000003', 1)]}, {'price': 14000, 'orders': [(b'SUBBB000000001', 1)]}], 'Asks': [{'price': 15028, 'orders': [(b'SUBAS000000004', 1)]}, {'price': 16000, 'orders': [(b'SUBBS000000002', 1)]}]}}
{'timestamp': 39876263095000, 'order': 'O: SUB@S000000001:S1xLPS     @0', 'book': {'Bids': [{'price': 14000, 'orders': [(b'SUBBB000000001', 1)]}], 'Asks': [{'price': 15028, 'orders': [(b'SUBAS000000004', 1)]}, {'price': 16000, 'orders': [(b'SUBBS000000002', 1)]}]}}
{'timestamp': 39876781003000, 'order': 'O: SUBAB000000005:B1xLPS     @14971', 'book': {'Bids': [{'price': 14971, 'orders': [(b'SUBAB000000005', 1)]}, {'price': 14000, 'orders': [(b'SUBBB000000001', 1)]}], 'Asks': [{'price': 15028, 'orders': [(b'SUBAS000000004', 1)]}, {'price': 16000, 'orders': [(b'SUBBS000000002', 1)]}]}}
{'timestamp': 39881406250000, 'order': 'U: SUBAS000000004->SUBAS000000006:1@18028', 'book': {'Bids': [{'price': 14971, 'orders': [(b'SUBAB000000005', 1)]}, {'price': 14000, 'orders': [(b'SUBBB000000001', 1)]}], 'Asks': [{'price': 16000, 'orders': [(b'SUBBS000000002', 1)]}, {'price': 18028, 'orders': [(b'SUBAS000000006', 1)]}]}}
{'timestamp': 39881408308000, 'order': 'U: SUBAB000000005->SUBAB000000007:1@17971', 'book': {'Bids': [{'price': 14000, 'orders': [(b'SUBBB000000001', 1)]}], 'Asks': [{'price': 18028, 'orders': [(b'SUBAS000000006', 1)]}]}}
{'timestamp': 39882056557000, 'order': 'O: SUBAB000000008:B1xLPS     @17971', 'book': {'Bids': [{'price': 17971, 'orders': [(b'SUBAB000000008', 1)]}, {'price': 14000, 'orders': [(b'SUBBB000000001', 1)]}], 'Asks': [{'price': 18028, 'orders': [(b'SUBAS000000006', 1)]}]}}
{'timestamp': 39882057122000, 'order': 'U: SUBBS000000002->SUBBS000000003:1@18473', 'book': {'Bids': [{'price': 17971, 'orders': [(b'SUBAB000000008', 1)]}, {'price': 14000, 'orders': [(b'SUBBB000000001', 1)]}], 'Asks': [{'price': 18028, 'orders': [(b'SUBAS000000006', 1)]}]}}
{'timestamp': 39882057430000, 'order': 'U: SUBBB000000001->SUBBB000000004:1@17526', 'book': {'Bids': [{'price': 17971, 'orders': [(b'SUBAB000000008', 1)]}, {'price': 17526, 'orders': [(b'SUBBB000000004', 1)]}], 'Asks': [{'price': 18028, 'orders': [(b'SUBAS000000006', 1)]}]}}
{'timestamp': 39882058227000, 'order': 'O: SUBBS000000005:S1xLPS     @18473', 'book': {'Bids': [{'price': 17971, 'orders': [(b'SUBAB000000008', 1)]}, {'price': 17526, 'orders': [(b'SUBBB000000004', 1)]}], 'Asks': [{'price': 18028, 'orders': [(b'SUBAS000000006', 1)]}, {'price': 18473, 'orders': [(b'SUBBS000000005', 1)]}]}}
{'timestamp': 39886273970000, 'order': 'O: SUB@B000000002:B1xLPS     @214748', 'book': {'Bids': [{'price': 17971, 'orders': [(b'SUBAB000000008', 1)]}, {'price': 17526, 'orders': [(b'SUBBB000000004', 1)]}], 'Asks': [{'price': 18473, 'orders': [(b'SUBBS000000005', 1)]}]}}
