{'timestamp': 49743457957000, 'order': 'H: 14675074425631551536:S', 'book': {'Bids': [], 'Asks': []}}
{'timestamp': 49745380711000, 'order': 'O: SUBBB000000001:B1xLPS     @99900', 'book': {'Bids': [{'price': 99900, 'orders': [(b'SUBBB000000001', 1)]}], 'Asks': []}}
{'timestamp': 49745381349000, 'order': 'O: SUBBS000000002:S1xLPS     @100100', 'book': {'Bids': [{'price': 99900, 'orders': [(b'SUBBB000000001', 1)]}], 'Asks': [{'price': 100100, 'orders': [(b'SUBBS000000002', 1)]}]}}
{'timestamp': 49749286586000, 'order': 'O: SUB@S000000001:S1xLPS     @0', 'book': {'Bids': [], 'Asks': [{'price': 100100, 'orders': [(b'SUBBS000000002', 1)]}]}}
{'timestamp': 49749797108000, 'order': 'O: SUBBB000000003:B1xLPS     @99900', 'book': {'Bids': [{'price': 99900, 'orders': [(b'SUBBB000000003', 1)]}], 'Asks': [{'price': 100100, 'orders': [(b'SUBBS000000002', 1)]}]}}
{'timestamp': 49750295578000, 'order': 'O: SUB@B000000002:B1xLPS     @214748', 'book': {'Bids': [{'price': 99900, 'orders': [(b'SUBBB000000003', 1)]}], 'Asks': []}}
{'timestamp': 49750809351000, 'order': 'O: SUBBS000000004:S1xLPS     @100100', 'book': {'Bids': [{'price': 99900, 'orders': [(b'SUBBB000000003', 1)]}], 'Asks': [{'price': 100100, 'orders': [(b'SUBBS000000004', 1)]}]}}
{'timestamp': 49751297047000, 'order': 'O: SUB@S000000003:S1xLPS     @0', 'book': {'Bids': [], 'Asks': [{'price': 100100, 'orders': [(b'SUBBS000000004', 1)]}]}}
{'timestamp': 49751816866000, 'order': 'O: SUBBB000000005:B1xLPS     @99900', 'book': {'Bids': [{'price': 99900, 'orders': [(b'SUBBB000000005', 1)]}], 'Asks': [{'price': 100100, 'orders': [(b'SUBBS000000004', 1)]}]}}
{'timestamp': 49751833765000, 'order': 'U: SUBBS000000004->SUBBS000000006:1@100200', 'book': {'Bids': [{'price': 99900, 'orders': [(b'SUBBB000000005', 1)]}], 'Asks': [{'price': 100200, 'orders': [(b'SUBBS000000006', 1)]}]}}
{'timestamp': 49752310945000, 'order': 'O: SUB@B000000004:B1xLPS     @214748', 'book': {'Bids': [{'price': 99900, 'orders': [(b'SUBBB000000005', 1)]}], 'Asks': []}}
{'timestamp': 49752821675000, 'order': 'U: SUBBS000000006->SUBBS000000007:1@100849', 'book': {'Bids': [{'price': 99900, 'orders': [(b'SUBBB000000005', 1)]}], 'Asks': []}}
{'timestamp': 49752822303000, 'order': 'U: SUBBB000000005->SUBBB000000008:1@100649', 'book': {'Bids': [{'price': 100649, 'orders': [(b'SUBBB000000008', 1)]}], 'Asks': []}}
{'timestamp': 49752823654000, 'order': 'O: SUBBS000000009:S1xLPS     @100849', 'book': {'Bids': [{'price': 100649, 'orders': [(b'SUBBB000000008', 1)]}], 'Asks': [{'price': 100849, 'orders': [(b'SUBBS000000009', 1)]}]}}
{'timestamp': 49753315809000, 'order': 'O: SUB@S000000005:S1xLPS     @0', 'book': {'Bids': [], 'Asks': [{'price': 100849, 'orders': [(b'SUBBS000000009', 1)]}]}}
{'timestamp': 49753829556000, 'order': 'O: SUBBB000000010:B1xLPS     @100649', 'book': {'Bids': [{'price': 100649, 'orders': [(b'SUBBB000000010', 1)]}], 'Asks': [{'price': 100849, 'orders': [(b'SUBBS000000009', 1)]}]}}
{'timestamp': 49876372978000, 'order': 'H: 13482855172857147440:S', 'book': {'Bids': [], 'Asks': []}}
{'timestamp': 49878037946000, 'order': 'O: SUBBB000000001:B1xLPS     @99900', 'book': {'Bids': [{'price': 99900, 'orders': [(b'SUBBB000000001', 1)]}], 'Asks': []}}
{'timestamp': 49878038929000, 'order': 'O: SUBBS000000002:S1xLPS     @100100', 'book': {'Bids': [{'price': 99900, 'orders': [(b'SUBBB000000001', 1)]}], 'Asks': [{'price': 100100, 'orders': [(b'SUBBS000000002', 1)]}]}}
{'timestamp': 49882141635000, 'order': 'O: SUB@S000000001:S1xLPS     @0', 'book': {'Bids': [], 'Asks': [{'price': 100100, 'orders': [(b'SUBBS000000002', 1)]}]}}
{'timestamp': 49882654946000, 'order': 'O: SUBBB000000003:B1xLPS     @99900', 'book': {'Bids': [{'price': 99900, 'orders': [(b'SUBBB000000003', 1)]}], 'Asks': [{'price': 100100, 'orders': [(b'SUBBS000000002', 1)]}]}}
{'timestamp': 49883145553000, 'order': 'O: SUB@B000000002:B1xLPS     @214748', 'book': {'Bids': [{'price': 99900, 'orders': [(b'SUBBB000000003', 1)]}], 'Asks': []}}
{'timestamp': 49883658396000, 'order': 'O: SUBBS000000004:S1xLPS     @100100', 'book': {'Bids': [{'price': 99900, 'orders': [(b'SUBBB000000003', 1)]}], 'Asks': [{'price': 100100, 'orders': [(b'SUBBS000000004', 1)]}]}}
{'timestamp': 49884149450000, 'order': 'O: SUB@S000000003:S1xLPS     @0', 'book': {'Bids': [], 'Asks': [{'price': 100100, 'orders': [(b'SUBBS000000004', 1)]}]}}
{'timestamp': 49884664345000, 'order': 'U: SUBBS000000004->SUBBS000000005:1@100200', 'book': {'Bids': [], 'Asks': [{'price': 100200, 'orders': [(b'SUBBS000000005', 1)]}]}}
{'timestamp': 49884665004000, 'order': 'U: SUBBB000000003->SUBBB000000006:1@100000', 'book': {'Bids': [], 'Asks': [{'price': 100200, 'orders': [(b'SUBBS000000005', 1)]}]}}
{'timestamp': 49884666445000, 'order': 'O: SUBBB000000007:B1xLPS     @100000', 'book': {'Bids': [{'price': 100000, 'orders': [(b'SUBBB000000007', 1)]}], 'Asks': [{'price': 100200, 'orders': [(b'SUBBS000000005', 1)]}]}}
{'timestamp': 49885155120000, 'order': 'O: SUB@B000000004:B1xLPS     @214748', 'book': {'Bids': [{'price': 100000, 'orders': [(b'SUBBB000000007', 1)]}], 'Asks': []}}
{'timestamp': 49885670375000, 'order': 'U: SUBBS000000005->SUBBS000000008:1@100849', 'book': {'Bids': [{'price': 100000, 'orders': [(b'SUBBB000000007', 1)]}], 'Asks': []}}
{'timestamp': 49885671359000, 'order': 'U: SUBBB000000007->SUBBB000000009:1@100649', 'book': {'Bids': [{'price': 100649, 'orders': [(b'SUBBB000000009', 1)]}], 'Asks': []}}
{'timestamp': 49885672791000, 'order': 'O: SUBBS000000010:S1xLPS     @100849', 'book': {'Bids': [{'price': 100649, 'orders': [(b'SUBBB000000009', 1)]}], 'Asks': [{'price': 100849, 'orders': [(b'SUBBS000000010', 1)]}]}}
{'timestamp': 73590547855000, 'order': 'H: 2413867553549987888:S', 'book': {'Bids': [], 'Asks': []}}
{'timestamp': 73596321498000, 'order': 'O: SUB@S000000001:S1xLPS     @0', 'book': {'Bids': [], 'Asks': []}}
{'timestamp': 73597334671000, 'order': 'O: SUB@B000000002:B1xLPS     @214748', 'book': {'Bids': [], 'Asks': []}}
{'timestamp': 73598344016000, 'order': 'O: SUB@S000000003:S1xLPS     @0', 'book': {'Bids': [], 'Asks': []}}
{'timestamp': 73599331619000, 'order': 'O: SUB@B000000004:B1xLPS     @214748', 'book': {'Bids': [], 'Asks': []}}
{'timestamp': 73600348392000, 'order': 'O: SUB@S000000005:S1xLPS     @0', 'book': {'Bids': [], 'Asks': []}}
{'timestamp': 73601354712000, 'order': 'O: SUB@B000000006:B1xLPS     @214748', 'book': {'Bids': [], 'Asks': []}}
{'timestamp': 73602356168000, 'order': 'O: SUB@S000000007:S1xLPS     @0', 'book': {'Bids': [], 'Asks': []}}
{'timestamp': 73604359139000, 'order': 'O: SUB@B000000008:B1xLPS     @214748', 'book': {'Bids': [], 'Asks': []}}
{'timestamp': 73606348225000, 'order': 'O: SUB@S000000009:S1xLPS     @0', 'book': {'Bids': [], 'Asks': []}}
