{'timestamp': 40684309098000, 'order': 'H: 10153522968835141680:S', 'book': {'Bids': [], 'Asks': []}}
{'timestamp': 40686200490000, 'order': 'O: SUBBB000000001:B1xLPS     @9000', 'book': {'Bids': [{'price': 9000, 'orders': [(b'SUBBB000000001', 1)]}], 'Asks': []}}
{'timestamp': 40686201166000, 'order': 'O: SUBBS000000002:S1xLPS     @11000', 'book': {'Bids': [{'price': 9000, 'orders': [(b'SUBBB000000001', 1)]}], 'Asks': [{'price': 11000, 'orders': [(b'SUBBS000000002', 1)]}]}}
{'timestamp': 41131739987000, 'order': 'H: 13360365523073773616:S', 'book': {'Bids': [], 'Asks': []}}
{'timestamp': 41133764637000, 'order': 'O: SUBBB000000001:B1xLPS     @9000', 'book': {'Bids': [{'price': 9000, 'orders': [(b'SUBBB000000001', 1)]}], 'Asks': []}}
{'timestamp': 41133765133000, 'order': 'O: SUBBS000000001:S1xLPS     @11000', 'book': {'Bids': [{'price': 9000, 'orders': [(b'SUBBB000000001', 1)]}], 'Asks': [{'price': 11000, 'orders': [(b'SUBBS000000001', 1)]}]}}
{'timestamp': 45449322717000, 'order': 'H: 18280128239973183536:S', 'book': {'Bids': [], 'Asks': []}}
{'timestamp': 45451135103000, 'order': 'O: SUBBB000000001:B1xLPS     @9000', 'book': {'Bids': [{'price': 9000, 'orders': [(b'SUBBB000000001', 1)]}], 'Asks': []}}
{'timestamp': 45451136496000, 'order': 'O: SUBBS000000002:S1xLPS     @11000', 'book': {'Bids': [{'price': 9000, 'orders': [(b'SUBBB000000001', 1)]}], 'Asks': [{'price': 11000, 'orders': [(b'SUBBS000000002', 1)]}]}}
{'timestamp': 45647265507000, 'order': 'H: 1425079220592193584:S', 'book': {'Bids': [], 'Asks': []}}
{'timestamp': 45649207321000, 'order': 'O: SUBBB000000001:B1xLPS     @9000', 'book': {'Bids': [{'price': 9000, 'orders': [(b'SUBBB000000001', 1)]}], 'Asks': []}}
{'timestamp': 45649207829000, 'order': 'O: SUBBS000000002:S1xLPS     @11000', 'book': {'Bids': [{'price': 9000, 'orders': [(b'SUBBB000000001', 1)]}], 'Asks': [{'price': 11000, 'orders': [(b'SUBBS000000002', 1)]}]}}
{'timestamp': 45653502921000, 'order': 'U: SUBBS000000002->SUBBS000000003:1@16000', 'book': {'Bids': [{'price': 9000, 'orders': [(b'SUBBB000000001', 1)]}], 'Asks': [{'price': 16000, 'orders': [(b'SUBBS000000003', 1)]}]}}
{'timestamp': 45653503938000, 'order': 'U: SUBBB000000001->SUBBB000000004:1@14000', 'book': {'Bids': [{'price': 14000, 'orders': [(b'SUBBB000000004', 1)]}], 'Asks': [{'price': 16000, 'orders': [(b'SUBBS000000003', 1)]}]}}
{'timestamp': 45657984002000, 'order': 'O: SUB@S000000001:S1xLPS     @0', 'book': {'Bids': [], 'Asks': [{'price': 16000, 'orders': [(b'SUBBS000000003', 1)]}]}}
{'timestamp': 45658498520000, 'order': 'O: SUBBB000000005:B1xLPS     @14000', 'book': {'Bids': [{'price': 14000, 'orders': [(b'SUBBB000000005', 1)]}], 'Asks': [{'price': 16000, 'orders': [(b'SUBBS000000003', 1)]}]}}
{'timestamp': 45663504375000, 'order': 'U: SUBBS000000003->SUBBS000000006:1@19000', 'book': {'Bids': [{'price': 14000, 'orders': [(b'SUBBB000000005', 1)]}], 'Asks': [{'price': 19000, 'orders': [(b'SUBBS000000006', 1)]}]}}
{'timestamp': 45663505066000, 'order': 'U: SUBBB000000005->SUBBB000000007:1@17000', 'book': {'Bids': [{'price': 17000, 'orders': [(b'SUBBB000000007', 1)]}], 'Asks': [{'price': 19000, 'orders': [(b'SUBBS000000006', 1)]}]}}
{'timestamp': 45667983814000, 'order': 'O: SUB@B000000002:B1xLPS     @214748', 'book': {'Bids': [{'price': 17000, 'orders': [(b'SUBBB000000007', 1)]}], 'Asks': []}}
{'timestamp': 45668500630000, 'order': 'O: SUBBS000000008:S1xLPS     @19000', 'book': {'Bids': [{'price': 17000, 'orders': [(b'SUBBB000000007', 1)]}], 'Asks': [{'price': 19000, 'orders': [(b'SUBBS000000008', 1)]}]}}
{'timestamp': 45673518031000, 'order': 'U: SUBBS000000008->SUBBS000000009:1@22000', 'book': {'Bids': [{'price': 17000, 'orders': [(b'SUBBB000000007', 1)]}], 'Asks': [{'price': 22000, 'orders': [(b'SUBBS000000009', 1)]}]}}
{'timestamp': 45673518919000, 'order': 'U: SUBBB000000007->SUBBB000000010:1@20000', 'book': {'Bids': [{'price': 20000, 'orders': [(b'SUBBB000000010', 1)]}], 'Asks': [{'price': 22000, 'orders': [(b'SUBBS000000009', 1)]}]}}
{'timestamp': 45678010930000, 'order': 'O: SUB@S000000003:S1xLPS     @0', 'book': {'Bids': [], 'Asks': [{'price': 22000, 'orders': [(b'SUBBS000000009', 1)]}]}}
{'timestamp': 45678528949000, 'order': 'U: SUBBS000000009->SUBBS000000011:1@24270', 'book': {'Bids': [], 'Asks': [{'price': 24270, 'orders': [(b'SUBBS000000011', 1)]}]}}
{'timestamp': 45678529766000, 'order': 'U: SUBBB000000010->SUBBB000000012:1@17730', 'book': {'Bids': [], 'Asks': [{'price': 24270, 'orders': [(b'SUBBS000000011', 1)]}]}}
{'timestamp': 45678530156000, 'order': 'O: SUBBB000000013:B1xLPS     @20000', 'book': {'Bids': [{'price': 20000, 'orders': [(b'SUBBB000000013', 1)]}], 'Asks': [{'price': 24270, 'orders': [(b'SUBBS000000011', 1)]}]}}
{'timestamp': 45679869613000, 'order': 'O: SUBBB000000014:B1xLPS     @17730', 'book': {'Bids': [{'price': 20000, 'orders': [(b'SUBBB000000013', 1)]}, {'price': 17730, 'orders': [(b'SUBBB000000014', 1)]}], 'Asks': [{'price': 24270, 'orders': [(b'SUBBS000000011', 1)]}]}}
{'timestamp': 45679870219000, 'order': 'O: SUBBS000000015:S1xLPS     @24270', 'book': {'Bids': [{'price': 20000, 'orders': [(b'SUBBB000000013', 1)]}, {'price': 17730, 'orders': [(b'SUBBB000000014', 1)]}], 'Asks': [{'price': 24270, 'orders': [(b'SUBBS000000011', 1), (b'SUBBS000000015', 1)]}]}}
{'timestamp': 45683107491000, 'order': 'U: SUBBB000000014->SUBBB000000016:1@12730', 'book': {'Bids': [{'price': 20000, 'orders': [(b'SUBBB000000013', 1)]}, {'price': 12730, 'orders': [(b'SUBBB000000016', 1)]}], 'Asks': [{'price': 24270, 'orders': [(b'SUBBS000000011', 1), (b'SUBBS000000015', 1)]}]}}
{'timestamp': 45683108123000, 'order': 'U: SUBBB000000013->SUBBB000000017:1@12730', 'book': {'Bids': [{'price': 12730, 'orders': [(b'SUBBB000000016', 1), (b'SUBBB000000017', 1)]}], 'Asks': [{'price': 24270, 'orders': [(b'SUBBS000000011', 1), (b'SUBBS000000015', 1)]}]}}
{'timestamp': 45683109499000, 'order': 'U: SUBBS000000011->SUBBS000000018:1@19270', 'book': {'Bids': [{'price': 12730, 'orders': [(b'SUBBB000000016', 1), (b'SUBBB000000017', 1)]}], 'Asks': [{'price': 19270, 'orders': [(b'SUBBS000000018', 1)]}, {'price': 24270, 'orders': [(b'SUBBS000000015', 1)]}]}}
{'timestamp': 45683109961000, 'order': 'U: SUBBS000000015->SUBBS000000019:1@19270', 'book': {'Bids': [{'price': 12730, 'orders': [(b'SUBBB000000016', 1), (b'SUBBB000000017', 1)]}], 'Asks': [{'price': 19270, 'orders': [(b'SUBBS000000018', 1), (b'SUBBS000000019', 1)]}]}}
{'timestamp': 45688003776000, 'order': 'O: SUB@B000000004:B1xLPS     @214748', 'book': {'Bids': [{'price': 12730, 'orders': [(b'SUBBB000000016', 1), (b'SUBBB000000017', 1)]}], 'Asks': [{'price': 19270, 'orders': [(b'SUBBS000000019', 1)]}]}}
{'timestamp': 45688124231000, 'order': 'O: SUBBS000000020:S1xLPS     @19270', 'book': {'Bids': [{'price': 12730, 'orders': [(b'SUBBB000000016', 1), (b'SUBBB000000017', 1)]}], 'Asks': [{'price': 19270, 'orders': [(b'SUBBS000000019', 1), (b'SUBBS000000020', 1)]}]}}
{'timestamp': 45693115061000, 'order': 'U: SUBBS000000019->SUBBS000000021:1@25270', 'book': {'Bids': [{'price': 12730, 'orders': [(b'SUBBB000000016', 1), (b'SUBBB000000017', 1)]}], 'Asks': [{'price': 19270, 'orders': [(b'SUBBS000000020', 1)]}, {'price': 25270, 'orders': [(b'SUBBS000000021', 1)]}]}}
{'timestamp': 45693117365000, 'order': 'U: SUBBS000000020->SUBBS000000022:1@25270', 'book': {'Bids': [{'price': 12730, 'orders': [(b'SUBBB000000016', 1), (b'SUBBB000000017', 1)]}], 'Asks': [{'price': 25270, 'orders': [(b'SUBBS000000021', 1), (b'SUBBS000000022', 1)]}]}}
{'timestamp': 45693117921000, 'order': 'U: SUBBB000000016->SUBBB000000023:1@18730', 'book': {'Bids': [{'price': 18730, 'orders': [(b'SUBBB000000023', 1)]}, {'price': 12730, 'orders': [(b'SUBBB000000017', 1)]}], 'Asks': [{'price': 25270, 'orders': [(b'SUBBS000000021', 1), (b'SUBBS000000022', 1)]}]}}
{'timestamp': 45693118441000, 'order': 'U: SUBBB000000017->SUBBB000000024:1@18730', 'book': {'Bids': [{'price': 18730, 'orders': [(b'SUBBB000000023', 1), (b'SUBBB000000024', 1)]}], 'Asks': [{'price': 25270, 'orders': [(b'SUBBS000000021', 1), (b'SUBBS000000022', 1)]}]}}
{'timestamp': 45693118931000, 'order': 'O: SUBAB000000001:B1xLPS     @22000', 'book': {'Bids': [{'price': 18730, 'orders': [(b'SUBBB000000023', 1), (b'SUBBB000000024', 1)]}], 'Asks': [{'price': 25270, 'orders': [(b'SUBBS000000021', 1), (b'SUBBS000000022', 1)]}]}}
{'timestamp': 45697998250000, 'order': 'O: SUB@S000000005:S1xLPS     @0', 'book': {'Bids': [{'price': 18730, 'orders': [(b'SUBBB000000024', 1)]}], 'Asks': [{'price': 25270, 'orders': [(b'SUBBS000000021', 1), (b'SUBBS000000022', 1)]}]}}
{'timestamp': 45698116800000, 'order': 'O: SUBBB000000025:B1xLPS     @18730', 'book': {'Bids': [{'price': 18730, 'orders': [(b'SUBBB000000024', 1), (b'SUBBB000000025', 1)]}], 'Asks': [{'price': 25270, 'orders': [(b'SUBBS000000021', 1), (b'SUBBS000000022', 1)]}]}}
{'timestamp': 45703116916000, 'order': 'U: SUBBB000000024->SUBBB000000026:1@13730', 'book': {'Bids': [{'price': 18730, 'orders': [(b'SUBBB000000025', 1)]}, {'price': 13730, 'orders': [(b'SUBBB000000026', 1)]}], 'Asks': [{'price': 25270, 'orders': [(b'SUBBS000000021', 1), (b'SUBBS000000022', 1)]}]}}
{'timestamp': 45703117638000, 'order': 'U: SUBBB000000025->SUBBB000000027:1@13730', 'book': {'Bids': [{'price': 13730, 'orders': [(b'SUBBB000000026', 1), (b'SUBBB000000027', 1)]}], 'Asks': [{'price': 25270, 'orders': [(b'SUBBS000000021', 1), (b'SUBBS000000022', 1)]}]}}
{'timestamp': 45703119105000, 'order': 'U: SUBBS000000021->SUBBS000000028:1@20270', 'book': {'Bids': [{'price': 13730, 'orders': [(b'SUBBB000000026', 1), (b'SUBBB000000027', 1)]}], 'Asks': [{'price': 20270, 'orders': [(b'SUBBS000000028', 1)]}, {'price': 25270, 'orders': [(b'SUBBS000000022', 1)]}]}}
{'timestamp': 45703119672000, 'order': 'U: SUBBS000000022->SUBBS000000029:1@20270', 'book': {'Bids': [{'price': 13730, 'orders': [(b'SUBBB000000026', 1), (b'SUBBB000000027', 1)]}], 'Asks': [{'price': 20270, 'orders': [(b'SUBBS000000028', 1), (b'SUBBS000000029', 1)]}]}}
{'timestamp': 45703120183000, 'order': 'O: SUBAS000000002:S1xLPS     @17000', 'book': {'Bids': [{'price': 13730, 'orders': [(b'SUBBB000000026', 1), (b'SUBBB000000027', 1)]}], 'Asks': [{'price': 20270, 'orders': [(b'SUBBS000000028', 1), (b'SUBBS000000029', 1)]}]}}
{'timestamp': 46857310658000, 'order': 'H: 14967393816807485488:S', 'book': {'Bids': [], 'Asks': []}}
{'timestamp': 46859398008000, 'order': 'O: SUBBB000000001:B1xLPS     @9000', 'book': {'Bids': [{'price': 9000, 'orders': [(b'SUBBB000000001', 1)]}], 'Asks': []}}
{'timestamp': 46859398658000, 'order': 'O: SUBBS000000002:S1xLPS     @11000', 'book': {'Bids': [{'price': 9000, 'orders': [(b'SUBBB000000001', 1)]}], 'Asks': [{'price': 11000, 'orders': [(b'SUBBS000000002', 1)]}]}}
{'timestamp': 46863141943000, 'order': 'O: SUBAB000000001:B1xLPS     @15000', 'book': {'Bids': [{'price': 9000, 'orders': [(b'SUBBB000000001', 1)]}], 'Asks': []}}
{'timestamp': 46863659279000, 'order': 'U: SUBBS000000002->SUBBS000000003:1@16000', 'book': {'Bids': [{'price': 9000, 'orders': [(b'SUBBB000000001', 1)]}], 'Asks': []}}
{'timestamp': 46863659749000, 'order': 'U: SUBBB000000001->SUBBB000000004:1@14000', 'book': {'Bids': [{'price': 14000, 'orders': [(b'SUBBB000000004', 1)]}], 'Asks': []}}
{'timestamp': 46863661121000, 'order': 'O: SUBBS000000005:S1xLPS     @16000', 'book': {'Bids': [{'price': 14000, 'orders': [(b'SUBBB000000004', 1)]}], 'Asks': [{'price': 16000, 'orders': [(b'SUBBS000000005', 1)]}]}}
{'timestamp': 46868046743000, 'order': 'O: SUB@S000000001:S1xLPS     @0', 'book': {'Bids': [], 'Asks': [{'price': 16000, 'orders': [(b'SUBBS000000005', 1)]}]}}
{'timestamp': 46868558172000, 'order': 'O: SUBBB000000006:B1xLPS     @14000', 'book': {'Bids': [{'price': 14000, 'orders': [(b'SUBBB000000006', 1)]}], 'Asks': [{'price': 16000, 'orders': [(b'SUBBS000000005', 1)]}]}}
{'timestamp': 46873150929000, 'order': 'O: SUBAB000000002:B1xLPS     @18000', 'book': {'Bids': [{'price': 14000, 'orders': [(b'SUBBB000000006', 1)]}], 'Asks': []}}
{'timestamp': 46873669657000, 'order': 'U: SUBBS000000005->SUBBS000000007:1@19000', 'book': {'Bids': [{'price': 14000, 'orders': [(b'SUBBB000000006', 1)]}], 'Asks': []}}
{'timestamp': 46873670129000, 'order': 'U: SUBBB000000006->SUBBB000000008:1@17000', 'book': {'Bids': [{'price': 17000, 'orders': [(b'SUBBB000000008', 1)]}], 'Asks': []}}
{'timestamp': 46873671542000, 'order': 'O: SUBBS000000009:S1xLPS     @19000', 'book': {'Bids': [{'price': 17000, 'orders': [(b'SUBBB000000008', 1)]}], 'Asks': [{'price': 19000, 'orders': [(b'SUBBS000000009', 1)]}]}}
{'timestamp': 46878036788000, 'order': 'O: SUB@B000000002:B1xLPS     @214748', 'book': {'Bids': [{'price': 17000, 'orders': [(b'SUBBB000000008', 1)]}], 'Asks': []}}
{'timestamp': 46878548155000, 'order': 'O: SUBBS000000010:S1xLPS     @19000', 'book': {'Bids': [{'price': 17000, 'orders': [(b'SUBBB000000008', 1)]}], 'Asks': [{'price': 19000, 'orders': [(b'SUBBS000000010', 1)]}]}}
{'timestamp': 47983858047000, 'order': 'H: 1955301420138770480:S', 'book': {'Bids': [], 'Asks': []}}
{'timestamp': 47987438048000, 'order': 'O: SUBBB000000001:B1xLPS     @9000', 'book': {'Bids': [{'price': 9000, 'orders': [(b'SUBBB000000001', 1)]}], 'Asks': []}}
{'timestamp': 47987438671000, 'order': 'O: SUBBS000000002:S1xLPS     @11000', 'book': {'Bids': [{'price': 9000, 'orders': [(b'SUBBB000000001', 1)]}], 'Asks': [{'price': 11000, 'orders': [(b'SUBBS000000002', 1)]}]}}
{'timestamp': 47990090546000, 'order': 'U: SUBBS000000002->SUBBS000000003:1@16000', 'book': {'Bids': [{'price': 9000, 'orders': [(b'SUBBB000000001', 1)]}], 'Asks': [{'price': 16000, 'orders': [(b'SUBBS000000003', 1)]}]}}
{'timestamp': 47990091254000, 'order': 'U: SUBBB000000001->SUBBB000000004:1@14000', 'book': {'Bids': [{'price': 14000, 'orders': [(b'SUBBB000000004', 1)]}], 'Asks': [{'price': 16000, 'orders': [(b'SUBBS000000003', 1)]}]}}
{'timestamp': 47994584441000, 'order': 'O: SUB@S000000001:S1xLPS     @0', 'book': {'Bids': [], 'Asks': [{'price': 16000, 'orders': [(b'SUBBS000000003', 1)]}]}}
{'timestamp': 47995095073000, 'order': 'O: SUBBB000000005:B1xLPS     @14000', 'book': {'Bids': [{'price': 14000, 'orders': [(b'SUBBB000000005', 1)]}], 'Asks': [{'price': 16000, 'orders': [(b'SUBBS000000003', 1)]}]}}
{'timestamp': 47995211705000, 'order': 'O: SUBAB000000001:B1xLPS     @14000', 'book': {'Bids': [{'price': 14000, 'orders': [(b'SUBBB000000005', 1), (b'SUBAB000000001', 1)]}], 'Asks': [{'price': 16000, 'orders': [(b'SUBBS000000003', 1)]}]}}
{'timestamp': 47995212257000, 'order': 'O: SUBAS000000002:S1xLPS     @16000', 'book': {'Bids': [{'price': 14000, 'orders': [(b'SUBBB000000005', 1), (b'SUBAB000000001', 1)]}], 'Asks': [{'price': 16000, 'orders': [(b'SUBBS000000003', 1), (b'SUBAS000000002', 1)]}]}}
{'timestamp': 47996035246000, 'order': 'U: SUBAB000000001->SUBAB000000003:1@10960', 'book': {'Bids': [{'price': 14000, 'orders': [(b'SUBBB000000005', 1)]}, {'price': 10960, 'orders': [(b'SUBAB000000003', 1)]}], 'Asks': [{'price': 16000, 'orders': [(b'SUBBS000000003', 1), (b'SUBAS000000002', 1)]}]}}
{'timestamp': 47996036587000, 'order': 'U: SUBAS000000002->SUBAS000000004:1@19040', 'book': {'Bids': [{'price': 14000, 'orders': [(b'SUBBB000000005', 1)]}, {'price': 10960, 'orders': [(b'SUBAB000000003', 1)]}], 'Asks': [{'price': 16000, 'orders': [(b'SUBBS000000003', 1)]}, {'price': 19040, 'orders': [(b'SUBAS000000004', 1)]}]}}
{'timestamp': 47997979959000, 'order': 'U: SUBAB000000003->SUBAB000000005:1@8200', 'book': {'Bids': [{'price': 14000, 'orders': [(b'SUBBB000000005', 1)]}, {'price': 8200, 'orders': [(b'SUBAB000000005', 1)]}], 'Asks': [{'price': 16000, 'orders': [(b'SUBBS000000003', 1)]}, {'price': 19040, 'orders': [(b'SUBAS000000004', 1)]}]}}
{'timestamp': 47997980537000, 'order': 'U: SUBAS000000004->SUBAS000000006:1@21800', 'book': {'Bids': [{'price': 14000, 'orders': [(b'SUBBB000000005', 1)]}, {'price': 8200, 'orders': [(b'SUBAB000000005', 1)]}], 'Asks': [{'price': 16000, 'orders': [(b'SUBBS000000003', 1)]}, {'price': 21800, 'orders': [(b'SUBAS000000006', 1)]}]}}
{'timestamp': 47999698215000, 'order': 'U: SUBAS000000006->SUBAS000000007:1@24800', 'book': {'Bids': [{'price': 14000, 'orders': [(b'SUBBB000000005', 1)]}, {'price': 8200, 'orders': [(b'SUBAB000000005', 1)]}], 'Asks': [{'price': 16000, 'orders': [(b'SUBBS000000003', 1)]}, {'price': 24800, 'orders': [(b'SUBAS000000007', 1)]}]}}
{'timestamp': 47999698979000, 'order': 'U: SUBAB000000005->SUBAB000000008:1@11200', 'book': {'Bids': [{'price': 14000, 'orders': [(b'SUBBB000000005', 1)]}, {'price': 11200, 'orders': [(b'SUBAB000000008', 1)]}], 'Asks': [{'price': 16000, 'orders': [(b'SUBBS000000003', 1)]}, {'price': 24800, 'orders': [(b'SUBAS000000007', 1)]}]}}
{'timestamp': 47999860285000, 'order': 'U: SUBAS000000007->SUBAS000000009:1@18480', 'book': {'Bids': [{'price': 14000, 'orders': [(b'SUBBB000000005', 1)]}, {'price': 11200, 'orders': [(b'SUBAB000000008', 1)]}], 'Asks': [{'price': 16000, 'orders': [(b'SUBBS000000003', 1)]}, {'price': 18480, 'orders': [(b'SUBAS000000009', 1)]}]}}
{'timestamp': 47999860873000, 'order': 'U: SUBAB000000008->SUBAB000000010:1@17520', 'book': {'Bids': [{'price': 14000, 'orders': [(b'SUBBB000000005', 1)]}], 'Asks': [{'price': 18480, 'orders': [(b'SUBAS000000009', 1)]}]}}
{'timestamp': 48000482430000, 'order': 'O: SUBAB000000011:B1xLPS     @17520', 'book': {'Bids': [{'price': 17520, 'orders': [(b'SUBAB000000011', 1)]}, {'price': 14000, 'orders': [(b'SUBBB000000005', 1)]}], 'Asks': [{'price': 18480, 'orders': [(b'SUBAS000000009', 1)]}]}}
{'timestamp': 48000483042000, 'order': 'U: SUBBS000000003->SUBBS000000006:1@19000', 'book': {'Bids': [{'price': 17520, 'orders': [(b'SUBAB000000011', 1)]}, {'price': 14000, 'orders': [(b'SUBBB000000005', 1)]}], 'Asks': [{'price': 18480, 'orders': [(b'SUBAS000000009', 1)]}]}}
{'timestamp': 48000484454000, 'order': 'U: SUBBB000000005->SUBBB000000007:1@17000', 'book': {'Bids': [{'price': 17520, 'orders': [(b'SUBAB000000011', 1)]}, {'price': 17000, 'orders': [(b'SUBBB000000007', 1)]}], 'Asks': [{'price': 18480, 'orders': [(b'SUBAS000000009', 1)]}]}}
{'timestamp': 48000484949000, 'order': 'O: SUBBS000000008:S1xLPS     @19000', 'book': {'Bids': [{'price': 17520, 'orders': [(b'SUBAB000000011', 1)]}, {'price': 17000, 'orders': [(b'SUBBB000000007', 1)]}], 'Asks': [{'price': 18480, 'orders': [(b'SUBAS000000009', 1)]}, {'price': 19000, 'orders': [(b'SUBBS000000008', 1)]}]}}
{'timestamp': 48002623220000, 'order': 'X: SUBBB000000007:0', 'book': {'Bids': [{'price': 17520, 'orders': [(b'SUBAB000000011', 1)]}], 'Asks': [{'price': 18480, 'orders': [(b'SUBAS000000009', 1)]}, {'price': 19000, 'orders': [(b'SUBBS000000008', 1)]}]}}
{'timestamp': 48002623730000, 'order': 'X: SUBBS000000008:0', 'book': {'Bids': [{'price': 17520, 'orders': [(b'SUBAB000000011', 1)]}], 'Asks': [{'price': 18480, 'orders': [(b'SUBAS000000009', 1)]}]}}
{'timestamp': 48004590898000, 'order': 'O: SUB@B000000002:B1xLPS     @214748', 'book': {'Bids': [{'price': 17520, 'orders': [(b'SUBAB000000011', 1)]}], 'Asks': []}}
{'timestamp': 48004701923000, 'order': 'O: SUBAS000000012:S1xLPS     @18480', 'book': {'Bids': [{'price': 17520, 'orders': [(b'SUBAB000000011', 1)]}], 'Asks': [{'price': 18480, 'orders': [(b'SUBAS000000012', 1)]}]}}
{'timestamp': 51111189187000, 'order': 'H: 4526331172089770032:S', 'book': {'Bids': [], 'Asks': []}}
{'timestamp': 51113082106000, 'order': 'O: SUBBB000000001:B1xLPS     @9000', 'book': {'Bids': [{'price': 9000, 'orders': [(b'SUBBB000000001', 1)]}], 'Asks': []}}
{'timestamp': 51113082902000, 'order': 'O: SUBBS000000002:S1xLPS     @11000', 'book': {'Bids': [{'price': 9000, 'orders': [(b'SUBBB000000001', 1)]}], 'Asks': [{'price': 11000, 'orders': [(b'SUBBS000000002', 1)]}]}}
{'timestamp': 51453442756000, 'order': 'H: 17217932112698552368:S', 'book': {'Bids': [], 'Asks': []}}
{'timestamp': 51455288005000, 'order': 'O: SUBBB000000001:B1xLPS     @9000', 'book': {'Bids': [{'price': 9000, 'orders': [(b'SUBBB000000001', 1)]}], 'Asks': []}}
{'timestamp': 51455288527000, 'order': 'O: SUBBS000000002:S1xLPS     @11000', 'book': {'Bids': [{'price': 9000, 'orders': [(b'SUBBB000000001', 1)]}], 'Asks': [{'price': 11000, 'orders': [(b'SUBBS000000002', 1)]}]}}
{'timestamp': 51456118367000, 'order': 'U: SUBBB000000001->SUBBB000000003:1@6640', 'book': {'Bids': [{'price': 6640, 'orders': [(b'SUBBB000000003', 1)]}], 'Asks': [{'price': 11000, 'orders': [(b'SUBBS000000002', 1)]}]}}
{'timestamp': 51456119239000, 'order': 'U: SUBBS000000002->SUBBS000000004:1@13360', 'book': {'Bids': [{'price': 6640, 'orders': [(b'SUBBB000000003', 1)]}], 'Asks': [{'price': 13360, 'orders': [(b'SUBBS000000004', 1)]}]}}
{'timestamp': 51457299590000, 'order': 'U: SUBBB000000003->SUBBB000000005:1@5030', 'book': {'Bids': [{'price': 5030, 'orders': [(b'SUBBB000000005', 1)]}], 'Asks': [{'price': 13360, 'orders': [(b'SUBBS000000004', 1)]}]}}
{'timestamp': 51457300311000, 'order': 'U: SUBBS000000004->SUBBS000000006:1@14970', 'book': {'Bids': [{'price': 5030, 'orders': [(b'SUBBB000000005', 1)]}], 'Asks': [{'price': 14970, 'orders': [(b'SUBBS000000006', 1)]}]}}
{'timestamp': 51460017244000, 'order': 'U: SUBBS000000006->SUBBS000000007:1@19970', 'book': {'Bids': [{'price': 5030, 'orders': [(b'SUBBB000000005', 1)]}], 'Asks': [{'price': 19970, 'orders': [(b'SUBBS000000007', 1)]}]}}
{'timestamp': 51460017917000, 'order': 'U: SUBBB000000005->SUBBB000000008:1@10030', 'book': {'Bids': [{'price': 10030, 'orders': [(b'SUBBB000000008', 1)]}], 'Asks': [{'price': 19970, 'orders': [(b'SUBBS000000007', 1)]}]}}
{'timestamp': 51464496467000, 'order': 'O: SUB@S000000001:S1xLPS     @0', 'book': {'Bids': [], 'Asks': [{'price': 19970, 'orders': [(b'SUBBS000000007', 1)]}]}}
{'timestamp': 51465007795000, 'order': 'O: SUBBB000000009:B1xLPS     @10030', 'book': {'Bids': [{'price': 10030, 'orders': [(b'SUBBB000000009', 1)]}], 'Asks': [{'price': 19970, 'orders': [(b'SUBBS000000007', 1)]}]}}
{'timestamp': 51469613922000, 'order': 'O: SUBAB000000001:B1xLPS     @18000', 'book': {'Bids': [{'price': 10030, 'orders': [(b'SUBBB000000009', 1)]}], 'Asks': [{'price': 19970, 'orders': [(b'SUBBS000000007', 1)]}]}}
{'timestamp': 51470026950000, 'order': 'U: SUBBS000000007->SUBBS000000010:1@22970', 'book': {'Bids': [{'price': 10030, 'orders': [(b'SUBBB000000009', 1)]}], 'Asks': [{'price': 22970, 'orders': [(b'SUBBS000000010', 1)]}]}}
{'timestamp': 51470029578000, 'order': 'U: SUBBB000000009->SUBBB000000011:1@13030', 'book': {'Bids': [{'price': 13030, 'orders': [(b'SUBBB000000011', 1)]}], 'Asks': [{'price': 22970, 'orders': [(b'SUBBS000000010', 1)]}]}}
{'timestamp': 51474492094000, 'order': 'O: SUB@B000000002:B1xLPS     @214748', 'book': {'Bids': [{'price': 13030, 'orders': [(b'SUBBB000000011', 1)]}], 'Asks': []}}
{'timestamp': 51475006187000, 'order': 'O: SUBBS000000012:S1xLPS     @22970', 'book': {'Bids': [{'price': 13030, 'orders': [(b'SUBBB000000011', 1)]}], 'Asks': [{'price': 22970, 'orders': [(b'SUBBS000000012', 1)]}]}}
{'timestamp': 51479615729000, 'order': 'O: SUBAB000000002:B1xLPS     @21000', 'book': {'Bids': [{'price': 13030, 'orders': [(b'SUBBB000000011', 1)]}], 'Asks': [{'price': 22970, 'orders': [(b'SUBBS000000012', 1)]}]}}
{'timestamp': 51480020113000, 'order': 'U: SUBBS000000012->SUBBS000000013:1@25970', 'book': {'Bids': [{'price': 13030, 'orders': [(b'SUBBB000000011', 1)]}], 'Asks': [{'price': 25970, 'orders': [(b'SUBBS000000013', 1)]}]}}
{'timestamp': 51480020903000, 'order': 'U: SUBBB000000011->SUBBB000000014:1@16030', 'book': {'Bids': [{'price': 16030, 'orders': [(b'SUBBB000000014', 1)]}], 'Asks': [{'price': 25970, 'orders': [(b'SUBBS000000013', 1)]}]}}
{'timestamp': 51484499614000, 'order': 'O: SUB@S000000003:S1xLPS     @0', 'book': {'Bids': [], 'Asks': [{'price': 25970, 'orders': [(b'SUBBS000000013', 1)]}]}}
{'timestamp': 51485013369000, 'order': 'O: SUBBB000000015:B1xLPS     @16030', 'book': {'Bids': [{'price': 16030, 'orders': [(b'SUBBB000000015', 1)]}], 'Asks': [{'price': 25970, 'orders': [(b'SUBBS000000013', 1)]}]}}
{'timestamp': 51489629268000, 'order': 'O: SUBAS000000003:S1xLPS     @16000', 'book': {'Bids': [], 'Asks': [{'price': 25970, 'orders': [(b'SUBBS000000013', 1)]}]}}
{'timestamp': 51490152625000, 'order': 'U: SUBBB000000015->SUBBB000000016:1@11030', 'book': {'Bids': [], 'Asks': [{'price': 25970, 'orders': [(b'SUBBS000000013', 1)]}]}}
{'timestamp': 51490153073000, 'order': 'U: SUBBS000000013->SUBBS000000017:1@20970', 'book': {'Bids': [], 'Asks': [{'price': 20970, 'orders': [(b'SUBBS000000017', 1)]}]}}
{'timestamp': 51490153529000, 'order': 'O: SUBBB000000018:B1xLPS     @11030', 'book': {'Bids': [{'price': 11030, 'orders': [(b'SUBBB000000018', 1)]}], 'Asks': [{'price': 20970, 'orders': [(b'SUBBS000000017', 1)]}]}}
{'timestamp': 51494500147000, 'order': 'O: SUB@B000000004:B1xLPS     @214748', 'book': {'Bids': [{'price': 11030, 'orders': [(b'SUBBB000000018', 1)]}], 'Asks': []}}
{'timestamp': 51495011864000, 'order': 'O: SUBBS000000019:S1xLPS     @20970', 'book': {'Bids': [{'price': 11030, 'orders': [(b'SUBBB000000018', 1)]}], 'Asks': [{'price': 20970, 'orders': [(b'SUBBS000000019', 1)]}]}}
{'timestamp': 51499622839000, 'order': 'O: SUBAB000000004:B1xLPS     @22000', 'book': {'Bids': [{'price': 11030, 'orders': [(b'SUBBB000000018', 1)]}], 'Asks': []}}
{'timestamp': 51500140980000, 'order': 'U: SUBBS000000019->SUBBS000000020:1@26970', 'book': {'Bids': [{'price': 11030, 'orders': [(b'SUBBB000000018', 1)]}], 'Asks': []}}
{'timestamp': 51500141472000, 'order': 'U: SUBBB000000018->SUBBB000000021:1@17030', 'book': {'Bids': [{'price': 17030, 'orders': [(b'SUBBB000000021', 1)]}], 'Asks': []}}
{'timestamp': 51500142911000, 'order': 'O: SUBBS000000022:S1xLPS     @26970', 'book': {'Bids': [{'price': 17030, 'orders': [(b'SUBBB000000021', 1)]}], 'Asks': [{'price': 26970, 'orders': [(b'SUBBS000000022', 1)]}]}}
{'timestamp': 52176869682000, 'order': 'H: 6809345055735689264:S', 'book': {'Bids': [], 'Asks': []}}
{'timestamp': 52178872479000, 'order': 'O: SUBBB000000001:B1xLPS     @9000', 'book': {'Bids': [{'price': 9000, 'orders': [(b'SUBBB000000001', 1)]}], 'Asks': []}}
{'timestamp': 52178872973000, 'order': 'O: SUBBS000000002:S1xLPS     @11000', 'book': {'Bids': [{'price': 9000, 'orders': [(b'SUBBB000000001', 1)]}], 'Asks': [{'price': 11000, 'orders': [(b'SUBBS000000002', 1)]}]}}
{'timestamp': 52182907869000, 'order': 'O: SUBAB000000001:B1xLPS     @15000', 'book': {'Bids': [{'price': 9000, 'orders': [(b'SUBBB000000001', 1)]}], 'Asks': []}}
{'timestamp': 52183426600000, 'order': 'U: SUBBS000000002->SUBBS000000003:1@16000', 'book': {'Bids': [{'price': 9000, 'orders': [(b'SUBBB000000001', 1)]}], 'Asks': []}}
{'timestamp': 52183427074000, 'order': 'U: SUBBB000000001->SUBBB000000004:1@14000', 'book': {'Bids': [{'price': 14000, 'orders': [(b'SUBBB000000004', 1)]}], 'Asks': []}}
{'timestamp': 52183428227000, 'order': 'O: SUBBS000000005:S1xLPS     @16000', 'book': {'Bids': [{'price': 14000, 'orders': [(b'SUBBB000000004', 1)]}], 'Asks': [{'price': 16000, 'orders': [(b'SUBBS000000005', 1)]}]}}
{'timestamp': 52187800065000, 'order': 'O: SUB@S000000001:S1xLPS     @0', 'book': {'Bids': [], 'Asks': [{'price': 16000, 'orders': [(b'SUBBS000000005', 1)]}]}}
{'timestamp': 52188309108000, 'order': 'O: SUBBB000000006:B1xLPS     @14000', 'book': {'Bids': [{'price': 14000, 'orders': [(b'SUBBB000000006', 1)]}], 'Asks': [{'price': 16000, 'orders': [(b'SUBBS000000005', 1)]}]}}
{'timestamp': 52192912990000, 'order': 'O: SUBAB000000002:B1xLPS     @18000', 'book': {'Bids': [{'price': 14000, 'orders': [(b'SUBBB000000006', 1)]}], 'Asks': []}}
{'timestamp': 52193425960000, 'order': 'U: SUBBS000000005->SUBBS000000007:1@19000', 'book': {'Bids': [{'price': 14000, 'orders': [(b'SUBBB000000006', 1)]}], 'Asks': []}}
{'timestamp': 52193426434000, 'order': 'U: SUBBB000000006->SUBBB000000008:1@17000', 'book': {'Bids': [{'price': 17000, 'orders': [(b'SUBBB000000008', 1)]}], 'Asks': []}}
{'timestamp': 52193427617000, 'order': 'O: SUBBS000000009:S1xLPS     @19000', 'book': {'Bids': [{'price': 17000, 'orders': [(b'SUBBB000000008', 1)]}], 'Asks': [{'price': 19000, 'orders': [(b'SUBBS000000009', 1)]}]}}
{'timestamp': 52197801722000, 'order': 'O: SUB@B000000002:B1xLPS     @214748', 'book': {'Bids': [{'price': 17000, 'orders': [(b'SUBBB000000008', 1)]}], 'Asks': []}}
{'timestamp': 52198313858000, 'order': 'O: SUBBS000000010:S1xLPS     @19000', 'book': {'Bids': [{'price': 17000, 'orders': [(b'SUBBB000000008', 1)]}], 'Asks': [{'price': 19000, 'orders': [(b'SUBBS000000010', 1)]}]}}
{'timestamp': 52630718528000, 'order': 'H: 742225393858129968:S', 'book': {'Bids': [], 'Asks': []}}
{'timestamp': 52634733377000, 'order': 'O: SUBBB000000001:B1xLPS     @9000', 'book': {'Bids': [{'price': 9000, 'orders': [(b'SUBBB000000001', 1)]}], 'Asks': []}}
{'timestamp': 52634733870000, 'order': 'O: SUBBS000000002:S1xLPS     @11000', 'book': {'Bids': [{'price': 9000, 'orders': [(b'SUBBB000000001', 1)]}], 'Asks': [{'price': 11000, 'orders': [(b'SUBBS000000002', 1)]}]}}
{'timestamp': 52637095796000, 'order': 'U: SUBBS000000002->SUBBS000000003:1@16000', 'book': {'Bids': [{'price': 9000, 'orders': [(b'SUBBB000000001', 1)]}], 'Asks': [{'price': 16000, 'orders': [(b'SUBBS000000003', 1)]}]}}
{'timestamp': 52637096491000, 'order': 'U: SUBBB000000001->SUBBB000000004:1@14000', 'book': {'Bids': [{'price': 14000, 'orders': [(b'SUBBB000000004', 1)]}], 'Asks': [{'price': 16000, 'orders': [(b'SUBBS000000003', 1)]}]}}
{'timestamp': 52637589065000, 'order': 'O: SUBAB000000001:B1xLPS     @14000', 'book': {'Bids': [{'price': 14000, 'orders': [(b'SUBBB000000004', 1), (b'SUBAB000000001', 1)]}], 'Asks': [{'price': 16000, 'orders': [(b'SUBBS000000003', 1)]}]}}
{'timestamp': 52637589544000, 'order': 'O: SUBAS000000002:S1xLPS     @16000', 'book': {'Bids': [{'price': 14000, 'orders': [(b'SUBBB000000004', 1), (b'SUBAB000000001', 1)]}], 'Asks': [{'price': 16000, 'orders': [(b'SUBBS000000003', 1), (b'SUBAS000000002', 1)]}]}}
{'timestamp': 52639493578000, 'order': 'X: SUBAB000000001:0', 'book': {'Bids': [{'price': 14000, 'orders': [(b'SUBBB000000004', 1)]}], 'Asks': [{'price': 16000, 'orders': [(b'SUBBS000000003', 1), (b'SUBAS000000002', 1)]}]}}
{'timestamp': 52639494145000, 'order': 'X: SUBAS000000002:0', 'book': {'Bids': [{'price': 14000, 'orders': [(b'SUBBB000000004', 1)]}], 'Asks': [{'price': 16000, 'orders': [(b'SUBBS000000003', 1)]}]}}
{'timestamp': 52641574824000, 'order': 'O: SUB@S000000001:S1xLPS     @0', 'book': {'Bids': [], 'Asks': [{'price': 16000, 'orders': [(b'SUBBS000000003', 1)]}]}}
{'timestamp': 52642082430000, 'order': 'O: SUBBB000000005:B1xLPS     @14000', 'book': {'Bids': [{'price': 14000, 'orders': [(b'SUBBB000000005', 1)]}], 'Asks': [{'price': 16000, 'orders': [(b'SUBBS000000003', 1)]}]}}
{'timestamp': 52646704272000, 'order': 'O: SUBAB000000003:B1xLPS     @18000', 'book': {'Bids': [{'price': 14000, 'orders': [(b'SUBBB000000005', 1)]}], 'Asks': []}}
{'timestamp': 52647220412000, 'order': 'U: SUBBS000000003->SUBBS000000006:1@19000', 'book': {'Bids': [{'price': 14000, 'orders': [(b'SUBBB000000005', 1)]}], 'Asks': []}}
{'timestamp': 52647220833000, 'order': 'U: SUBBB000000005->SUBBB000000007:1@17000', 'book': {'Bids': [{'price': 17000, 'orders': [(b'SUBBB000000007', 1)]}], 'Asks': []}}
{'timestamp': 52647222270000, 'order': 'O: SUBBS000000008:S1xLPS     @19000', 'book': {'Bids': [{'price': 17000, 'orders': [(b'SUBBB000000007', 1)]}], 'Asks': [{'price': 19000, 'orders': [(b'SUBBS000000008', 1)]}]}}
{'timestamp': 52651580644000, 'order': 'O: SUB@B000000002:B1xLPS     @214748', 'book': {'Bids': [{'price': 17000, 'orders': [(b'SUBBB000000007', 1)]}], 'Asks': []}}
{'timestamp': 52652088750000, 'order': 'O: SUBBS000000009:S1xLPS     @19000', 'book': {'Bids': [{'price': 17000, 'orders': [(b'SUBBB000000007', 1)]}], 'Asks': [{'price': 19000, 'orders': [(b'SUBBS000000009', 1)]}]}}
{'timestamp': 52656703509000, 'order': 'O: SUBAB000000004:B1xLPS     @21000', 'book': {'Bids': [{'price': 17000, 'orders': [(b'SUBBB000000007', 1)]}], 'Asks': []}}
{'timestamp': 52657216791000, 'order': 'U: SUBBS000000009->SUBBS000000010:1@22000', 'book': {'Bids': [{'price': 17000, 'orders': [(b'SUBBB000000007', 1)]}], 'Asks': []}}
{'timestamp': 52657217277000, 'order': 'U: SUBBB000000007->SUBBB000000011:1@20000', 'book': {'Bids': [{'price': 20000, 'orders': [(b'SUBBB000000011', 1)]}], 'Asks': []}}
{'timestamp': 52657218729000, 'order': 'O: SUBBS000000012:S1xLPS     @22000', 'book': {'Bids': [{'price': 20000, 'orders': [(b'SUBBB000000011', 1)]}], 'Asks': [{'price': 22000, 'orders': [(b'SUBBS000000012', 1)]}]}}
{'timestamp': 52661594674000, 'order': 'O: SUB@S000000003:S1xLPS     @0', 'book': {'Bids': [], 'Asks': [{'price': 22000, 'orders': [(b'SUBBS000000012', 1)]}]}}
{'timestamp': 52662104009000, 'order': 'O: SUBBB000000013:B1xLPS     @20000', 'book': {'Bids': [{'price': 20000, 'orders': [(b'SUBBB000000013', 1)]}], 'Asks': [{'price': 22000, 'orders': [(b'SUBBS000000012', 1)]}]}}
{'timestamp': 52666712746000, 'order': 'O: SUBAS000000005:S1xLPS     @16000', 'book': {'Bids': [], 'Asks': [{'price': 22000, 'orders': [(b'SUBBS000000012', 1)]}]}}
{'timestamp': 52667229064000, 'order': 'U: SUBBB000000013->SUBBB000000014:1@15000', 'book': {'Bids': [], 'Asks': [{'price': 22000, 'orders': [(b'SUBBS000000012', 1)]}]}}
{'timestamp': 52667229507000, 'order': 'U: SUBBS000000012->SUBBS000000015:1@17000', 'book': {'Bids': [], 'Asks': [{'price': 17000, 'orders': [(b'SUBBS000000015', 1)]}]}}
{'timestamp': 52667230913000, 'order': 'O: SUBBB000000016:B1xLPS     @15000', 'book': {'Bids': [{'price': 15000, 'orders': [(b'SUBBB000000016', 1)]}], 'Asks': [{'price': 17000, 'orders': [(b'SUBBS000000015', 1)]}]}}
{'timestamp': 52671592606000, 'order': 'O: SUB@B000000004:B1xLPS     @214748', 'book': {'Bids': [{'price': 15000, 'orders': [(b'SUBBB000000016', 1)]}], 'Asks': []}}
{'timestamp': 52672102798000, 'order': 'O: SUBBS000000017:S1xLPS     @17000', 'book': {'Bids': [{'price': 15000, 'orders': [(b'SUBBB000000016', 1)]}], 'Asks': [{'price': 17000, 'orders': [(b'SUBBS000000017', 1)]}]}}
{'timestamp': 52676717397000, 'order': 'O: SUBAB000000006:B1xLPS     @22000', 'book': {'Bids': [{'price': 15000, 'orders': [(b'SUBBB000000016', 1)]}], 'Asks': []}}
{'timestamp': 52677238341000, 'order': 'U: SUBBS000000017->SUBBS000000018:1@23000', 'book': {'Bids': [{'price': 15000, 'orders': [(b'SUBBB000000016', 1)]}], 'Asks': []}}
{'timestamp': 52677238814000, 'order': 'U: SUBBB000000016->SUBBB000000019:1@21000', 'book': {'Bids': [{'price': 21000, 'orders': [(b'SUBBB000000019', 1)]}], 'Asks': []}}
{'timestamp': 52677240268000, 'order': 'O: SUBBS000000020:S1xLPS     @23000', 'book': {'Bids': [{'price': 21000, 'orders': [(b'SUBBB000000019', 1)]}], 'Asks': [{'price': 23000, 'orders': [(b'SUBBS000000020', 1)]}]}}
{'timestamp': 52724501838000, 'order': 'H: 16154697427972010032:S', 'book': {'Bids': [], 'Asks': []}}
{'timestamp': 52726530209000, 'order': 'O: SUBBB000000001:B1xLPS     @9000', 'book': {'Bids': [{'price': 9000, 'orders': [(b'SUBBB000000001', 1)]}], 'Asks': []}}
{'timestamp': 52726530820000, 'order': 'O: SUBBS000000002:S1xLPS     @11000', 'book': {'Bids': [{'price': 9000, 'orders': [(b'SUBBB000000001', 1)]}], 'Asks': [{'price': 11000, 'orders': [(b'SUBBS000000002', 1)]}]}}
{'timestamp': 52730527108000, 'order': 'O: SUBAB000000001:B1xLPS     @15000', 'book': {'Bids': [{'price': 9000, 'orders': [(b'SUBBB000000001', 1)]}], 'Asks': []}}
{'timestamp': 52731043953000, 'order': 'U: SUBBS000000002->SUBBS000000003:1@16000', 'book': {'Bids': [{'price': 9000, 'orders': [(b'SUBBB000000001', 1)]}], 'Asks': []}}
{'timestamp': 52731044382000, 'order': 'U: SUBBB000000001->SUBBB000000004:1@14000', 'book': {'Bids': [{'price': 14000, 'orders': [(b'SUBBB000000004', 1)]}], 'Asks': []}}
{'timestamp': 52731045793000, 'order': 'O: SUBBS000000005:S1xLPS     @16000', 'book': {'Bids': [{'price': 14000, 'orders': [(b'SUBBB000000004', 1)]}], 'Asks': [{'price': 16000, 'orders': [(b'SUBBS000000005', 1)]}]}}
{'timestamp': 52735410353000, 'order': 'O: SUB@S000000001:S1xLPS     @0', 'book': {'Bids': [], 'Asks': [{'price': 16000, 'orders': [(b'SUBBS000000005', 1)]}]}}
{'timestamp': 52735916833000, 'order': 'O: SUBBB000000006:B1xLPS     @14000', 'book': {'Bids': [{'price': 14000, 'orders': [(b'SUBBB000000006', 1)]}], 'Asks': [{'price': 16000, 'orders': [(b'SUBBS000000005', 1)]}]}}
{'timestamp': 52740515763000, 'order': 'O: SUBAB000000002:B1xLPS     @18000', 'book': {'Bids': [{'price': 14000, 'orders': [(b'SUBBB000000006', 1)]}], 'Asks': []}}
{'timestamp': 52741035685000, 'order': 'U: SUBBS000000005->SUBBS000000007:1@19000', 'book': {'Bids': [{'price': 14000, 'orders': [(b'SUBBB000000006', 1)]}], 'Asks': []}}
{'timestamp': 52741036168000, 'order': 'U: SUBBB000000006->SUBBB000000008:1@17000', 'book': {'Bids': [{'price': 17000, 'orders': [(b'SUBBB000000008', 1)]}], 'Asks': []}}
{'timestamp': 52741037616000, 'order': 'O: SUBBS000000009:S1xLPS     @19000', 'book': {'Bids': [{'price': 17000, 'orders': [(b'SUBBB000000008', 1)]}], 'Asks': [{'price': 19000, 'orders': [(b'SUBBS000000009', 1)]}]}}
{'timestamp': 52745403059000, 'order': 'O: SUB@B000000002:B1xLPS     @214748', 'book': {'Bids': [{'price': 17000, 'orders': [(b'SUBBB000000008', 1)]}], 'Asks': []}}
{'timestamp': 52745909251000, 'order': 'O: SUBBS000000010:S1xLPS     @19000', 'book': {'Bids': [{'price': 17000, 'orders': [(b'SUBBB000000008', 1)]}], 'Asks': [{'price': 19000, 'orders': [(b'SUBBS000000010', 1)]}]}}
{'timestamp': 52750517599000, 'order': 'O: SUBAB000000003:B1xLPS     @21000', 'book': {'Bids': [{'price': 17000, 'orders': [(b'SUBBB000000008', 1)]}], 'Asks': []}}
{'timestamp': 52751034841000, 'order': 'U: SUBBS000000010->SUBBS000000011:1@22000', 'book': {'Bids': [{'price': 17000, 'orders': [(b'SUBBB000000008', 1)]}], 'Asks': []}}
{'timestamp': 52751035310000, 'order': 'U: SUBBB000000008->SUBBB000000012:1@20000', 'book': {'Bids': [{'price': 20000, 'orders': [(b'SUBBB000000012', 1)]}], 'Asks': []}}
{'timestamp': 52751036773000, 'order': 'O: SUBBS000000013:S1xLPS     @22000', 'book': {'Bids': [{'price': 20000, 'orders': [(b'SUBBB000000012', 1)]}], 'Asks': [{'price': 22000, 'orders': [(b'SUBBS000000013', 1)]}]}}
{'timestamp': 52812063924000, 'order': 'H: 4828021632149762096:S', 'book': {'Bids': [], 'Asks': []}}
{'timestamp': 52813920009000, 'order': 'O: SUBBB000000001:B1xLPS     @9000', 'book': {'Bids': [{'price': 9000, 'orders': [(b'SUBBB000000001', 1)]}], 'Asks': []}}
{'timestamp': 52813920534000, 'order': 'O: SUBBS000000002:S1xLPS     @11000', 'book': {'Bids': [{'price': 9000, 'orders': [(b'SUBBB000000001', 1)]}], 'Asks': [{'price': 11000, 'orders': [(b'SUBBS000000002', 1)]}]}}
{'timestamp': 52818447040000, 'order': 'U: SUBBS000000002->SUBBS000000003:1@16000', 'book': {'Bids': [{'price': 9000, 'orders': [(b'SUBBB000000001', 1)]}], 'Asks': [{'price': 16000, 'orders': [(b'SUBBS000000003', 1)]}]}}
{'timestamp': 52818448173000, 'order': 'U: SUBBB000000001->SUBBB000000004:1@14000', 'book': {'Bids': [{'price': 14000, 'orders': [(b'SUBBB000000004', 1)]}], 'Asks': [{'price': 16000, 'orders': [(b'SUBBS000000003', 1)]}]}}
{'timestamp': 52822093283000, 'order': 'U: SUBBS000000003->SUBBS000000005:1@23310', 'book': {'Bids': [{'price': 14000, 'orders': [(b'SUBBB000000004', 1)]}], 'Asks': [{'price': 23310, 'orders': [(b'SUBBS000000005', 1)]}]}}
{'timestamp': 52822093878000, 'order': 'U: SUBBB000000004->SUBBB000000006:1@6690', 'book': {'Bids': [{'price': 6690, 'orders': [(b'SUBBB000000006', 1)]}], 'Asks': [{'price': 23310, 'orders': [(b'SUBBS000000005', 1)]}]}}
{'timestamp': 52822927113000, 'order': 'O: SUB@S000000001:S1xLPS     @0', 'book': {'Bids': [], 'Asks': [{'price': 23310, 'orders': [(b'SUBBS000000005', 1)]}]}}
{'timestamp': 52823437466000, 'order': 'O: SUBBB000000007:B1xLPS     @6690', 'book': {'Bids': [{'price': 6690, 'orders': [(b'SUBBB000000007', 1)]}], 'Asks': [{'price': 23310, 'orders': [(b'SUBBS000000005', 1)]}]}}
{'timestamp': 52828442144000, 'order': 'U: SUBBS000000005->SUBBS000000008:1@26310', 'book': {'Bids': [{'price': 6690, 'orders': [(b'SUBBB000000007', 1)]}], 'Asks': [{'price': 26310, 'orders': [(b'SUBBS000000008', 1)]}]}}
{'timestamp': 52828443128000, 'order': 'U: SUBBB000000007->SUBBB000000009:1@9690', 'book': {'Bids': [{'price': 9690, 'orders': [(b'SUBBB000000009', 1)]}], 'Asks': [{'price': 26310, 'orders': [(b'SUBBS000000008', 1)]}]}}
{'timestamp': 52832932688000, 'order': 'O: SUB@B000000002:B1xLPS     @214748', 'book': {'Bids': [{'price': 9690, 'orders': [(b'SUBBB000000009', 1)]}], 'Asks': []}}
{'timestamp': 52833444859000, 'order': 'O: SUBBS000000010:S1xLPS     @26310', 'book': {'Bids': [{'price': 9690, 'orders': [(b'SUBBB000000009', 1)]}], 'Asks': [{'price': 26310, 'orders': [(b'SUBBS000000010', 1)]}]}}
{'timestamp': 52838444525000, 'order': 'U: SUBBS000000010->SUBBS000000011:1@29310', 'book': {'Bids': [{'price': 9690, 'orders': [(b'SUBBB000000009', 1)]}], 'Asks': [{'price': 29310, 'orders': [(b'SUBBS000000011', 1)]}]}}
{'timestamp': 52838445349000, 'order': 'U: SUBBB000000009->SUBBB000000012:1@12690', 'book': {'Bids': [{'price': 12690, 'orders': [(b'SUBBB000000012', 1)]}], 'Asks': [{'price': 29310, 'orders': [(b'SUBBS000000011', 1)]}]}}
{'timestamp': 52842941413000, 'order': 'O: SUB@S000000003:S1xLPS     @0', 'book': {'Bids': [], 'Asks': [{'price': 29310, 'orders': [(b'SUBBS000000011', 1)]}]}}
{'timestamp': 53214161411000, 'order': 'H: 16265989720057589808:S', 'book': {'Bids': [], 'Asks': []}}
{'timestamp': 53842093959000, 'order': 'H: 1581481451108446256:S', 'book': {'Bids': [], 'Asks': []}}
{'timestamp': 53844346714000, 'order': 'O: SUBBB000000001:B1xLPS     @9000', 'book': {'Bids': [{'price': 9000, 'orders': [(b'SUBBB000000001', 1)]}], 'Asks': []}}
{'timestamp': 53844347408000, 'order': 'O: SUBBS000000002:S1xLPS     @11000', 'book': {'Bids': [{'price': 9000, 'orders': [(b'SUBBB000000001', 1)]}], 'Asks': [{'price': 11000, 'orders': [(b'SUBBS000000002', 1)]}]}}
{'timestamp': 53922524258000, 'order': 'H: 14960148550576517168:S', 'book': {'Bids': [], 'Asks': []}}
{'timestamp': 54022618795000, 'order': 'H: 2150150445542158384:S', 'book': {'Bids': [], 'Asks': []}}
{'timestamp': 54025012457000, 'order': 'O: SUBBB000000001:B1xLPS     @9000', 'book': {'Bids': [{'price': 9000, 'orders': [(b'SUBBB000000001', 1)]}], 'Asks': []}}
{'timestamp': 54025013118000, 'order': 'O: SUBBS000000002:S1xLPS     @11000', 'book': {'Bids': [{'price': 9000, 'orders': [(b'SUBBB000000001', 1)]}], 'Asks': [{'price': 11000, 'orders': [(b'SUBBS000000002', 1)]}]}}
{'timestamp': 54029092272000, 'order': 'U: SUBBS000000002->SUBBS000000003:1@16000', 'book': {'Bids': [{'price': 9000, 'orders': [(b'SUBBB000000001', 1)]}], 'Asks': [{'price': 16000, 'orders': [(b'SUBBS000000003', 1)]}]}}
{'timestamp': 54029093043000, 'order': 'U: SUBBB000000001->SUBBB000000004:1@14000', 'book': {'Bids': [{'price': 14000, 'orders': [(b'SUBBB000000004', 1)]}], 'Asks': [{'price': 16000, 'orders': [(b'SUBBS000000003', 1)]}]}}
{'timestamp': 54029991133000, 'order': 'O: SUBAB000000001:B1xLPS     @14000', 'book': {'Bids': [{'price': 14000, 'orders': [(b'SUBBB000000004', 1), (b'SUBAB000000001', 1)]}], 'Asks': [{'price': 16000, 'orders': [(b'SUBBS000000003', 1)]}]}}
{'timestamp': 54029991766000, 'order': 'O: SUBAS000000002:S1xLPS     @16000', 'book': {'Bids': [{'price': 14000, 'orders': [(b'SUBBB000000004', 1), (b'SUBAB000000001', 1)]}], 'Asks': [{'price': 16000, 'orders': [(b'SUBBS000000003', 1), (b'SUBAS000000002', 1)]}]}}
{'timestamp': 54030879965000, 'order': 'X: SUBAB000000001:0', 'book': {'Bids': [{'price': 14000, 'orders': [(b'SUBBB000000004', 1)]}], 'Asks': [{'price': 16000, 'orders': [(b'SUBBS000000003', 1), (b'SUBAS000000002', 1)]}]}}
{'timestamp': 54030880481000, 'order': 'X: SUBAS000000002:0', 'book': {'Bids': [{'price': 14000, 'orders': [(b'SUBBB000000004', 1)]}], 'Asks': [{'price': 16000, 'orders': [(b'SUBBS000000003', 1)]}]}}
{'timestamp': 54033569228000, 'order': 'O: SUB@S000000001:S1xLPS     @0', 'book': {'Bids': [], 'Asks': [{'price': 16000, 'orders': [(b'SUBBS000000003', 1)]}]}}
{'timestamp': 54034077878000, 'order': 'O: SUBBB000000005:B1xLPS     @14000', 'book': {'Bids': [{'price': 14000, 'orders': [(b'SUBBB000000005', 1)]}], 'Asks': [{'price': 16000, 'orders': [(b'SUBBS000000003', 1)]}]}}
{'timestamp': 54038687758000, 'order': 'O: SUBAB000000003:B1xLPS     @18000', 'book': {'Bids': [{'price': 14000, 'orders': [(b'SUBBB000000005', 1)]}], 'Asks': []}}
{'timestamp': 54039208172000, 'order': 'U: SUBBS000000003->SUBBS000000006:1@19000', 'book': {'Bids': [{'price': 14000, 'orders': [(b'SUBBB000000005', 1)]}], 'Asks': []}}
{'timestamp': 54039208667000, 'order': 'U: SUBBB000000005->SUBBB000000007:1@17000', 'book': {'Bids': [{'price': 17000, 'orders': [(b'SUBBB000000007', 1)]}], 'Asks': []}}
{'timestamp': 54039210093000, 'order': 'O: SUBBS000000008:S1xLPS     @19000', 'book': {'Bids': [{'price': 17000, 'orders': [(b'SUBBB000000007', 1)]}], 'Asks': [{'price': 19000, 'orders': [(b'SUBBS000000008', 1)]}]}}
{'timestamp': 54043573252000, 'order': 'O: SUB@B000000002:B1xLPS     @214748', 'book': {'Bids': [{'price': 17000, 'orders': [(b'SUBBB000000007', 1)]}], 'Asks': []}}
{'timestamp': 54044082508000, 'order': 'O: SUBBS000000009:S1xLPS     @19000', 'book': {'Bids': [{'price': 17000, 'orders': [(b'SUBBB000000007', 1)]}], 'Asks': [{'price': 19000, 'orders': [(b'SUBBS000000009', 1)]}]}}
