{'timestamp': 72685896181000, 'order': 'H: 9218265940023586864:S', 'book': {'Bids': [], 'Asks': []}}
{'timestamp': 72688186273000, 'order': 'O: SUBBB000000001:B1xLPS     @9000', 'book': {'Bids': [{'price': 9000, 'orders': [(b'SUBBB000000001', 1)]}], 'Asks': []}}
{'timestamp': 72688186837000, 'order': 'O: SUBBS000000002:S1xLPS     @11000', 'book': {'Bids': [{'price': 9000, 'orders': [(b'SUBBB000000001', 1)]}], 'Asks': [{'price': 11000, 'orders': [(b'SUBBS000000002', 1)]}]}}
{'timestamp': 72691761810000, 'order': 'O: SUBAB000000001:B1xLPS     @15000', 'book': {'Bids': [{'price': 9000, 'orders': [(b'SUBBB000000001', 1)]}], 'Asks': []}}
{'timestamp': 72692282058000, 'order': 'U: SUBBS000000002->SUBBS000000003:1@17000', 'book': {'Bids': [{'price': 9000, 'orders': [(b'SUBBB000000001', 1)]}], 'Asks': []}}
{'timestamp': 72692282414000, 'order': 'U: SUBBB000000001->SUBBB000000004:1@13000', 'book': {'Bids': [{'price': 13000, 'orders': [(b'SUBBB000000004', 1)]}], 'Asks': []}}
{'timestamp': 72692282883000, 'order': 'O: SUBBS000000005:S1xLPS     @17000', 'book': {'Bids': [{'price': 13000, 'orders': [(b'SUBBB000000004', 1)]}], 'Asks': [{'price': 17000, 'orders': [(b'SUBBS000000005', 1)]}]}}
{'timestamp': 72696266754000, 'order': 'X: SUBBB000000004:0', 'book': {'Bids': [], 'Asks': [{'price': 17000, 'orders': [(b'SUBBS000000005', 1)]}]}}
{'timestamp': 72696267191000, 'order': 'X: SUBBS000000005:0', 'book': {'Bids': [], 'Asks': []}}
{'timestamp': 72696644231000, 'order': 'O: SUB@S000000001:S1xLPS     @0', 'book': {'Bids': [], 'Asks': []}}
{'timestamp': 72696922325000, 'order': 'O: SUBBB000000006:B1xLPS     @13000', 'book': {'Bids': [{'price': 13000, 'orders': [(b'SUBBB000000006', 1)]}], 'Asks': []}}
{'timestamp': 72696922761000, 'order': 'O: SUBBS000000007:S1xLPS     @17000', 'book': {'Bids': [{'price': 13000, 'orders': [(b'SUBBB000000006', 1)]}], 'Asks': [{'price': 17000, 'orders': [(b'SUBBS000000007', 1)]}]}}
{'timestamp': 72701769536000, 'order': 'O: SUBAB000000002:B1xLPS     @18000', 'book': {'Bids': [{'price': 13000, 'orders': [(b'SUBBB000000006', 1)]}], 'Asks': []}}
{'timestamp': 72702295816000, 'order': 'U: SUBBS000000007->SUBBS000000008:1@20000', 'book': {'Bids': [{'price': 13000, 'orders': [(b'SUBBB000000006', 1)]}], 'Asks': []}}
{'timestamp': 72702296306000, 'order': 'U: SUBBB000000006->SUBBB000000009:1@16000', 'book': {'Bids': [{'price': 16000, 'orders': [(b'SUBBB000000009', 1)]}], 'Asks': []}}
{'timestamp': 72702296932000, 'order': 'O: SUBBS000000010:S1xLPS     @20000', 'book': {'Bids': [{'price': 16000, 'orders': [(b'SUBBB000000009', 1)]}], 'Asks': [{'price': 20000, 'orders': [(b'SUBBS000000010', 1)]}]}}
{'timestamp': 72704333440000, 'order': 'X: SUBBB000000009:0', 'book': {'Bids': [], 'Asks': [{'price': 20000, 'orders': [(b'SUBBS000000010', 1)]}]}}
{'timestamp': 72704333816000, 'order': 'X: SUBBS000000010:0', 'book': {'Bids': [], 'Asks': []}}
{'timestamp': 72705841955000, 'order': 'O: SUBBB000000011:B1xLPS     @16000', 'book': {'Bids': [{'price': 16000, 'orders': [(b'SUBBB000000011', 1)]}], 'Asks': []}}
{'timestamp': 72705842506000, 'order': 'O: SUBBS000000012:S1xLPS     @20000', 'book': {'Bids': [{'price': 16000, 'orders': [(b'SUBBB000000011', 1)]}], 'Asks': [{'price': 20000, 'orders': [(b'SUBBS000000012', 1)]}]}}
{'timestamp': 72706646067000, 'order': 'O: SUB@B000000001:B1xLPS     @214748', 'book': {'Bids': [{'price': 16000, 'orders': [(b'SUBBB000000011', 1)]}], 'Asks': []}}
{'timestamp': 72706765595000, 'order': 'O: SUBBS000000013:S1xLPS     @20000', 'book': {'Bids': [{'price': 16000, 'orders': [(b'SUBBB000000011', 1)]}], 'Asks': [{'price': 20000, 'orders': [(b'SUBBS000000013', 1)]}]}}
{'timestamp': 72708497532000, 'order': 'X: SUBBB000000011:0', 'book': {'Bids': [], 'Asks': [{'price': 20000, 'orders': [(b'SUBBS000000013', 1)]}]}}
{'timestamp': 72708497983000, 'order': 'X: SUBBS000000013:0', 'book': {'Bids': [], 'Asks': []}}
{'timestamp': 72710273969000, 'order': 'O: SUBBB000000014:B1xLPS     @16000', 'book': {'Bids': [{'price': 16000, 'orders': [(b'SUBBB000000014', 1)]}], 'Asks': []}}
{'timestamp': 72710274432000, 'order': 'O: SUBBS000000015:S1xLPS     @20000', 'book': {'Bids': [{'price': 16000, 'orders': [(b'SUBBB000000014', 1)]}], 'Asks': [{'price': 20000, 'orders': [(b'SUBBS000000015', 1)]}]}}
{'timestamp': 72711782867000, 'order': 'O: SUBAB000000003:B1xLPS     @21000', 'book': {'Bids': [{'price': 16000, 'orders': [(b'SUBBB000000014', 1)]}], 'Asks': []}}
{'timestamp': 72712309435000, 'order': 'U: SUBBS000000015->SUBBS000000016:1@23000', 'book': {'Bids': [{'price': 16000, 'orders': [(b'SUBBB000000014', 1)]}], 'Asks': []}}
{'timestamp': 72712309771000, 'order': 'U: SUBBB000000014->SUBBB000000017:1@19000', 'book': {'Bids': [{'price': 19000, 'orders': [(b'SUBBB000000017', 1)]}], 'Asks': []}}
{'timestamp': 72712310208000, 'order': 'O: SUBBS000000018:S1xLPS     @23000', 'book': {'Bids': [{'price': 19000, 'orders': [(b'SUBBB000000017', 1)]}], 'Asks': [{'price': 23000, 'orders': [(b'SUBBS000000018', 1)]}]}}
{'timestamp': 72716647361000, 'order': 'O: SUB@S000000001:S1xLPS     @0', 'book': {'Bids': [{'price': 19000, 'orders': [(b'SUBBB000000017', 1)]}], 'Asks': [{'price': 23000, 'orders': [(b'SUBBS000000018', 1)]}]}}
{'timestamp': 72721778744000, 'order': 'O: SUBAS000000004:S1xLPS     @16000', 'book': {'Bids': [], 'Asks': [{'price': 23000, 'orders': [(b'SUBBS000000018', 1)]}]}}
{'timestamp': 72722305479000, 'order': 'U: SUBBB000000017->SUBBB000000019:1@14000', 'book': {'Bids': [], 'Asks': [{'price': 23000, 'orders': [(b'SUBBS000000018', 1)]}]}}
{'timestamp': 72722305839000, 'order': 'U: SUBBS000000018->SUBBS000000020:1@18000', 'book': {'Bids': [], 'Asks': [{'price': 18000, 'orders': [(b'SUBBS000000020', 1)]}]}}
{'timestamp': 72722306263000, 'order': 'O: SUBBB000000021:B1xLPS     @14000', 'book': {'Bids': [{'price': 14000, 'orders': [(b'SUBBB000000021', 1)]}], 'Asks': [{'price': 18000, 'orders': [(b'SUBBS000000020', 1)]}]}}
{'timestamp': 72726649135000, 'order': 'O: SUB@B000000001:B1xLPS     @214748', 'book': {'Bids': [{'price': 14000, 'orders': [(b'SUBBB000000021', 1)]}], 'Asks': [{'price': 18000, 'orders': [(b'SUBBS000000020', 1)]}]}}
{'timestamp': 72731786639000, 'order': 'O: SUBAB000000005:B1xLPS     @22000', 'book': {'Bids': [{'price': 14000, 'orders': [(b'SUBBB000000021', 1)]}], 'Asks': []}}
{'timestamp': 72732313891000, 'order': 'U: SUBBS000000020->SUBBS000000022:1@24000', 'book': {'Bids': [{'price': 14000, 'orders': [(b'SUBBB000000021', 1)]}], 'Asks': []}}
{'timestamp': 72732314305000, 'order': 'U: SUBBB000000021->SUBBB000000023:1@20000', 'book': {'Bids': [{'price': 20000, 'orders': [(b'SUBBB000000023', 1)]}], 'Asks': []}}
{'timestamp': 72732314744000, 'order': 'O: SUBBS000000024:S1xLPS     @24000', 'book': {'Bids': [{'price': 20000, 'orders': [(b'SUBBB000000023', 1)]}], 'Asks': [{'price': 24000, 'orders': [(b'SUBBS000000024', 1)]}]}}
{'timestamp': 74473838956000, 'order': 'H: 14512658656785346608:S', 'book': {'Bids': [], 'Asks': []}}
{'timestamp': 74476270340000, 'order': 'O: SUBBB000000001:B1xLPS     @9000', 'book': {'Bids': [{'price': 9000, 'orders': [(b'SUBBB000000001', 1)]}], 'Asks': []}}
{'timestamp': 74476270924000, 'order': 'O: SUBBS000000002:S1xLPS     @11000', 'book': {'Bids': [{'price': 9000, 'orders': [(b'SUBBB000000001', 1)]}], 'Asks': [{'price': 11000, 'orders': [(b'SUBBS000000002', 1)]}]}}
{'timestamp': 74478250278000, 'order': 'O: SUBAB000000001:B1xLPS     @9000', 'book': {'Bids': [{'price': 9000, 'orders': [(b'SUBBB000000001', 1), (b'SUBAB000000001', 1)]}], 'Asks': [{'price': 11000, 'orders': [(b'SUBBS000000002', 1)]}]}}
{'timestamp': 74478250703000, 'order': 'O: SUBAS000000002:S1xLPS     @11000', 'book': {'Bids': [{'price': 9000, 'orders': [(b'SUBBB000000001', 1), (b'SUBAB000000001', 1)]}], 'Asks': [{'price': 11000, 'orders': [(b'SUBBS000000002', 1), (b'SUBAS000000002', 1)]}]}}
{'timestamp': 74479695734000, 'order': 'U: SUBAS000000002->SUBAS000000003:1@17000', 'book': {'Bids': [{'price': 9000, 'orders': [(b'SUBBB000000001', 1), (b'SUBAB000000001', 1)]}], 'Asks': [{'price': 11000, 'orders': [(b'SUBBS000000002', 1)]}, {'price': 17000, 'orders': [(b'SUBAS000000003', 1)]}]}}
{'timestamp': 74479696324000, 'order': 'U: SUBAB000000001->SUBAB000000004:1@13000', 'book': {'Bids': [{'price': 9000, 'orders': [(b'SUBBB000000001', 1)]}], 'Asks': [{'price': 17000, 'orders': [(b'SUBAS000000003', 1)]}]}}
{'timestamp': 74480334365000, 'order': 'O: SUBAB000000005:B1xLPS     @13000', 'book': {'Bids': [{'price': 13000, 'orders': [(b'SUBAB000000005', 1)]}, {'price': 9000, 'orders': [(b'SUBBB000000001', 1)]}], 'Asks': [{'price': 17000, 'orders': [(b'SUBAS000000003', 1)]}]}}
{'timestamp': 74480334953000, 'order': 'U: SUBBS000000002->SUBBS000000003:1@17000', 'book': {'Bids': [{'price': 13000, 'orders': [(b'SUBAB000000005', 1)]}, {'price': 9000, 'orders': [(b'SUBBB000000001', 1)]}], 'Asks': [{'price': 17000, 'orders': [(b'SUBAS000000003', 1)]}]}}
{'timestamp': 74480335290000, 'order': 'U: SUBBB000000001->SUBBB000000004:1@13000', 'book': {'Bids': [{'price': 13000, 'orders': [(b'SUBAB000000005', 1), (b'SUBBB000000004', 1)]}], 'Asks': [{'price': 17000, 'orders': [(b'SUBAS000000003', 1)]}]}}
{'timestamp': 74480335804000, 'order': 'O: SUBBS000000005:S1xLPS     @17000', 'book': {'Bids': [{'price': 13000, 'orders': [(b'SUBAB000000005', 1), (b'SUBBB000000004', 1)]}], 'Asks': [{'price': 17000, 'orders': [(b'SUBAS000000003', 1), (b'SUBBS000000005', 1)]}]}}
{'timestamp': 74480456056000, 'order': 'X: SUBAS000000003:0', 'book': {'Bids': [{'price': 13000, 'orders': [(b'SUBAB000000005', 1), (b'SUBBB000000004', 1)]}], 'Asks': [{'price': 17000, 'orders': [(b'SUBBS000000005', 1)]}]}}
{'timestamp': 74480456461000, 'order': 'X: SUBAB000000005:0', 'book': {'Bids': [{'price': 13000, 'orders': [(b'SUBBB000000004', 1)]}], 'Asks': [{'price': 17000, 'orders': [(b'SUBBS000000005', 1)]}]}}
{'timestamp': 74484617947000, 'order': 'O: SUB@S000000001:S1xLPS     @0', 'book': {'Bids': [], 'Asks': [{'price': 17000, 'orders': [(b'SUBBS000000005', 1)]}]}}
{'timestamp': 74485133185000, 'order': 'O: SUBBB000000006:B1xLPS     @13000', 'book': {'Bids': [{'price': 13000, 'orders': [(b'SUBBB000000006', 1)]}], 'Asks': [{'price': 17000, 'orders': [(b'SUBBS000000005', 1)]}]}}
{'timestamp': 74489697917000, 'order': 'O: SUBAB000000006:B1xLPS     @18000', 'book': {'Bids': [{'price': 13000, 'orders': [(b'SUBBB000000006', 1)]}], 'Asks': []}}
{'timestamp': 74490223717000, 'order': 'U: SUBBS000000005->SUBBS000000007:1@20000', 'book': {'Bids': [{'price': 13000, 'orders': [(b'SUBBB000000006', 1)]}], 'Asks': []}}
{'timestamp': 74490224145000, 'order': 'U: SUBBB000000006->SUBBB000000008:1@16000', 'book': {'Bids': [{'price': 16000, 'orders': [(b'SUBBB000000008', 1)]}], 'Asks': []}}
{'timestamp': 74490224751000, 'order': 'O: SUBBS000000009:S1xLPS     @20000', 'book': {'Bids': [{'price': 16000, 'orders': [(b'SUBBB000000008', 1)]}], 'Asks': [{'price': 20000, 'orders': [(b'SUBBS000000009', 1)]}]}}
{'timestamp': 74494626738000, 'order': 'O: SUB@B000000001:B1xLPS     @214748', 'book': {'Bids': [{'price': 16000, 'orders': [(b'SUBBB000000008', 1)]}], 'Asks': []}}
{'timestamp': 74495143062000, 'order': 'O: SUBBS000000010:S1xLPS     @20000', 'book': {'Bids': [{'price': 16000, 'orders': [(b'SUBBB000000008', 1)]}], 'Asks': [{'price': 20000, 'orders': [(b'SUBBS000000010', 1)]}]}}
{'timestamp': 74499693311000, 'order': 'O: SUBAB000000007:B1xLPS     @21000', 'book': {'Bids': [{'price': 16000, 'orders': [(b'SUBBB000000008', 1)]}], 'Asks': []}}
{'timestamp': 74500219732000, 'order': 'U: SUBBS000000010->SUBBS000000011:1@23000', 'book': {'Bids': [{'price': 16000, 'orders': [(b'SUBBB000000008', 1)]}], 'Asks': []}}
{'timestamp': 74500220478000, 'order': 'U: SUBBB000000008->SUBBB000000012:1@19000', 'book': {'Bids': [{'price': 19000, 'orders': [(b'SUBBB000000012', 1)]}], 'Asks': []}}
{'timestamp': 74500221378000, 'order': 'O: SUBBS000000013:S1xLPS     @23000', 'book': {'Bids': [{'price': 19000, 'orders': [(b'SUBBB000000012', 1)]}], 'Asks': [{'price': 23000, 'orders': [(b'SUBBS000000013', 1)]}]}}
{'timestamp': 74504635605000, 'order': 'O: SUB@S000000001:S1xLPS     @0', 'book': {'Bids': [{'price': 19000, 'orders': [(b'SUBBB000000012', 1)]}], 'Asks': [{'price': 23000, 'orders': [(b'SUBBS000000013', 1)]}]}}
{'timestamp': 74509701006000, 'order': 'O: SUBAS000000008:S1xLPS     @16000', 'book': {'Bids': [], 'Asks': [{'price': 23000, 'orders': [(b'SUBBS000000013', 1)]}]}}
{'timestamp': 74510231787000, 'order': 'U: SUBBB000000012->SUBBB000000014:1@14000', 'book': {'Bids': [], 'Asks': [{'price': 23000, 'orders': [(b'SUBBS000000013', 1)]}]}}
{'timestamp': 74510232194000, 'order': 'U: SUBBS000000013->SUBBS000000015:1@18000', 'book': {'Bids': [], 'Asks': [{'price': 18000, 'orders': [(b'SUBBS000000015', 1)]}]}}
{'timestamp': 74510232813000, 'order': 'O: SUBBB000000016:B1xLPS     @14000', 'book': {'Bids': [{'price': 14000, 'orders': [(b'SUBBB000000016', 1)]}], 'Asks': [{'price': 18000, 'orders': [(b'SUBBS000000015', 1)]}]}}
{'timestamp': 74514629995000, 'order': 'O: SUB@B000000001:B1xLPS     @214748', 'book': {'Bids': [{'price': 14000, 'orders': [(b'SUBBB000000016', 1)]}], 'Asks': [{'price': 18000, 'orders': [(b'SUBBS000000015', 1)]}]}}
{'timestamp': 74519705215000, 'order': 'O: SUBAB000000009:B1xLPS     @22000', 'book': {'Bids': [{'price': 14000, 'orders': [(b'SUBBB000000016', 1)]}], 'Asks': []}}
{'timestamp': 74520234622000, 'order': 'U: SUBBS000000015->SUBBS000000017:1@24000', 'book': {'Bids': [{'price': 14000, 'orders': [(b'SUBBB000000016', 1)]}], 'Asks': []}}
{'timestamp': 74520234934000, 'order': 'U: SUBBB000000016->SUBBB000000018:1@20000', 'book': {'Bids': [{'price': 20000, 'orders': [(b'SUBBB000000018', 1)]}], 'Asks': []}}
{'timestamp': 74520235364000, 'order': 'O: SUBBS000000019:S1xLPS     @24000', 'book': {'Bids': [{'price': 20000, 'orders': [(b'SUBBB000000018', 1)]}], 'Asks': [{'price': 24000, 'orders': [(b'SUBBS000000019', 1)]}]}}
{'timestamp': 74524625251000, 'order': 'O: SUB@S000000001:S1xLPS     @0', 'book': {'Bids': [{'price': 20000, 'orders': [(b'SUBBB000000018', 1)]}], 'Asks': [{'price': 24000, 'orders': [(b'SUBBS000000019', 1)]}]}}
{'timestamp': 74529716125000, 'order': 'O: SUBAS000000010:S1xLPS     @17000', 'book': {'Bids': [], 'Asks': [{'price': 24000, 'orders': [(b'SUBBS000000019', 1)]}]}}
{'timestamp': 74530241612000, 'order': 'U: SUBBB000000018->SUBBB000000020:1@15000', 'book': {'Bids': [], 'Asks': [{'price': 24000, 'orders': [(b'SUBBS000000019', 1)]}]}}
{'timestamp': 74530242036000, 'order': 'U: SUBBS000000019->SUBBS000000021:1@19000', 'book': {'Bids': [], 'Asks': [{'price': 19000, 'orders': [(b'SUBBS000000021', 1)]}]}}
{'timestamp': 74530242643000, 'order': 'O: SUBBB000000022:B1xLPS     @15000', 'book': {'Bids': [{'price': 15000, 'orders': [(b'SUBBB000000022', 1)]}], 'Asks': [{'price': 19000, 'orders': [(b'SUBBS000000021', 1)]}]}}
{'timestamp': 74534627093000, 'order': 'O: SUB@B000000001:B1xLPS     @214748', 'book': {'Bids': [{'price': 15000, 'orders': [(b'SUBBB000000022', 1)]}], 'Asks': [{'price': 19000, 'orders': [(b'SUBBS000000021', 1)]}]}}
{'timestamp': 75716090900000, 'order': 'H: 375654230111825968:S', 'book': {'Bids': [], 'Asks': []}}
{'timestamp': 75718129127000, 'order': 'O: SUBBB000000001:B1xLPS     @9000', 'book': {'Bids': [{'price': 9000, 'orders': [(b'SUBBB000000001', 1)]}], 'Asks': []}}
{'timestamp': 75718129733000, 'order': 'O: SUBBS000000002:S1xLPS     @11000', 'book': {'Bids': [{'price': 9000, 'orders': [(b'SUBBB000000001', 1)]}], 'Asks': [{'price': 11000, 'orders': [(b'SUBBS000000002', 1)]}]}}
{'timestamp': 75718791215000, 'order': 'U: SUBBB000000001->SUBBB000000003:1@6570', 'book': {'Bids': [{'price': 6570, 'orders': [(b'SUBBB000000003', 1)]}], 'Asks': [{'price': 11000, 'orders': [(b'SUBBS000000002', 1)]}]}}
{'timestamp': 75718791817000, 'order': 'U: SUBBS000000002->SUBBS000000004:1@13430', 'book': {'Bids': [{'price': 6570, 'orders': [(b'SUBBB000000003', 1)]}], 'Asks': [{'price': 13430, 'orders': [(b'SUBBS000000004', 1)]}]}}
{'timestamp': 75719568379000, 'order': 'U: SUBBB000000003->SUBBB000000005:1@4420', 'book': {'Bids': [{'price': 4420, 'orders': [(b'SUBBB000000005', 1)]}], 'Asks': [{'price': 13430, 'orders': [(b'SUBBS000000004', 1)]}]}}
{'timestamp': 75719568952000, 'order': 'U: SUBBS000000004->SUBBS000000006:1@15580', 'book': {'Bids': [{'price': 4420, 'orders': [(b'SUBBB000000005', 1)]}], 'Asks': [{'price': 15580, 'orders': [(b'SUBBS000000006', 1)]}]}}
{'timestamp': 75720387029000, 'order': 'U: SUBBB000000005->SUBBB000000007:1@3050', 'book': {'Bids': [{'price': 3050, 'orders': [(b'SUBBB000000007', 1)]}], 'Asks': [{'price': 15580, 'orders': [(b'SUBBS000000006', 1)]}]}}
{'timestamp': 75720387773000, 'order': 'U: SUBBS000000006->SUBBS000000008:1@16950', 'book': {'Bids': [{'price': 3050, 'orders': [(b'SUBBB000000007', 1)]}], 'Asks': [{'price': 16950, 'orders': [(b'SUBBS000000008', 1)]}]}}
{'timestamp': 75721049791000, 'order': 'U: SUBBB000000007->SUBBB000000009:1@2260', 'book': {'Bids': [{'price': 2260, 'orders': [(b'SUBBB000000009', 1)]}], 'Asks': [{'price': 16950, 'orders': [(b'SUBBS000000008', 1)]}]}}
{'timestamp': 75721050430000, 'order': 'U: SUBBS000000008->SUBBS000000010:1@17740', 'book': {'Bids': [{'price': 2260, 'orders': [(b'SUBBB000000009', 1)]}], 'Asks': [{'price': 17740, 'orders': [(b'SUBBS000000010', 1)]}]}}
{'timestamp': 75721734423000, 'order': 'U: SUBBB000000009->SUBBB000000011:1@6890', 'book': {'Bids': [{'price': 6890, 'orders': [(b'SUBBB000000011', 1)]}], 'Asks': [{'price': 17740, 'orders': [(b'SUBBS000000010', 1)]}]}}
{'timestamp': 75721735006000, 'order': 'U: SUBBS000000010->SUBBS000000012:1@13110', 'book': {'Bids': [{'price': 6890, 'orders': [(b'SUBBB000000011', 1)]}], 'Asks': [{'price': 13110, 'orders': [(b'SUBBS000000012', 1)]}]}}
{'timestamp': 75722615921000, 'order': 'U: SUBBB000000011->SUBBB000000013:1@7900', 'book': {'Bids': [{'price': 7900, 'orders': [(b'SUBBB000000013', 1)]}], 'Asks': [{'price': 13110, 'orders': [(b'SUBBS000000012', 1)]}]}}
{'timestamp': 75722616452000, 'order': 'U: SUBBS000000012->SUBBS000000014:1@12100', 'book': {'Bids': [{'price': 7900, 'orders': [(b'SUBBB000000013', 1)]}], 'Asks': [{'price': 12100, 'orders': [(b'SUBBS000000014', 1)]}]}}
{'timestamp': 75722652287000, 'order': 'U: SUBBS000000012->SUBBS000000015:1@18110', 'book': {'Bids': [{'price': 7900, 'orders': [(b'SUBBB000000013', 1)]}], 'Asks': [{'price': 12100, 'orders': [(b'SUBBS000000014', 1)]}]}}
{'timestamp': 75722652802000, 'order': 'U: SUBBB000000011->SUBBB000000016:1@11890', 'book': {'Bids': [{'price': 7900, 'orders': [(b'SUBBB000000013', 1)]}], 'Asks': [{'price': 12100, 'orders': [(b'SUBBS000000014', 1)]}]}}
{'timestamp': 75723475673000, 'order': 'U: SUBBB000000013->SUBBB000000017:1@13980', 'book': {'Bids': [], 'Asks': []}}
{'timestamp': 75723476618000, 'order': 'U: SUBBS000000014->SUBBS000000018:1@16020', 'book': {'Bids': [], 'Asks': []}}
{'timestamp': 75724506040000, 'order': 'O: SUBBB000000019:B1xLPS     @13980', 'book': {'Bids': [{'price': 13980, 'orders': [(b'SUBBB000000019', 1)]}], 'Asks': []}}
{'timestamp': 75724506455000, 'order': 'O: SUBBS000000020:S1xLPS     @16020', 'book': {'Bids': [{'price': 13980, 'orders': [(b'SUBBB000000019', 1)]}], 'Asks': [{'price': 16020, 'orders': [(b'SUBBS000000020', 1)]}]}}
{'timestamp': 75725065768000, 'order': 'U: SUBBB000000019->SUBBB000000021:1@12470', 'book': {'Bids': [{'price': 12470, 'orders': [(b'SUBBB000000021', 1)]}], 'Asks': [{'price': 16020, 'orders': [(b'SUBBS000000020', 1)]}]}}
{'timestamp': 75725066262000, 'order': 'U: SUBBS000000020->SUBBS000000022:1@17530', 'book': {'Bids': [{'price': 12470, 'orders': [(b'SUBBB000000021', 1)]}], 'Asks': [{'price': 17530, 'orders': [(b'SUBBS000000022', 1)]}]}}
{'timestamp': 75725066654000, 'order': 'U: SUBBB000000019->SUBBB000000021:1@12900', 'book': {'Bids': [{'price': 12470, 'orders': [(b'SUBBB000000021', 1)]}], 'Asks': [{'price': 17530, 'orders': [(b'SUBBS000000022', 1)]}]}}
{'timestamp': 75725066850000, 'order': 'U: SUBBS000000020->SUBBS000000022:1@17100', 'book': {'Bids': [{'price': 12470, 'orders': [(b'SUBBB000000021', 1)]}], 'Asks': [{'price': 17530, 'orders': [(b'SUBBS000000022', 1)]}]}}
{'timestamp': 75725355717000, 'order': 'U: SUBBB000000019->SUBBB000000023:1@12900', 'book': {'Bids': [{'price': 12470, 'orders': [(b'SUBBB000000021', 1)]}], 'Asks': [{'price': 17530, 'orders': [(b'SUBBS000000022', 1)]}]}}
{'timestamp': 75725356060000, 'order': 'U: SUBBS000000020->SUBBS000000024:1@17100', 'book': {'Bids': [{'price': 12470, 'orders': [(b'SUBBB000000021', 1)]}], 'Asks': [{'price': 17530, 'orders': [(b'SUBBS000000022', 1)]}]}}
{'timestamp': 75726064206000, 'order': 'U: SUBBB000000021->SUBBB000000025:1@13110', 'book': {'Bids': [{'price': 13110, 'orders': [(b'SUBBB000000025', 1)]}], 'Asks': [{'price': 17530, 'orders': [(b'SUBBS000000022', 1)]}]}}
{'timestamp': 75726064888000, 'order': 'U: SUBBS000000022->SUBBS000000026:1@16890', 'book': {'Bids': [{'price': 13110, 'orders': [(b'SUBBB000000025', 1)]}], 'Asks': [{'price': 16890, 'orders': [(b'SUBBS000000026', 1)]}]}}
{'timestamp': 75726871867000, 'order': 'U: SUBBB000000025->SUBBB000000027:1@13330', 'book': {'Bids': [{'price': 13330, 'orders': [(b'SUBBB000000027', 1)]}], 'Asks': [{'price': 16890, 'orders': [(b'SUBBS000000026', 1)]}]}}
{'timestamp': 75726872529000, 'order': 'U: SUBBS000000026->SUBBS000000028:1@16670', 'book': {'Bids': [{'price': 13330, 'orders': [(b'SUBBB000000027', 1)]}], 'Asks': [{'price': 16670, 'orders': [(b'SUBBS000000028', 1)]}]}}
{'timestamp': 75727161816000, 'order': 'O: SUB@S000000001:S1xLPS     @0', 'book': {'Bids': [], 'Asks': [{'price': 16670, 'orders': [(b'SUBBS000000028', 1)]}]}}
{'timestamp': 75727681941000, 'order': 'U: SUBBS000000026->SUBBS000000029:1@20220', 'book': {'Bids': [], 'Asks': [{'price': 16670, 'orders': [(b'SUBBS000000028', 1)]}]}}
{'timestamp': 75727682349000, 'order': 'U: SUBBB000000027->SUBBB000000030:1@9780', 'book': {'Bids': [], 'Asks': [{'price': 16670, 'orders': [(b'SUBBS000000028', 1)]}]}}
{'timestamp': 75727682621000, 'order': 'O: SUBBB000000031:B1xLPS     @13330', 'book': {'Bids': [{'price': 13330, 'orders': [(b'SUBBB000000031', 1)]}], 'Asks': [{'price': 16670, 'orders': [(b'SUBBS000000028', 1)]}]}}
{'timestamp': 75728401444000, 'order': 'U: SUBBS000000028->SUBBS000000032:1@17420', 'book': {'Bids': [{'price': 13330, 'orders': [(b'SUBBB000000031', 1)]}], 'Asks': [{'price': 17420, 'orders': [(b'SUBBS000000032', 1)]}]}}
{'timestamp': 75728401960000, 'order': 'U: SUBBB000000031->SUBBB000000033:1@12580', 'book': {'Bids': [{'price': 12580, 'orders': [(b'SUBBB000000033', 1)]}], 'Asks': [{'price': 17420, 'orders': [(b'SUBBS000000032', 1)]}]}}
{'timestamp': 75728891283000, 'order': 'U: SUBBS000000028->SUBBS000000034:1@21980', 'book': {'Bids': [{'price': 12580, 'orders': [(b'SUBBB000000033', 1)]}], 'Asks': [{'price': 17420, 'orders': [(b'SUBBS000000032', 1)]}]}}
{'timestamp': 75728891943000, 'order': 'U: SUBBB000000031->SUBBB000000035:1@8020', 'book': {'Bids': [{'price': 12580, 'orders': [(b'SUBBB000000033', 1)]}], 'Asks': [{'price': 17420, 'orders': [(b'SUBBS000000032', 1)]}]}}
{'timestamp': 75732309954000, 'order': 'U: SUBBS000000032->SUBBS000000036:1@16630', 'book': {'Bids': [{'price': 12580, 'orders': [(b'SUBBB000000033', 1)]}], 'Asks': [{'price': 16630, 'orders': [(b'SUBBS000000036', 1)]}]}}
{'timestamp': 75732310767000, 'order': 'U: SUBBB000000033->SUBBB000000037:1@13370', 'book': {'Bids': [{'price': 13370, 'orders': [(b'SUBBB000000037', 1)]}], 'Asks': [{'price': 16630, 'orders': [(b'SUBBS000000036', 1)]}]}}
{'timestamp': 75732661346000, 'order': 'O: SUBAB000000001:B1xLPS     @18000', 'book': {'Bids': [{'price': 13370, 'orders': [(b'SUBBB000000037', 1)]}], 'Asks': []}}
{'timestamp': 75732661895000, 'order': 'U: SUBBS000000032->SUBBS000000038:1@24980', 'book': {'Bids': [{'price': 13370, 'orders': [(b'SUBBB000000037', 1)]}], 'Asks': []}}
{'timestamp': 75732663320000, 'order': 'U: SUBBB000000033->SUBBB000000039:1@11020', 'book': {'Bids': [{'price': 13370, 'orders': [(b'SUBBB000000037', 1)]}], 'Asks': []}}
{'timestamp': 75733188561000, 'order': 'O: SUBBS000000040:S1xLPS     @19630', 'book': {'Bids': [{'price': 13370, 'orders': [(b'SUBBB000000037', 1)]}], 'Asks': [{'price': 19630, 'orders': [(b'SUBBS000000040', 1)]}]}}
{'timestamp': 75733709107000, 'order': 'U: SUBBB000000037->SUBBB000000041:1@14930', 'book': {'Bids': [{'price': 14930, 'orders': [(b'SUBBB000000041', 1)]}], 'Asks': [{'price': 19630, 'orders': [(b'SUBBS000000040', 1)]}]}}
{'timestamp': 75733710056000, 'order': 'U: SUBBS000000040->SUBBS000000042:1@21070', 'book': {'Bids': [{'price': 14930, 'orders': [(b'SUBBB000000041', 1)]}], 'Asks': [{'price': 21070, 'orders': [(b'SUBBS000000042', 1)]}]}}
{'timestamp': 75734736749000, 'order': 'U: SUBBB000000041->SUBBB000000043:1@11050', 'book': {'Bids': [{'price': 11050, 'orders': [(b'SUBBB000000043', 1)]}], 'Asks': [{'price': 21070, 'orders': [(b'SUBBS000000042', 1)]}]}}
{'timestamp': 75734737511000, 'order': 'U: SUBBS000000042->SUBBS000000044:1@24950', 'book': {'Bids': [{'price': 11050, 'orders': [(b'SUBBB000000043', 1)]}], 'Asks': [{'price': 24950, 'orders': [(b'SUBBS000000044', 1)]}]}}
{'timestamp': 75736089268000, 'order': 'U: SUBBB000000043->SUBBB000000045:1@15040', 'book': {'Bids': [{'price': 15040, 'orders': [(b'SUBBB000000045', 1)]}], 'Asks': [{'price': 24950, 'orders': [(b'SUBBS000000044', 1)]}]}}
{'timestamp': 75736089928000, 'order': 'U: SUBBS000000044->SUBBS000000046:1@20960', 'book': {'Bids': [{'price': 15040, 'orders': [(b'SUBBB000000045', 1)]}], 'Asks': [{'price': 20960, 'orders': [(b'SUBBS000000046', 1)]}]}}
{'timestamp': 75737156925000, 'order': 'O: SUB@B000000002:B1xLPS     @214748', 'book': {'Bids': [{'price': 15040, 'orders': [(b'SUBBB000000045', 1)]}], 'Asks': []}}
{'timestamp': 75737675582000, 'order': 'O: SUBBS000000047:S1xLPS     @20960', 'book': {'Bids': [{'price': 15040, 'orders': [(b'SUBBB000000045', 1)]}], 'Asks': [{'price': 20960, 'orders': [(b'SUBBS000000047', 1)]}]}}
{'timestamp': 75742665984000, 'order': 'U: SUBBS000000047->SUBBS000000048:1@23960', 'book': {'Bids': [{'price': 15040, 'orders': [(b'SUBBB000000045', 1)]}], 'Asks': [{'price': 23960, 'orders': [(b'SUBBS000000048', 1)]}]}}
{'timestamp': 75742668124000, 'order': 'U: SUBBB000000045->SUBBB000000049:1@18040', 'book': {'Bids': [{'price': 18040, 'orders': [(b'SUBBB000000049', 1)]}], 'Asks': [{'price': 23960, 'orders': [(b'SUBBS000000048', 1)]}]}}
{'timestamp': 75742668552000, 'order': 'O: SUBAB000000002:B1xLPS     @21000', 'book': {'Bids': [{'price': 18040, 'orders': [(b'SUBBB000000049', 1)]}], 'Asks': [{'price': 23960, 'orders': [(b'SUBBS000000048', 1)]}]}}
{'timestamp': 76095934405000, 'order': 'H: 8507968440499187760:S', 'book': {'Bids': [], 'Asks': []}}
{'timestamp': 76097807530000, 'order': 'O: SUBBB000000001:B1xLPS     @9000', 'book': {'Bids': [{'price': 9000, 'orders': [(b'SUBBB000000001', 1)]}], 'Asks': []}}
{'timestamp': 76097807946000, 'order': 'O: SUBBS000000002:S1xLPS     @11000', 'book': {'Bids': [{'price': 9000, 'orders': [(b'SUBBB000000001', 1)]}], 'Asks': [{'price': 11000, 'orders': [(b'SUBBS000000002', 1)]}]}}
{'timestamp': 76100228798000, 'order': 'U: SUBBB000000001->SUBBB000000003:1@4920', 'book': {'Bids': [{'price': 4920, 'orders': [(b'SUBBB000000003', 1)]}], 'Asks': [{'price': 11000, 'orders': [(b'SUBBS000000002', 1)]}]}}
{'timestamp': 76100229588000, 'order': 'U: SUBBS000000002->SUBBS000000004:1@15080', 'book': {'Bids': [{'price': 4920, 'orders': [(b'SUBBB000000003', 1)]}], 'Asks': [{'price': 15080, 'orders': [(b'SUBBS000000004', 1)]}]}}
{'timestamp': 76102190714000, 'order': 'U: SUBBS000000004->SUBBS000000005:1@20080', 'book': {'Bids': [{'price': 4920, 'orders': [(b'SUBBB000000003', 1)]}], 'Asks': [{'price': 20080, 'orders': [(b'SUBBS000000005', 1)]}]}}
{'timestamp': 76102191578000, 'order': 'U: SUBBB000000003->SUBBB000000006:1@9920', 'book': {'Bids': [{'price': 9920, 'orders': [(b'SUBBB000000006', 1)]}], 'Asks': [{'price': 20080, 'orders': [(b'SUBBS000000005', 1)]}]}}
{'timestamp': 76106654237000, 'order': 'O: SUB@S000000001:S1xLPS     @0', 'book': {'Bids': [], 'Asks': [{'price': 20080, 'orders': [(b'SUBBS000000005', 1)]}]}}
{'timestamp': 76107175431000, 'order': 'O: SUBBB000000007:B1xLPS     @9920', 'book': {'Bids': [{'price': 9920, 'orders': [(b'SUBBB000000007', 1)]}], 'Asks': [{'price': 20080, 'orders': [(b'SUBBS000000005', 1)]}]}}
{'timestamp': 76109582006000, 'order': 'U: SUBBS000000005->SUBBS000000008:1@18030', 'book': {'Bids': [{'price': 9920, 'orders': [(b'SUBBB000000007', 1)]}], 'Asks': [{'price': 18030, 'orders': [(b'SUBBS000000008', 1)]}]}}
{'timestamp': 76109582596000, 'order': 'U: SUBBB000000007->SUBBB000000009:1@11970', 'book': {'Bids': [{'price': 11970, 'orders': [(b'SUBBB000000009', 1)]}], 'Asks': [{'price': 18030, 'orders': [(b'SUBBS000000008', 1)]}]}}
{'timestamp': 76111793181000, 'order': 'O: SUBAB000000001:B1xLPS     @18000', 'book': {'Bids': [{'price': 11970, 'orders': [(b'SUBBB000000009', 1)]}], 'Asks': [{'price': 18030, 'orders': [(b'SUBBS000000008', 1)]}]}}
{'timestamp': 76112197955000, 'order': 'U: SUBBS000000008->SUBBS000000010:1@21030', 'book': {'Bids': [{'price': 11970, 'orders': [(b'SUBBB000000009', 1)]}], 'Asks': [{'price': 21030, 'orders': [(b'SUBBS000000010', 1)]}]}}
{'timestamp': 76112198561000, 'order': 'U: SUBBB000000009->SUBBB000000011:1@14970', 'book': {'Bids': [{'price': 14970, 'orders': [(b'SUBBB000000011', 1)]}], 'Asks': [{'price': 21030, 'orders': [(b'SUBBS000000010', 1)]}]}}
{'timestamp': 76116667427000, 'order': 'O: SUB@B000000002:B1xLPS     @214748', 'book': {'Bids': [{'price': 14970, 'orders': [(b'SUBBB000000011', 1)]}], 'Asks': []}}
{'timestamp': 76117184835000, 'order': 'O: SUBBS000000012:S1xLPS     @21030', 'book': {'Bids': [{'price': 14970, 'orders': [(b'SUBBB000000011', 1)]}], 'Asks': [{'price': 21030, 'orders': [(b'SUBBS000000012', 1)]}]}}
{'timestamp': 76121793459000, 'order': 'O: SUBAB000000002:B1xLPS     @21000', 'book': {'Bids': [{'price': 14970, 'orders': [(b'SUBBB000000011', 1)]}], 'Asks': [{'price': 21030, 'orders': [(b'SUBBS000000012', 1)]}]}}
{'timestamp': 76122199956000, 'order': 'U: SUBBS000000012->SUBBS000000013:1@24030', 'book': {'Bids': [{'price': 14970, 'orders': [(b'SUBBB000000011', 1)]}], 'Asks': [{'price': 24030, 'orders': [(b'SUBBS000000013', 1)]}]}}
{'timestamp': 76122200623000, 'order': 'U: SUBBB000000011->SUBBB000000014:1@17970', 'book': {'Bids': [{'price': 17970, 'orders': [(b'SUBBB000000014', 1)]}], 'Asks': [{'price': 24030, 'orders': [(b'SUBBS000000013', 1)]}]}}
{'timestamp': 76126666521000, 'order': 'O: SUB@S000000003:S1xLPS     @0', 'book': {'Bids': [], 'Asks': [{'price': 24030, 'orders': [(b'SUBBS000000013', 1)]}]}}
{'timestamp': 76127187852000, 'order': 'O: SUBBB000000015:B1xLPS     @17970', 'book': {'Bids': [{'price': 17970, 'orders': [(b'SUBBB000000015', 1)]}], 'Asks': [{'price': 24030, 'orders': [(b'SUBBS000000013', 1)]}]}}
{'timestamp': 76131801002000, 'order': 'O: SUBAS000000003:S1xLPS     @16000', 'book': {'Bids': [], 'Asks': [{'price': 24030, 'orders': [(b'SUBBS000000013', 1)]}]}}
{'timestamp': 76132327806000, 'order': 'U: SUBBB000000015->SUBBB000000016:1@12970', 'book': {'Bids': [], 'Asks': [{'price': 24030, 'orders': [(b'SUBBS000000013', 1)]}]}}
{'timestamp': 76132328180000, 'order': 'U: SUBBS000000013->SUBBS000000017:1@19030', 'book': {'Bids': [], 'Asks': [{'price': 19030, 'orders': [(b'SUBBS000000017', 1)]}]}}
{'timestamp': 76132328803000, 'order': 'O: SUBBB000000018:B1xLPS     @12970', 'book': {'Bids': [{'price': 12970, 'orders': [(b'SUBBB000000018', 1)]}], 'Asks': [{'price': 19030, 'orders': [(b'SUBBS000000017', 1)]}]}}
{'timestamp': 76136678461000, 'order': 'O: SUB@B000000004:B1xLPS     @214748', 'book': {'Bids': [{'price': 12970, 'orders': [(b'SUBBB000000018', 1)]}], 'Asks': []}}
{'timestamp': 76137206216000, 'order': 'O: SUBBS000000019:S1xLPS     @19030', 'book': {'Bids': [{'price': 12970, 'orders': [(b'SUBBB000000018', 1)]}], 'Asks': [{'price': 19030, 'orders': [(b'SUBBS000000019', 1)]}]}}
{'timestamp': 76141798259000, 'order': 'O: SUBAB000000004:B1xLPS     @22000', 'book': {'Bids': [{'price': 12970, 'orders': [(b'SUBBB000000018', 1)]}], 'Asks': []}}
{'timestamp': 76142321751000, 'order': 'U: SUBBS000000019->SUBBS000000020:1@25030', 'book': {'Bids': [{'price': 12970, 'orders': [(b'SUBBB000000018', 1)]}], 'Asks': []}}
{'timestamp': 76142322067000, 'order': 'U: SUBBB000000018->SUBBB000000021:1@18970', 'book': {'Bids': [{'price': 18970, 'orders': [(b'SUBBB000000021', 1)]}], 'Asks': []}}
{'timestamp': 76142322545000, 'order': 'O: SUBBS000000022:S1xLPS     @25030', 'book': {'Bids': [{'price': 18970, 'orders': [(b'SUBBB000000021', 1)]}], 'Asks': [{'price': 25030, 'orders': [(b'SUBBS000000022', 1)]}]}}
{'timestamp': 76146672830000, 'order': 'O: SUB@S000000005:S1xLPS     @0', 'book': {'Bids': [], 'Asks': [{'price': 25030, 'orders': [(b'SUBBS000000022', 1)]}]}}
{'timestamp': 76147188034000, 'order': 'O: SUBBB000000023:B1xLPS     @18970', 'book': {'Bids': [{'price': 18970, 'orders': [(b'SUBBB000000023', 1)]}], 'Asks': [{'price': 25030, 'orders': [(b'SUBBS000000022', 1)]}]}}
{'timestamp': 76151804561000, 'order': 'O: SUBAS000000005:S1xLPS     @17000', 'book': {'Bids': [], 'Asks': [{'price': 25030, 'orders': [(b'SUBBS000000022', 1)]}]}}
{'timestamp': 76152334947000, 'order': 'U: SUBBB000000023->SUBBB000000024:1@13970', 'book': {'Bids': [], 'Asks': [{'price': 25030, 'orders': [(b'SUBBS000000022', 1)]}]}}
{'timestamp': 76152335342000, 'order': 'U: SUBBS000000022->SUBBS000000025:1@20030', 'book': {'Bids': [], 'Asks': [{'price': 20030, 'orders': [(b'SUBBS000000025', 1)]}]}}
{'timestamp': 76152335898000, 'order': 'O: SUBBB000000026:B1xLPS     @13970', 'book': {'Bids': [{'price': 13970, 'orders': [(b'SUBBB000000026', 1)]}], 'Asks': [{'price': 20030, 'orders': [(b'SUBBS000000025', 1)]}]}}
{'timestamp': 76156669478000, 'order': 'O: SUB@B000000006:B1xLPS     @214748', 'book': {'Bids': [{'price': 13970, 'orders': [(b'SUBBB000000026', 1)]}], 'Asks': []}}
{'timestamp': 76157186785000, 'order': 'O: SUBBS000000027:S1xLPS     @20030', 'book': {'Bids': [{'price': 13970, 'orders': [(b'SUBBB000000026', 1)]}], 'Asks': [{'price': 20030, 'orders': [(b'SUBBS000000027', 1)]}]}}
