{'timestamp': 73175600648000, 'order': 'H: 16374883556376195120:S', 'book': {'Bids': [], 'Asks': []}}
{'timestamp': 73178559171000, 'order': 'O: SUBAB000000001:B1xLPS     @9000', 'book': {'Bids': [{'price': 9000, 'orders': [(b'SUBAB000000001', 1)]}], 'Asks': []}}
{'timestamp': 73178559732000, 'order': 'O: SUBAS000000002:S1xLPS     @11000', 'book': {'Bids': [{'price': 9000, 'orders': [(b'SUBAB000000001', 1)]}], 'Asks': [{'price': 11000, 'orders': [(b'SUBAS000000002', 1)]}]}}
{'timestamp': 73180005106000, 'order': 'X: SUBAB000000001:0', 'book': {'Bids': [], 'Asks': [{'price': 11000, 'orders': [(b'SUBAS000000002', 1)]}]}}
{'timestamp': 73180005524000, 'order': 'X: SUBAS000000002:0', 'book': {'Bids': [], 'Asks': []}}
{'timestamp': 73181366551000, 'order': 'O: SUBAB000000003:B1xLPS     @9000', 'book': {'Bids': [{'price': 9000, 'orders': [(b'SUBAB000000003', 1)]}], 'Asks': []}}
{'timestamp': 73181366995000, 'order': 'O: SUBAS000000004:S1xLPS     @11000', 'book': {'Bids': [{'price': 9000, 'orders': [(b'SUBAB000000003', 1)]}], 'Asks': [{'price': 11000, 'orders': [(b'SUBAS000000004', 1)]}]}}
{'timestamp': 73181953073000, 'order': 'X: SUBAB000000003:0', 'book': {'Bids': [], 'Asks': [{'price': 11000, 'orders': [(b'SUBAS000000004', 1)]}]}}
{'timestamp': 73181953557000, 'order': 'X: SUBAS000000004:0', 'book': {'Bids': [], 'Asks': []}}
{'timestamp': 73183597295000, 'order': 'O: SUBAB000000005:B1xLPS     @14000', 'book': {'Bids': [{'price': 14000, 'orders': [(b'SUBAB000000005', 1)]}], 'Asks': []}}
{'timestamp': 73183597907000, 'order': 'O: SUBAS000000006:S1xLPS     @16000', 'book': {'Bids': [{'price': 14000, 'orders': [(b'SUBAB000000005', 1)]}], 'Asks': [{'price': 16000, 'orders': [(b'SUBAS000000006', 1)]}]}}
{'timestamp': 73186343613000, 'order': 'O: SUB@S000000001:S1xLPS     @0', 'book': {'Bids': [], 'Asks': [{'price': 16000, 'orders': [(b'SUBAS000000006', 1)]}]}}
{'timestamp': 73186470033000, 'order': 'O: SUBAB000000007:B1xLPS     @14000', 'book': {'Bids': [{'price': 14000, 'orders': [(b'SUBAB000000007', 1)]}], 'Asks': [{'price': 16000, 'orders': [(b'SUBAS000000006', 1)]}]}}
{'timestamp': 73191474471000, 'order': 'U: SUBAS000000006->SUBAS000000008:1@19000', 'book': {'Bids': [{'price': 14000, 'orders': [(b'SUBAB000000007', 1)]}], 'Asks': [{'price': 19000, 'orders': [(b'SUBAS000000008', 1)]}]}}
{'timestamp': 73191475261000, 'order': 'U: SUBAB000000007->SUBAB000000009:1@17000', 'book': {'Bids': [{'price': 17000, 'orders': [(b'SUBAB000000009', 1)]}], 'Asks': [{'price': 19000, 'orders': [(b'SUBAS000000008', 1)]}]}}
{'timestamp': 73196357391000, 'order': 'O: SUB@B000000002:B1xLPS     @214748', 'book': {'Bids': [{'price': 17000, 'orders': [(b'SUBAB000000009', 1)]}], 'Asks': []}}
{'timestamp': 73196481321000, 'order': 'O: SUBAS000000010:S1xLPS     @19000', 'book': {'Bids': [{'price': 17000, 'orders': [(b'SUBAB000000009', 1)]}], 'Asks': [{'price': 19000, 'orders': [(b'SUBAS000000010', 1)]}]}}
{'timestamp': 73747098704000, 'order': 'H: 382681234694746160:S', 'book': {'Bids': [], 'Asks': []}}
{'timestamp': 73750166917000, 'order': 'O: SUBAB000000001:B1xLPS     @9000', 'book': {'Bids': [{'price': 9000, 'orders': [(b'SUBAB000000001', 1)]}], 'Asks': []}}
{'timestamp': 73750167581000, 'order': 'O: SUBAS000000002:S1xLPS     @11000', 'book': {'Bids': [{'price': 9000, 'orders': [(b'SUBAB000000001', 1)]}], 'Asks': [{'price': 11000, 'orders': [(b'SUBAS000000002', 1)]}]}}
{'timestamp': 73753434565000, 'order': 'U: SUBAS000000002->SUBAS000000003:1@16000', 'book': {'Bids': [{'price': 9000, 'orders': [(b'SUBAB000000001', 1)]}], 'Asks': [{'price': 16000, 'orders': [(b'SUBAS000000003', 1)]}]}}
{'timestamp': 73753435388000, 'order': 'U: SUBAB000000001->SUBAB000000004:1@14000', 'book': {'Bids': [{'price': 14000, 'orders': [(b'SUBAB000000004', 1)]}], 'Asks': [{'price': 16000, 'orders': [(b'SUBAS000000003', 1)]}]}}
{'timestamp': 73756046607000, 'order': 'O: SUBBB000000001:B1xLPS     @14000', 'book': {'Bids': [{'price': 14000, 'orders': [(b'SUBAB000000004', 1), (b'SUBBB000000001', 1)]}], 'Asks': [{'price': 16000, 'orders': [(b'SUBAS000000003', 1)]}]}}
{'timestamp': 73756047076000, 'order': 'O: SUBBS000000002:S1xLPS     @16000', 'book': {'Bids': [{'price': 14000, 'orders': [(b'SUBAB000000004', 1), (b'SUBBB000000001', 1)]}], 'Asks': [{'price': 16000, 'orders': [(b'SUBAS000000003', 1), (b'SUBBS000000002', 1)]}]}}
{'timestamp': 73757901635000, 'order': 'O: SUB@S000000001:S1xLPS     @0', 'book': {'Bids': [{'price': 14000, 'orders': [(b'SUBBB000000001', 1)]}], 'Asks': [{'price': 16000, 'orders': [(b'SUBAS000000003', 1), (b'SUBBS000000002', 1)]}]}}
{'timestamp': 73758424822000, 'order': 'O: SUBAB000000005:B1xLPS     @14000', 'book': {'Bids': [{'price': 14000, 'orders': [(b'SUBBB000000001', 1), (b'SUBAB000000005', 1)]}], 'Asks': [{'price': 16000, 'orders': [(b'SUBAS000000003', 1), (b'SUBBS000000002', 1)]}]}}
{'timestamp': 73763460801000, 'order': 'U: SUBBS000000002->SUBBS000000003:1@19000', 'book': {'Bids': [{'price': 14000, 'orders': [(b'SUBBB000000001', 1), (b'SUBAB000000005', 1)]}], 'Asks': [{'price': 16000, 'orders': [(b'SUBAS000000003', 1)]}, {'price': 19000, 'orders': [(b'SUBBS000000003', 1)]}]}}
{'timestamp': 73763461539000, 'order': 'U: SUBBB000000001->SUBBB000000004:1@17000', 'book': {'Bids': [{'price': 14000, 'orders': [(b'SUBAB000000005', 1)]}], 'Asks': [{'price': 19000, 'orders': [(b'SUBBS000000003', 1)]}]}}
{'timestamp': 73763462969000, 'order': 'U: SUBAS000000003->SUBAS000000006:1@19000', 'book': {'Bids': [{'price': 14000, 'orders': [(b'SUBAB000000005', 1)]}], 'Asks': [{'price': 19000, 'orders': [(b'SUBBS000000003', 1)]}]}}
{'timestamp': 73763463297000, 'order': 'U: SUBAB000000005->SUBAB000000007:1@17000', 'book': {'Bids': [{'price': 17000, 'orders': [(b'SUBAB000000007', 1)]}], 'Asks': [{'price': 19000, 'orders': [(b'SUBBS000000003', 1)]}]}}
{'timestamp': 73764546410000, 'order': 'O: SUBBB000000005:B1xLPS     @17000', 'book': {'Bids': [{'price': 17000, 'orders': [(b'SUBAB000000007', 1), (b'SUBBB000000005', 1)]}], 'Asks': [{'price': 19000, 'orders': [(b'SUBBS000000003', 1)]}]}}
{'timestamp': 73764546843000, 'order': 'O: SUBAS000000008:S1xLPS     @19000', 'book': {'Bids': [{'price': 17000, 'orders': [(b'SUBAB000000007', 1), (b'SUBBB000000005', 1)]}], 'Asks': [{'price': 19000, 'orders': [(b'SUBBS000000003', 1), (b'SUBAS000000008', 1)]}]}}
{'timestamp': 74015806452000, 'order': 'H: 1536777825173909552:S', 'book': {'Bids': [], 'Asks': []}}
{'timestamp': 76446311385000, 'order': 'H: 11975757896084369456:S', 'book': {'Bids': [], 'Asks': []}}
{'timestamp': 76448943034000, 'order': 'O: SUBBB000000001:B1xLPS     @9000', 'book': {'Bids': [{'price': 9000, 'orders': [(b'SUBBB000000001', 1)]}], 'Asks': []}}
{'timestamp': 76448943597000, 'order': 'O: SUBBS000000002:S1xLPS     @11000', 'book': {'Bids': [{'price': 9000, 'orders': [(b'SUBBB000000001', 1)]}], 'Asks': [{'price': 11000, 'orders': [(b'SUBBS000000002', 1)]}]}}
{'timestamp': 76452532008000, 'order': 'U: SUBBS000000002->SUBBS000000003:1@16000', 'book': {'Bids': [{'price': 9000, 'orders': [(b'SUBBB000000001', 1)]}], 'Asks': [{'price': 16000, 'orders': [(b'SUBBS000000003', 1)]}]}}
{'timestamp': 76452532771000, 'order': 'U: SUBBB000000001->SUBBB000000004:1@14000', 'book': {'Bids': [{'price': 14000, 'orders': [(b'SUBBB000000004', 1)]}], 'Asks': [{'price': 16000, 'orders': [(b'SUBBS000000003', 1)]}]}}
{'timestamp': 76457002595000, 'order': 'O: SUB@S000000001:S1xLPS     @0', 'book': {'Bids': [], 'Asks': [{'price': 16000, 'orders': [(b'SUBBS000000003', 1)]}]}}
{'timestamp': 76457530805000, 'order': 'O: SUBBB000000005:B1xLPS     @14000', 'book': {'Bids': [{'price': 14000, 'orders': [(b'SUBBB000000005', 1)]}], 'Asks': [{'price': 16000, 'orders': [(b'SUBBS000000003', 1)]}]}}
{'timestamp': 76462551470000, 'order': 'U: SUBBS000000003->SUBBS000000006:1@19000', 'book': {'Bids': [{'price': 14000, 'orders': [(b'SUBBB000000005', 1)]}], 'Asks': [{'price': 19000, 'orders': [(b'SUBBS000000006', 1)]}]}}
{'timestamp': 76462552266000, 'order': 'U: SUBBB000000005->SUBBB000000007:1@17000', 'book': {'Bids': [{'price': 17000, 'orders': [(b'SUBBB000000007', 1)]}], 'Asks': [{'price': 19000, 'orders': [(b'SUBBS000000006', 1)]}]}}
{'timestamp': 76467010998000, 'order': 'O: SUB@B000000002:B1xLPS     @214748', 'book': {'Bids': [{'price': 17000, 'orders': [(b'SUBBB000000007', 1)]}], 'Asks': []}}
{'timestamp': 76467537345000, 'order': 'O: SUBBS000000008:S1xLPS     @19000', 'book': {'Bids': [{'price': 17000, 'orders': [(b'SUBBB000000007', 1)]}], 'Asks': [{'price': 19000, 'orders': [(b'SUBBS000000008', 1)]}]}}
{'timestamp': 76468895166000, 'order': 'X: SUBBB000000007:0', 'book': {'Bids': [], 'Asks': [{'price': 19000, 'orders': [(b'SUBBS000000008', 1)]}]}}
{'timestamp': 76468895796000, 'order': 'X: SUBBS000000008:0', 'book': {'Bids': [], 'Asks': []}}
{'timestamp': 76469769845000, 'order': 'O: SUBBB000000009:B1xLPS     @17000', 'book': {'Bids': [{'price': 17000, 'orders': [(b'SUBBB000000009', 1)]}], 'Asks': []}}
{'timestamp': 76469770387000, 'order': 'O: SUBBS000000010:S1xLPS     @19000', 'book': {'Bids': [{'price': 17000, 'orders': [(b'SUBBB000000009', 1)]}], 'Asks': [{'price': 19000, 'orders': [(b'SUBBS000000010', 1)]}]}}
{'timestamp': 76472543925000, 'order': 'U: SUBBS000000010->SUBBS000000011:1@22000', 'book': {'Bids': [{'price': 17000, 'orders': [(b'SUBBB000000009', 1)]}], 'Asks': [{'price': 22000, 'orders': [(b'SUBBS000000011', 1)]}]}}
{'timestamp': 76472544489000, 'order': 'U: SUBBB000000009->SUBBB000000012:1@20000', 'book': {'Bids': [{'price': 20000, 'orders': [(b'SUBBB000000012', 1)]}], 'Asks': [{'price': 22000, 'orders': [(b'SUBBS000000011', 1)]}]}}
{'timestamp': 76723985315000, 'order': 'H: 13168324749151973424:S', 'book': {'Bids': [], 'Asks': []}}
{'timestamp': 76812327447000, 'order': 'H: 13547755573263478832:S', 'book': {'Bids': [], 'Asks': []}}
{'timestamp': 76814790262000, 'order': 'O: SUBAB000000001:B1xLPS     @9000', 'book': {'Bids': [{'price': 9000, 'orders': [(b'SUBAB000000001', 1)]}], 'Asks': []}}
{'timestamp': 76814790704000, 'order': 'O: SUBAS000000002:S1xLPS     @11000', 'book': {'Bids': [{'price': 9000, 'orders': [(b'SUBAB000000001', 1)]}], 'Asks': [{'price': 11000, 'orders': [(b'SUBAS000000002', 1)]}]}}
{'timestamp': 76818802212000, 'order': 'U: SUBAS000000002->SUBAS000000003:1@16000', 'book': {'Bids': [{'price': 9000, 'orders': [(b'SUBAB000000001', 1)]}], 'Asks': [{'price': 16000, 'orders': [(b'SUBAS000000003', 1)]}]}}
{'timestamp': 76818802989000, 'order': 'U: SUBAB000000001->SUBAB000000004:1@14000', 'book': {'Bids': [{'price': 14000, 'orders': [(b'SUBAB000000004', 1)]}], 'Asks': [{'price': 16000, 'orders': [(b'SUBAS000000003', 1)]}]}}
{'timestamp': 76823269726000, 'order': 'O: SUB@S000000001:S1xLPS     @0', 'book': {'Bids': [], 'Asks': [{'price': 16000, 'orders': [(b'SUBAS000000003', 1)]}]}}
{'timestamp': 77464987384000, 'order': 'H: 16350919000369147952:S', 'book': {'Bids': [], 'Asks': []}}
{'timestamp': 77467215613000, 'order': 'O: SUBBB000000001:B1xLPS     @9000', 'book': {'Bids': [{'price': 9000, 'orders': [(b'SUBBB000000001', 1)]}], 'Asks': []}}
{'timestamp': 77467216216000, 'order': 'O: SUBBS000000002:S1xLPS     @11000', 'book': {'Bids': [{'price': 9000, 'orders': [(b'SUBBB000000001', 1)]}], 'Asks': [{'price': 11000, 'orders': [(b'SUBBS000000002', 1)]}]}}
{'timestamp': 79092250454000, 'order': 'H: 4893212960755822640:S', 'book': {'Bids': [], 'Asks': []}}
{'timestamp': 79095017101000, 'order': 'O: SUBBB000000001:B1xLPS     @9000', 'book': {'Bids': [{'price': 9000, 'orders': [(b'SUBBB000000001', 1)]}], 'Asks': []}}
{'timestamp': 79095017873000, 'order': 'O: SUBBS000000002:S1xLPS     @11000', 'book': {'Bids': [{'price': 9000, 'orders': [(b'SUBBB000000001', 1)]}], 'Asks': [{'price': 11000, 'orders': [(b'SUBBS000000002', 1)]}]}}
{'timestamp': 79096806226000, 'order': 'O: SUBAB000000001:B1xLPS     @9000', 'book': {'Bids': [{'price': 9000, 'orders': [(b'SUBBB000000001', 1), (b'SUBAB000000001', 1)]}], 'Asks': [{'price': 11000, 'orders': [(b'SUBBS000000002', 1)]}]}}
{'timestamp': 79096806763000, 'order': 'O: SUBAS000000002:S1xLPS     @11000', 'book': {'Bids': [{'price': 9000, 'orders': [(b'SUBBB000000001', 1), (b'SUBAB000000001', 1)]}], 'Asks': [{'price': 11000, 'orders': [(b'SUBBS000000002', 1), (b'SUBAS000000002', 1)]}]}}
{'timestamp': 79098470304000, 'order': 'U: SUBBS000000002->SUBBS000000003:1@16000', 'book': {'Bids': [{'price': 9000, 'orders': [(b'SUBBB000000001', 1), (b'SUBAB000000001', 1)]}], 'Asks': [{'price': 11000, 'orders': [(b'SUBAS000000002', 1)]}, {'price': 16000, 'orders': [(b'SUBBS000000003', 1)]}]}}
{'timestamp': 79098471279000, 'order': 'U: SUBBB000000001->SUBBB000000004:1@14000', 'book': {'Bids': [{'price': 9000, 'orders': [(b'SUBAB000000001', 1)]}], 'Asks': [{'price': 16000, 'orders': [(b'SUBBS000000003', 1)]}]}}
{'timestamp': 79098472724000, 'order': 'U: SUBAS000000002->SUBAS000000003:1@16000', 'book': {'Bids': [{'price': 9000, 'orders': [(b'SUBAB000000001', 1)]}], 'Asks': [{'price': 16000, 'orders': [(b'SUBBS000000003', 1)]}]}}
{'timestamp': 79098473070000, 'order': 'U: SUBAB000000001->SUBAB000000004:1@14000', 'book': {'Bids': [{'price': 14000, 'orders': [(b'SUBAB000000004', 1)]}], 'Asks': [{'price': 16000, 'orders': [(b'SUBBS000000003', 1)]}]}}
{'timestamp': 79099560344000, 'order': 'O: SUBBB000000005:B1xLPS     @14000', 'book': {'Bids': [{'price': 14000, 'orders': [(b'SUBAB000000004', 1), (b'SUBBB000000005', 1)]}], 'Asks': [{'price': 16000, 'orders': [(b'SUBBS000000003', 1)]}]}}
{'timestamp': 79099560771000, 'order': 'O: SUBAS000000005:S1xLPS     @16000', 'book': {'Bids': [{'price': 14000, 'orders': [(b'SUBAB000000004', 1), (b'SUBBB000000005', 1)]}], 'Asks': [{'price': 16000, 'orders': [(b'SUBBS000000003', 1), (b'SUBAS000000005', 1)]}]}}
{'timestamp': 79102924841000, 'order': 'O: SUB@S000000001:S1xLPS     @0', 'book': {'Bids': [{'price': 14000, 'orders': [(b'SUBBB000000005', 1)]}], 'Asks': [{'price': 16000, 'orders': [(b'SUBBS000000003', 1), (b'SUBAS000000005', 1)]}]}}
{'timestamp': 79103452321000, 'order': 'O: SUBAB000000006:B1xLPS     @14000', 'book': {'Bids': [{'price': 14000, 'orders': [(b'SUBBB000000005', 1), (b'SUBAB000000006', 1)]}], 'Asks': [{'price': 16000, 'orders': [(b'SUBBS000000003', 1), (b'SUBAS000000005', 1)]}]}}
{'timestamp': 79108477424000, 'order': 'U: SUBAS000000005->SUBAS000000007:1@19000', 'book': {'Bids': [{'price': 14000, 'orders': [(b'SUBBB000000005', 1), (b'SUBAB000000006', 1)]}], 'Asks': [{'price': 16000, 'orders': [(b'SUBBS000000003', 1)]}, {'price': 19000, 'orders': [(b'SUBAS000000007', 1)]}]}}
{'timestamp': 79108478220000, 'order': 'U: SUBAB000000006->SUBAB000000008:1@17000', 'book': {'Bids': [{'price': 14000, 'orders': [(b'SUBBB000000005', 1)]}], 'Asks': [{'price': 19000, 'orders': [(b'SUBAS000000007', 1)]}]}}
{'timestamp': 79108479660000, 'order': 'U: SUBBS000000003->SUBBS000000006:1@19000', 'book': {'Bids': [{'price': 14000, 'orders': [(b'SUBBB000000005', 1)]}], 'Asks': [{'price': 19000, 'orders': [(b'SUBAS000000007', 1)]}]}}
{'timestamp': 79108480000000, 'order': 'U: SUBBB000000005->SUBBB000000007:1@17000', 'book': {'Bids': [{'price': 17000, 'orders': [(b'SUBBB000000007', 1)]}], 'Asks': [{'price': 19000, 'orders': [(b'SUBAS000000007', 1)]}]}}
{'timestamp': 79367990215000, 'order': 'H: 6077497729602302000:S', 'book': {'Bids': [], 'Asks': []}}
{'timestamp': 79370725940000, 'order': 'O: SUBAB000000001:B1xLPS     @9000', 'book': {'Bids': [{'price': 9000, 'orders': [(b'SUBAB000000001', 1)]}], 'Asks': []}}
{'timestamp': 79370726643000, 'order': 'O: SUBAS000000002:S1xLPS     @11000', 'book': {'Bids': [{'price': 9000, 'orders': [(b'SUBAB000000001', 1)]}], 'Asks': [{'price': 11000, 'orders': [(b'SUBAS000000002', 1)]}]}}
{'timestamp': 79372828165000, 'order': 'O: SUBBB000000001:B1xLPS     @9000', 'book': {'Bids': [{'price': 9000, 'orders': [(b'SUBAB000000001', 1), (b'SUBBB000000001', 1)]}], 'Asks': [{'price': 11000, 'orders': [(b'SUBAS000000002', 1)]}]}}
{'timestamp': 79372828690000, 'order': 'O: SUBBS000000002:S1xLPS     @11000', 'book': {'Bids': [{'price': 9000, 'orders': [(b'SUBAB000000001', 1), (b'SUBBB000000001', 1)]}], 'Asks': [{'price': 11000, 'orders': [(b'SUBAS000000002', 1), (b'SUBBS000000002', 1)]}]}}
{'timestamp': 79374277898000, 'order': 'U: SUBBS000000002->SUBBS000000003:1@16000', 'book': {'Bids': [{'price': 9000, 'orders': [(b'SUBAB000000001', 1), (b'SUBBB000000001', 1)]}], 'Asks': [{'price': 11000, 'orders': [(b'SUBAS000000002', 1)]}, {'price': 16000, 'orders': [(b'SUBBS000000003', 1)]}]}}
{'timestamp': 79374278684000, 'order': 'U: SUBBB000000001->SUBBB000000004:1@14000', 'book': {'Bids': [{'price': 9000, 'orders': [(b'SUBAB000000001', 1)]}], 'Asks': [{'price': 16000, 'orders': [(b'SUBBS000000003', 1)]}]}}
{'timestamp': 79374280124000, 'order': 'U: SUBAS000000002->SUBAS000000003:1@16000', 'book': {'Bids': [{'price': 9000, 'orders': [(b'SUBAB000000001', 1)]}], 'Asks': [{'price': 16000, 'orders': [(b'SUBBS000000003', 1)]}]}}
{'timestamp': 79374280450000, 'order': 'U: SUBAB000000001->SUBAB000000004:1@14000', 'book': {'Bids': [{'price': 14000, 'orders': [(b'SUBAB000000004', 1)]}], 'Asks': [{'price': 16000, 'orders': [(b'SUBBS000000003', 1)]}]}}
{'timestamp': 79375361832000, 'order': 'O: SUBBB000000005:B1xLPS     @14000', 'book': {'Bids': [{'price': 14000, 'orders': [(b'SUBAB000000004', 1), (b'SUBBB000000005', 1)]}], 'Asks': [{'price': 16000, 'orders': [(b'SUBBS000000003', 1)]}]}}
{'timestamp': 79375362360000, 'order': 'O: SUBAS000000005:S1xLPS     @16000', 'book': {'Bids': [{'price': 14000, 'orders': [(b'SUBAB000000004', 1), (b'SUBBB000000005', 1)]}], 'Asks': [{'price': 16000, 'orders': [(b'SUBBS000000003', 1), (b'SUBAS000000005', 1)]}]}}
{'timestamp': 79378746300000, 'order': 'O: SUB@S000000001:S1xLPS     @0', 'book': {'Bids': [{'price': 14000, 'orders': [(b'SUBBB000000005', 1)]}], 'Asks': [{'price': 16000, 'orders': [(b'SUBBS000000003', 1), (b'SUBAS000000005', 1)]}]}}
{'timestamp': 79379272756000, 'order': 'O: SUBAB000000006:B1xLPS     @14000', 'book': {'Bids': [{'price': 14000, 'orders': [(b'SUBBB000000005', 1), (b'SUBAB000000006', 1)]}], 'Asks': [{'price': 16000, 'orders': [(b'SUBBS000000003', 1), (b'SUBAS000000005', 1)]}]}}
{'timestamp': 81078495277000, 'order': 'H: 13424067262532300848:S', 'book': {'Bids': [], 'Asks': []}}
{'timestamp': 81081539724000, 'order': 'O: SUBAB000000001:B1xLPS     @9000', 'book': {'Bids': [{'price': 9000, 'orders': [(b'SUBAB000000001', 1)]}], 'Asks': []}}
{'timestamp': 81081540213000, 'order': 'O: SUBAS000000002:S1xLPS     @11000', 'book': {'Bids': [{'price': 9000, 'orders': [(b'SUBAB000000001', 1)]}], 'Asks': [{'price': 11000, 'orders': [(b'SUBAS000000002', 1)]}]}}
{'timestamp': 81083292041000, 'order': 'O: SUBBB000000001:B1xLPS     @9000', 'book': {'Bids': [{'price': 9000, 'orders': [(b'SUBAB000000001', 1), (b'SUBBB000000001', 1)]}], 'Asks': [{'price': 11000, 'orders': [(b'SUBAS000000002', 1)]}]}}
{'timestamp': 81083292463000, 'order': 'O: SUBBS000000002:S1xLPS     @11000', 'book': {'Bids': [{'price': 9000, 'orders': [(b'SUBAB000000001', 1), (b'SUBBB000000001', 1)]}], 'Asks': [{'price': 11000, 'orders': [(b'SUBAS000000002', 1), (b'SUBBS000000002', 1)]}]}}
{'timestamp': 81084799336000, 'order': 'U: SUBAS000000002->SUBAS000000003:1@16000', 'book': {'Bids': [{'price': 9000, 'orders': [(b'SUBAB000000001', 1), (b'SUBBB000000001', 1)]}], 'Asks': [{'price': 11000, 'orders': [(b'SUBBS000000002', 1)]}, {'price': 16000, 'orders': [(b'SUBAS000000003', 1)]}]}}
{'timestamp': 81084800079000, 'order': 'U: SUBAB000000001->SUBAB000000004:1@14000', 'book': {'Bids': [{'price': 9000, 'orders': [(b'SUBBB000000001', 1)]}], 'Asks': [{'price': 16000, 'orders': [(b'SUBAS000000003', 1)]}]}}
{'timestamp': 81084800753000, 'order': 'U: SUBBS000000002->SUBBS000000003:1@16000', 'book': {'Bids': [{'price': 9000, 'orders': [(b'SUBBB000000001', 1)]}], 'Asks': [{'price': 16000, 'orders': [(b'SUBAS000000003', 1)]}]}}
{'timestamp': 81084801053000, 'order': 'U: SUBBB000000001->SUBBB000000004:1@14000', 'book': {'Bids': [{'price': 14000, 'orders': [(b'SUBBB000000004', 1)]}], 'Asks': [{'price': 16000, 'orders': [(b'SUBAS000000003', 1)]}]}}
{'timestamp': 81085884452000, 'order': 'O: SUBAB000000005:B1xLPS     @14000', 'book': {'Bids': [{'price': 14000, 'orders': [(b'SUBBB000000004', 1), (b'SUBAB000000005', 1)]}], 'Asks': [{'price': 16000, 'orders': [(b'SUBAS000000003', 1)]}]}}
{'timestamp': 81085884893000, 'order': 'O: SUBBS000000005:S1xLPS     @16000', 'book': {'Bids': [{'price': 14000, 'orders': [(b'SUBBB000000004', 1), (b'SUBAB000000005', 1)]}], 'Asks': [{'price': 16000, 'orders': [(b'SUBAS000000003', 1), (b'SUBBS000000005', 1)]}]}}
{'timestamp': 81089260872000, 'order': 'O: SUB@S000000001:S1xLPS     @0', 'book': {'Bids': [{'price': 14000, 'orders': [(b'SUBAB000000005', 1)]}], 'Asks': [{'price': 16000, 'orders': [(b'SUBAS000000003', 1), (b'SUBBS000000005', 1)]}]}}
{'timestamp': 81089782409000, 'order': 'O: SUBBB000000006:B1xLPS     @14000', 'book': {'Bids': [{'price': 14000, 'orders': [(b'SUBAB000000005', 1), (b'SUBBB000000006', 1)]}], 'Asks': [{'price': 16000, 'orders': [(b'SUBAS000000003', 1), (b'SUBBS000000005', 1)]}]}}
{'timestamp': 81266462712000, 'order': 'H: 14231377185531244592:S', 'book': {'Bids': [], 'Asks': []}}
{'timestamp': 81269203681000, 'order': 'O: SUBAB000000001:B1xLPS     @9000', 'book': {'Bids': [{'price': 9000, 'orders': [(b'SUBAB000000001', 1)]}], 'Asks': []}}
{'timestamp': 81269204408000, 'order': 'O: SUBAS000000002:S1xLPS     @11000', 'book': {'Bids': [{'price': 9000, 'orders': [(b'SUBAB000000001', 1)]}], 'Asks': [{'price': 11000, 'orders': [(b'SUBAS000000002', 1)]}]}}
{'timestamp': 81272334031000, 'order': 'O: SUBBB000000001:B1xLPS     @9000', 'book': {'Bids': [{'price': 9000, 'orders': [(b'SUBAB000000001', 1), (b'SUBBB000000001', 1)]}], 'Asks': [{'price': 11000, 'orders': [(b'SUBAS000000002', 1)]}]}}
{'timestamp': 81272334584000, 'order': 'O: SUBBS000000002:S1xLPS     @11000', 'book': {'Bids': [{'price': 9000, 'orders': [(b'SUBAB000000001', 1), (b'SUBBB000000001', 1)]}], 'Asks': [{'price': 11000, 'orders': [(b'SUBAS000000002', 1), (b'SUBBS000000002', 1)]}]}}
{'timestamp': 81272761828000, 'order': 'U: SUBAS000000002->SUBAS000000003:1@16000', 'book': {'Bids': [{'price': 9000, 'orders': [(b'SUBAB000000001', 1), (b'SUBBB000000001', 1)]}], 'Asks': [{'price': 11000, 'orders': [(b'SUBBS000000002', 1)]}, {'price': 16000, 'orders': [(b'SUBAS000000003', 1)]}]}}
{'timestamp': 81272762878000, 'order': 'U: SUBAB000000001->SUBAB000000004:1@14000', 'book': {'Bids': [{'price': 9000, 'orders': [(b'SUBBB000000001', 1)]}], 'Asks': [{'price': 16000, 'orders': [(b'SUBAS000000003', 1)]}]}}
{'timestamp': 81273830889000, 'order': 'O: SUBAB000000005:B1xLPS     @14000', 'book': {'Bids': [{'price': 14000, 'orders': [(b'SUBAB000000005', 1)]}, {'price': 9000, 'orders': [(b'SUBBB000000001', 1)]}], 'Asks': [{'price': 16000, 'orders': [(b'SUBAS000000003', 1)]}]}}
{'timestamp': 81273831738000, 'order': 'O: SUBBS000000003:S1xLPS     @16000', 'book': {'Bids': [{'price': 14000, 'orders': [(b'SUBAB000000005', 1)]}, {'price': 9000, 'orders': [(b'SUBBB000000001', 1)]}], 'Asks': [{'price': 16000, 'orders': [(b'SUBAS000000003', 1), (b'SUBBS000000003', 1)]}]}}
{'timestamp': 81277247649000, 'order': 'O: SUB@S000000001:S1xLPS     @0', 'book': {'Bids': [{'price': 9000, 'orders': [(b'SUBBB000000001', 1)]}], 'Asks': [{'price': 16000, 'orders': [(b'SUBAS000000003', 1), (b'SUBBS000000003', 1)]}]}}
{'timestamp': 81401003971000, 'order': 'H: 14809151403258294320:S', 'book': {'Bids': [], 'Asks': []}}
{'timestamp': 81404049575000, 'order': 'O: SUBAB000000001:B1xLPS     @9000', 'book': {'Bids': [{'price': 9000, 'orders': [(b'SUBAB000000001', 1)]}], 'Asks': []}}
{'timestamp': 81404050063000, 'order': 'O: SUBAS000000002:S1xLPS     @11000', 'book': {'Bids': [{'price': 9000, 'orders': [(b'SUBAB000000001', 1)]}], 'Asks': [{'price': 11000, 'orders': [(b'SUBAS000000002', 1)]}]}}
{'timestamp': 81442199549000, 'order': 'H: 14986193305273905200:S', 'book': {'Bids': [], 'Asks': []}}
{'timestamp': 81445369833000, 'order': 'O: SUBAB000000001:B1xLPS     @9000', 'book': {'Bids': [{'price': 9000, 'orders': [(b'SUBAB000000001', 1)]}], 'Asks': []}}
{'timestamp': 81445370245000, 'order': 'O: SUBAS000000002:S1xLPS     @11000', 'book': {'Bids': [{'price': 9000, 'orders': [(b'SUBAB000000001', 1)]}], 'Asks': [{'price': 11000, 'orders': [(b'SUBAS000000002', 1)]}]}}
{'timestamp': 81446802322000, 'order': 'O: SUBBB000000001:B1xLPS     @9000', 'book': {'Bids': [{'price': 9000, 'orders': [(b'SUBAB000000001', 1), (b'SUBBB000000001', 1)]}], 'Asks': [{'price': 11000, 'orders': [(b'SUBAS000000002', 1)]}]}}
{'timestamp': 81446802846000, 'order': 'O: SUBBS000000002:S1xLPS     @11000', 'book': {'Bids': [{'price': 9000, 'orders': [(b'SUBAB000000001', 1), (b'SUBBB000000001', 1)]}], 'Asks': [{'price': 11000, 'orders': [(b'SUBAS000000002', 1), (b'SUBBS000000002', 1)]}]}}
{'timestamp': 43328904216000, 'order': 'H: 1015035578991783984:S', 'book': {'Bids': [], 'Asks': []}}
{'timestamp': 43332045457000, 'order': 'O: SUBBB000000001:B1xLPS     @9000', 'book': {'Bids': [{'price': 9000, 'orders': [(b'SUBBB000000001', 1)]}], 'Asks': []}}
{'timestamp': 43332046349000, 'order': 'O: SUBBS000000002:S1xLPS     @11000', 'book': {'Bids': [{'price': 9000, 'orders': [(b'SUBBB000000001', 1)]}], 'Asks': [{'price': 11000, 'orders': [(b'SUBBS000000002', 1)]}]}}
{'timestamp': 43334311095000, 'order': 'O: SUBAB000000001:B1xLPS     @9000', 'book': {'Bids': [{'price': 9000, 'orders': [(b'SUBBB000000001', 1), (b'SUBAB000000001', 1)]}], 'Asks': [{'price': 11000, 'orders': [(b'SUBBS000000002', 1)]}]}}
{'timestamp': 43334311795000, 'order': 'O: SUBAS000000002:S1xLPS     @11000', 'book': {'Bids': [{'price': 9000, 'orders': [(b'SUBBB000000001', 1), (b'SUBAB000000001', 1)]}], 'Asks': [{'price': 11000, 'orders': [(b'SUBBS000000002', 1), (b'SUBAS000000002', 1)]}]}}
{'timestamp': 43335424649000, 'order': 'U: SUBAS000000002->SUBAS000000003:1@16000', 'book': {'Bids': [{'price': 9000, 'orders': [(b'SUBBB000000001', 1), (b'SUBAB000000001', 1)]}], 'Asks': [{'price': 11000, 'orders': [(b'SUBBS000000002', 1)]}, {'price': 16000, 'orders': [(b'SUBAS000000003', 1)]}]}}
{'timestamp': 43335425829000, 'order': 'U: SUBAB000000001->SUBAB000000004:1@14000', 'book': {'Bids': [{'price': 9000, 'orders': [(b'SUBBB000000001', 1)]}], 'Asks': [{'price': 16000, 'orders': [(b'SUBAS000000003', 1)]}]}}
{'timestamp': 43335426968000, 'order': 'U: SUBBS000000002->SUBBS000000003:1@16000', 'book': {'Bids': [{'price': 9000, 'orders': [(b'SUBBB000000001', 1)]}], 'Asks': [{'price': 16000, 'orders': [(b'SUBAS000000003', 1)]}]}}
{'timestamp': 43335427325000, 'order': 'U: SUBBB000000001->SUBBB000000004:1@14000', 'book': {'Bids': [{'price': 14000, 'orders': [(b'SUBBB000000004', 1)]}], 'Asks': [{'price': 16000, 'orders': [(b'SUBAS000000003', 1)]}]}}
{'timestamp': 43336507152000, 'order': 'O: SUBAB000000005:B1xLPS     @14000', 'book': {'Bids': [{'price': 14000, 'orders': [(b'SUBBB000000004', 1), (b'SUBAB000000005', 1)]}], 'Asks': [{'price': 16000, 'orders': [(b'SUBAS000000003', 1)]}]}}
{'timestamp': 43336507594000, 'order': 'O: SUBBS000000005:S1xLPS     @16000', 'book': {'Bids': [{'price': 14000, 'orders': [(b'SUBBB000000004', 1), (b'SUBAB000000005', 1)]}], 'Asks': [{'price': 16000, 'orders': [(b'SUBAS000000003', 1), (b'SUBBS000000005', 1)]}]}}
{'timestamp': 43746830847000, 'order': 'H: 2810009502704742448:S', 'book': {'Bids': [], 'Asks': []}}
{'timestamp': 43749841337000, 'order': 'O: SUBAB000000001:B1xLPS     @9000', 'book': {'Bids': [{'price': 9000, 'orders': [(b'SUBAB000000001', 1)]}], 'Asks': []}}
{'timestamp': 43749841926000, 'order': 'O: SUBAS000000002:S1xLPS     @11000', 'book': {'Bids': [{'price': 9000, 'orders': [(b'SUBAB000000001', 1)]}], 'Asks': [{'price': 11000, 'orders': [(b'SUBAS000000002', 1)]}]}}
{'timestamp': 43753228128000, 'order': 'U: SUBAS000000002->SUBAS000000003:1@16000', 'book': {'Bids': [{'price': 9000, 'orders': [(b'SUBAB000000001', 1)]}], 'Asks': [{'price': 16000, 'orders': [(b'SUBAS000000003', 1)]}]}}
{'timestamp': 43753228864000, 'order': 'U: SUBAB000000001->SUBAB000000004:1@14000', 'book': {'Bids': [{'price': 14000, 'orders': [(b'SUBAB000000004', 1)]}], 'Asks': [{'price': 16000, 'orders': [(b'SUBAS000000003', 1)]}]}}
{'timestamp': 43757700068000, 'order': 'O: SUB@S000000001:S1xLPS     @0', 'book': {'Bids': [], 'Asks': [{'price': 16000, 'orders': [(b'SUBAS000000003', 1)]}]}}
{'timestamp': 43758224828000, 'order': 'O: SUBAB000000005:B1xLPS     @14000', 'book': {'Bids': [{'price': 14000, 'orders': [(b'SUBAB000000005', 1)]}], 'Asks': [{'price': 16000, 'orders': [(b'SUBAS000000003', 1)]}]}}
{'timestamp': 43758933082000, 'order': 'O: SUBBB000000001:B1xLPS     @14000', 'book': {'Bids': [{'price': 14000, 'orders': [(b'SUBAB000000005', 1), (b'SUBBB000000001', 1)]}], 'Asks': [{'price': 16000, 'orders': [(b'SUBAS000000003', 1)]}]}}
{'timestamp': 43758948494000, 'order': 'O: SUBBS000000002:S1xLPS     @16000', 'book': {'Bids': [{'price': 14000, 'orders': [(b'SUBAB000000005', 1), (b'SUBBB000000001', 1)]}], 'Asks': [{'price': 16000, 'orders': [(b'SUBAS000000003', 1), (b'SUBBS000000002', 1)]}]}}
{'timestamp': 43763251661000, 'order': 'U: SUBAS000000003->SUBAS000000006:1@19000', 'book': {'Bids': [{'price': 14000, 'orders': [(b'SUBAB000000005', 1), (b'SUBBB000000001', 1)]}], 'Asks': [{'price': 16000, 'orders': [(b'SUBBS000000002', 1)]}, {'price': 19000, 'orders': [(b'SUBAS000000006', 1)]}]}}
{'timestamp': 43763252416000, 'order': 'U: SUBAB000000005->SUBAB000000007:1@17000', 'book': {'Bids': [{'price': 14000, 'orders': [(b'SUBBB000000001', 1)]}], 'Asks': [{'price': 19000, 'orders': [(b'SUBAS000000006', 1)]}]}}
{'timestamp': 43763253846000, 'order': 'U: SUBBS000000002->SUBBS000000003:1@19000', 'book': {'Bids': [{'price': 14000, 'orders': [(b'SUBBB000000001', 1)]}], 'Asks': [{'price': 19000, 'orders': [(b'SUBAS000000006', 1)]}]}}
{'timestamp': 43763254160000, 'order': 'U: SUBBB000000001->SUBBB000000004:1@17000', 'book': {'Bids': [{'price': 17000, 'orders': [(b'SUBBB000000004', 1)]}], 'Asks': [{'price': 19000, 'orders': [(b'SUBAS000000006', 1)]}]}}
{'timestamp': 43764334910000, 'order': 'O: SUBAB000000008:B1xLPS     @17000', 'book': {'Bids': [{'price': 17000, 'orders': [(b'SUBBB000000004', 1), (b'SUBAB000000008', 1)]}], 'Asks': [{'price': 19000, 'orders': [(b'SUBAS000000006', 1)]}]}}
{'timestamp': 43764335343000, 'order': 'O: SUBBS000000005:S1xLPS     @19000', 'book': {'Bids': [{'price': 17000, 'orders': [(b'SUBBB000000004', 1), (b'SUBAB000000008', 1)]}], 'Asks': [{'price': 19000, 'orders': [(b'SUBAS000000006', 1), (b'SUBBS000000005', 1)]}]}}
{'timestamp': 43767704576000, 'order': 'O: SUB@B000000002:B1xLPS     @214748', 'book': {'Bids': [{'price': 17000, 'orders': [(b'SUBBB000000004', 1), (b'SUBAB000000008', 1)]}], 'Asks': [{'price': 19000, 'orders': [(b'SUBBS000000005', 1)]}]}}
{'timestamp': 43768227656000, 'order': 'O: SUBAS000000009:S1xLPS     @19000', 'book': {'Bids': [{'price': 17000, 'orders': [(b'SUBBB000000004', 1), (b'SUBAB000000008', 1)]}], 'Asks': [{'price': 19000, 'orders': [(b'SUBBS000000005', 1), (b'SUBAS000000009', 1)]}]}}
{'timestamp': 43773264560000, 'order': 'U: SUBBS000000005->SUBBS000000006:1@22000', 'book': {'Bids': [{'price': 17000, 'orders': [(b'SUBBB000000004', 1), (b'SUBAB000000008', 1)]}], 'Asks': [{'price': 19000, 'orders': [(b'SUBAS000000009', 1)]}, {'price': 22000, 'orders': [(b'SUBBS000000006', 1)]}]}}
{'timestamp': 43773265288000, 'order': 'U: SUBBB000000004->SUBBB000000007:1@20000', 'book': {'Bids': [{'price': 17000, 'orders': [(b'SUBAB000000008', 1)]}], 'Asks': [{'price': 22000, 'orders': [(b'SUBBS000000006', 1)]}]}}
{'timestamp': 43773266725000, 'order': 'U: SUBAS000000009->SUBAS000000010:1@22000', 'book': {'Bids': [{'price': 17000, 'orders': [(b'SUBAB000000008', 1)]}], 'Asks': [{'price': 22000, 'orders': [(b'SUBBS000000006', 1)]}]}}
{'timestamp': 43773267049000, 'order': 'U: SUBAB000000008->SUBAB000000011:1@20000', 'book': {'Bids': [{'price': 20000, 'orders': [(b'SUBAB000000011', 1)]}], 'Asks': [{'price': 22000, 'orders': [(b'SUBBS000000006', 1)]}]}}
{'timestamp': 43774352684000, 'order': 'O: SUBBB000000008:B1xLPS     @20000', 'book': {'Bids': [{'price': 20000, 'orders': [(b'SUBAB000000011', 1), (b'SUBBB000000008', 1)]}], 'Asks': [{'price': 22000, 'orders': [(b'SUBBS000000006', 1)]}]}}
{'timestamp': 43774353085000, 'order': 'O: SUBAS000000012:S1xLPS     @22000', 'book': {'Bids': [{'price': 20000, 'orders': [(b'SUBAB000000011', 1), (b'SUBBB000000008', 1)]}], 'Asks': [{'price': 22000, 'orders': [(b'SUBBS000000006', 1), (b'SUBAS000000012', 1)]}]}}
{'timestamp': 43777717487000, 'order': 'O: SUB@S000000003:S1xLPS     @0', 'book': {'Bids': [{'price': 20000, 'orders': [(b'SUBBB000000008', 1)]}], 'Asks': [{'price': 22000, 'orders': [(b'SUBBS000000006', 1), (b'SUBAS000000012', 1)]}]}}
{'timestamp': 43778240031000, 'order': 'O: SUBAB000000013:B1xLPS     @20000', 'book': {'Bids': [{'price': 20000, 'orders': [(b'SUBBB000000008', 1), (b'SUBAB000000013', 1)]}], 'Asks': [{'price': 22000, 'orders': [(b'SUBBS000000006', 1), (b'SUBAS000000012', 1)]}]}}
{'timestamp': 43783270518000, 'order': 'U: SUBBB000000008->SUBBB000000009:1@15000', 'book': {'Bids': [{'price': 20000, 'orders': [(b'SUBAB000000013', 1)]}, {'price': 15000, 'orders': [(b'SUBBB000000009', 1)]}], 'Asks': [{'price': 22000, 'orders': [(b'SUBBS000000006', 1), (b'SUBAS000000012', 1)]}]}}
{'timestamp': 43783271305000, 'order': 'U: SUBBS000000006->SUBBS000000010:1@17000', 'book': {'Bids': [{'price': 15000, 'orders': [(b'SUBBB000000009', 1)]}], 'Asks': [{'price': 22000, 'orders': [(b'SUBAS000000012', 1)]}]}}
{'timestamp': 43783272783000, 'order': 'U: SUBAB000000013->SUBAB000000014:1@15000', 'book': {'Bids': [{'price': 15000, 'orders': [(b'SUBBB000000009', 1)]}], 'Asks': [{'price': 22000, 'orders': [(b'SUBAS000000012', 1)]}]}}
{'timestamp': 43783273227000, 'order': 'U: SUBAS000000012->SUBAS000000015:1@17000', 'book': {'Bids': [{'price': 15000, 'orders': [(b'SUBBB000000009', 1)]}], 'Asks': [{'price': 17000, 'orders': [(b'SUBAS000000015', 1)]}]}}
{'timestamp': 43784359968000, 'order': 'O: SUBBS000000011:S1xLPS     @17000', 'book': {'Bids': [{'price': 15000, 'orders': [(b'SUBBB000000009', 1)]}], 'Asks': [{'price': 17000, 'orders': [(b'SUBAS000000015', 1), (b'SUBBS000000011', 1)]}]}}
{'timestamp': 43784360365000, 'order': 'O: SUBAB000000016:B1xLPS     @15000', 'book': {'Bids': [{'price': 15000, 'orders': [(b'SUBBB000000009', 1), (b'SUBAB000000016', 1)]}], 'Asks': [{'price': 17000, 'orders': [(b'SUBAS000000015', 1), (b'SUBBS000000011', 1)]}]}}
{'timestamp': 43787720591000, 'order': 'O: SUB@B000000004:B1xLPS     @214748', 'book': {'Bids': [{'price': 15000, 'orders': [(b'SUBBB000000009', 1), (b'SUBAB000000016', 1)]}], 'Asks': [{'price': 17000, 'orders': [(b'SUBBS000000011', 1)]}]}}
{'timestamp': 43788246566000, 'order': 'O: SUBAS000000017:S1xLPS     @17000', 'book': {'Bids': [{'price': 15000, 'orders': [(b'SUBBB000000009', 1), (b'SUBAB000000016', 1)]}], 'Asks': [{'price': 17000, 'orders': [(b'SUBBS000000011', 1), (b'SUBAS000000017', 1)]}]}}
{'timestamp': 43793273075000, 'order': 'U: SUBAS000000017->SUBAS000000018:1@23000', 'book': {'Bids': [{'price': 15000, 'orders': [(b'SUBBB000000009', 1), (b'SUBAB000000016', 1)]}], 'Asks': [{'price': 17000, 'orders': [(b'SUBBS000000011', 1)]}, {'price': 23000, 'orders': [(b'SUBAS000000018', 1)]}]}}
{'timestamp': 43793273816000, 'order': 'U: SUBAB000000016->SUBAB000000019:1@21000', 'book': {'Bids': [{'price': 15000, 'orders': [(b'SUBBB000000009', 1)]}], 'Asks': [{'price': 23000, 'orders': [(b'SUBAS000000018', 1)]}]}}
{'timestamp': 43793275239000, 'order': 'U: SUBBS000000011->SUBBS000000012:1@23000', 'book': {'Bids': [{'price': 15000, 'orders': [(b'SUBBB000000009', 1)]}], 'Asks': [{'price': 23000, 'orders': [(b'SUBAS000000018', 1)]}]}}
{'timestamp': 43793275678000, 'order': 'U: SUBBB000000009->SUBBB000000013:1@21000', 'book': {'Bids': [{'price': 21000, 'orders': [(b'SUBBB000000013', 1)]}], 'Asks': [{'price': 23000, 'orders': [(b'SUBAS000000018', 1)]}]}}
{'timestamp': 43794355496000, 'order': 'O: SUBAB000000020:B1xLPS     @21000', 'book': {'Bids': [{'price': 21000, 'orders': [(b'SUBBB000000013', 1), (b'SUBAB000000020', 1)]}], 'Asks': [{'price': 23000, 'orders': [(b'SUBAS000000018', 1)]}]}}
{'timestamp': 43794355884000, 'order': 'O: SUBBS000000014:S1xLPS     @23000', 'book': {'Bids': [{'price': 21000, 'orders': [(b'SUBBB000000013', 1), (b'SUBAB000000020', 1)]}], 'Asks': [{'price': 23000, 'orders': [(b'SUBAS000000018', 1), (b'SUBBS000000014', 1)]}]}}
{'timestamp': 43797720010000, 'order': 'O: SUB@S000000005:S1xLPS     @0', 'book': {'Bids': [{'price': 21000, 'orders': [(b'SUBAB000000020', 1)]}], 'Asks': [{'price': 23000, 'orders': [(b'SUBAS000000018', 1), (b'SUBBS000000014', 1)]}]}}
{'timestamp': 43798245302000, 'order': 'O: SUBBB000000015:B1xLPS     @21000', 'book': {'Bids': [{'price': 21000, 'orders': [(b'SUBAB000000020', 1), (b'SUBBB000000015', 1)]}], 'Asks': [{'price': 23000, 'orders': [(b'SUBAS000000018', 1), (b'SUBBS000000014', 1)]}]}}
{'timestamp': 43803268600000, 'order': 'U: SUBAB000000020->SUBAB000000021:1@16000', 'book': {'Bids': [{'price': 21000, 'orders': [(b'SUBBB000000015', 1)]}, {'price': 16000, 'orders': [(b'SUBAB000000021', 1)]}], 'Asks': [{'price': 23000, 'orders': [(b'SUBAS000000018', 1), (b'SUBBS000000014', 1)]}]}}
{'timestamp': 43803269479000, 'order': 'U: SUBAS000000018->SUBAS000000022:1@18000', 'book': {'Bids': [{'price': 16000, 'orders': [(b'SUBAB000000021', 1)]}], 'Asks': [{'price': 23000, 'orders': [(b'SUBBS000000014', 1)]}]}}
{'timestamp': 43803270499000, 'order': 'U: SUBBB000000015->SUBBB000000016:1@16000', 'book': {'Bids': [{'price': 16000, 'orders': [(b'SUBAB000000021', 1)]}], 'Asks': [{'price': 23000, 'orders': [(b'SUBBS000000014', 1)]}]}}
{'timestamp': 43803270886000, 'order': 'U: SUBBS000000014->SUBBS000000017:1@18000', 'book': {'Bids': [{'price': 16000, 'orders': [(b'SUBAB000000021', 1)]}], 'Asks': [{'price': 18000, 'orders': [(b'SUBBS000000017', 1)]}]}}
{'timestamp': 43804350318000, 'order': 'O: SUBAS000000023:S1xLPS     @18000', 'book': {'Bids': [{'price': 16000, 'orders': [(b'SUBAB000000021', 1)]}], 'Asks': [{'price': 18000, 'orders': [(b'SUBBS000000017', 1), (b'SUBAS000000023', 1)]}]}}
{'timestamp': 43804350710000, 'order': 'O: SUBBB000000018:B1xLPS     @16000', 'book': {'Bids': [{'price': 16000, 'orders': [(b'SUBAB000000021', 1), (b'SUBBB000000018', 1)]}], 'Asks': [{'price': 18000, 'orders': [(b'SUBBS000000017', 1), (b'SUBAS000000023', 1)]}]}}
{'timestamp': 43807717554000, 'order': 'O: SUB@B000000006:B1xLPS     @214748', 'book': {'Bids': [{'price': 16000, 'orders': [(b'SUBAB000000021', 1), (b'SUBBB000000018', 1)]}], 'Asks': [{'price': 18000, 'orders': [(b'SUBAS000000023', 1)]}]}}
{'timestamp': 43808244516000, 'order': 'O: SUBBS000000019:S1xLPS     @18000', 'book': {'Bids': [{'price': 16000, 'orders': [(b'SUBAB000000021', 1), (b'SUBBB000000018', 1)]}], 'Asks': [{'price': 18000, 'orders': [(b'SUBAS000000023', 1), (b'SUBBS000000019', 1)]}]}}
{'timestamp': 49105080668000, 'order': 'H: 7376806928136024112:S', 'book': {'Bids': [], 'Asks': []}}
{'timestamp': 49108442870000, 'order': 'O: SUBAB000000001:B1xLPS     @9000', 'book': {'Bids': [{'price': 9000, 'orders': [(b'SUBAB000000001', 1)]}], 'Asks': []}}
{'timestamp': 49108443389000, 'order': 'O: SUBAS000000002:S1xLPS     @11000', 'book': {'Bids': [{'price': 9000, 'orders': [(b'SUBAB000000001', 1)]}], 'Asks': [{'price': 11000, 'orders': [(b'SUBAS000000002', 1)]}]}}
{'timestamp': 49111312534000, 'order': 'U: SUBAS000000002->SUBAS000000003:1@16000', 'book': {'Bids': [{'price': 9000, 'orders': [(b'SUBAB000000001', 1)]}], 'Asks': [{'price': 16000, 'orders': [(b'SUBAS000000003', 1)]}]}}
{'timestamp': 49111313306000, 'order': 'U: SUBAB000000001->SUBAB000000004:1@14000', 'book': {'Bids': [{'price': 14000, 'orders': [(b'SUBAB000000004', 1)]}], 'Asks': [{'price': 16000, 'orders': [(b'SUBAS000000003', 1)]}]}}
{'timestamp': 49241265976000, 'order': 'H: 7961715778031464496:S', 'book': {'Bids': [], 'Asks': []}}
{'timestamp': 49244394645000, 'order': 'O: SUBAB000000001:B1xLPS     @9000', 'book': {'Bids': [{'price': 9000, 'orders': [(b'SUBAB000000001', 1)]}], 'Asks': []}}
{'timestamp': 49244395169000, 'order': 'O: SUBAS000000002:S1xLPS     @11000', 'book': {'Bids': [{'price': 9000, 'orders': [(b'SUBAB000000001', 1)]}], 'Asks': [{'price': 11000, 'orders': [(b'SUBAS000000002', 1)]}]}}
{'timestamp': 49247511029000, 'order': 'U: SUBAS000000002->SUBAS000000003:1@16000', 'book': {'Bids': [{'price': 9000, 'orders': [(b'SUBAB000000001', 1)]}], 'Asks': [{'price': 16000, 'orders': [(b'SUBAS000000003', 1)]}]}}
{'timestamp': 49247511720000, 'order': 'U: SUBAB000000001->SUBAB000000004:1@14000', 'book': {'Bids': [{'price': 14000, 'orders': [(b'SUBAB000000004', 1)]}], 'Asks': [{'price': 16000, 'orders': [(b'SUBAS000000003', 1)]}]}}
{'timestamp': 49252003610000, 'order': 'O: SUB@S000000001:S1xLPS     @0', 'book': {'Bids': [], 'Asks': [{'price': 16000, 'orders': [(b'SUBAS000000003', 1)]}]}}
{'timestamp': 49252525063000, 'order': 'O: SUBAB000000005:B1xLPS     @14000', 'book': {'Bids': [{'price': 14000, 'orders': [(b'SUBAB000000005', 1)]}], 'Asks': [{'price': 16000, 'orders': [(b'SUBAS000000003', 1)]}]}}
{'timestamp': 49272274252000, 'order': 'H: 8094874345621434416:S', 'book': {'Bids': [], 'Asks': []}}
{'timestamp': 49276693663000, 'order': 'O: SUBAB000000001:B1xLPS     @9000', 'book': {'Bids': [{'price': 9000, 'orders': [(b'SUBAB000000001', 1)]}], 'Asks': []}}
{'timestamp': 49276694258000, 'order': 'O: SUBAS000000002:S1xLPS     @11000', 'book': {'Bids': [{'price': 9000, 'orders': [(b'SUBAB000000001', 1)]}], 'Asks': [{'price': 11000, 'orders': [(b'SUBAS000000002', 1)]}]}}
{'timestamp': 49278485611000, 'order': 'U: SUBAS000000002->SUBAS000000003:1@16000', 'book': {'Bids': [{'price': 9000, 'orders': [(b'SUBAB000000001', 1)]}], 'Asks': [{'price': 16000, 'orders': [(b'SUBAS000000003', 1)]}]}}
{'timestamp': 49278486353000, 'order': 'U: SUBAB000000001->SUBAB000000004:1@14000', 'book': {'Bids': [{'price': 14000, 'orders': [(b'SUBAB000000004', 1)]}], 'Asks': [{'price': 16000, 'orders': [(b'SUBAS000000003', 1)]}]}}
{'timestamp': 49279270499000, 'order': 'O: SUBBB000000001:B1xLPS     @14000', 'book': {'Bids': [{'price': 14000, 'orders': [(b'SUBAB000000004', 1), (b'SUBBB000000001', 1)]}], 'Asks': [{'price': 16000, 'orders': [(b'SUBAS000000003', 1)]}]}}
{'timestamp': 49279270939000, 'order': 'O: SUBBS000000002:S1xLPS     @16000', 'book': {'Bids': [{'price': 14000, 'orders': [(b'SUBAB000000004', 1), (b'SUBBB000000001', 1)]}], 'Asks': [{'price': 16000, 'orders': [(b'SUBAS000000003', 1), (b'SUBBS000000002', 1)]}]}}
{'timestamp': 49282971430000, 'order': 'O: SUB@S000000001:S1xLPS     @0', 'book': {'Bids': [{'price': 14000, 'orders': [(b'SUBBB000000001', 1)]}], 'Asks': [{'price': 16000, 'orders': [(b'SUBAS000000003', 1), (b'SUBBS000000002', 1)]}]}}
{'timestamp': 49283492881000, 'order': 'O: SUBAB000000005:B1xLPS     @14000', 'book': {'Bids': [{'price': 14000, 'orders': [(b'SUBBB000000001', 1), (b'SUBAB000000005', 1)]}], 'Asks': [{'price': 16000, 'orders': [(b'SUBAS000000003', 1), (b'SUBBS000000002', 1)]}]}}
{'timestamp': 49288512524000, 'order': 'U: SUBAS000000003->SUBAS000000006:1@19000', 'book': {'Bids': [{'price': 14000, 'orders': [(b'SUBBB000000001', 1), (b'SUBAB000000005', 1)]}], 'Asks': [{'price': 16000, 'orders': [(b'SUBBS000000002', 1)]}, {'price': 19000, 'orders': [(b'SUBAS000000006', 1)]}]}}
{'timestamp': 49288513091000, 'order': 'U: SUBAB000000005->SUBAB000000007:1@17000', 'book': {'Bids': [{'price': 14000, 'orders': [(b'SUBBB000000001', 1)]}], 'Asks': [{'price': 19000, 'orders': [(b'SUBAS000000006', 1)]}]}}
{'timestamp': 49288514519000, 'order': 'U: SUBBS000000002->SUBBS000000003:1@19000', 'book': {'Bids': [{'price': 14000, 'orders': [(b'SUBBB000000001', 1)]}], 'Asks': [{'price': 19000, 'orders': [(b'SUBAS000000006', 1)]}]}}
{'timestamp': 49288514805000, 'order': 'U: SUBBB000000001->SUBBB000000004:1@17000', 'book': {'Bids': [{'price': 17000, 'orders': [(b'SUBBB000000004', 1)]}], 'Asks': [{'price': 19000, 'orders': [(b'SUBAS000000006', 1)]}]}}
{'timestamp': 49289588474000, 'order': 'O: SUBAB000000008:B1xLPS     @17000', 'book': {'Bids': [{'price': 17000, 'orders': [(b'SUBBB000000004', 1), (b'SUBAB000000008', 1)]}], 'Asks': [{'price': 19000, 'orders': [(b'SUBAS000000006', 1)]}]}}
{'timestamp': 49289588883000, 'order': 'O: SUBBS000000005:S1xLPS     @19000', 'book': {'Bids': [{'price': 17000, 'orders': [(b'SUBBB000000004', 1), (b'SUBAB000000008', 1)]}], 'Asks': [{'price': 19000, 'orders': [(b'SUBAS000000006', 1), (b'SUBBS000000005', 1)]}]}}
{'timestamp': 49292968964000, 'order': 'O: SUB@B000000002:B1xLPS     @214748', 'book': {'Bids': [{'price': 17000, 'orders': [(b'SUBBB000000004', 1), (b'SUBAB000000008', 1)]}], 'Asks': [{'price': 19000, 'orders': [(b'SUBBS000000005', 1)]}]}}
{'timestamp': 49293095532000, 'order': 'O: SUBAS000000009:S1xLPS     @19000', 'book': {'Bids': [{'price': 17000, 'orders': [(b'SUBBB000000004', 1), (b'SUBAB000000008', 1)]}], 'Asks': [{'price': 19000, 'orders': [(b'SUBBS000000005', 1), (b'SUBAS000000009', 1)]}]}}
{'timestamp': 49293794383000, 'order': 'X: SUBAB000000008:0', 'book': {'Bids': [{'price': 17000, 'orders': [(b'SUBBB000000004', 1)]}], 'Asks': [{'price': 19000, 'orders': [(b'SUBBS000000005', 1), (b'SUBAS000000009', 1)]}]}}
{'timestamp': 49293794914000, 'order': 'X: SUBAS000000009:0', 'book': {'Bids': [{'price': 17000, 'orders': [(b'SUBBB000000004', 1)]}], 'Asks': [{'price': 19000, 'orders': [(b'SUBBS000000005', 1)]}]}}
{'timestamp': 49298104584000, 'order': 'O: SUBAB000000010:B1xLPS     @21000', 'book': {'Bids': [{'price': 17000, 'orders': [(b'SUBBB000000004', 1)]}], 'Asks': []}}
{'timestamp': 49298642794000, 'order': 'U: SUBBS000000005->SUBBS000000006:1@22000', 'book': {'Bids': [{'price': 17000, 'orders': [(b'SUBBB000000004', 1)]}], 'Asks': []}}
{'timestamp': 49298643202000, 'order': 'U: SUBBB000000004->SUBBB000000007:1@20000', 'book': {'Bids': [{'price': 20000, 'orders': [(b'SUBBB000000007', 1)]}], 'Asks': []}}
{'timestamp': 49298644047000, 'order': 'O: SUBBS000000008:S1xLPS     @22000', 'book': {'Bids': [{'price': 20000, 'orders': [(b'SUBBB000000007', 1)]}], 'Asks': [{'price': 22000, 'orders': [(b'SUBBS000000008', 1)]}]}}
{'timestamp': 49302979291000, 'order': 'O: SUB@S000000003:S1xLPS     @0', 'book': {'Bids': [], 'Asks': [{'price': 22000, 'orders': [(b'SUBBS000000008', 1)]}]}}
{'timestamp': 49303506215000, 'order': 'O: SUBBB000000009:B1xLPS     @20000', 'book': {'Bids': [{'price': 20000, 'orders': [(b'SUBBB000000009', 1)]}], 'Asks': [{'price': 22000, 'orders': [(b'SUBBS000000008', 1)]}]}}
{'timestamp': 49308090606000, 'order': 'O: SUBAS000000011:S1xLPS     @16000', 'book': {'Bids': [], 'Asks': [{'price': 22000, 'orders': [(b'SUBBS000000008', 1)]}]}}
{'timestamp': 49308629442000, 'order': 'U: SUBBB000000009->SUBBB000000010:1@15000', 'book': {'Bids': [], 'Asks': [{'price': 22000, 'orders': [(b'SUBBS000000008', 1)]}]}}
{'timestamp': 49308629835000, 'order': 'U: SUBBS000000008->SUBBS000000011:1@17000', 'book': {'Bids': [], 'Asks': [{'price': 17000, 'orders': [(b'SUBBS000000011', 1)]}]}}
{'timestamp': 49308630422000, 'order': 'O: SUBBB000000012:B1xLPS     @15000', 'book': {'Bids': [{'price': 15000, 'orders': [(b'SUBBB000000012', 1)]}], 'Asks': [{'price': 17000, 'orders': [(b'SUBBS000000011', 1)]}]}}
{'timestamp': 49312979682000, 'order': 'O: SUB@B000000004:B1xLPS     @214748', 'book': {'Bids': [{'price': 15000, 'orders': [(b'SUBBB000000012', 1)]}], 'Asks': []}}
{'timestamp': 49313504226000, 'order': 'O: SUBBS000000013:S1xLPS     @17000', 'book': {'Bids': [{'price': 15000, 'orders': [(b'SUBBB000000012', 1)]}], 'Asks': [{'price': 17000, 'orders': [(b'SUBBS000000013', 1)]}]}}
{'timestamp': 49687477205000, 'order': 'H: 9878160392011657264:S', 'book': {'Bids': [], 'Asks': []}}
{'timestamp': 49689893408000, 'order': 'O: SUBAB000000001:B1xLPS     @9000', 'book': {'Bids': [{'price': 9000, 'orders': [(b'SUBAB000000001', 1)]}], 'Asks': []}}
{'timestamp': 49689893870000, 'order': 'O: SUBAS000000002:S1xLPS     @11000', 'book': {'Bids': [{'price': 9000, 'orders': [(b'SUBAB000000001', 1)]}], 'Asks': [{'price': 11000, 'orders': [(b'SUBAS000000002', 1)]}]}}
{'timestamp': 50007286617000, 'order': 'H: 11251734716169072688:S', 'book': {'Bids': [], 'Asks': []}}
{'timestamp': 50011793646000, 'order': 'O: SUBAB000000001:B1xLPS     @9000', 'book': {'Bids': [{'price': 9000, 'orders': [(b'SUBAB000000001', 1)]}], 'Asks': []}}
{'timestamp': 50011794220000, 'order': 'O: SUBAS000000002:S1xLPS     @11000', 'book': {'Bids': [{'price': 9000, 'orders': [(b'SUBAB000000001', 1)]}], 'Asks': [{'price': 11000, 'orders': [(b'SUBAS000000002', 1)]}]}}
{'timestamp': 50013526393000, 'order': 'U: SUBAS000000002->SUBAS000000003:1@16000', 'book': {'Bids': [{'price': 9000, 'orders': [(b'SUBAB000000001', 1)]}], 'Asks': [{'price': 16000, 'orders': [(b'SUBAS000000003', 1)]}]}}
{'timestamp': 50013527159000, 'order': 'U: SUBAB000000001->SUBAB000000004:1@14000', 'book': {'Bids': [{'price': 14000, 'orders': [(b'SUBAB000000004', 1)]}], 'Asks': [{'price': 16000, 'orders': [(b'SUBAS000000003', 1)]}]}}
{'timestamp': 50045396023000, 'order': 'H: 11415397567424376880:S', 'book': {'Bids': [], 'Asks': []}}
{'timestamp': 50050853437000, 'order': 'O: SUBAB000000001:B1xLPS     @9000', 'book': {'Bids': [{'price': 9000, 'orders': [(b'SUBAB000000001', 1)]}], 'Asks': []}}
{'timestamp': 50050854021000, 'order': 'O: SUBAS000000002:S1xLPS     @11000', 'book': {'Bids': [{'price': 9000, 'orders': [(b'SUBAB000000001', 1)]}], 'Asks': [{'price': 11000, 'orders': [(b'SUBAS000000002', 1)]}]}}
{'timestamp': 50051580109000, 'order': 'U: SUBAS000000002->SUBAS000000003:1@16000', 'book': {'Bids': [{'price': 9000, 'orders': [(b'SUBAB000000001', 1)]}], 'Asks': [{'price': 16000, 'orders': [(b'SUBAS000000003', 1)]}]}}
{'timestamp': 50051580998000, 'order': 'U: SUBAB000000001->SUBAB000000004:1@14000', 'book': {'Bids': [{'price': 14000, 'orders': [(b'SUBAB000000004', 1)]}], 'Asks': [{'price': 16000, 'orders': [(b'SUBAS000000003', 1)]}]}}
{'timestamp': 50056035013000, 'order': 'O: SUB@S000000001:S1xLPS     @0', 'book': {'Bids': [], 'Asks': [{'price': 16000, 'orders': [(b'SUBAS000000003', 1)]}]}}
{'timestamp': 50056557050000, 'order': 'O: SUBAB000000005:B1xLPS     @14000', 'book': {'Bids': [{'price': 14000, 'orders': [(b'SUBAB000000005', 1)]}], 'Asks': [{'price': 16000, 'orders': [(b'SUBAS000000003', 1)]}]}}
{'timestamp': 50061583715000, 'order': 'U: SUBAS000000003->SUBAS000000006:1@19000', 'book': {'Bids': [{'price': 14000, 'orders': [(b'SUBAB000000005', 1)]}], 'Asks': [{'price': 19000, 'orders': [(b'SUBAS000000006', 1)]}]}}
{'timestamp': 50061584449000, 'order': 'U: SUBAB000000005->SUBAB000000007:1@17000', 'book': {'Bids': [{'price': 17000, 'orders': [(b'SUBAB000000007', 1)]}], 'Asks': [{'price': 19000, 'orders': [(b'SUBAS000000006', 1)]}]}}
{'timestamp': 50063691463000, 'order': 'X: SUBAS000000006:0', 'book': {'Bids': [{'price': 17000, 'orders': [(b'SUBAB000000007', 1)]}], 'Asks': []}}
{'timestamp': 50063691935000, 'order': 'X: SUBAB000000007:0', 'book': {'Bids': [], 'Asks': []}}
{'timestamp': 50064533501000, 'order': 'O: SUBAB000000008:B1xLPS     @17000', 'book': {'Bids': [{'price': 17000, 'orders': [(b'SUBAB000000008', 1)]}], 'Asks': []}}
{'timestamp': 50064534086000, 'order': 'O: SUBAS000000009:S1xLPS     @19000', 'book': {'Bids': [{'price': 17000, 'orders': [(b'SUBAB000000008', 1)]}], 'Asks': [{'price': 19000, 'orders': [(b'SUBAS000000009', 1)]}]}}
{'timestamp': 50066028323000, 'order': 'O: SUB@B000000002:B1xLPS     @214748', 'book': {'Bids': [{'price': 17000, 'orders': [(b'SUBAB000000008', 1)]}], 'Asks': []}}
{'timestamp': 50066552094000, 'order': 'O: SUBAS000000010:S1xLPS     @19000', 'book': {'Bids': [{'price': 17000, 'orders': [(b'SUBAB000000008', 1)]}], 'Asks': [{'price': 19000, 'orders': [(b'SUBAS000000010', 1)]}]}}
{'timestamp': 50071582156000, 'order': 'U: SUBAS000000010->SUBAS000000011:1@22000', 'book': {'Bids': [{'price': 17000, 'orders': [(b'SUBAB000000008', 1)]}], 'Asks': [{'price': 22000, 'orders': [(b'SUBAS000000011', 1)]}]}}
{'timestamp': 50071582888000, 'order': 'U: SUBAB000000008->SUBAB000000012:1@20000', 'book': {'Bids': [{'price': 20000, 'orders': [(b'SUBAB000000012', 1)]}], 'Asks': [{'price': 22000, 'orders': [(b'SUBAS000000011', 1)]}]}}
{'timestamp': 50197074081000, 'order': 'H: 12066876026700967984:S', 'book': {'Bids': [], 'Asks': []}}
{'timestamp': 50199916921000, 'order': 'O: SUBBB000000001:B1xLPS     @9000', 'book': {'Bids': [{'price': 9000, 'orders': [(b'SUBBB000000001', 1)]}], 'Asks': []}}
{'timestamp': 50199917349000, 'order': 'O: SUBBS000000002:S1xLPS     @11000', 'book': {'Bids': [{'price': 9000, 'orders': [(b'SUBBB000000001', 1)]}], 'Asks': [{'price': 11000, 'orders': [(b'SUBBS000000002', 1)]}]}}
{'timestamp': 50696479393000, 'order': 'H: 14211798512687919152:S', 'book': {'Bids': [], 'Asks': []}}
{'timestamp': 50698750556000, 'order': 'O: SUBBB000000001:B1xLPS     @9000', 'book': {'Bids': [{'price': 9000, 'orders': [(b'SUBBB000000001', 1)]}], 'Asks': []}}
{'timestamp': 50698751433000, 'order': 'O: SUBBS000000002:S1xLPS     @11000', 'book': {'Bids': [{'price': 9000, 'orders': [(b'SUBBB000000001', 1)]}], 'Asks': [{'price': 11000, 'orders': [(b'SUBBS000000002', 1)]}]}}
{'timestamp': 50700981438000, 'order': 'O: SUBAB000000001:B1xLPS     @9000', 'book': {'Bids': [{'price': 9000, 'orders': [(b'SUBBB000000001', 1), (b'SUBAB000000001', 1)]}], 'Asks': [{'price': 11000, 'orders': [(b'SUBBS000000002', 1)]}]}}
{'timestamp': 50700982036000, 'order': 'O: SUBAS000000002:S1xLPS     @11000', 'book': {'Bids': [{'price': 9000, 'orders': [(b'SUBBB000000001', 1), (b'SUBAB000000001', 1)]}], 'Asks': [{'price': 11000, 'orders': [(b'SUBBS000000002', 1), (b'SUBAS000000002', 1)]}]}}
{'timestamp': 50702289378000, 'order': 'U: SUBAS000000002->SUBAS000000003:1@16000', 'book': {'Bids': [{'price': 9000, 'orders': [(b'SUBBB000000001', 1), (b'SUBAB000000001', 1)]}], 'Asks': [{'price': 11000, 'orders': [(b'SUBBS000000002', 1)]}, {'price': 16000, 'orders': [(b'SUBAS000000003', 1)]}]}}
{'timestamp': 50702290090000, 'order': 'U: SUBAB000000001->SUBAB000000004:1@14000', 'book': {'Bids': [{'price': 9000, 'orders': [(b'SUBBB000000001', 1)]}], 'Asks': [{'price': 16000, 'orders': [(b'SUBAS000000003', 1)]}]}}
{'timestamp': 50702958295000, 'order': 'O: SUBAB000000005:B1xLPS     @14000', 'book': {'Bids': [{'price': 14000, 'orders': [(b'SUBAB000000005', 1)]}, {'price': 9000, 'orders': [(b'SUBBB000000001', 1)]}], 'Asks': [{'price': 16000, 'orders': [(b'SUBAS000000003', 1)]}]}}
{'timestamp': 50702958961000, 'order': 'U: SUBBS000000002->SUBBS000000003:1@16000', 'book': {'Bids': [{'price': 14000, 'orders': [(b'SUBAB000000005', 1)]}, {'price': 9000, 'orders': [(b'SUBBB000000001', 1)]}], 'Asks': [{'price': 16000, 'orders': [(b'SUBAS000000003', 1)]}]}}
{'timestamp': 50702960807000, 'order': 'U: SUBBB000000001->SUBBB000000004:1@14000', 'book': {'Bids': [{'price': 14000, 'orders': [(b'SUBAB000000005', 1), (b'SUBBB000000004', 1)]}], 'Asks': [{'price': 16000, 'orders': [(b'SUBAS000000003', 1)]}]}}
{'timestamp': 50702961303000, 'order': 'O: SUBBS000000005:S1xLPS     @16000', 'book': {'Bids': [{'price': 14000, 'orders': [(b'SUBAB000000005', 1), (b'SUBBB000000004', 1)]}], 'Asks': [{'price': 16000, 'orders': [(b'SUBAS000000003', 1), (b'SUBBS000000005', 1)]}]}}
{'timestamp': 50703828500000, 'order': 'X: SUBBB000000004:0', 'book': {'Bids': [{'price': 14000, 'orders': [(b'SUBAB000000005', 1)]}], 'Asks': [{'price': 16000, 'orders': [(b'SUBAS000000003', 1), (b'SUBBS000000005', 1)]}]}}
{'timestamp': 50703829064000, 'order': 'X: SUBBS000000005:0', 'book': {'Bids': [{'price': 14000, 'orders': [(b'SUBAB000000005', 1)]}], 'Asks': [{'price': 16000, 'orders': [(b'SUBAS000000003', 1)]}]}}
{'timestamp': 50707156191000, 'order': 'O: SUB@S000000001:S1xLPS     @0', 'book': {'Bids': [], 'Asks': [{'price': 16000, 'orders': [(b'SUBAS000000003', 1)]}]}}
{'timestamp': 50707280298000, 'order': 'O: SUBAB000000006:B1xLPS     @14000', 'book': {'Bids': [{'price': 14000, 'orders': [(b'SUBAB000000006', 1)]}], 'Asks': [{'price': 16000, 'orders': [(b'SUBAS000000003', 1)]}]}}
{'timestamp': 50707417782000, 'order': 'X: SUBAS000000003:0', 'book': {'Bids': [{'price': 14000, 'orders': [(b'SUBAB000000006', 1)]}], 'Asks': []}}
{'timestamp': 50707418704000, 'order': 'X: SUBAB000000006:0', 'book': {'Bids': [], 'Asks': []}}
{'timestamp': 50709743675000, 'order': 'O: SUBBB000000006:B1xLPS     @14000', 'book': {'Bids': [{'price': 14000, 'orders': [(b'SUBBB000000006', 1)]}], 'Asks': []}}
{'timestamp': 50709744199000, 'order': 'O: SUBBS000000007:S1xLPS     @16000', 'book': {'Bids': [{'price': 14000, 'orders': [(b'SUBBB000000006', 1)]}], 'Asks': [{'price': 16000, 'orders': [(b'SUBBS000000007', 1)]}]}}
{'timestamp': 50710769988000, 'order': 'X: SUBBB000000006:0', 'book': {'Bids': [], 'Asks': [{'price': 16000, 'orders': [(b'SUBBS000000007', 1)]}]}}
{'timestamp': 50710770415000, 'order': 'X: SUBBS000000007:0', 'book': {'Bids': [], 'Asks': []}}
{'timestamp': 50712268769000, 'order': 'O: SUBAB000000007:B1xLPS     @18000', 'book': {'Bids': [], 'Asks': []}}
{'timestamp': 50712982386000, 'order': 'O: SUBAB000000008:B1xLPS     @17000', 'book': {'Bids': [{'price': 17000, 'orders': [(b'SUBAB000000008', 1)]}], 'Asks': []}}
{'timestamp': 50712983036000, 'order': 'O: SUBAS000000009:S1xLPS     @19000', 'book': {'Bids': [{'price': 17000, 'orders': [(b'SUBAB000000008', 1)]}], 'Asks': [{'price': 19000, 'orders': [(b'SUBAS000000009', 1)]}]}}
{'timestamp': 50717162464000, 'order': 'O: SUB@B000000002:B1xLPS     @214748', 'book': {'Bids': [{'price': 17000, 'orders': [(b'SUBAB000000008', 1)]}], 'Asks': []}}
{'timestamp': 50717285050000, 'order': 'O: SUBAS000000010:S1xLPS     @19000', 'book': {'Bids': [{'price': 17000, 'orders': [(b'SUBAB000000008', 1)]}], 'Asks': [{'price': 19000, 'orders': [(b'SUBAS000000010', 1)]}]}}
{'timestamp': 50719426463000, 'order': 'O: SUBBB000000008:B1xLPS     @17000', 'book': {'Bids': [{'price': 17000, 'orders': [(b'SUBAB000000008', 1), (b'SUBBB000000008', 1)]}], 'Asks': [{'price': 19000, 'orders': [(b'SUBAS000000010', 1)]}]}}
{'timestamp': 50719427076000, 'order': 'O: SUBBS000000009:S1xLPS     @19000', 'book': {'Bids': [{'price': 17000, 'orders': [(b'SUBAB000000008', 1), (b'SUBBB000000008', 1)]}], 'Asks': [{'price': 19000, 'orders': [(b'SUBAS000000010', 1), (b'SUBBS000000009', 1)]}]}}
{'timestamp': 50720974967000, 'order': 'X: SUBAB000000007:0', 'book': {'Bids': [{'price': 17000, 'orders': [(b'SUBAB000000008', 1), (b'SUBBB000000008', 1)]}], 'Asks': [{'price': 19000, 'orders': [(b'SUBAS000000010', 1), (b'SUBBS000000009', 1)]}]}}
{'timestamp': 50720975391000, 'order': 'X: SUBAB000000008:0', 'book': {'Bids': [{'price': 17000, 'orders': [(b'SUBBB000000008', 1)]}], 'Asks': [{'price': 19000, 'orders': [(b'SUBAS000000010', 1), (b'SUBBS000000009', 1)]}]}}
{'timestamp': 50720976842000, 'order': 'X: SUBAS000000010:0', 'book': {'Bids': [{'price': 17000, 'orders': [(b'SUBBB000000008', 1)]}], 'Asks': [{'price': 19000, 'orders': [(b'SUBBS000000009', 1)]}]}}
{'timestamp': 50722302833000, 'order': 'O: SUBAB000000011:B1xLPS     @21000', 'book': {'Bids': [{'price': 17000, 'orders': [(b'SUBBB000000008', 1)]}], 'Asks': []}}
{'timestamp': 50722842364000, 'order': 'U: SUBBS000000009->SUBBS000000010:1@22000', 'book': {'Bids': [{'price': 17000, 'orders': [(b'SUBBB000000008', 1)]}], 'Asks': []}}
{'timestamp': 50722842726000, 'order': 'U: SUBBB000000008->SUBBB000000011:1@20000', 'book': {'Bids': [{'price': 20000, 'orders': [(b'SUBBB000000011', 1)]}], 'Asks': []}}
{'timestamp': 50722843149000, 'order': 'O: SUBBS000000012:S1xLPS     @22000', 'book': {'Bids': [{'price': 20000, 'orders': [(b'SUBBB000000011', 1)]}], 'Asks': [{'price': 22000, 'orders': [(b'SUBBS000000012', 1)]}]}}
{'timestamp': 50727160077000, 'order': 'O: SUB@S000000003:S1xLPS     @0', 'book': {'Bids': [], 'Asks': [{'price': 22000, 'orders': [(b'SUBBS000000012', 1)]}]}}
{'timestamp': 50727685411000, 'order': 'O: SUBBB000000013:B1xLPS     @20000', 'book': {'Bids': [{'price': 20000, 'orders': [(b'SUBBB000000013', 1)]}], 'Asks': [{'price': 22000, 'orders': [(b'SUBBS000000012', 1)]}]}}
{'timestamp': 53689887110000, 'order': 'H: 11906233460872720432:S', 'book': {'Bids': [], 'Asks': []}}
{'timestamp': 53693414443000, 'order': 'O: SUBAB000000001:B1xLPS     @9000', 'book': {'Bids': [{'price': 9000, 'orders': [(b'SUBAB000000001', 1)]}], 'Asks': []}}
{'timestamp': 53693415012000, 'order': 'O: SUBAS000000002:S1xLPS     @11000', 'book': {'Bids': [{'price': 9000, 'orders': [(b'SUBAB000000001', 1)]}], 'Asks': [{'price': 11000, 'orders': [(b'SUBAS000000002', 1)]}]}}
{'timestamp': 53886214519000, 'order': 'H: 6599167360772354096:S', 'book': {'Bids': [], 'Asks': []}}
{'timestamp': 53888939683000, 'order': 'O: SUBBB000000001:B1xLPS     @9000', 'book': {'Bids': [{'price': 9000, 'orders': [(b'SUBBB000000001', 1)]}], 'Asks': []}}
{'timestamp': 53888940231000, 'order': 'O: SUBBS000000002:S1xLPS     @11000', 'book': {'Bids': [{'price': 9000, 'orders': [(b'SUBBB000000001', 1)]}], 'Asks': [{'price': 11000, 'orders': [(b'SUBBS000000002', 1)]}]}}
{'timestamp': 53890760594000, 'order': 'X: SUBBB000000001:0', 'book': {'Bids': [], 'Asks': [{'price': 11000, 'orders': [(b'SUBBS000000002', 1)]}]}}
{'timestamp': 53890760937000, 'order': 'X: SUBBS000000002:0', 'book': {'Bids': [], 'Asks': []}}
{'timestamp': 53895435889000, 'order': 'O: SUBAB000000001:B1xLPS     @14000', 'book': {'Bids': [{'price': 14000, 'orders': [(b'SUBAB000000001', 1)]}], 'Asks': []}}
{'timestamp': 53895437303000, 'order': 'O: SUBAS000000002:S1xLPS     @16000', 'book': {'Bids': [{'price': 14000, 'orders': [(b'SUBAB000000001', 1)]}], 'Asks': [{'price': 16000, 'orders': [(b'SUBAS000000002', 1)]}]}}
{'timestamp': 53896294128000, 'order': 'U: SUBAB000000001->SUBAB000000003:1@8410', 'book': {'Bids': [{'price': 8410, 'orders': [(b'SUBAB000000003', 1)]}], 'Asks': [{'price': 16000, 'orders': [(b'SUBAS000000002', 1)]}]}}
{'timestamp': 53896294862000, 'order': 'U: SUBAS000000002->SUBAS000000004:1@21590', 'book': {'Bids': [{'price': 8410, 'orders': [(b'SUBAB000000003', 1)]}], 'Asks': [{'price': 21590, 'orders': [(b'SUBAS000000004', 1)]}]}}
{'timestamp': 53896904961000, 'order': 'O: SUB@S000000001:S1xLPS     @0', 'book': {'Bids': [], 'Asks': [{'price': 21590, 'orders': [(b'SUBAS000000004', 1)]}]}}
{'timestamp': 53897425720000, 'order': 'O: SUBAB000000005:B1xLPS     @8410', 'book': {'Bids': [{'price': 8410, 'orders': [(b'SUBAB000000005', 1)]}], 'Asks': [{'price': 21590, 'orders': [(b'SUBAS000000004', 1)]}]}}
{'timestamp': 53902045670000, 'order': 'O: SUBBB000000003:B1xLPS     @18000', 'book': {'Bids': [{'price': 8410, 'orders': [(b'SUBAB000000005', 1)]}], 'Asks': [{'price': 21590, 'orders': [(b'SUBAS000000004', 1)]}]}}
{'timestamp': 53902440818000, 'order': 'U: SUBAS000000004->SUBAS000000006:1@24590', 'book': {'Bids': [{'price': 8410, 'orders': [(b'SUBAB000000005', 1)]}], 'Asks': [{'price': 24590, 'orders': [(b'SUBAS000000006', 1)]}]}}
{'timestamp': 53902441521000, 'order': 'U: SUBAB000000005->SUBAB000000007:1@11410', 'book': {'Bids': [{'price': 11410, 'orders': [(b'SUBAB000000007', 1)]}], 'Asks': [{'price': 24590, 'orders': [(b'SUBAS000000006', 1)]}]}}
{'timestamp': 53906905759000, 'order': 'O: SUB@B000000002:B1xLPS     @214748', 'book': {'Bids': [{'price': 11410, 'orders': [(b'SUBAB000000007', 1)]}], 'Asks': []}}
{'timestamp': 53907426977000, 'order': 'O: SUBAS000000008:S1xLPS     @24590', 'book': {'Bids': [{'price': 11410, 'orders': [(b'SUBAB000000007', 1)]}], 'Asks': [{'price': 24590, 'orders': [(b'SUBAS000000008', 1)]}]}}
{'timestamp': 53912048711000, 'order': 'O: SUBBB000000004:B1xLPS     @21000', 'book': {'Bids': [{'price': 11410, 'orders': [(b'SUBAB000000007', 1)]}], 'Asks': [{'price': 24590, 'orders': [(b'SUBAS000000008', 1)]}]}}
{'timestamp': 53912458461000, 'order': 'U: SUBAS000000008->SUBAS000000009:1@27590', 'book': {'Bids': [{'price': 11410, 'orders': [(b'SUBAB000000007', 1)]}], 'Asks': [{'price': 27590, 'orders': [(b'SUBAS000000009', 1)]}]}}
{'timestamp': 53912459318000, 'order': 'U: SUBAB000000007->SUBAB000000010:1@14410', 'book': {'Bids': [{'price': 14410, 'orders': [(b'SUBAB000000010', 1)]}], 'Asks': [{'price': 27590, 'orders': [(b'SUBAS000000009', 1)]}]}}
{'timestamp': 54575072777000, 'order': 'H: 13732586802197311536:S', 'book': {'Bids': [], 'Asks': []}}
{'timestamp': 54578031037000, 'order': 'O: SUBBB000000001:B1xLPS     @9000', 'book': {'Bids': [{'price': 9000, 'orders': [(b'SUBBB000000001', 1)]}], 'Asks': []}}
{'timestamp': 54578031578000, 'order': 'O: SUBBS000000002:S1xLPS     @11000', 'book': {'Bids': [{'price': 9000, 'orders': [(b'SUBBB000000001', 1)]}], 'Asks': [{'price': 11000, 'orders': [(b'SUBBS000000002', 1)]}]}}
{'timestamp': 54578703121000, 'order': 'X: SUBBB000000001:0', 'book': {'Bids': [], 'Asks': [{'price': 11000, 'orders': [(b'SUBBS000000002', 1)]}]}}
{'timestamp': 54578703720000, 'order': 'X: SUBBS000000002:0', 'book': {'Bids': [], 'Asks': []}}
{'timestamp': 54579449555000, 'order': 'O: SUBBB000000003:B1xLPS     @8000', 'book': {'Bids': [{'price': 8000, 'orders': [(b'SUBBB000000003', 1)]}], 'Asks': []}}
{'timestamp': 54579450274000, 'order': 'O: SUBBS000000004:S1xLPS     @12000', 'book': {'Bids': [{'price': 8000, 'orders': [(b'SUBBB000000003', 1)]}], 'Asks': [{'price': 12000, 'orders': [(b'SUBBS000000004', 1)]}]}}
{'timestamp': 54580027472000, 'order': 'X: SUBBB000000003:0', 'book': {'Bids': [], 'Asks': [{'price': 12000, 'orders': [(b'SUBBS000000004', 1)]}]}}
{'timestamp': 54580027980000, 'order': 'X: SUBBS000000004:0', 'book': {'Bids': [], 'Asks': []}}
{'timestamp': 54580676709000, 'order': 'O: SUBBB000000005:B1xLPS     @8000', 'book': {'Bids': [{'price': 8000, 'orders': [(b'SUBBB000000005', 1)]}], 'Asks': []}}
{'timestamp': 54580677230000, 'order': 'O: SUBBS000000006:S1xLPS     @12000', 'book': {'Bids': [{'price': 8000, 'orders': [(b'SUBBB000000005', 1)]}], 'Asks': [{'price': 12000, 'orders': [(b'SUBBS000000006', 1)]}]}}
{'timestamp': 54581487464000, 'order': 'U: SUBBS000000006->SUBBS000000007:1@17000', 'book': {'Bids': [{'price': 8000, 'orders': [(b'SUBBB000000005', 1)]}], 'Asks': [{'price': 17000, 'orders': [(b'SUBBS000000007', 1)]}]}}
{'timestamp': 54581488288000, 'order': 'U: SUBBB000000005->SUBBB000000008:1@13000', 'book': {'Bids': [{'price': 13000, 'orders': [(b'SUBBB000000008', 1)]}], 'Asks': [{'price': 17000, 'orders': [(b'SUBBS000000007', 1)]}]}}
{'timestamp': 54581514662000, 'order': 'U: SUBBB000000005->SUBBB000000009:1@8300', 'book': {'Bids': [{'price': 13000, 'orders': [(b'SUBBB000000008', 1)]}], 'Asks': [{'price': 17000, 'orders': [(b'SUBBS000000007', 1)]}]}}
{'timestamp': 54581515088000, 'order': 'U: SUBBS000000006->SUBBS000000010:1@21700', 'book': {'Bids': [{'price': 13000, 'orders': [(b'SUBBB000000008', 1)]}], 'Asks': [{'price': 17000, 'orders': [(b'SUBBS000000007', 1)]}]}}
{'timestamp': 54582170306000, 'order': 'U: SUBBS000000007->SUBBS000000011:1@15260', 'book': {'Bids': [{'price': 13000, 'orders': [(b'SUBBB000000008', 1)]}], 'Asks': [{'price': 15260, 'orders': [(b'SUBBS000000011', 1)]}]}}
{'timestamp': 54582171065000, 'order': 'U: SUBBB000000008->SUBBB000000012:1@14740', 'book': {'Bids': [{'price': 14740, 'orders': [(b'SUBBB000000012', 1)]}], 'Asks': [{'price': 15260, 'orders': [(b'SUBBS000000011', 1)]}]}}
{'timestamp': 54582561738000, 'order': 'U: SUBBS000000007->SUBBS000000013:1@18070', 'book': {'Bids': [{'price': 14740, 'orders': [(b'SUBBB000000012', 1)]}], 'Asks': [{'price': 15260, 'orders': [(b'SUBBS000000011', 1)]}]}}
{'timestamp': 54582562097000, 'order': 'U: SUBBB000000008->SUBBB000000014:1@11930', 'book': {'Bids': [{'price': 14740, 'orders': [(b'SUBBB000000012', 1)]}], 'Asks': [{'price': 15260, 'orders': [(b'SUBBS000000011', 1)]}]}}
{'timestamp': 54582926271000, 'order': 'U: SUBBS000000011->SUBBS000000015:1@20920', 'book': {'Bids': [{'price': 14740, 'orders': [(b'SUBBB000000012', 1)]}], 'Asks': [{'price': 20920, 'orders': [(b'SUBBS000000015', 1)]}]}}
{'timestamp': 54582927039000, 'order': 'U: SUBBB000000012->SUBBB000000016:1@9080', 'book': {'Bids': [{'price': 9080, 'orders': [(b'SUBBB000000016', 1)]}], 'Asks': [{'price': 20920, 'orders': [(b'SUBBS000000015', 1)]}]}}
{'timestamp': 54583378222000, 'order': 'U: SUBBS000000011->SUBBS000000017:1@22720', 'book': {'Bids': [{'price': 9080, 'orders': [(b'SUBBB000000016', 1)]}], 'Asks': [{'price': 20920, 'orders': [(b'SUBBS000000015', 1)]}]}}
{'timestamp': 54583378644000, 'order': 'U: SUBBB000000012->SUBBB000000018:1@7280', 'book': {'Bids': [{'price': 9080, 'orders': [(b'SUBBB000000016', 1)]}], 'Asks': [{'price': 20920, 'orders': [(b'SUBBS000000015', 1)]}]}}
{'timestamp': 54584288364000, 'order': 'U: SUBBS000000015->SUBBS000000019:1@16420', 'book': {'Bids': [{'price': 9080, 'orders': [(b'SUBBB000000016', 1)]}], 'Asks': [{'price': 16420, 'orders': [(b'SUBBS000000019', 1)]}]}}
{'timestamp': 54584289168000, 'order': 'U: SUBBB000000016->SUBBB000000020:1@13580', 'book': {'Bids': [{'price': 13580, 'orders': [(b'SUBBB000000020', 1)]}], 'Asks': [{'price': 16420, 'orders': [(b'SUBBS000000019', 1)]}]}}
{'timestamp': 54584756364000, 'order': 'U: SUBBS000000015->SUBBS000000021:1@20810', 'book': {'Bids': [{'price': 13580, 'orders': [(b'SUBBB000000020', 1)]}], 'Asks': [{'price': 16420, 'orders': [(b'SUBBS000000019', 1)]}]}}
{'timestamp': 54584756737000, 'order': 'U: SUBBB000000016->SUBBB000000022:1@9190', 'book': {'Bids': [{'price': 13580, 'orders': [(b'SUBBB000000020', 1)]}], 'Asks': [{'price': 16420, 'orders': [(b'SUBBS000000019', 1)]}]}}
{'timestamp': 54585255900000, 'order': 'U: SUBBS000000019->SUBBS000000023:1@17130', 'book': {'Bids': [{'price': 13580, 'orders': [(b'SUBBB000000020', 1)]}], 'Asks': [{'price': 17130, 'orders': [(b'SUBBS000000023', 1)]}]}}
{'timestamp': 54585256765000, 'order': 'U: SUBBB000000020->SUBBB000000024:1@12870', 'book': {'Bids': [{'price': 12870, 'orders': [(b'SUBBB000000024', 1)]}], 'Asks': [{'price': 17130, 'orders': [(b'SUBBS000000023', 1)]}]}}
{'timestamp': 54585791926000, 'order': 'U: SUBBS000000019->SUBBS000000025:1@20390', 'book': {'Bids': [{'price': 12870, 'orders': [(b'SUBBB000000024', 1)]}], 'Asks': [{'price': 17130, 'orders': [(b'SUBBS000000023', 1)]}]}}
{'timestamp': 54585792368000, 'order': 'U: SUBBB000000020->SUBBB000000026:1@9610', 'book': {'Bids': [{'price': 12870, 'orders': [(b'SUBBB000000024', 1)]}], 'Asks': [{'price': 17130, 'orders': [(b'SUBBS000000023', 1)]}]}}
{'timestamp': 54585958061000, 'order': 'O: SUB@S000000001:S1xLPS     @0', 'book': {'Bids': [], 'Asks': [{'price': 17130, 'orders': [(b'SUBBS000000023', 1)]}]}}
{'timestamp': 54586478626000, 'order': 'O: SUBBB000000027:B1xLPS     @9610', 'book': {'Bids': [{'price': 9610, 'orders': [(b'SUBBB000000027', 1)]}], 'Asks': [{'price': 17130, 'orders': [(b'SUBBS000000023', 1)]}]}}
{'timestamp': 54587015254000, 'order': 'U: SUBBS000000023->SUBBS000000028:1@21520', 'book': {'Bids': [{'price': 9610, 'orders': [(b'SUBBB000000027', 1)]}], 'Asks': [{'price': 21520, 'orders': [(b'SUBBS000000028', 1)]}]}}
{'timestamp': 54587315425000, 'order': 'U: SUBBS000000023->SUBBS000000029:1@23760', 'book': {'Bids': [{'price': 9610, 'orders': [(b'SUBBB000000027', 1)]}], 'Asks': [{'price': 21520, 'orders': [(b'SUBBS000000028', 1)]}]}}
{'timestamp': 54587315926000, 'order': 'U: SUBBB000000027->SUBBB000000030:1@6240', 'book': {'Bids': [{'price': 6240, 'orders': [(b'SUBBB000000030', 1)]}], 'Asks': [{'price': 21520, 'orders': [(b'SUBBS000000028', 1)]}]}}
{'timestamp': 54591502603000, 'order': 'U: SUBBS000000028->SUBBS000000031:1@26760', 'book': {'Bids': [{'price': 6240, 'orders': [(b'SUBBB000000030', 1)]}], 'Asks': [{'price': 26760, 'orders': [(b'SUBBS000000031', 1)]}]}}
{'timestamp': 54591503354000, 'order': 'U: SUBBB000000030->SUBBB000000032:1@9240', 'book': {'Bids': [{'price': 9240, 'orders': [(b'SUBBB000000032', 1)]}], 'Asks': [{'price': 26760, 'orders': [(b'SUBBS000000031', 1)]}]}}
{'timestamp': 54594506929000, 'order': 'X: SUBBS000000031:0', 'book': {'Bids': [{'price': 9240, 'orders': [(b'SUBBB000000032', 1)]}], 'Asks': []}}
{'timestamp': 54594507371000, 'order': 'X: SUBBB000000032:0', 'book': {'Bids': [], 'Asks': []}}
{'timestamp': 54595960977000, 'order': 'O: SUB@B000000002:B1xLPS     @214748', 'book': {'Bids': [], 'Asks': []}}
