{'timestamp': 69819611556000, 'order': 'O: SUBAB000000005:B1xLPS     @12000', 'book': {'Bids': [{'price': 12000, 'orders': [(b'SUBAB000000005', 1)]}], 'Asks': []}}
{'timestamp': 69819612264000, 'order': 'O: SUBAS000000006:S1xLPS     @14000', 'book': {'Bids': [{'price': 12000, 'orders': [(b'SUBAB000000005', 1)]}], 'Asks': [{'price': 14000, 'orders': [(b'SUBAS000000006', 1)]}]}}
{'timestamp': 69846060078000, 'order': 'H: 262822432768798768:S', 'book': {'Bids': [], 'Asks': []}}
{'timestamp': 69853909701000, 'order': 'O: SUBAB000000001:B1xLPS     @9000', 'book': {'Bids': [{'price': 9000, 'orders': [(b'SUBAB000000001', 1)]}], 'Asks': []}}
{'timestamp': 69853910170000, 'order': 'O: SUBAS000000002:S1xLPS     @11000', 'book': {'Bids': [{'price': 9000, 'orders': [(b'SUBAB000000001', 1)]}], 'Asks': [{'price': 11000, 'orders': [(b'SUBAS000000002', 1)]}]}}
{'timestamp': 69861323470000, 'order': 'X: SUBAB000000001:0', 'book': {'Bids': [], 'Asks': [{'price': 11000, 'orders': [(b'SUBAS000000002', 1)]}]}}
{'timestamp': 69861324282000, 'order': 'X: SUBAS000000002:0', 'book': {'Bids': [], 'Asks': []}}
{'timestamp': 69867718951000, 'order': 'O: SUBBB000000001:B1xLPS     @9000', 'book': {'Bids': [{'price': 9000, 'orders': [(b'SUBBB000000001', 1)]}], 'Asks': []}}
{'timestamp': 69867719378000, 'order': 'O: SUBBS000000002:S1xLPS     @11000', 'book': {'Bids': [{'price': 9000, 'orders': [(b'SUBBB000000001', 1)]}], 'Asks': [{'price': 11000, 'orders': [(b'SUBBS000000002', 1)]}]}}
{'timestamp': 69872447532000, 'order': 'X: SUBBB000000001:0', 'book': {'Bids': [], 'Asks': [{'price': 11000, 'orders': [(b'SUBBS000000002', 1)]}]}}
{'timestamp': 69872447970000, 'order': 'X: SUBBS000000002:0', 'book': {'Bids': [], 'Asks': []}}
{'timestamp': 77711583813000, 'order': 'H: 15598235520867512368:S', 'book': {'Bids': [], 'Asks': []}}
{'timestamp': 77716336749000, 'order': 'O: SUBAB000000001:B1xLPS     @9000', 'book': {'Bids': [{'price': 9000, 'orders': [(b'SUBAB000000001', 1)]}], 'Asks': []}}
{'timestamp': 77716337175000, 'order': 'O: SUBAS000000002:S1xLPS     @11000', 'book': {'Bids': [{'price': 9000, 'orders': [(b'SUBAB000000001', 1)]}], 'Asks': [{'price': 11000, 'orders': [(b'SUBAS000000002', 1)]}]}}
{'timestamp': 77720009128000, 'order': 'X: SUBAB000000001:0', 'book': {'Bids': [], 'Asks': [{'price': 11000, 'orders': [(b'SUBAS000000002', 1)]}]}}
{'timestamp': 77720009688000, 'order': 'X: SUBAS000000002:0', 'book': {'Bids': [], 'Asks': []}}
{'timestamp': 77728536201000, 'order': 'O: SUBAB000000003:B1xLPS     @9000', 'book': {'Bids': [{'price': 9000, 'orders': [(b'SUBAB000000003', 1)]}], 'Asks': []}}
{'timestamp': 77728536846000, 'order': 'O: SUBAS000000004:S1xLPS     @11000', 'book': {'Bids': [{'price': 9000, 'orders': [(b'SUBAB000000003', 1)]}], 'Asks': [{'price': 11000, 'orders': [(b'SUBAS000000004', 1)]}]}}
{'timestamp': 77742786975000, 'order': 'X: SUBAB000000003:0', 'book': {'Bids': [], 'Asks': [{'price': 11000, 'orders': [(b'SUBAS000000004', 1)]}]}}
{'timestamp': 77742787349000, 'order': 'X: SUBAS000000004:0', 'book': {'Bids': [], 'Asks': []}}
{'timestamp': 77748465240000, 'order': 'O: SUBAB000000005:B1xLPS     @9000', 'book': {'Bids': [{'price': 9000, 'orders': [(b'SUBAB000000005', 1)]}], 'Asks': []}}
{'timestamp': 77748465769000, 'order': 'O: SUBAS000000006:S1xLPS     @11000', 'book': {'Bids': [{'price': 9000, 'orders': [(b'SUBAB000000005', 1)]}], 'Asks': [{'price': 11000, 'orders': [(b'SUBAS000000006', 1)]}]}}
{'timestamp': 77751727486000, 'order': 'X: SUBAB000000005:0', 'book': {'Bids': [], 'Asks': [{'price': 11000, 'orders': [(b'SUBAS000000006', 1)]}]}}
{'timestamp': 77751728037000, 'order': 'X: SUBAS000000006:0', 'book': {'Bids': [], 'Asks': []}}
{'timestamp': 77758614145000, 'order': 'O: SUBAB000000007:B1xLPS     @9000', 'book': {'Bids': [{'price': 9000, 'orders': [(b'SUBAB000000007', 1)]}], 'Asks': []}}
{'timestamp': 77758614632000, 'order': 'O: SUBAS000000008:S1xLPS     @11000', 'book': {'Bids': [{'price': 9000, 'orders': [(b'SUBAB000000007', 1)]}], 'Asks': [{'price': 11000, 'orders': [(b'SUBAS000000008', 1)]}]}}
{'timestamp': 77760142644000, 'order': 'X: SUBAB000000007:0', 'book': {'Bids': [], 'Asks': [{'price': 11000, 'orders': [(b'SUBAS000000008', 1)]}]}}
{'timestamp': 77760143095000, 'order': 'X: SUBAS000000008:0', 'book': {'Bids': [], 'Asks': []}}
{'timestamp': 77867099007000, 'order': 'H: 16266174725773865008:S', 'book': {'Bids': [], 'Asks': []}}
{'timestamp': 77929017297000, 'order': 'H: 16532100503533793328:S', 'book': {'Bids': [], 'Asks': []}}
{'timestamp': 77995829859000, 'order': 'H: 16819053363138146352:S', 'book': {'Bids': [], 'Asks': []}}
{'timestamp': 78089193580000, 'order': 'H: 17220066269063032880:S', 'book': {'Bids': [], 'Asks': []}}
{'timestamp': 78591653299000, 'order': 'H: 931358960251842608:S', 'book': {'Bids': [], 'Asks': []}}
{'timestamp': 78612769847000, 'order': 'H: 1022071585826156592:S', 'book': {'Bids': [], 'Asks': []}}
{'timestamp': 78735121409000, 'order': 'H: 1547540235828604976:S', 'book': {'Bids': [], 'Asks': []}}
{'timestamp': 78737810970000, 'order': 'O: INVSS000000000:S1xLPS     @2147483647', 'book': {'Bids': [], 'Asks': []}}
{'timestamp': 78832597669000, 'order': 'H: 1966155910597324848:S', 'book': {'Bids': [], 'Asks': []}}
{'timestamp': 78835292916000, 'order': 'O: INV@S000000000:S1xLPS     @2147483647', 'book': {'Bids': [], 'Asks': []}}
{'timestamp': 78842287446000, 'order': 'O: INV@S000000000:S1xLPS     @2147483647', 'book': {'Bids': [], 'Asks': []}}
{'timestamp': 78845289115000, 'order': 'O: INV@B000000000:B1xLPS     @2147483647', 'book': {'Bids': [], 'Asks': []}}
{'timestamp': 78846294833000, 'order': 'O: INV@B000000000:B1xLPS     @2147483647', 'book': {'Bids': [], 'Asks': []}}
{'timestamp': 78850298718000, 'order': 'O: INV@B000000000:B1xLPS     @2147483647', 'book': {'Bids': [], 'Asks': []}}
{'timestamp': 78908848270000, 'order': 'H: 2293731279556849712:S', 'book': {'Bids': [], 'Asks': []}}
{'timestamp': 78911484198000, 'order': 'O: INV@S000000000:S1xLPS     @2147483647', 'book': {'Bids': [], 'Asks': []}}
{'timestamp': 78918496418000, 'order': 'O: INV@S000000001:S1xLPS     @2147483647', 'book': {'Bids': [], 'Asks': []}}
{'timestamp': 78921499654000, 'order': 'O: INV@B000000002:B1xLPS     @2147483647', 'book': {'Bids': [], 'Asks': []}}
{'timestamp': 78922504044000, 'order': 'O: INV@B000000003:B1xLPS     @2147483647', 'book': {'Bids': [], 'Asks': []}}
{'timestamp': 78926508020000, 'order': 'O: INV@B000000004:B1xLPS     @2147483647', 'book': {'Bids': [], 'Asks': []}}
{'timestamp': 78929712277000, 'order': 'O: SUBAB000000001:B1xLPS     @9000', 'book': {'Bids': [{'price': 9000, 'orders': [(b'SUBAB000000001', 1)]}], 'Asks': []}}
{'timestamp': 78929712715000, 'order': 'O: SUBAS000000002:S1xLPS     @11000', 'book': {'Bids': [{'price': 9000, 'orders': [(b'SUBAB000000001', 1)]}], 'Asks': [{'price': 11000, 'orders': [(b'SUBAS000000002', 1)]}]}}
{'timestamp': 78930510615000, 'order': 'O: INV@S000000005:S1xLPS     @2147483647', 'book': {'Bids': [{'price': 9000, 'orders': [(b'SUBAB000000001', 1)]}], 'Asks': [{'price': 11000, 'orders': [(b'SUBAS000000002', 1)]}]}}
{'timestamp': 78931518885000, 'order': 'O: INV@B000000006:B1xLPS     @2147483647', 'book': {'Bids': [{'price': 9000, 'orders': [(b'SUBAB000000001', 1)]}], 'Asks': []}}
{'timestamp': 78956021191000, 'order': 'H: 2496317684249014320:S', 'book': {'Bids': [], 'Asks': []}}
{'timestamp': 78958761320000, 'order': 'O: INV@S000000000:S1xLPS     @2147483647', 'book': {'Bids': [], 'Asks': []}}
{'timestamp': 78959632921000, 'order': 'O: SUBAB000000001:B1xLPS     @9000', 'book': {'Bids': [{'price': 9000, 'orders': [(b'SUBAB000000001', 1)]}], 'Asks': []}}
{'timestamp': 78959633512000, 'order': 'O: SUBAS000000002:S1xLPS     @11000', 'book': {'Bids': [{'price': 9000, 'orders': [(b'SUBAB000000001', 1)]}], 'Asks': [{'price': 11000, 'orders': [(b'SUBAS000000002', 1)]}]}}
{'timestamp': 78965756480000, 'order': 'O: INV@S000000001:S1xLPS     @2147483647', 'book': {'Bids': [{'price': 9000, 'orders': [(b'SUBAB000000001', 1)]}], 'Asks': [{'price': 11000, 'orders': [(b'SUBAS000000002', 1)]}]}}
{'timestamp': 78968775382000, 'order': 'O: INV@B000000002:B1xLPS     @2147483647', 'book': {'Bids': [{'price': 9000, 'orders': [(b'SUBAB000000001', 1)]}], 'Asks': []}}
{'timestamp': 79115561882000, 'order': 'H: 3181571092031483952:S', 'book': {'Bids': [], 'Asks': []}}
{'timestamp': 79118188802000, 'order': 'O: INV@S000000000:S1xLPS     @2147483647', 'book': {'Bids': [], 'Asks': []}}
{'timestamp': 79125184104000, 'order': 'O: INV@S000000001:S1xLPS     @2147483647', 'book': {'Bids': [], 'Asks': []}}
{'timestamp': 79128189840000, 'order': 'O: INV@B000000002:B1xLPS     @2147483647', 'book': {'Bids': [], 'Asks': []}}
{'timestamp': 79129187573000, 'order': 'O: INV@B000000003:B1xLPS     @2147483647', 'book': {'Bids': [], 'Asks': []}}
{'timestamp': 79133195249000, 'order': 'O: INV@B000000004:B1xLPS     @2147483647', 'book': {'Bids': [], 'Asks': []}}
{'timestamp': 79137188024000, 'order': 'O: INV@S000000005:S1xLPS     @2147483647', 'book': {'Bids': [], 'Asks': []}}
{'timestamp': 79138204610000, 'order': 'O: INV@B000000006:B1xLPS     @2147483647', 'book': {'Bids': [], 'Asks': []}}
