{'timestamp': 65126546735000, 'order': 'H: 8333867577469055024:S', 'book': {'Bids': [], 'Asks': []}}
{'timestamp': 65128934556000, 'order': 'O: SUBBB000000001:B1xLPS     @9000', 'book': {'Bids': [{'price': 9000, 'orders': [(b'SUBBB000000001', 1)]}], 'Asks': []}}
{'timestamp': 65128935240000, 'order': 'O: SUBBS000000002:S1xLPS     @11000', 'book': {'Bids': [{'price': 9000, 'orders': [(b'SUBBB000000001', 1)]}], 'Asks': [{'price': 11000, 'orders': [(b'SUBBS000000002', 1)]}]}}
{'timestamp': 65130633809000, 'order': 'O: SUBAB000000001:B1xLPS     @9000', 'book': {'Bids': [{'price': 9000, 'orders': [(b'SUBBB000000001', 1), (b'SUBAB000000001', 1)]}], 'Asks': [{'price': 11000, 'orders': [(b'SUBBS000000002', 1)]}]}}
{'timestamp': 65130634345000, 'order': 'O: SUBAS000000002:S1xLPS     @11000', 'book': {'Bids': [{'price': 9000, 'orders': [(b'SUBBB000000001', 1), (b'SUBAB000000001', 1)]}], 'Asks': [{'price': 11000, 'orders': [(b'SUBBS000000002', 1), (b'SUBAS000000002', 1)]}]}}
{'timestamp': 65132916547000, 'order': 'U: SUBBS000000002->SUBBS000000003:1@17000', 'book': {'Bids': [{'price': 9000, 'orders': [(b'SUBBB000000001', 1), (b'SUBAB000000001', 1)]}], 'Asks': [{'price': 11000, 'orders': [(b'SUBAS000000002', 1)]}, {'price': 17000, 'orders': [(b'SUBBS000000003', 1)]}]}}
{'timestamp': 65132917213000, 'order': 'U: SUBBB000000001->SUBBB000000004:1@13000', 'book': {'Bids': [{'price': 9000, 'orders': [(b'SUBAB000000001', 1)]}], 'Asks': [{'price': 17000, 'orders': [(b'SUBBS000000003', 1)]}]}}
{'timestamp': 65132918687000, 'order': 'U: SUBAS000000002->SUBAS000000003:1@17000', 'book': {'Bids': [{'price': 9000, 'orders': [(b'SUBAB000000001', 1)]}], 'Asks': [{'price': 17000, 'orders': [(b'SUBBS000000003', 1)]}]}}
{'timestamp': 65132919393000, 'order': 'U: SUBAB000000001->SUBAB000000004:1@13000', 'book': {'Bids': [{'price': 13000, 'orders': [(b'SUBAB000000004', 1)]}], 'Asks': [{'price': 17000, 'orders': [(b'SUBBS000000003', 1)]}]}}
{'timestamp': 65133972279000, 'order': 'O: SUBBB000000005:B1xLPS     @13000', 'book': {'Bids': [{'price': 13000, 'orders': [(b'SUBAB000000004', 1), (b'SUBBB000000005', 1)]}], 'Asks': [{'price': 17000, 'orders': [(b'SUBBS000000003', 1)]}]}}
{'timestamp': 65133972847000, 'order': 'O: SUBAS000000005:S1xLPS     @17000', 'book': {'Bids': [{'price': 13000, 'orders': [(b'SUBAB000000004', 1), (b'SUBBB000000005', 1)]}], 'Asks': [{'price': 17000, 'orders': [(b'SUBBS000000003', 1), (b'SUBAS000000005', 1)]}]}}
{'timestamp': 65341688866000, 'order': 'H: 10007587126942642224:S', 'book': {'Bids': [], 'Asks': []}}
{'timestamp': 65343547418000, 'order': 'O: SUBBB000000001:B1xLPS     @9000', 'book': {'Bids': [{'price': 9000, 'orders': [(b'SUBBB000000001', 1)]}], 'Asks': []}}
{'timestamp': 65343547870000, 'order': 'O: SUBBS000000002:S1xLPS     @11000', 'book': {'Bids': [{'price': 9000, 'orders': [(b'SUBBB000000001', 1)]}], 'Asks': [{'price': 11000, 'orders': [(b'SUBBS000000002', 1)]}]}}
{'timestamp': 65345530961000, 'order': 'O: SUBAB000000001:B1xLPS     @9000', 'book': {'Bids': [{'price': 9000, 'orders': [(b'SUBBB000000001', 1), (b'SUBAB000000001', 1)]}], 'Asks': [{'price': 11000, 'orders': [(b'SUBBS000000002', 1)]}]}}
{'timestamp': 65345531362000, 'order': 'O: SUBAS000000002:S1xLPS     @11000', 'book': {'Bids': [{'price': 9000, 'orders': [(b'SUBBB000000001', 1), (b'SUBAB000000001', 1)]}], 'Asks': [{'price': 11000, 'orders': [(b'SUBBS000000002', 1), (b'SUBAS000000002', 1)]}]}}
{'timestamp': 65346593393000, 'order': 'X: SUBAB000000001:0', 'book': {'Bids': [{'price': 9000, 'orders': [(b'SUBBB000000001', 1)]}], 'Asks': [{'price': 11000, 'orders': [(b'SUBBS000000002', 1), (b'SUBAS000000002', 1)]}]}}
{'timestamp': 65346593900000, 'order': 'X: SUBAS000000002:0', 'book': {'Bids': [{'price': 9000, 'orders': [(b'SUBBB000000001', 1)]}], 'Asks': [{'price': 11000, 'orders': [(b'SUBBS000000002', 1)]}]}}
{'timestamp': 65348079276000, 'order': 'U: SUBBS000000002->SUBBS000000003:1@17000', 'book': {'Bids': [{'price': 9000, 'orders': [(b'SUBBB000000001', 1)]}], 'Asks': [{'price': 17000, 'orders': [(b'SUBBS000000003', 1)]}]}}
{'timestamp': 65348080002000, 'order': 'U: SUBBB000000001->SUBBB000000004:1@13000', 'book': {'Bids': [{'price': 13000, 'orders': [(b'SUBBB000000004', 1)]}], 'Asks': [{'price': 17000, 'orders': [(b'SUBBS000000003', 1)]}]}}
{'timestamp': 65348684231000, 'order': 'U: SUBBS000000003->SUBBS000000005:1@21050', 'book': {'Bids': [{'price': 13000, 'orders': [(b'SUBBB000000004', 1)]}], 'Asks': [{'price': 21050, 'orders': [(b'SUBBS000000005', 1)]}]}}
{'timestamp': 65348684883000, 'order': 'U: SUBBB000000004->SUBBB000000006:1@8950', 'book': {'Bids': [{'price': 8950, 'orders': [(b'SUBBB000000006', 1)]}], 'Asks': [{'price': 21050, 'orders': [(b'SUBBS000000005', 1)]}]}}
{'timestamp': 65352589926000, 'order': 'O: SUB@S000000001:S1xLPS     @0', 'book': {'Bids': [], 'Asks': [{'price': 21050, 'orders': [(b'SUBBS000000005', 1)]}]}}
{'timestamp': 65353106931000, 'order': 'O: SUBBB000000007:B1xLPS     @8950', 'book': {'Bids': [{'price': 8950, 'orders': [(b'SUBBB000000007', 1)]}], 'Asks': [{'price': 21050, 'orders': [(b'SUBBS000000005', 1)]}]}}
{'timestamp': 65358086850000, 'order': 'U: SUBBS000000005->SUBBS000000008:1@24050', 'book': {'Bids': [{'price': 8950, 'orders': [(b'SUBBB000000007', 1)]}], 'Asks': [{'price': 24050, 'orders': [(b'SUBBS000000008', 1)]}]}}
{'timestamp': 65358087664000, 'order': 'U: SUBBB000000007->SUBBB000000009:1@11950', 'book': {'Bids': [{'price': 11950, 'orders': [(b'SUBBB000000009', 1)]}], 'Asks': [{'price': 24050, 'orders': [(b'SUBBS000000008', 1)]}]}}
{'timestamp': 71385162792000, 'order': 'H: 11954038508461502512:S', 'book': {'Bids': [], 'Asks': []}}
{'timestamp': 71388604570000, 'order': 'O: SUBBB000000001:B1xLPS     @9000', 'book': {'Bids': [{'price': 9000, 'orders': [(b'SUBBB000000001', 1)]}], 'Asks': []}}
{'timestamp': 71388605275000, 'order': 'O: SUBBS000000002:S1xLPS     @11000', 'book': {'Bids': [{'price': 9000, 'orders': [(b'SUBBB000000001', 1)]}], 'Asks': [{'price': 11000, 'orders': [(b'SUBBS000000002', 1)]}]}}
{'timestamp': 71391164183000, 'order': 'U: SUBBS000000002->SUBBS000000003:1@17000', 'book': {'Bids': [{'price': 9000, 'orders': [(b'SUBBB000000001', 1)]}], 'Asks': [{'price': 17000, 'orders': [(b'SUBBS000000003', 1)]}]}}
{'timestamp': 71391164893000, 'order': 'U: SUBBB000000001->SUBBB000000004:1@13000', 'book': {'Bids': [{'price': 13000, 'orders': [(b'SUBBB000000004', 1)]}], 'Asks': [{'price': 17000, 'orders': [(b'SUBBS000000003', 1)]}]}}
{'timestamp': 71396051981000, 'order': 'O: SUB@S000000001:S1xLPS     @0', 'book': {'Bids': [], 'Asks': [{'price': 17000, 'orders': [(b'SUBBS000000003', 1)]}]}}
{'timestamp': 71396167326000, 'order': 'O: SUBBB000000005:B1xLPS     @13000', 'book': {'Bids': [{'price': 13000, 'orders': [(b'SUBBB000000005', 1)]}], 'Asks': [{'price': 17000, 'orders': [(b'SUBBS000000003', 1)]}]}}
{'timestamp': 71401166112000, 'order': 'U: SUBBS000000003->SUBBS000000006:1@20000', 'book': {'Bids': [{'price': 13000, 'orders': [(b'SUBBB000000005', 1)]}], 'Asks': [{'price': 20000, 'orders': [(b'SUBBS000000006', 1)]}]}}
{'timestamp': 71401166801000, 'order': 'U: SUBBB000000005->SUBBB000000007:1@16000', 'book': {'Bids': [{'price': 16000, 'orders': [(b'SUBBB000000007', 1)]}], 'Asks': [{'price': 20000, 'orders': [(b'SUBBS000000006', 1)]}]}}
{'timestamp': 71406048035000, 'order': 'O: SUB@B000000001:B1xLPS     @214748', 'book': {'Bids': [{'price': 16000, 'orders': [(b'SUBBB000000007', 1)]}], 'Asks': []}}
{'timestamp': 71406167985000, 'order': 'O: SUBBS000000008:S1xLPS     @20000', 'book': {'Bids': [{'price': 16000, 'orders': [(b'SUBBB000000007', 1)]}], 'Asks': [{'price': 20000, 'orders': [(b'SUBBS000000008', 1)]}]}}
{'timestamp': 71408731172000, 'order': 'O: SUBAB000000001:B1xLPS     @17000', 'book': {'Bids': [{'price': 17000, 'orders': [(b'SUBAB000000001', 1)]}, {'price': 16000, 'orders': [(b'SUBBB000000007', 1)]}], 'Asks': [{'price': 20000, 'orders': [(b'SUBBS000000008', 1)]}]}}
{'timestamp': 71408731884000, 'order': 'O: SUBAS000000002:S1xLPS     @19000', 'book': {'Bids': [{'price': 17000, 'orders': [(b'SUBAB000000001', 1)]}, {'price': 16000, 'orders': [(b'SUBBB000000007', 1)]}], 'Asks': [{'price': 19000, 'orders': [(b'SUBAS000000002', 1)]}, {'price': 20000, 'orders': [(b'SUBBS000000008', 1)]}]}}
{'timestamp': 71409368423000, 'order': 'U: SUBAB000000001->SUBAB000000003:1@12090', 'book': {'Bids': [{'price': 16000, 'orders': [(b'SUBBB000000007', 1)]}, {'price': 12090, 'orders': [(b'SUBAB000000003', 1)]}], 'Asks': [{'price': 19000, 'orders': [(b'SUBAS000000002', 1)]}, {'price': 20000, 'orders': [(b'SUBBS000000008', 1)]}]}}
{'timestamp': 71409369018000, 'order': 'U: SUBAS000000002->SUBAS000000004:1@23910', 'book': {'Bids': [{'price': 16000, 'orders': [(b'SUBBB000000007', 1)]}, {'price': 12090, 'orders': [(b'SUBAB000000003', 1)]}], 'Asks': [{'price': 20000, 'orders': [(b'SUBBS000000008', 1)]}, {'price': 23910, 'orders': [(b'SUBAS000000004', 1)]}]}}
{'timestamp': 71410111224000, 'order': 'U: SUBAB000000003->SUBAB000000005:1@10150', 'book': {'Bids': [{'price': 16000, 'orders': [(b'SUBBB000000007', 1)]}, {'price': 10150, 'orders': [(b'SUBAB000000005', 1)]}], 'Asks': [{'price': 20000, 'orders': [(b'SUBBS000000008', 1)]}, {'price': 23910, 'orders': [(b'SUBAS000000004', 1)]}]}}
{'timestamp': 71410112104000, 'order': 'U: SUBAS000000004->SUBAS000000006:1@25850', 'book': {'Bids': [{'price': 16000, 'orders': [(b'SUBBB000000007', 1)]}, {'price': 10150, 'orders': [(b'SUBAB000000005', 1)]}], 'Asks': [{'price': 20000, 'orders': [(b'SUBBS000000008', 1)]}, {'price': 25850, 'orders': [(b'SUBAS000000006', 1)]}]}}
{'timestamp': 71411023581000, 'order': 'U: SUBAB000000005->SUBAB000000007:1@17370', 'book': {'Bids': [{'price': 17370, 'orders': [(b'SUBAB000000007', 1)]}, {'price': 16000, 'orders': [(b'SUBBB000000007', 1)]}], 'Asks': [{'price': 20000, 'orders': [(b'SUBBS000000008', 1)]}, {'price': 25850, 'orders': [(b'SUBAS000000006', 1)]}]}}
{'timestamp': 71411024367000, 'order': 'U: SUBAS000000006->SUBAS000000008:1@18630', 'book': {'Bids': [{'price': 17370, 'orders': [(b'SUBAB000000007', 1)]}, {'price': 16000, 'orders': [(b'SUBBB000000007', 1)]}], 'Asks': [{'price': 18630, 'orders': [(b'SUBAS000000008', 1)]}, {'price': 20000, 'orders': [(b'SUBBS000000008', 1)]}]}}
{'timestamp': 71411167600000, 'order': 'U: SUBBS000000008->SUBBS000000009:1@23000', 'book': {'Bids': [{'price': 17370, 'orders': [(b'SUBAB000000007', 1)]}, {'price': 16000, 'orders': [(b'SUBBB000000007', 1)]}], 'Asks': [{'price': 18630, 'orders': [(b'SUBAS000000008', 1)]}, {'price': 23000, 'orders': [(b'SUBBS000000009', 1)]}]}}
{'timestamp': 71411168267000, 'order': 'U: SUBBB000000007->SUBBB000000010:1@19000', 'book': {'Bids': [{'price': 17370, 'orders': [(b'SUBAB000000007', 1)]}], 'Asks': [{'price': 23000, 'orders': [(b'SUBBS000000009', 1)]}]}}
{'timestamp': 71411805305000, 'order': 'O: SUBBB000000011:B1xLPS     @19000', 'book': {'Bids': [{'price': 19000, 'orders': [(b'SUBBB000000011', 1)]}, {'price': 17370, 'orders': [(b'SUBAB000000007', 1)]}], 'Asks': [{'price': 23000, 'orders': [(b'SUBBS000000009', 1)]}]}}
{'timestamp': 71411805923000, 'order': 'U: SUBAS000000008->SUBAS000000009:1@21630', 'book': {'Bids': [{'price': 19000, 'orders': [(b'SUBBB000000011', 1)]}, {'price': 17370, 'orders': [(b'SUBAB000000007', 1)]}], 'Asks': [{'price': 23000, 'orders': [(b'SUBBS000000009', 1)]}]}}
{'timestamp': 71411806270000, 'order': 'U: SUBAB000000007->SUBAB000000010:1@20370', 'book': {'Bids': [{'price': 20370, 'orders': [(b'SUBAB000000010', 1)]}, {'price': 19000, 'orders': [(b'SUBBB000000011', 1)]}], 'Asks': [{'price': 23000, 'orders': [(b'SUBBS000000009', 1)]}]}}
{'timestamp': 71411806763000, 'order': 'O: SUBAS000000011:S1xLPS     @21630', 'book': {'Bids': [{'price': 20370, 'orders': [(b'SUBAB000000010', 1)]}, {'price': 19000, 'orders': [(b'SUBBB000000011', 1)]}], 'Asks': [{'price': 21630, 'orders': [(b'SUBAS000000011', 1)]}, {'price': 23000, 'orders': [(b'SUBBS000000009', 1)]}]}}
{'timestamp': 71412334473000, 'order': 'U: SUBAB000000007->SUBAB000000012:1@17250', 'book': {'Bids': [{'price': 20370, 'orders': [(b'SUBAB000000010', 1)]}, {'price': 19000, 'orders': [(b'SUBBB000000011', 1)]}], 'Asks': [{'price': 21630, 'orders': [(b'SUBAS000000011', 1)]}, {'price': 23000, 'orders': [(b'SUBBS000000009', 1)]}]}}
{'timestamp': 71416049647000, 'order': 'O: SUB@S000000001:S1xLPS     @0', 'book': {'Bids': [{'price': 20370, 'orders': [(b'SUBAB000000010', 1)]}, {'price': 19000, 'orders': [(b'SUBBB000000011', 1)]}], 'Asks': [{'price': 21630, 'orders': [(b'SUBAS000000011', 1)]}, {'price': 23000, 'orders': [(b'SUBBS000000009', 1)]}]}}
{'timestamp': 71421181659000, 'order': 'U: SUBAB000000010->SUBAB000000012:1@12250', 'book': {'Bids': [{'price': 19000, 'orders': [(b'SUBBB000000011', 1)]}, {'price': 12250, 'orders': [(b'SUBAB000000012', 1)]}], 'Asks': [{'price': 21630, 'orders': [(b'SUBAS000000011', 1)]}, {'price': 23000, 'orders': [(b'SUBBS000000009', 1)]}]}}
{'timestamp': 71421182424000, 'order': 'U: SUBAS000000011->SUBAS000000013:1@19750', 'book': {'Bids': [{'price': 19000, 'orders': [(b'SUBBB000000011', 1)]}, {'price': 12250, 'orders': [(b'SUBAB000000012', 1)]}], 'Asks': [{'price': 19750, 'orders': [(b'SUBAS000000013', 1)]}, {'price': 23000, 'orders': [(b'SUBBS000000009', 1)]}]}}
{'timestamp': 71421183920000, 'order': 'U: SUBBB000000011->SUBBB000000012:1@14000', 'book': {'Bids': [{'price': 14000, 'orders': [(b'SUBBB000000012', 1)]}, {'price': 12250, 'orders': [(b'SUBAB000000012', 1)]}], 'Asks': [{'price': 19750, 'orders': [(b'SUBAS000000013', 1)]}, {'price': 23000, 'orders': [(b'SUBBS000000009', 1)]}]}}
{'timestamp': 71421184807000, 'order': 'U: SUBBS000000009->SUBBS000000013:1@18000', 'book': {'Bids': [{'price': 14000, 'orders': [(b'SUBBB000000012', 1)]}, {'price': 12250, 'orders': [(b'SUBAB000000012', 1)]}], 'Asks': [{'price': 18000, 'orders': [(b'SUBBS000000013', 1)]}, {'price': 19750, 'orders': [(b'SUBAS000000013', 1)]}]}}
{'timestamp': 71426051478000, 'order': 'O: SUB@B000000001:B1xLPS     @214748', 'book': {'Bids': [{'price': 14000, 'orders': [(b'SUBBB000000012', 1)]}, {'price': 12250, 'orders': [(b'SUBAB000000012', 1)]}], 'Asks': [{'price': 18000, 'orders': [(b'SUBBS000000013', 1)]}, {'price': 19750, 'orders': [(b'SUBAS000000013', 1)]}]}}
{'timestamp': 71431178127000, 'order': 'U: SUBBS000000013->SUBBS000000014:1@24000', 'book': {'Bids': [{'price': 14000, 'orders': [(b'SUBBB000000012', 1)]}, {'price': 12250, 'orders': [(b'SUBAB000000012', 1)]}], 'Asks': [{'price': 19750, 'orders': [(b'SUBAS000000013', 1)]}, {'price': 24000, 'orders': [(b'SUBBS000000014', 1)]}]}}
{'timestamp': 71431178748000, 'order': 'U: SUBBB000000012->SUBBB000000015:1@20000', 'book': {'Bids': [{'price': 12250, 'orders': [(b'SUBAB000000012', 1)]}], 'Asks': [{'price': 24000, 'orders': [(b'SUBBS000000014', 1)]}]}}
{'timestamp': 71431180170000, 'order': 'U: SUBAS000000013->SUBAS000000014:1@25750', 'book': {'Bids': [{'price': 12250, 'orders': [(b'SUBAB000000012', 1)]}], 'Asks': [{'price': 24000, 'orders': [(b'SUBBS000000014', 1)]}]}}
{'timestamp': 71431180444000, 'order': 'U: SUBAB000000012->SUBAB000000015:1@18250', 'book': {'Bids': [{'price': 18250, 'orders': [(b'SUBAB000000015', 1)]}], 'Asks': [{'price': 24000, 'orders': [(b'SUBBS000000014', 1)]}]}}
{'timestamp': 71431420961000, 'order': 'O: SUBBB000000016:B1xLPS     @20000', 'book': {'Bids': [{'price': 20000, 'orders': [(b'SUBBB000000016', 1)]}, {'price': 18250, 'orders': [(b'SUBAB000000015', 1)]}], 'Asks': [{'price': 24000, 'orders': [(b'SUBBS000000014', 1)]}]}}
{'timestamp': 71431421659000, 'order': 'O: SUBAS000000016:S1xLPS     @25750', 'book': {'Bids': [{'price': 20000, 'orders': [(b'SUBBB000000016', 1)]}, {'price': 18250, 'orders': [(b'SUBAB000000015', 1)]}], 'Asks': [{'price': 24000, 'orders': [(b'SUBBS000000014', 1)]}, {'price': 25750, 'orders': [(b'SUBAS000000016', 1)]}]}}
{'timestamp': 71436070644000, 'order': 'O: SUB@S000000001:S1xLPS     @0', 'book': {'Bids': [{'price': 20000, 'orders': [(b'SUBBB000000016', 1)]}, {'price': 18250, 'orders': [(b'SUBAB000000015', 1)]}], 'Asks': [{'price': 24000, 'orders': [(b'SUBBS000000014', 1)]}, {'price': 25750, 'orders': [(b'SUBAS000000016', 1)]}]}}
{'timestamp': 71436477173000, 'order': 'X: SUBAB000000015:0', 'book': {'Bids': [{'price': 20000, 'orders': [(b'SUBBB000000016', 1)]}], 'Asks': [{'price': 24000, 'orders': [(b'SUBBS000000014', 1)]}, {'price': 25750, 'orders': [(b'SUBAS000000016', 1)]}]}}
{'timestamp': 71436477635000, 'order': 'X: SUBAS000000016:0', 'book': {'Bids': [{'price': 20000, 'orders': [(b'SUBBB000000016', 1)]}], 'Asks': [{'price': 24000, 'orders': [(b'SUBBS000000014', 1)]}]}}
{'timestamp': 71437432486000, 'order': 'O: SUBAB000000017:B1xLPS     @18250', 'book': {'Bids': [{'price': 20000, 'orders': [(b'SUBBB000000016', 1)]}, {'price': 18250, 'orders': [(b'SUBAB000000017', 1)]}], 'Asks': [{'price': 24000, 'orders': [(b'SUBBS000000014', 1)]}]}}
{'timestamp': 71437433058000, 'order': 'O: SUBAS000000018:S1xLPS     @25750', 'book': {'Bids': [{'price': 20000, 'orders': [(b'SUBBB000000016', 1)]}, {'price': 18250, 'orders': [(b'SUBAB000000017', 1)]}], 'Asks': [{'price': 24000, 'orders': [(b'SUBBS000000014', 1)]}, {'price': 25750, 'orders': [(b'SUBAS000000018', 1)]}]}}
{'timestamp': 71441178979000, 'order': 'U: SUBAB000000017->SUBAB000000019:1@15000', 'book': {'Bids': [{'price': 20000, 'orders': [(b'SUBBB000000016', 1)]}, {'price': 15000, 'orders': [(b'SUBAB000000019', 1)]}], 'Asks': [{'price': 24000, 'orders': [(b'SUBBS000000014', 1)]}, {'price': 25750, 'orders': [(b'SUBAS000000018', 1)]}]}}
{'timestamp': 71441179666000, 'order': 'U: SUBAS000000018->SUBAS000000020:1@19000', 'book': {'Bids': [{'price': 15000, 'orders': [(b'SUBAB000000019', 1)]}], 'Asks': [{'price': 24000, 'orders': [(b'SUBBS000000014', 1)]}]}}
{'timestamp': 71441181070000, 'order': 'U: SUBBB000000016->SUBBB000000017:1@15000', 'book': {'Bids': [{'price': 15000, 'orders': [(b'SUBAB000000019', 1)]}], 'Asks': [{'price': 24000, 'orders': [(b'SUBBS000000014', 1)]}]}}
{'timestamp': 71441181303000, 'order': 'U: SUBBS000000014->SUBBS000000018:1@19000', 'book': {'Bids': [{'price': 15000, 'orders': [(b'SUBAB000000019', 1)]}], 'Asks': [{'price': 19000, 'orders': [(b'SUBBS000000018', 1)]}]}}
{'timestamp': 71441429981000, 'order': 'O: SUBAS000000021:S1xLPS     @19000', 'book': {'Bids': [{'price': 15000, 'orders': [(b'SUBAB000000019', 1)]}], 'Asks': [{'price': 19000, 'orders': [(b'SUBBS000000018', 1), (b'SUBAS000000021', 1)]}]}}
{'timestamp': 71441430455000, 'order': 'O: SUBBB000000019:B1xLPS     @15000', 'book': {'Bids': [{'price': 15000, 'orders': [(b'SUBAB000000019', 1), (b'SUBBB000000019', 1)]}], 'Asks': [{'price': 19000, 'orders': [(b'SUBBS000000018', 1), (b'SUBAS000000021', 1)]}]}}
{'timestamp': 72557861386000, 'order': 'H: 12697867539220279344:S', 'book': {'Bids': [], 'Asks': []}}
{'timestamp': 72560020396000, 'order': 'O: SUBBB000000001:B1xLPS     @9000', 'book': {'Bids': [{'price': 9000, 'orders': [(b'SUBBB000000001', 1)]}], 'Asks': []}}
{'timestamp': 72560020880000, 'order': 'O: SUBBS000000001:S1xLPS     @11000', 'book': {'Bids': [{'price': 9000, 'orders': [(b'SUBBB000000001', 1)]}], 'Asks': [{'price': 11000, 'orders': [(b'SUBBS000000001', 1)]}]}}
