{'timestamp': 77434288287000, 'order': 'H: 1279983646101483568:S', 'book': {'Bids': [], 'Asks': []}}
{'timestamp': 77436467298000, 'order': 'O: SUBCB000000001:B1xLPS     @9000', 'book': {'Bids': [{'price': 9000, 'orders': [(b'SUBCB000000001', 1)]}], 'Asks': []}}
{'timestamp': 77436468140000, 'order': 'O: SUBCS000000002:S1xLPS     @11000', 'book': {'Bids': [{'price': 9000, 'orders': [(b'SUBCB000000001', 1)]}], 'Asks': [{'price': 11000, 'orders': [(b'SUBCS000000002', 1)]}]}}
{'timestamp': 77440303254000, 'order': 'O: SUBBB000000001:B1xLPS     @15000', 'book': {'Bids': [{'price': 9000, 'orders': [(b'SUBCB000000001', 1)]}], 'Asks': []}}
{'timestamp': 77440831135000, 'order': 'U: SUBCS000000002->SUBCS000000003:1@16000', 'book': {'Bids': [{'price': 9000, 'orders': [(b'SUBCB000000001', 1)]}], 'Asks': []}}
{'timestamp': 77440831681000, 'order': 'U: SUBCB000000001->SUBCB000000004:1@14000', 'book': {'Bids': [{'price': 14000, 'orders': [(b'SUBCB000000004', 1)]}], 'Asks': []}}
{'timestamp': 77440833149000, 'order': 'O: SUBCS000000005:S1xLPS     @16000', 'book': {'Bids': [{'price': 14000, 'orders': [(b'SUBCB000000004', 1)]}], 'Asks': [{'price': 16000, 'orders': [(b'SUBCS000000005', 1)]}]}}
{'timestamp': 77442504165000, 'order': 'O: SUBAB000000001:B1xLPS     @14000', 'book': {'Bids': [{'price': 14000, 'orders': [(b'SUBCB000000004', 1), (b'SUBAB000000001', 1)]}], 'Asks': [{'price': 16000, 'orders': [(b'SUBCS000000005', 1)]}]}}
{'timestamp': 77442504695000, 'order': 'O: SUBAS000000002:S1xLPS     @16000', 'book': {'Bids': [{'price': 14000, 'orders': [(b'SUBCB000000004', 1), (b'SUBAB000000001', 1)]}], 'Asks': [{'price': 16000, 'orders': [(b'SUBCS000000005', 1), (b'SUBAS000000002', 1)]}]}}
{'timestamp': 77445191651000, 'order': 'O: SUB@S000000001:S1xLPS     @0', 'book': {'Bids': [{'price': 14000, 'orders': [(b'SUBAB000000001', 1)]}], 'Asks': [{'price': 16000, 'orders': [(b'SUBCS000000005', 1), (b'SUBAS000000002', 1)]}]}}
{'timestamp': 77445707706000, 'order': 'O: SUBCB000000006:B1xLPS     @14000', 'book': {'Bids': [{'price': 14000, 'orders': [(b'SUBAB000000001', 1), (b'SUBCB000000006', 1)]}], 'Asks': [{'price': 16000, 'orders': [(b'SUBCS000000005', 1), (b'SUBAS000000002', 1)]}]}}
{'timestamp': 77450316774000, 'order': 'O: SUBBB000000002:B1xLPS     @18000', 'book': {'Bids': [{'price': 14000, 'orders': [(b'SUBAB000000001', 1), (b'SUBCB000000006', 1)]}], 'Asks': [{'price': 16000, 'orders': [(b'SUBAS000000002', 1)]}]}}
{'timestamp': 77450844999000, 'order': 'U: SUBAS000000002->SUBAS000000003:1@19000', 'book': {'Bids': [{'price': 14000, 'orders': [(b'SUBAB000000001', 1), (b'SUBCB000000006', 1)]}], 'Asks': [{'price': 19000, 'orders': [(b'SUBAS000000003', 1)]}]}}
{'timestamp': 77450845783000, 'order': 'U: SUBAB000000001->SUBAB000000004:1@17000', 'book': {'Bids': [{'price': 17000, 'orders': [(b'SUBAB000000004', 1)]}, {'price': 14000, 'orders': [(b'SUBCB000000006', 1)]}], 'Asks': [{'price': 19000, 'orders': [(b'SUBAS000000003', 1)]}]}}
{'timestamp': 77450846492000, 'order': 'U: SUBCS000000005->SUBCS000000007:1@19000', 'book': {'Bids': [{'price': 17000, 'orders': [(b'SUBAB000000004', 1)]}, {'price': 14000, 'orders': [(b'SUBCB000000006', 1)]}], 'Asks': [{'price': 19000, 'orders': [(b'SUBAS000000003', 1)]}]}}
{'timestamp': 77450846839000, 'order': 'U: SUBCB000000006->SUBCB000000008:1@17000', 'book': {'Bids': [{'price': 17000, 'orders': [(b'SUBAB000000004', 1), (b'SUBCB000000008', 1)]}], 'Asks': [{'price': 19000, 'orders': [(b'SUBAS000000003', 1)]}]}}
{'timestamp': 77450847445000, 'order': 'O: SUBCS000000009:S1xLPS     @19000', 'book': {'Bids': [{'price': 17000, 'orders': [(b'SUBAB000000004', 1), (b'SUBCB000000008', 1)]}], 'Asks': [{'price': 19000, 'orders': [(b'SUBAS000000003', 1), (b'SUBCS000000009', 1)]}]}}
{'timestamp': 77455089584000, 'order': 'X: SUBAS000000003:0', 'book': {'Bids': [{'price': 17000, 'orders': [(b'SUBAB000000004', 1), (b'SUBCB000000008', 1)]}], 'Asks': [{'price': 19000, 'orders': [(b'SUBCS000000009', 1)]}]}}
{'timestamp': 77455090521000, 'order': 'X: SUBAB000000004:0', 'book': {'Bids': [{'price': 17000, 'orders': [(b'SUBCB000000008', 1)]}], 'Asks': [{'price': 19000, 'orders': [(b'SUBCS000000009', 1)]}]}}
{'timestamp': 77455189530000, 'order': 'O: SUB@B000000002:B1xLPS     @214748', 'book': {'Bids': [{'price': 17000, 'orders': [(b'SUBCB000000008', 1)]}], 'Asks': []}}
{'timestamp': 77455703849000, 'order': 'O: SUBCS000000010:S1xLPS     @19000', 'book': {'Bids': [{'price': 17000, 'orders': [(b'SUBCB000000008', 1)]}], 'Asks': [{'price': 19000, 'orders': [(b'SUBCS000000010', 1)]}]}}
{'timestamp': 77460720361000, 'order': 'U: SUBCS000000010->SUBCS000000011:1@22000', 'book': {'Bids': [{'price': 17000, 'orders': [(b'SUBCB000000008', 1)]}], 'Asks': [{'price': 22000, 'orders': [(b'SUBCS000000011', 1)]}]}}
{'timestamp': 77460721249000, 'order': 'U: SUBCB000000008->SUBCB000000012:1@20000', 'book': {'Bids': [{'price': 20000, 'orders': [(b'SUBCB000000012', 1)]}], 'Asks': [{'price': 22000, 'orders': [(b'SUBCS000000011', 1)]}]}}
{'timestamp': 77461822841000, 'order': 'O: SUBBB000000003:B1xLPS     @20000', 'book': {'Bids': [{'price': 20000, 'orders': [(b'SUBCB000000012', 1), (b'SUBBB000000003', 1)]}], 'Asks': [{'price': 22000, 'orders': [(b'SUBCS000000011', 1)]}]}}
{'timestamp': 77461823405000, 'order': 'O: SUBBS000000004:S1xLPS     @22000', 'book': {'Bids': [{'price': 20000, 'orders': [(b'SUBCB000000012', 1), (b'SUBBB000000003', 1)]}], 'Asks': [{'price': 22000, 'orders': [(b'SUBCS000000011', 1), (b'SUBBS000000004', 1)]}]}}
{'timestamp': 77463121021000, 'order': 'U: SUBBB000000003->SUBBB000000005:1@20323', 'book': {'Bids': [{'price': 20323, 'orders': [(b'SUBBB000000005', 1)]}, {'price': 20000, 'orders': [(b'SUBCB000000012', 1)]}], 'Asks': [{'price': 22000, 'orders': [(b'SUBCS000000011', 1), (b'SUBBS000000004', 1)]}]}}
{'timestamp': 77463121849000, 'order': 'U: SUBBS000000004->SUBBS000000006:1@21677', 'book': {'Bids': [{'price': 20323, 'orders': [(b'SUBBB000000005', 1)]}, {'price': 20000, 'orders': [(b'SUBCB000000012', 1)]}], 'Asks': [{'price': 21677, 'orders': [(b'SUBBS000000006', 1)]}, {'price': 22000, 'orders': [(b'SUBCS000000011', 1)]}]}}
{'timestamp': 77464196218000, 'order': 'U: SUBBB000000005->SUBBB000000007:1@20624', 'book': {'Bids': [{'price': 20624, 'orders': [(b'SUBBB000000007', 1)]}, {'price': 20000, 'orders': [(b'SUBCB000000012', 1)]}], 'Asks': [{'price': 21677, 'orders': [(b'SUBBS000000006', 1)]}, {'price': 22000, 'orders': [(b'SUBCS000000011', 1)]}]}}
{'timestamp': 77464196830000, 'order': 'U: SUBBS000000006->SUBBS000000008:1@21376', 'book': {'Bids': [{'price': 20624, 'orders': [(b'SUBBB000000007', 1)]}, {'price': 20000, 'orders': [(b'SUBCB000000012', 1)]}], 'Asks': [{'price': 21376, 'orders': [(b'SUBBS000000008', 1)]}, {'price': 22000, 'orders': [(b'SUBCS000000011', 1)]}]}}
{'timestamp': 77465201136000, 'order': 'O: SUB@S000000003:S1xLPS     @0', 'book': {'Bids': [{'price': 20000, 'orders': [(b'SUBCB000000012', 1)]}], 'Asks': [{'price': 21376, 'orders': [(b'SUBBS000000008', 1)]}, {'price': 22000, 'orders': [(b'SUBCS000000011', 1)]}]}}
{'timestamp': 77465317592000, 'order': 'O: SUBBB000000009:B1xLPS     @20624', 'book': {'Bids': [{'price': 20624, 'orders': [(b'SUBBB000000009', 1)]}, {'price': 20000, 'orders': [(b'SUBCB000000012', 1)]}], 'Asks': [{'price': 21376, 'orders': [(b'SUBBS000000008', 1)]}, {'price': 22000, 'orders': [(b'SUBCS000000011', 1)]}]}}
{'timestamp': 77466872838000, 'order': 'U: SUBBS000000008->SUBBS000000010:1@21699', 'book': {'Bids': [{'price': 20624, 'orders': [(b'SUBBB000000009', 1)]}, {'price': 20000, 'orders': [(b'SUBCB000000012', 1)]}], 'Asks': [{'price': 21699, 'orders': [(b'SUBBS000000010', 1)]}, {'price': 22000, 'orders': [(b'SUBCS000000011', 1)]}]}}
{'timestamp': 77466874161000, 'order': 'U: SUBBB000000009->SUBBB000000011:1@20301', 'book': {'Bids': [{'price': 20301, 'orders': [(b'SUBBB000000011', 1)]}, {'price': 20000, 'orders': [(b'SUBCB000000012', 1)]}], 'Asks': [{'price': 21699, 'orders': [(b'SUBBS000000010', 1)]}, {'price': 22000, 'orders': [(b'SUBCS000000011', 1)]}]}}
{'timestamp': 77470321010000, 'order': 'U: SUBBB000000011->SUBBB000000012:1@15301', 'book': {'Bids': [{'price': 20000, 'orders': [(b'SUBCB000000012', 1)]}, {'price': 15301, 'orders': [(b'SUBBB000000012', 1)]}], 'Asks': [{'price': 21699, 'orders': [(b'SUBBS000000010', 1)]}, {'price': 22000, 'orders': [(b'SUBCS000000011', 1)]}]}}
{'timestamp': 77470321839000, 'order': 'U: SUBBS000000010->SUBBS000000013:1@16699', 'book': {'Bids': [{'price': 15301, 'orders': [(b'SUBBB000000012', 1)]}], 'Asks': [{'price': 22000, 'orders': [(b'SUBCS000000011', 1)]}]}}
{'timestamp': 77470958996000, 'order': 'O: SUBBS000000014:S1xLPS     @16699', 'book': {'Bids': [{'price': 15301, 'orders': [(b'SUBBB000000012', 1)]}], 'Asks': [{'price': 16699, 'orders': [(b'SUBBS000000014', 1)]}, {'price': 22000, 'orders': [(b'SUBCS000000011', 1)]}]}}
{'timestamp': 77470959745000, 'order': 'U: SUBCB000000012->SUBCB000000013:1@15000', 'book': {'Bids': [{'price': 15301, 'orders': [(b'SUBBB000000012', 1)]}], 'Asks': [{'price': 16699, 'orders': [(b'SUBBS000000014', 1)]}, {'price': 22000, 'orders': [(b'SUBCS000000011', 1)]}]}}
{'timestamp': 77470961189000, 'order': 'U: SUBCS000000011->SUBCS000000014:1@17000', 'book': {'Bids': [{'price': 15301, 'orders': [(b'SUBBB000000012', 1)]}], 'Asks': [{'price': 16699, 'orders': [(b'SUBBS000000014', 1)]}, {'price': 17000, 'orders': [(b'SUBCS000000014', 1)]}]}}
{'timestamp': 77470961920000, 'order': 'O: SUBCB000000015:B1xLPS     @15000', 'book': {'Bids': [{'price': 15301, 'orders': [(b'SUBBB000000012', 1)]}, {'price': 15000, 'orders': [(b'SUBCB000000015', 1)]}], 'Asks': [{'price': 16699, 'orders': [(b'SUBBS000000014', 1)]}, {'price': 17000, 'orders': [(b'SUBCS000000014', 1)]}]}}
{'timestamp': 77475196609000, 'order': 'O: SUB@B000000004:B1xLPS     @214748', 'book': {'Bids': [{'price': 15301, 'orders': [(b'SUBBB000000012', 1)]}, {'price': 15000, 'orders': [(b'SUBCB000000015', 1)]}], 'Asks': [{'price': 17000, 'orders': [(b'SUBCS000000014', 1)]}]}}
{'timestamp': 77475313472000, 'order': 'O: SUBBS000000015:S1xLPS     @16699', 'book': {'Bids': [{'price': 15301, 'orders': [(b'SUBBB000000012', 1)]}, {'price': 15000, 'orders': [(b'SUBCB000000015', 1)]}], 'Asks': [{'price': 16699, 'orders': [(b'SUBBS000000015', 1)]}, {'price': 17000, 'orders': [(b'SUBCS000000014', 1)]}]}}
{'timestamp': 77480326895000, 'order': 'U: SUBBS000000015->SUBBS000000016:1@22699', 'book': {'Bids': [{'price': 15301, 'orders': [(b'SUBBB000000012', 1)]}, {'price': 15000, 'orders': [(b'SUBCB000000015', 1)]}], 'Asks': [{'price': 17000, 'orders': [(b'SUBCS000000014', 1)]}, {'price': 22699, 'orders': [(b'SUBBS000000016', 1)]}]}}
{'timestamp': 77480329837000, 'order': 'U: SUBBB000000012->SUBBB000000017:1@21301', 'book': {'Bids': [{'price': 15000, 'orders': [(b'SUBCB000000015', 1)]}], 'Asks': [{'price': 22699, 'orders': [(b'SUBBS000000016', 1)]}]}}
{'timestamp': 77480961665000, 'order': 'O: SUBBB000000018:B1xLPS     @21301', 'book': {'Bids': [{'price': 21301, 'orders': [(b'SUBBB000000018', 1)]}, {'price': 15000, 'orders': [(b'SUBCB000000015', 1)]}], 'Asks': [{'price': 22699, 'orders': [(b'SUBBS000000016', 1)]}]}}
{'timestamp': 77480962380000, 'order': 'U: SUBCS000000014->SUBCS000000016:1@23000', 'book': {'Bids': [{'price': 21301, 'orders': [(b'SUBBB000000018', 1)]}, {'price': 15000, 'orders': [(b'SUBCB000000015', 1)]}], 'Asks': [{'price': 22699, 'orders': [(b'SUBBS000000016', 1)]}]}}
{'timestamp': 77480963959000, 'order': 'U: SUBCB000000015->SUBCB000000017:1@21000', 'book': {'Bids': [{'price': 21301, 'orders': [(b'SUBBB000000018', 1)]}, {'price': 21000, 'orders': [(b'SUBCB000000017', 1)]}], 'Asks': [{'price': 22699, 'orders': [(b'SUBBS000000016', 1)]}]}}
{'timestamp': 77480964721000, 'order': 'O: SUBCS000000018:S1xLPS     @23000', 'book': {'Bids': [{'price': 21301, 'orders': [(b'SUBBB000000018', 1)]}, {'price': 21000, 'orders': [(b'SUBCB000000017', 1)]}], 'Asks': [{'price': 22699, 'orders': [(b'SUBBS000000016', 1)]}, {'price': 23000, 'orders': [(b'SUBCS000000018', 1)]}]}}
{'timestamp': 77481094994000, 'order': 'U: SUBBS000000016->SUBBS000000019:1@22359', 'book': {'Bids': [{'price': 21301, 'orders': [(b'SUBBB000000018', 1)]}, {'price': 21000, 'orders': [(b'SUBCB000000017', 1)]}], 'Asks': [{'price': 22359, 'orders': [(b'SUBBS000000019', 1)]}, {'price': 23000, 'orders': [(b'SUBCS000000018', 1)]}]}}
{'timestamp': 77481095921000, 'order': 'U: SUBBB000000018->SUBBB000000020:1@21640', 'book': {'Bids': [{'price': 21640, 'orders': [(b'SUBBB000000020', 1)]}, {'price': 21000, 'orders': [(b'SUBCB000000017', 1)]}], 'Asks': [{'price': 22359, 'orders': [(b'SUBBS000000019', 1)]}, {'price': 23000, 'orders': [(b'SUBCS000000018', 1)]}]}}
{'timestamp': 77481239851000, 'order': 'U: SUBBS000000019->SUBBS000000021:1@22359', 'book': {'Bids': [{'price': 21640, 'orders': [(b'SUBBB000000020', 1)]}, {'price': 21000, 'orders': [(b'SUBCB000000017', 1)]}], 'Asks': [{'price': 22359, 'orders': [(b'SUBBS000000021', 1)]}, {'price': 23000, 'orders': [(b'SUBCS000000018', 1)]}]}}
{'timestamp': 77481240776000, 'order': 'U: SUBBB000000020->SUBBB000000022:1@21640', 'book': {'Bids': [{'price': 21640, 'orders': [(b'SUBBB000000022', 1)]}, {'price': 21000, 'orders': [(b'SUBCB000000017', 1)]}], 'Asks': [{'price': 22359, 'orders': [(b'SUBBS000000021', 1)]}, {'price': 23000, 'orders': [(b'SUBCS000000018', 1)]}]}}
{'timestamp': 77483236315000, 'order': 'U: SUBBS000000021->SUBBS000000023:1@22935', 'book': {'Bids': [{'price': 21640, 'orders': [(b'SUBBB000000022', 1)]}, {'price': 21000, 'orders': [(b'SUBCB000000017', 1)]}], 'Asks': [{'price': 22935, 'orders': [(b'SUBBS000000023', 1)]}, {'price': 23000, 'orders': [(b'SUBCS000000018', 1)]}]}}
{'timestamp': 77483236927000, 'order': 'U: SUBBB000000022->SUBBB000000024:1@21065', 'book': {'Bids': [{'price': 21065, 'orders': [(b'SUBBB000000024', 1)]}, {'price': 21000, 'orders': [(b'SUBCB000000017', 1)]}], 'Asks': [{'price': 22935, 'orders': [(b'SUBBS000000023', 1)]}, {'price': 23000, 'orders': [(b'SUBCS000000018', 1)]}]}}
{'timestamp': 77485192390000, 'order': 'O: SUB@S000000005:S1xLPS     @0', 'book': {'Bids': [{'price': 21000, 'orders': [(b'SUBCB000000017', 1)]}], 'Asks': [{'price': 22935, 'orders': [(b'SUBBS000000023', 1)]}, {'price': 23000, 'orders': [(b'SUBCS000000018', 1)]}]}}
{'timestamp': 77485308906000, 'order': 'O: SUBBB000000025:B1xLPS     @21065', 'book': {'Bids': [{'price': 21065, 'orders': [(b'SUBBB000000025', 1)]}, {'price': 21000, 'orders': [(b'SUBCB000000017', 1)]}], 'Asks': [{'price': 22935, 'orders': [(b'SUBBS000000023', 1)]}, {'price': 23000, 'orders': [(b'SUBCS000000018', 1)]}]}}
{'timestamp': 77485917975000, 'order': 'U: SUBBS000000023->SUBBS000000026:1@22102', 'book': {'Bids': [{'price': 21065, 'orders': [(b'SUBBB000000025', 1)]}, {'price': 21000, 'orders': [(b'SUBCB000000017', 1)]}], 'Asks': [{'price': 22102, 'orders': [(b'SUBBS000000026', 1)]}, {'price': 23000, 'orders': [(b'SUBCS000000018', 1)]}]}}
{'timestamp': 77485919247000, 'order': 'U: SUBBB000000025->SUBBB000000027:1@21898', 'book': {'Bids': [{'price': 21898, 'orders': [(b'SUBBB000000027', 1)]}, {'price': 21000, 'orders': [(b'SUBCB000000017', 1)]}], 'Asks': [{'price': 22102, 'orders': [(b'SUBBS000000026', 1)]}, {'price': 23000, 'orders': [(b'SUBCS000000018', 1)]}]}}
{'timestamp': 77488768815000, 'order': 'U: SUBCB000000017->SUBCB000000019:1@21958', 'book': {'Bids': [{'price': 21958, 'orders': [(b'SUBCB000000019', 1)]}, {'price': 21898, 'orders': [(b'SUBBB000000027', 1)]}], 'Asks': [{'price': 22102, 'orders': [(b'SUBBS000000026', 1)]}, {'price': 23000, 'orders': [(b'SUBCS000000018', 1)]}]}}
{'timestamp': 77488769795000, 'order': 'U: SUBCS000000018->SUBCS000000020:1@22042', 'book': {'Bids': [{'price': 21958, 'orders': [(b'SUBCB000000019', 1)]}, {'price': 21898, 'orders': [(b'SUBBB000000027', 1)]}], 'Asks': [{'price': 22042, 'orders': [(b'SUBCS000000020', 1)]}, {'price': 22102, 'orders': [(b'SUBBS000000026', 1)]}]}}
{'timestamp': 77490332631000, 'order': 'U: SUBBB000000027->SUBBB000000028:1@16898', 'book': {'Bids': [{'price': 21958, 'orders': [(b'SUBCB000000019', 1)]}, {'price': 16898, 'orders': [(b'SUBBB000000028', 1)]}], 'Asks': [{'price': 22042, 'orders': [(b'SUBCS000000020', 1)]}, {'price': 22102, 'orders': [(b'SUBBS000000026', 1)]}]}}
{'timestamp': 77490333253000, 'order': 'U: SUBBS000000026->SUBBS000000029:1@17102', 'book': {'Bids': [{'price': 16898, 'orders': [(b'SUBBB000000028', 1)]}], 'Asks': [{'price': 22042, 'orders': [(b'SUBCS000000020', 1)]}]}}
{'timestamp': 77490974513000, 'order': 'O: SUBBS000000030:S1xLPS     @17102', 'book': {'Bids': [{'price': 16898, 'orders': [(b'SUBBB000000028', 1)]}], 'Asks': [{'price': 17102, 'orders': [(b'SUBBS000000030', 1)]}, {'price': 22042, 'orders': [(b'SUBCS000000020', 1)]}]}}
{'timestamp': 77490975148000, 'order': 'U: SUBCB000000019->SUBCB000000021:1@16958', 'book': {'Bids': [{'price': 16898, 'orders': [(b'SUBBB000000028', 1)]}], 'Asks': [{'price': 17102, 'orders': [(b'SUBBS000000030', 1)]}, {'price': 22042, 'orders': [(b'SUBCS000000020', 1)]}]}}
{'timestamp': 77490976690000, 'order': 'U: SUBCS000000020->SUBCS000000022:1@17042', 'book': {'Bids': [{'price': 16898, 'orders': [(b'SUBBB000000028', 1)]}], 'Asks': [{'price': 17042, 'orders': [(b'SUBCS000000022', 1)]}, {'price': 17102, 'orders': [(b'SUBBS000000030', 1)]}]}}
{'timestamp': 77490977619000, 'order': 'O: SUBCB000000023:B1xLPS     @16958', 'book': {'Bids': [{'price': 16958, 'orders': [(b'SUBCB000000023', 1)]}, {'price': 16898, 'orders': [(b'SUBBB000000028', 1)]}], 'Asks': [{'price': 17042, 'orders': [(b'SUBCS000000022', 1)]}, {'price': 17102, 'orders': [(b'SUBBS000000030', 1)]}]}}
{'timestamp': 77495206214000, 'order': 'O: SUB@B000000006:B1xLPS     @214748', 'book': {'Bids': [{'price': 16958, 'orders': [(b'SUBCB000000023', 1)]}, {'price': 16898, 'orders': [(b'SUBBB000000028', 1)]}], 'Asks': [{'price': 17102, 'orders': [(b'SUBBS000000030', 1)]}]}}
{'timestamp': 77495333932000, 'order': 'O: SUBCS000000024:S1xLPS     @17042', 'book': {'Bids': [{'price': 16958, 'orders': [(b'SUBCB000000023', 1)]}, {'price': 16898, 'orders': [(b'SUBBB000000028', 1)]}], 'Asks': [{'price': 17042, 'orders': [(b'SUBCS000000024', 1)]}, {'price': 17102, 'orders': [(b'SUBBS000000030', 1)]}]}}
{'timestamp': 69767833203000, 'order': 'H: 1523449708430766128:S', 'book': {'Bids': [], 'Asks': []}}
{'timestamp': 69769869951000, 'order': 'O: SUBCB000000001:B1xLPS     @9000', 'book': {'Bids': [{'price': 9000, 'orders': [(b'SUBCB000000001', 1)]}], 'Asks': []}}
{'timestamp': 69769871453000, 'order': 'O: SUBCS000000002:S1xLPS     @11000', 'book': {'Bids': [{'price': 9000, 'orders': [(b'SUBCB000000001', 1)]}], 'Asks': [{'price': 11000, 'orders': [(b'SUBCS000000002', 1)]}]}}
{'timestamp': 69774064686000, 'order': 'U: SUBCS000000002->SUBCS000000003:1@16000', 'book': {'Bids': [{'price': 9000, 'orders': [(b'SUBCB000000001', 1)]}], 'Asks': [{'price': 16000, 'orders': [(b'SUBCS000000003', 1)]}]}}
{'timestamp': 69774065581000, 'order': 'U: SUBCB000000001->SUBCB000000004:1@14000', 'book': {'Bids': [{'price': 14000, 'orders': [(b'SUBCB000000004', 1)]}], 'Asks': [{'price': 16000, 'orders': [(b'SUBCS000000003', 1)]}]}}
{'timestamp': 69776119915000, 'order': 'O: SUBBB000000001:B1xLPS     @14000', 'book': {'Bids': [{'price': 14000, 'orders': [(b'SUBCB000000004', 1), (b'SUBBB000000001', 1)]}], 'Asks': [{'price': 16000, 'orders': [(b'SUBCS000000003', 1)]}]}}
{'timestamp': 69776120588000, 'order': 'O: SUBBS000000002:S1xLPS     @16000', 'book': {'Bids': [{'price': 14000, 'orders': [(b'SUBCB000000004', 1), (b'SUBBB000000001', 1)]}], 'Asks': [{'price': 16000, 'orders': [(b'SUBCS000000003', 1), (b'SUBBS000000002', 1)]}]}}
{'timestamp': 69778551578000, 'order': 'O: SUB@S000000001:S1xLPS     @0', 'book': {'Bids': [{'price': 14000, 'orders': [(b'SUBBB000000001', 1)]}], 'Asks': [{'price': 16000, 'orders': [(b'SUBCS000000003', 1), (b'SUBBS000000002', 1)]}]}}
{'timestamp': 69779065986000, 'order': 'O: SUBCB000000005:B1xLPS     @14000', 'book': {'Bids': [{'price': 14000, 'orders': [(b'SUBBB000000001', 1), (b'SUBCB000000005', 1)]}], 'Asks': [{'price': 16000, 'orders': [(b'SUBCS000000003', 1), (b'SUBBS000000002', 1)]}]}}
{'timestamp': 69783681709000, 'order': 'U: SUBBS000000002->SUBBS000000003:1@19000', 'book': {'Bids': [{'price': 14000, 'orders': [(b'SUBBB000000001', 1), (b'SUBCB000000005', 1)]}], 'Asks': [{'price': 16000, 'orders': [(b'SUBCS000000003', 1)]}, {'price': 19000, 'orders': [(b'SUBBS000000003', 1)]}]}}
{'timestamp': 69783682453000, 'order': 'U: SUBBB000000001->SUBBB000000004:1@17000', 'book': {'Bids': [{'price': 14000, 'orders': [(b'SUBCB000000005', 1)]}], 'Asks': [{'price': 19000, 'orders': [(b'SUBBS000000003', 1)]}]}}
{'timestamp': 69783683328000, 'order': 'O: SUBAB000000001:B1xLPS     @18000', 'book': {'Bids': [{'price': 14000, 'orders': [(b'SUBCB000000005', 1)]}], 'Asks': [{'price': 19000, 'orders': [(b'SUBBS000000003', 1)]}]}}
{'timestamp': 69784313433000, 'order': 'O: SUBBB000000005:B1xLPS     @17000', 'book': {'Bids': [{'price': 17000, 'orders': [(b'SUBBB000000005', 1)]}, {'price': 14000, 'orders': [(b'SUBCB000000005', 1)]}], 'Asks': [{'price': 19000, 'orders': [(b'SUBBS000000003', 1)]}]}}
{'timestamp': 69784314106000, 'order': 'U: SUBCS000000003->SUBCS000000006:1@19000', 'book': {'Bids': [{'price': 17000, 'orders': [(b'SUBBB000000005', 1)]}, {'price': 14000, 'orders': [(b'SUBCB000000005', 1)]}], 'Asks': [{'price': 19000, 'orders': [(b'SUBBS000000003', 1)]}]}}
{'timestamp': 69784315556000, 'order': 'U: SUBCB000000005->SUBCB000000007:1@17000', 'book': {'Bids': [{'price': 17000, 'orders': [(b'SUBBB000000005', 1), (b'SUBCB000000007', 1)]}], 'Asks': [{'price': 19000, 'orders': [(b'SUBBS000000003', 1)]}]}}
{'timestamp': 69784316253000, 'order': 'O: SUBCS000000008:S1xLPS     @19000', 'book': {'Bids': [{'price': 17000, 'orders': [(b'SUBBB000000005', 1), (b'SUBCB000000007', 1)]}], 'Asks': [{'price': 19000, 'orders': [(b'SUBBS000000003', 1), (b'SUBCS000000008', 1)]}]}}
{'timestamp': 69788545668000, 'order': 'O: SUB@B000000002:B1xLPS     @214748', 'book': {'Bids': [{'price': 17000, 'orders': [(b'SUBBB000000005', 1), (b'SUBCB000000007', 1)]}], 'Asks': [{'price': 19000, 'orders': [(b'SUBCS000000008', 1)]}]}}
{'timestamp': 69788658403000, 'order': 'O: SUBBS000000006:S1xLPS     @19000', 'book': {'Bids': [{'price': 17000, 'orders': [(b'SUBBB000000005', 1), (b'SUBCB000000007', 1)]}], 'Asks': [{'price': 19000, 'orders': [(b'SUBCS000000008', 1), (b'SUBBS000000006', 1)]}]}}
{'timestamp': 69793675294000, 'order': 'O: SUBAB000000002:B1xLPS     @21000', 'book': {'Bids': [{'price': 17000, 'orders': [(b'SUBBB000000005', 1), (b'SUBCB000000007', 1)]}], 'Asks': [{'price': 19000, 'orders': [(b'SUBBS000000006', 1)]}]}}
{'timestamp': 69793675896000, 'order': 'U: SUBBS000000006->SUBBS000000007:1@22000', 'book': {'Bids': [{'price': 17000, 'orders': [(b'SUBBB000000005', 1), (b'SUBCB000000007', 1)]}], 'Asks': [{'price': 22000, 'orders': [(b'SUBBS000000007', 1)]}]}}
{'timestamp': 69793677325000, 'order': 'U: SUBBB000000005->SUBBB000000008:1@20000', 'book': {'Bids': [{'price': 20000, 'orders': [(b'SUBBB000000008', 1)]}, {'price': 17000, 'orders': [(b'SUBCB000000007', 1)]}], 'Asks': [{'price': 22000, 'orders': [(b'SUBBS000000007', 1)]}]}}
{'timestamp': 69794206762000, 'order': 'U: SUBCS000000008->SUBCS000000009:1@22000', 'book': {'Bids': [{'price': 20000, 'orders': [(b'SUBBB000000008', 1)]}, {'price': 17000, 'orders': [(b'SUBCB000000007', 1)]}], 'Asks': [{'price': 22000, 'orders': [(b'SUBBS000000007', 1)]}]}}
{'timestamp': 69794207507000, 'order': 'U: SUBCB000000007->SUBCB000000010:1@20000', 'book': {'Bids': [{'price': 20000, 'orders': [(b'SUBBB000000008', 1), (b'SUBCB000000010', 1)]}], 'Asks': [{'price': 22000, 'orders': [(b'SUBBS000000007', 1)]}]}}
{'timestamp': 69794208856000, 'order': 'O: SUBCS000000011:S1xLPS     @22000', 'book': {'Bids': [{'price': 20000, 'orders': [(b'SUBBB000000008', 1), (b'SUBCB000000010', 1)]}], 'Asks': [{'price': 22000, 'orders': [(b'SUBBS000000007', 1), (b'SUBCS000000011', 1)]}]}}
{'timestamp': 69798555851000, 'order': 'O: SUB@S000000003:S1xLPS     @0', 'book': {'Bids': [{'price': 20000, 'orders': [(b'SUBCB000000010', 1)]}], 'Asks': [{'price': 22000, 'orders': [(b'SUBBS000000007', 1), (b'SUBCS000000011', 1)]}]}}
{'timestamp': 69798669161000, 'order': 'O: SUBBB000000009:B1xLPS     @20000', 'book': {'Bids': [{'price': 20000, 'orders': [(b'SUBCB000000010', 1), (b'SUBBB000000009', 1)]}], 'Asks': [{'price': 22000, 'orders': [(b'SUBBS000000007', 1), (b'SUBCS000000011', 1)]}]}}
{'timestamp': 69803686929000, 'order': 'U: SUBBB000000009->SUBBB000000010:1@15000', 'book': {'Bids': [{'price': 20000, 'orders': [(b'SUBCB000000010', 1)]}, {'price': 15000, 'orders': [(b'SUBBB000000010', 1)]}], 'Asks': [{'price': 22000, 'orders': [(b'SUBBS000000007', 1), (b'SUBCS000000011', 1)]}]}}
{'timestamp': 69803687648000, 'order': 'U: SUBBS000000007->SUBBS000000011:1@17000', 'book': {'Bids': [{'price': 15000, 'orders': [(b'SUBBB000000010', 1)]}], 'Asks': [{'price': 22000, 'orders': [(b'SUBCS000000011', 1)]}]}}
{'timestamp': 69803689201000, 'order': 'O: SUBAS000000003:S1xLPS     @16000', 'book': {'Bids': [{'price': 15000, 'orders': [(b'SUBBB000000010', 1)]}], 'Asks': [{'price': 22000, 'orders': [(b'SUBCS000000011', 1)]}]}}
{'timestamp': 69804326014000, 'order': 'O: SUBBS000000012:S1xLPS     @17000', 'book': {'Bids': [{'price': 15000, 'orders': [(b'SUBBB000000010', 1)]}], 'Asks': [{'price': 17000, 'orders': [(b'SUBBS000000012', 1)]}, {'price': 22000, 'orders': [(b'SUBCS000000011', 1)]}]}}
{'timestamp': 69804326967000, 'order': 'U: SUBCB000000010->SUBCB000000012:1@15000', 'book': {'Bids': [{'price': 15000, 'orders': [(b'SUBBB000000010', 1)]}], 'Asks': [{'price': 17000, 'orders': [(b'SUBBS000000012', 1)]}, {'price': 22000, 'orders': [(b'SUBCS000000011', 1)]}]}}
{'timestamp': 69804328392000, 'order': 'U: SUBCS000000011->SUBCS000000013:1@17000', 'book': {'Bids': [{'price': 15000, 'orders': [(b'SUBBB000000010', 1)]}], 'Asks': [{'price': 17000, 'orders': [(b'SUBBS000000012', 1), (b'SUBCS000000013', 1)]}]}}
{'timestamp': 69804329486000, 'order': 'O: SUBCB000000014:B1xLPS     @15000', 'book': {'Bids': [{'price': 15000, 'orders': [(b'SUBBB000000010', 1), (b'SUBCB000000014', 1)]}], 'Asks': [{'price': 17000, 'orders': [(b'SUBBS000000012', 1), (b'SUBCS000000013', 1)]}]}}
{'timestamp': 69808552697000, 'order': 'O: SUB@B000000004:B1xLPS     @214748', 'book': {'Bids': [{'price': 15000, 'orders': [(b'SUBBB000000010', 1), (b'SUBCB000000014', 1)]}], 'Asks': [{'price': 17000, 'orders': [(b'SUBCS000000013', 1)]}]}}
{'timestamp': 69808667148000, 'order': 'O: SUBBS000000013:S1xLPS     @17000', 'book': {'Bids': [{'price': 15000, 'orders': [(b'SUBBB000000010', 1), (b'SUBCB000000014', 1)]}], 'Asks': [{'price': 17000, 'orders': [(b'SUBCS000000013', 1), (b'SUBBS000000013', 1)]}]}}
{'timestamp': 69813688782000, 'order': 'U: SUBBS000000013->SUBBS000000014:1@23000', 'book': {'Bids': [{'price': 15000, 'orders': [(b'SUBBB000000010', 1), (b'SUBCB000000014', 1)]}], 'Asks': [{'price': 17000, 'orders': [(b'SUBCS000000013', 1)]}, {'price': 23000, 'orders': [(b'SUBBS000000014', 1)]}]}}
{'timestamp': 69813689550000, 'order': 'U: SUBBB000000010->SUBBB000000015:1@21000', 'book': {'Bids': [{'price': 15000, 'orders': [(b'SUBCB000000014', 1)]}], 'Asks': [{'price': 23000, 'orders': [(b'SUBBS000000014', 1)]}]}}
{'timestamp': 69813690949000, 'order': 'O: SUBAB000000004:B1xLPS     @22000', 'book': {'Bids': [{'price': 15000, 'orders': [(b'SUBCB000000014', 1)]}], 'Asks': [{'price': 23000, 'orders': [(b'SUBBS000000014', 1)]}]}}
{'timestamp': 69814322717000, 'order': 'O: SUBBB000000016:B1xLPS     @21000', 'book': {'Bids': [{'price': 21000, 'orders': [(b'SUBBB000000016', 1)]}, {'price': 15000, 'orders': [(b'SUBCB000000014', 1)]}], 'Asks': [{'price': 23000, 'orders': [(b'SUBBS000000014', 1)]}]}}
{'timestamp': 69814323267000, 'order': 'U: SUBCS000000013->SUBCS000000015:1@23000', 'book': {'Bids': [{'price': 21000, 'orders': [(b'SUBBB000000016', 1)]}, {'price': 15000, 'orders': [(b'SUBCB000000014', 1)]}], 'Asks': [{'price': 23000, 'orders': [(b'SUBBS000000014', 1)]}]}}
{'timestamp': 69814324661000, 'order': 'U: SUBCB000000014->SUBCB000000016:1@21000', 'book': {'Bids': [{'price': 21000, 'orders': [(b'SUBBB000000016', 1), (b'SUBCB000000016', 1)]}], 'Asks': [{'price': 23000, 'orders': [(b'SUBBS000000014', 1)]}]}}
{'timestamp': 69814325161000, 'order': 'O: SUBCS000000017:S1xLPS     @23000', 'book': {'Bids': [{'price': 21000, 'orders': [(b'SUBBB000000016', 1), (b'SUBCB000000016', 1)]}], 'Asks': [{'price': 23000, 'orders': [(b'SUBBS000000014', 1), (b'SUBCS000000017', 1)]}]}}
{'timestamp': 69818559071000, 'order': 'O: SUB@S000000005:S1xLPS     @0', 'book': {'Bids': [{'price': 21000, 'orders': [(b'SUBCB000000016', 1)]}], 'Asks': [{'price': 23000, 'orders': [(b'SUBBS000000014', 1), (b'SUBCS000000017', 1)]}]}}
{'timestamp': 69818672609000, 'order': 'O: SUBBB000000017:B1xLPS     @21000', 'book': {'Bids': [{'price': 21000, 'orders': [(b'SUBCB000000016', 1), (b'SUBBB000000017', 1)]}], 'Asks': [{'price': 23000, 'orders': [(b'SUBBS000000014', 1), (b'SUBCS000000017', 1)]}]}}
{'timestamp': 69823679321000, 'order': 'O: SUBAS000000005:S1xLPS     @17000', 'book': {'Bids': [{'price': 21000, 'orders': [(b'SUBBB000000017', 1)]}], 'Asks': [{'price': 23000, 'orders': [(b'SUBBS000000014', 1), (b'SUBCS000000017', 1)]}]}}
{'timestamp': 69823679993000, 'order': 'U: SUBBB000000017->SUBBB000000018:1@16000', 'book': {'Bids': [{'price': 16000, 'orders': [(b'SUBBB000000018', 1)]}], 'Asks': [{'price': 23000, 'orders': [(b'SUBBS000000014', 1), (b'SUBCS000000017', 1)]}]}}
{'timestamp': 69823681415000, 'order': 'U: SUBBS000000014->SUBBS000000019:1@18000', 'book': {'Bids': [{'price': 16000, 'orders': [(b'SUBBB000000018', 1)]}], 'Asks': [{'price': 18000, 'orders': [(b'SUBBS000000019', 1)]}, {'price': 23000, 'orders': [(b'SUBCS000000017', 1)]}]}}
{'timestamp': 69824204943000, 'order': 'U: SUBCB000000016->SUBCB000000018:1@16000', 'book': {'Bids': [{'price': 16000, 'orders': [(b'SUBBB000000018', 1)]}], 'Asks': [{'price': 18000, 'orders': [(b'SUBBS000000019', 1)]}, {'price': 23000, 'orders': [(b'SUBCS000000017', 1)]}]}}
{'timestamp': 69824205456000, 'order': 'U: SUBCS000000017->SUBCS000000019:1@18000', 'book': {'Bids': [{'price': 16000, 'orders': [(b'SUBBB000000018', 1)]}], 'Asks': [{'price': 18000, 'orders': [(b'SUBBS000000019', 1), (b'SUBCS000000019', 1)]}]}}
{'timestamp': 69824206908000, 'order': 'O: SUBCB000000020:B1xLPS     @16000', 'book': {'Bids': [{'price': 16000, 'orders': [(b'SUBBB000000018', 1), (b'SUBCB000000020', 1)]}], 'Asks': [{'price': 18000, 'orders': [(b'SUBBS000000019', 1), (b'SUBCS000000019', 1)]}]}}
{'timestamp': 69828560855000, 'order': 'O: SUB@B000000006:B1xLPS     @214748', 'book': {'Bids': [{'price': 16000, 'orders': [(b'SUBBB000000018', 1), (b'SUBCB000000020', 1)]}], 'Asks': [{'price': 18000, 'orders': [(b'SUBCS000000019', 1)]}]}}
{'timestamp': 69828673359000, 'order': 'O: SUBBS000000020:S1xLPS     @18000', 'book': {'Bids': [{'price': 16000, 'orders': [(b'SUBBB000000018', 1), (b'SUBCB000000020', 1)]}], 'Asks': [{'price': 18000, 'orders': [(b'SUBCS000000019', 1), (b'SUBBS000000020', 1)]}]}}
{'timestamp': 69917590306000, 'order': 'H: 17551571597522907184:S', 'book': {'Bids': [], 'Asks': []}}
{'timestamp': 69919282874000, 'order': 'O: SUBCB000000001:B1xLPS     @9000', 'book': {'Bids': [{'price': 9000, 'orders': [(b'SUBCB000000001', 1)]}], 'Asks': []}}
{'timestamp': 69919283669000, 'order': 'O: SUBCS000000002:S1xLPS     @11000', 'book': {'Bids': [{'price': 9000, 'orders': [(b'SUBCB000000001', 1)]}], 'Asks': [{'price': 11000, 'orders': [(b'SUBCS000000002', 1)]}]}}
{'timestamp': 69923744073000, 'order': 'O: SUBBB000000001:B1xLPS     @15000', 'book': {'Bids': [{'price': 9000, 'orders': [(b'SUBCB000000001', 1)]}], 'Asks': []}}
{'timestamp': 69923744641000, 'order': 'U: SUBCS000000002->SUBCS000000003:1@16000', 'book': {'Bids': [{'price': 9000, 'orders': [(b'SUBCB000000001', 1)]}], 'Asks': []}}
{'timestamp': 69923745078000, 'order': 'U: SUBCB000000001->SUBCB000000004:1@14000', 'book': {'Bids': [{'price': 14000, 'orders': [(b'SUBCB000000004', 1)]}], 'Asks': []}}
{'timestamp': 69924270929000, 'order': 'O: SUBCS000000005:S1xLPS     @16000', 'book': {'Bids': [{'price': 14000, 'orders': [(b'SUBCB000000004', 1)]}], 'Asks': [{'price': 16000, 'orders': [(b'SUBCS000000005', 1)]}]}}
{'timestamp': 69928225456000, 'order': 'O: SUB@S000000001:S1xLPS     @0', 'book': {'Bids': [], 'Asks': [{'price': 16000, 'orders': [(b'SUBCS000000005', 1)]}]}}
{'timestamp': 69928737899000, 'order': 'O: SUBCB000000006:B1xLPS     @14000', 'book': {'Bids': [{'price': 14000, 'orders': [(b'SUBCB000000006', 1)]}], 'Asks': [{'price': 16000, 'orders': [(b'SUBCS000000005', 1)]}]}}
{'timestamp': 69933352497000, 'order': 'O: SUBAB000000001:B1xLPS     @18000', 'book': {'Bids': [{'price': 14000, 'orders': [(b'SUBCB000000006', 1)]}], 'Asks': []}}
{'timestamp': 69933353253000, 'order': 'O: SUBBB000000002:B1xLPS     @18000', 'book': {'Bids': [{'price': 14000, 'orders': [(b'SUBCB000000006', 1)]}], 'Asks': []}}
{'timestamp': 69933878665000, 'order': 'U: SUBCS000000005->SUBCS000000007:1@19000', 'book': {'Bids': [{'price': 14000, 'orders': [(b'SUBCB000000006', 1)]}], 'Asks': []}}
{'timestamp': 69933879393000, 'order': 'U: SUBCB000000006->SUBCB000000008:1@17000', 'book': {'Bids': [{'price': 17000, 'orders': [(b'SUBCB000000008', 1)]}], 'Asks': []}}
{'timestamp': 69933880763000, 'order': 'O: SUBCS000000009:S1xLPS     @19000', 'book': {'Bids': [{'price': 17000, 'orders': [(b'SUBCB000000008', 1)]}], 'Asks': [{'price': 19000, 'orders': [(b'SUBCS000000009', 1)]}]}}
{'timestamp': 69938228054000, 'order': 'O: SUB@B000000002:B1xLPS     @214748', 'book': {'Bids': [{'price': 17000, 'orders': [(b'SUBCB000000008', 1)]}], 'Asks': []}}
{'timestamp': 69938745192000, 'order': 'O: SUBCS000000010:S1xLPS     @19000', 'book': {'Bids': [{'price': 17000, 'orders': [(b'SUBCB000000008', 1)]}], 'Asks': [{'price': 19000, 'orders': [(b'SUBCS000000010', 1)]}]}}
{'timestamp': 69943347315000, 'order': 'O: SUBBB000000003:B1xLPS     @21000', 'book': {'Bids': [{'price': 17000, 'orders': [(b'SUBCB000000008', 1)]}], 'Asks': []}}
{'timestamp': 69943869891000, 'order': 'O: SUBAB000000002:B1xLPS     @21000', 'book': {'Bids': [{'price': 17000, 'orders': [(b'SUBCB000000008', 1)]}], 'Asks': []}}
{'timestamp': 69943870334000, 'order': 'U: SUBCS000000010->SUBCS000000011:1@22000', 'book': {'Bids': [{'price': 17000, 'orders': [(b'SUBCB000000008', 1)]}], 'Asks': []}}
{'timestamp': 69943871803000, 'order': 'U: SUBCB000000008->SUBCB000000012:1@20000', 'book': {'Bids': [{'price': 20000, 'orders': [(b'SUBCB000000012', 1)]}], 'Asks': []}}
{'timestamp': 69943872489000, 'order': 'O: SUBCS000000013:S1xLPS     @22000', 'book': {'Bids': [{'price': 20000, 'orders': [(b'SUBCB000000012', 1)]}], 'Asks': [{'price': 22000, 'orders': [(b'SUBCS000000013', 1)]}]}}
{'timestamp': 69948235263000, 'order': 'O: SUB@S000000003:S1xLPS     @0', 'book': {'Bids': [], 'Asks': [{'price': 22000, 'orders': [(b'SUBCS000000013', 1)]}]}}
{'timestamp': 69948345974000, 'order': 'O: SUBCB000000014:B1xLPS     @20000', 'book': {'Bids': [{'price': 20000, 'orders': [(b'SUBCB000000014', 1)]}], 'Asks': [{'price': 22000, 'orders': [(b'SUBCS000000013', 1)]}]}}
{'timestamp': 69953363612000, 'order': 'O: SUBAS000000003:S1xLPS     @16000', 'book': {'Bids': [], 'Asks': [{'price': 22000, 'orders': [(b'SUBCS000000013', 1)]}]}}
{'timestamp': 69953364378000, 'order': 'U: SUBCB000000014->SUBCB000000015:1@15000', 'book': {'Bids': [], 'Asks': [{'price': 22000, 'orders': [(b'SUBCS000000013', 1)]}]}}
{'timestamp': 69953364784000, 'order': 'U: SUBCS000000013->SUBCS000000016:1@17000', 'book': {'Bids': [], 'Asks': [{'price': 17000, 'orders': [(b'SUBCS000000016', 1)]}]}}
{'timestamp': 69953365252000, 'order': 'O: SUBBS000000004:S1xLPS     @16000', 'book': {'Bids': [], 'Asks': [{'price': 17000, 'orders': [(b'SUBCS000000016', 1)]}]}}
{'timestamp': 69953489337000, 'order': 'O: SUBCB000000017:B1xLPS     @15000', 'book': {'Bids': [{'price': 15000, 'orders': [(b'SUBCB000000017', 1)]}], 'Asks': [{'price': 17000, 'orders': [(b'SUBCS000000016', 1)]}]}}
{'timestamp': 69958238743000, 'order': 'O: SUB@B000000004:B1xLPS     @214748', 'book': {'Bids': [{'price': 15000, 'orders': [(b'SUBCB000000017', 1)]}], 'Asks': []}}
{'timestamp': 69958353135000, 'order': 'O: SUBCS000000018:S1xLPS     @17000', 'book': {'Bids': [{'price': 15000, 'orders': [(b'SUBCB000000017', 1)]}], 'Asks': [{'price': 17000, 'orders': [(b'SUBCS000000018', 1)]}]}}
{'timestamp': 69963364480000, 'order': 'U: SUBCS000000018->SUBCS000000019:1@23000', 'book': {'Bids': [{'price': 15000, 'orders': [(b'SUBCB000000017', 1)]}], 'Asks': [{'price': 23000, 'orders': [(b'SUBCS000000019', 1)]}]}}
{'timestamp': 69963365183000, 'order': 'U: SUBCB000000017->SUBCB000000020:1@21000', 'book': {'Bids': [{'price': 21000, 'orders': [(b'SUBCB000000020', 1)]}], 'Asks': [{'price': 23000, 'orders': [(b'SUBCS000000019', 1)]}]}}
{'timestamp': 69963366579000, 'order': 'O: SUBAB000000004:B1xLPS     @22000', 'book': {'Bids': [{'price': 21000, 'orders': [(b'SUBCB000000020', 1)]}], 'Asks': [{'price': 23000, 'orders': [(b'SUBCS000000019', 1)]}]}}
{'timestamp': 69963366939000, 'order': 'O: SUBBB000000005:B1xLPS     @22000', 'book': {'Bids': [{'price': 21000, 'orders': [(b'SUBCB000000020', 1)]}], 'Asks': [{'price': 23000, 'orders': [(b'SUBCS000000019', 1)]}]}}
{'timestamp': 69968244507000, 'order': 'O: SUB@S000000005:S1xLPS     @0', 'book': {'Bids': [], 'Asks': [{'price': 23000, 'orders': [(b'SUBCS000000019', 1)]}]}}
{'timestamp': 69968355286000, 'order': 'O: SUBCB000000021:B1xLPS     @21000', 'book': {'Bids': [{'price': 21000, 'orders': [(b'SUBCB000000021', 1)]}], 'Asks': [{'price': 23000, 'orders': [(b'SUBCS000000019', 1)]}]}}
{'timestamp': 69973365465000, 'order': 'O: SUBAS000000005:S1xLPS     @17000', 'book': {'Bids': [], 'Asks': [{'price': 23000, 'orders': [(b'SUBCS000000019', 1)]}]}}
{'timestamp': 69973366473000, 'order': 'U: SUBCB000000021->SUBCB000000022:1@16000', 'book': {'Bids': [], 'Asks': [{'price': 23000, 'orders': [(b'SUBCS000000019', 1)]}]}}
{'timestamp': 69973369506000, 'order': 'U: SUBCS000000019->SUBCS000000023:1@18000', 'book': {'Bids': [], 'Asks': [{'price': 18000, 'orders': [(b'SUBCS000000023', 1)]}]}}
{'timestamp': 69973370233000, 'order': 'O: SUBBS000000006:S1xLPS     @17000', 'book': {'Bids': [], 'Asks': [{'price': 18000, 'orders': [(b'SUBCS000000023', 1)]}]}}
{'timestamp': 69973494929000, 'order': 'O: SUBCB000000024:B1xLPS     @16000', 'book': {'Bids': [{'price': 16000, 'orders': [(b'SUBCB000000024', 1)]}], 'Asks': [{'price': 18000, 'orders': [(b'SUBCS000000023', 1)]}]}}
{'timestamp': 70188602551000, 'order': 'H: 990555901787123760:S', 'book': {'Bids': [], 'Asks': []}}
{'timestamp': 70190640290000, 'order': 'O: SUBCB000000001:B1xLPS     @9000', 'book': {'Bids': [{'price': 9000, 'orders': [(b'SUBCB000000001', 1)]}], 'Asks': []}}
{'timestamp': 70190640996000, 'order': 'O: SUBCS000000002:S1xLPS     @11000', 'book': {'Bids': [{'price': 9000, 'orders': [(b'SUBCB000000001', 1)]}], 'Asks': [{'price': 11000, 'orders': [(b'SUBCS000000002', 1)]}]}}
{'timestamp': 70194900912000, 'order': 'O: SUBAB000000001:B1xLPS     @15000', 'book': {'Bids': [{'price': 9000, 'orders': [(b'SUBCB000000001', 1)]}], 'Asks': []}}
{'timestamp': 70194901567000, 'order': 'U: SUBCS000000002->SUBCS000000003:1@16000', 'book': {'Bids': [{'price': 9000, 'orders': [(b'SUBCB000000001', 1)]}], 'Asks': []}}
{'timestamp': 70194901944000, 'order': 'U: SUBCB000000001->SUBCB000000004:1@14000', 'book': {'Bids': [{'price': 14000, 'orders': [(b'SUBCB000000004', 1)]}], 'Asks': []}}
{'timestamp': 70195426962000, 'order': 'O: SUBCS000000005:S1xLPS     @16000', 'book': {'Bids': [{'price': 14000, 'orders': [(b'SUBCB000000004', 1)]}], 'Asks': [{'price': 16000, 'orders': [(b'SUBCS000000005', 1)]}]}}
{'timestamp': 70197425362000, 'order': 'O: SUBBB000000001:B1xLPS     @14000', 'book': {'Bids': [{'price': 14000, 'orders': [(b'SUBCB000000004', 1), (b'SUBBB000000001', 1)]}], 'Asks': [{'price': 16000, 'orders': [(b'SUBCS000000005', 1)]}]}}
{'timestamp': 70197425821000, 'order': 'O: SUBBS000000002:S1xLPS     @16000', 'book': {'Bids': [{'price': 14000, 'orders': [(b'SUBCB000000004', 1), (b'SUBBB000000001', 1)]}], 'Asks': [{'price': 16000, 'orders': [(b'SUBCS000000005', 1), (b'SUBBS000000002', 1)]}]}}
{'timestamp': 70199375862000, 'order': 'O: SUB@S000000001:S1xLPS     @0', 'book': {'Bids': [{'price': 14000, 'orders': [(b'SUBBB000000001', 1)]}], 'Asks': [{'price': 16000, 'orders': [(b'SUBCS000000005', 1), (b'SUBBS000000002', 1)]}]}}
{'timestamp': 70199889793000, 'order': 'O: SUBCB000000006:B1xLPS     @14000', 'book': {'Bids': [{'price': 14000, 'orders': [(b'SUBBB000000001', 1), (b'SUBCB000000006', 1)]}], 'Asks': [{'price': 16000, 'orders': [(b'SUBCS000000005', 1), (b'SUBBS000000002', 1)]}]}}
{'timestamp': 70204505273000, 'order': 'U: SUBBS000000002->SUBBS000000003:1@19000', 'book': {'Bids': [{'price': 14000, 'orders': [(b'SUBBB000000001', 1), (b'SUBCB000000006', 1)]}], 'Asks': [{'price': 16000, 'orders': [(b'SUBCS000000005', 1)]}, {'price': 19000, 'orders': [(b'SUBBS000000003', 1)]}]}}
{'timestamp': 70204505914000, 'order': 'U: SUBBB000000001->SUBBB000000004:1@17000', 'book': {'Bids': [{'price': 14000, 'orders': [(b'SUBCB000000006', 1)]}], 'Asks': [{'price': 19000, 'orders': [(b'SUBBS000000003', 1)]}]}}
{'timestamp': 70204507347000, 'order': 'O: SUBAB000000002:B1xLPS     @18000', 'book': {'Bids': [{'price': 14000, 'orders': [(b'SUBCB000000006', 1)]}], 'Asks': [{'price': 19000, 'orders': [(b'SUBBS000000003', 1)]}]}}
{'timestamp': 70205137842000, 'order': 'O: SUBBB000000005:B1xLPS     @17000', 'book': {'Bids': [{'price': 17000, 'orders': [(b'SUBBB000000005', 1)]}, {'price': 14000, 'orders': [(b'SUBCB000000006', 1)]}], 'Asks': [{'price': 19000, 'orders': [(b'SUBBS000000003', 1)]}]}}
{'timestamp': 70205138450000, 'order': 'U: SUBCS000000005->SUBCS000000007:1@19000', 'book': {'Bids': [{'price': 17000, 'orders': [(b'SUBBB000000005', 1)]}, {'price': 14000, 'orders': [(b'SUBCB000000006', 1)]}], 'Asks': [{'price': 19000, 'orders': [(b'SUBBS000000003', 1)]}]}}
{'timestamp': 70205139872000, 'order': 'U: SUBCB000000006->SUBCB000000008:1@17000', 'book': {'Bids': [{'price': 17000, 'orders': [(b'SUBBB000000005', 1), (b'SUBCB000000008', 1)]}], 'Asks': [{'price': 19000, 'orders': [(b'SUBBS000000003', 1)]}]}}
{'timestamp': 70205140623000, 'order': 'O: SUBCS000000009:S1xLPS     @19000', 'book': {'Bids': [{'price': 17000, 'orders': [(b'SUBBB000000005', 1), (b'SUBCB000000008', 1)]}], 'Asks': [{'price': 19000, 'orders': [(b'SUBBS000000003', 1), (b'SUBCS000000009', 1)]}]}}
{'timestamp': 70209393291000, 'order': 'O: SUB@B000000002:B1xLPS     @214748', 'book': {'Bids': [{'price': 17000, 'orders': [(b'SUBBB000000005', 1), (b'SUBCB000000008', 1)]}], 'Asks': [{'price': 19000, 'orders': [(b'SUBCS000000009', 1)]}]}}
{'timestamp': 70209501270000, 'order': 'O: SUBBS000000006:S1xLPS     @19000', 'book': {'Bids': [{'price': 17000, 'orders': [(b'SUBBB000000005', 1), (b'SUBCB000000008', 1)]}], 'Asks': [{'price': 19000, 'orders': [(b'SUBCS000000009', 1), (b'SUBBS000000006', 1)]}]}}
{'timestamp': 70214510773000, 'order': 'O: SUBAB000000003:B1xLPS     @21000', 'book': {'Bids': [{'price': 17000, 'orders': [(b'SUBBB000000005', 1), (b'SUBCB000000008', 1)]}], 'Asks': [{'price': 19000, 'orders': [(b'SUBBS000000006', 1)]}]}}
{'timestamp': 70214511347000, 'order': 'U: SUBBS000000006->SUBBS000000007:1@22000', 'book': {'Bids': [{'price': 17000, 'orders': [(b'SUBBB000000005', 1), (b'SUBCB000000008', 1)]}], 'Asks': [{'price': 22000, 'orders': [(b'SUBBS000000007', 1)]}]}}
{'timestamp': 70214512748000, 'order': 'U: SUBBB000000005->SUBBB000000008:1@20000', 'book': {'Bids': [{'price': 20000, 'orders': [(b'SUBBB000000008', 1)]}, {'price': 17000, 'orders': [(b'SUBCB000000008', 1)]}], 'Asks': [{'price': 22000, 'orders': [(b'SUBBS000000007', 1)]}]}}
{'timestamp': 70215038082000, 'order': 'U: SUBCS000000009->SUBCS000000010:1@22000', 'book': {'Bids': [{'price': 20000, 'orders': [(b'SUBBB000000008', 1)]}, {'price': 17000, 'orders': [(b'SUBCB000000008', 1)]}], 'Asks': [{'price': 22000, 'orders': [(b'SUBBS000000007', 1)]}]}}
{'timestamp': 70215038617000, 'order': 'U: SUBCB000000008->SUBCB000000011:1@20000', 'book': {'Bids': [{'price': 20000, 'orders': [(b'SUBBB000000008', 1), (b'SUBCB000000011', 1)]}], 'Asks': [{'price': 22000, 'orders': [(b'SUBBS000000007', 1)]}]}}
{'timestamp': 70215040014000, 'order': 'O: SUBCS000000012:S1xLPS     @22000', 'book': {'Bids': [{'price': 20000, 'orders': [(b'SUBBB000000008', 1), (b'SUBCB000000011', 1)]}], 'Asks': [{'price': 22000, 'orders': [(b'SUBBS000000007', 1), (b'SUBCS000000012', 1)]}]}}
{'timestamp': 70304274410000, 'order': 'H: 18138901331504541744:S', 'book': {'Bids': [], 'Asks': []}}
{'timestamp': 70306024226000, 'order': 'O: SUBCB000000001:B1xLPS     @9000', 'book': {'Bids': [{'price': 9000, 'orders': [(b'SUBCB000000001', 1)]}], 'Asks': []}}
{'timestamp': 70306024760000, 'order': 'O: SUBCS000000002:S1xLPS     @11000', 'book': {'Bids': [{'price': 9000, 'orders': [(b'SUBCB000000001', 1)]}], 'Asks': [{'price': 11000, 'orders': [(b'SUBCS000000002', 1)]}]}}
{'timestamp': 70308613111000, 'order': 'O: SUBBB000000001:B1xLPS     @9000', 'book': {'Bids': [{'price': 9000, 'orders': [(b'SUBCB000000001', 1), (b'SUBBB000000001', 1)]}], 'Asks': [{'price': 11000, 'orders': [(b'SUBCS000000002', 1)]}]}}
{'timestamp': 70308613741000, 'order': 'O: SUBBS000000002:S1xLPS     @11000', 'book': {'Bids': [{'price': 9000, 'orders': [(b'SUBCB000000001', 1), (b'SUBBB000000001', 1)]}], 'Asks': [{'price': 11000, 'orders': [(b'SUBCS000000002', 1), (b'SUBBS000000002', 1)]}]}}
{'timestamp': 70310064321000, 'order': 'U: SUBBS000000002->SUBBS000000003:1@16000', 'book': {'Bids': [{'price': 9000, 'orders': [(b'SUBCB000000001', 1), (b'SUBBB000000001', 1)]}], 'Asks': [{'price': 11000, 'orders': [(b'SUBCS000000002', 1)]}, {'price': 16000, 'orders': [(b'SUBBS000000003', 1)]}]}}
{'timestamp': 70310065256000, 'order': 'U: SUBBB000000001->SUBBB000000004:1@14000', 'book': {'Bids': [{'price': 9000, 'orders': [(b'SUBCB000000001', 1)]}], 'Asks': [{'price': 16000, 'orders': [(b'SUBBS000000003', 1)]}]}}
{'timestamp': 70310693648000, 'order': 'O: SUBBB000000005:B1xLPS     @14000', 'book': {'Bids': [{'price': 14000, 'orders': [(b'SUBBB000000005', 1)]}, {'price': 9000, 'orders': [(b'SUBCB000000001', 1)]}], 'Asks': [{'price': 16000, 'orders': [(b'SUBBS000000003', 1)]}]}}
{'timestamp': 70310694117000, 'order': 'U: SUBCS000000002->SUBCS000000003:1@16000', 'book': {'Bids': [{'price': 14000, 'orders': [(b'SUBBB000000005', 1)]}, {'price': 9000, 'orders': [(b'SUBCB000000001', 1)]}], 'Asks': [{'price': 16000, 'orders': [(b'SUBBS000000003', 1)]}]}}
{'timestamp': 70310695560000, 'order': 'U: SUBCB000000001->SUBCB000000004:1@14000', 'book': {'Bids': [{'price': 14000, 'orders': [(b'SUBBB000000005', 1), (b'SUBCB000000004', 1)]}], 'Asks': [{'price': 16000, 'orders': [(b'SUBBS000000003', 1)]}]}}
{'timestamp': 70310696040000, 'order': 'O: SUBCS000000005:S1xLPS     @16000', 'book': {'Bids': [{'price': 14000, 'orders': [(b'SUBBB000000005', 1), (b'SUBCB000000004', 1)]}], 'Asks': [{'price': 16000, 'orders': [(b'SUBBS000000003', 1), (b'SUBCS000000005', 1)]}]}}
{'timestamp': 70314947916000, 'order': 'O: SUB@S000000001:S1xLPS     @0', 'book': {'Bids': [{'price': 14000, 'orders': [(b'SUBCB000000004', 1)]}], 'Asks': [{'price': 16000, 'orders': [(b'SUBBS000000003', 1), (b'SUBCS000000005', 1)]}]}}
{'timestamp': 70315060620000, 'order': 'O: SUBBB000000006:B1xLPS     @14000', 'book': {'Bids': [{'price': 14000, 'orders': [(b'SUBCB000000004', 1), (b'SUBBB000000006', 1)]}], 'Asks': [{'price': 16000, 'orders': [(b'SUBBS000000003', 1), (b'SUBCS000000005', 1)]}]}}
{'timestamp': 70320065742000, 'order': 'O: SUBAB000000001:B1xLPS     @18000', 'book': {'Bids': [{'price': 14000, 'orders': [(b'SUBCB000000004', 1), (b'SUBBB000000006', 1)]}], 'Asks': [{'price': 16000, 'orders': [(b'SUBCS000000005', 1)]}]}}
{'timestamp': 70320066436000, 'order': 'U: SUBBS000000003->SUBBS000000007:1@19000', 'book': {'Bids': [{'price': 14000, 'orders': [(b'SUBCB000000004', 1), (b'SUBBB000000006', 1)]}], 'Asks': [{'price': 16000, 'orders': [(b'SUBCS000000005', 1)]}]}}
{'timestamp': 70320067847000, 'order': 'U: SUBBB000000006->SUBBB000000008:1@17000', 'book': {'Bids': [{'price': 14000, 'orders': [(b'SUBCB000000004', 1)]}], 'Asks': []}}
{'timestamp': 70320819292000, 'order': 'O: SUBBS000000009:S1xLPS     @19000', 'book': {'Bids': [{'price': 14000, 'orders': [(b'SUBCB000000004', 1)]}], 'Asks': [{'price': 19000, 'orders': [(b'SUBBS000000009', 1)]}]}}
{'timestamp': 70320820028000, 'order': 'O: SUBBB000000010:B1xLPS     @17000', 'book': {'Bids': [{'price': 17000, 'orders': [(b'SUBBB000000010', 1)]}, {'price': 14000, 'orders': [(b'SUBCB000000004', 1)]}], 'Asks': [{'price': 19000, 'orders': [(b'SUBBS000000009', 1)]}]}}
{'timestamp': 70320821439000, 'order': 'U: SUBCS000000005->SUBCS000000006:1@19000', 'book': {'Bids': [{'price': 17000, 'orders': [(b'SUBBB000000010', 1)]}, {'price': 14000, 'orders': [(b'SUBCB000000004', 1)]}], 'Asks': [{'price': 19000, 'orders': [(b'SUBBS000000009', 1)]}]}}
{'timestamp': 70320821767000, 'order': 'U: SUBCB000000004->SUBCB000000007:1@17000', 'book': {'Bids': [{'price': 17000, 'orders': [(b'SUBBB000000010', 1), (b'SUBCB000000007', 1)]}], 'Asks': [{'price': 19000, 'orders': [(b'SUBBS000000009', 1)]}]}}
{'timestamp': 70320822315000, 'order': 'O: SUBCS000000008:S1xLPS     @19000', 'book': {'Bids': [{'price': 17000, 'orders': [(b'SUBBB000000010', 1), (b'SUBCB000000007', 1)]}], 'Asks': [{'price': 19000, 'orders': [(b'SUBBS000000009', 1), (b'SUBCS000000008', 1)]}]}}
{'timestamp': 71912345401000, 'order': 'H: 7274764376403357744:S', 'book': {'Bids': [], 'Asks': []}}
{'timestamp': 71914601279000, 'order': 'O: SUBCB000000001:B1xLPS     @9000', 'book': {'Bids': [{'price': 9000, 'orders': [(b'SUBCB000000001', 1)]}], 'Asks': []}}
{'timestamp': 71914601744000, 'order': 'O: SUBCS000000002:S1xLPS     @11000', 'book': {'Bids': [{'price': 9000, 'orders': [(b'SUBCB000000001', 1)]}], 'Asks': [{'price': 11000, 'orders': [(b'SUBCS000000002', 1)]}]}}
{'timestamp': 71916529533000, 'order': 'O: SUBBB000000001:B1xLPS     @9000', 'book': {'Bids': [{'price': 9000, 'orders': [(b'SUBCB000000001', 1), (b'SUBBB000000001', 1)]}], 'Asks': [{'price': 11000, 'orders': [(b'SUBCS000000002', 1)]}]}}
{'timestamp': 71916530187000, 'order': 'O: SUBBS000000002:S1xLPS     @11000', 'book': {'Bids': [{'price': 9000, 'orders': [(b'SUBCB000000001', 1), (b'SUBBB000000001', 1)]}], 'Asks': [{'price': 11000, 'orders': [(b'SUBCS000000002', 1), (b'SUBBS000000002', 1)]}]}}
{'timestamp': 71918205690000, 'order': 'U: SUBBS000000002->SUBBS000000003:1@16000', 'book': {'Bids': [{'price': 9000, 'orders': [(b'SUBCB000000001', 1), (b'SUBBB000000001', 1)]}], 'Asks': [{'price': 11000, 'orders': [(b'SUBCS000000002', 1)]}, {'price': 16000, 'orders': [(b'SUBBS000000003', 1)]}]}}
{'timestamp': 71918206471000, 'order': 'U: SUBBB000000001->SUBBB000000004:1@14000', 'book': {'Bids': [{'price': 9000, 'orders': [(b'SUBCB000000001', 1)]}], 'Asks': [{'price': 16000, 'orders': [(b'SUBBS000000003', 1)]}]}}
{'timestamp': 71918839682000, 'order': 'O: SUBBB000000005:B1xLPS     @14000', 'book': {'Bids': [{'price': 14000, 'orders': [(b'SUBBB000000005', 1)]}, {'price': 9000, 'orders': [(b'SUBCB000000001', 1)]}], 'Asks': [{'price': 16000, 'orders': [(b'SUBBS000000003', 1)]}]}}
{'timestamp': 71918840209000, 'order': 'U: SUBCS000000002->SUBCS000000003:1@16000', 'book': {'Bids': [{'price': 14000, 'orders': [(b'SUBBB000000005', 1)]}, {'price': 9000, 'orders': [(b'SUBCB000000001', 1)]}], 'Asks': [{'price': 16000, 'orders': [(b'SUBBS000000003', 1)]}]}}
{'timestamp': 71918841380000, 'order': 'U: SUBCB000000001->SUBCB000000004:1@14000', 'book': {'Bids': [{'price': 14000, 'orders': [(b'SUBBB000000005', 1), (b'SUBCB000000004', 1)]}], 'Asks': [{'price': 16000, 'orders': [(b'SUBBS000000003', 1)]}]}}
{'timestamp': 71918841837000, 'order': 'O: SUBCS000000005:S1xLPS     @16000', 'book': {'Bids': [{'price': 14000, 'orders': [(b'SUBBB000000005', 1), (b'SUBCB000000004', 1)]}], 'Asks': [{'price': 16000, 'orders': [(b'SUBBS000000003', 1), (b'SUBCS000000005', 1)]}]}}
{'timestamp': 71923092036000, 'order': 'O: SUB@S000000001:S1xLPS     @0', 'book': {'Bids': [{'price': 14000, 'orders': [(b'SUBCB000000004', 1)]}], 'Asks': [{'price': 16000, 'orders': [(b'SUBBS000000003', 1), (b'SUBCS000000005', 1)]}]}}
{'timestamp': 71923206374000, 'order': 'O: SUBBB000000006:B1xLPS     @14000', 'book': {'Bids': [{'price': 14000, 'orders': [(b'SUBCB000000004', 1), (b'SUBBB000000006', 1)]}], 'Asks': [{'price': 16000, 'orders': [(b'SUBBS000000003', 1), (b'SUBCS000000005', 1)]}]}}
{'timestamp': 71928211143000, 'order': 'U: SUBBS000000003->SUBBS000000007:1@19000', 'book': {'Bids': [{'price': 14000, 'orders': [(b'SUBCB000000004', 1), (b'SUBBB000000006', 1)]}], 'Asks': [{'price': 16000, 'orders': [(b'SUBCS000000005', 1)]}, {'price': 19000, 'orders': [(b'SUBBS000000007', 1)]}]}}
{'timestamp': 71928212050000, 'order': 'U: SUBBB000000006->SUBBB000000008:1@17000', 'book': {'Bids': [{'price': 14000, 'orders': [(b'SUBCB000000004', 1)]}], 'Asks': [{'price': 19000, 'orders': [(b'SUBBS000000007', 1)]}]}}
{'timestamp': 71928213295000, 'order': 'O: SUBAB000000001:B1xLPS     @18000', 'book': {'Bids': [{'price': 14000, 'orders': [(b'SUBCB000000004', 1)]}], 'Asks': [{'price': 19000, 'orders': [(b'SUBBS000000007', 1)]}]}}
{'timestamp': 71928849222000, 'order': 'O: SUBBB000000009:B1xLPS     @17000', 'book': {'Bids': [{'price': 17000, 'orders': [(b'SUBBB000000009', 1)]}, {'price': 14000, 'orders': [(b'SUBCB000000004', 1)]}], 'Asks': [{'price': 19000, 'orders': [(b'SUBBS000000007', 1)]}]}}
{'timestamp': 71928849995000, 'order': 'U: SUBCS000000005->SUBCS000000006:1@19000', 'book': {'Bids': [{'price': 17000, 'orders': [(b'SUBBB000000009', 1)]}, {'price': 14000, 'orders': [(b'SUBCB000000004', 1)]}], 'Asks': [{'price': 19000, 'orders': [(b'SUBBS000000007', 1)]}]}}
{'timestamp': 71928851120000, 'order': 'U: SUBCB000000004->SUBCB000000007:1@17000', 'book': {'Bids': [{'price': 17000, 'orders': [(b'SUBBB000000009', 1), (b'SUBCB000000007', 1)]}], 'Asks': [{'price': 19000, 'orders': [(b'SUBBS000000007', 1)]}]}}
{'timestamp': 71928851701000, 'order': 'O: SUBCS000000008:S1xLPS     @19000', 'book': {'Bids': [{'price': 17000, 'orders': [(b'SUBBB000000009', 1), (b'SUBCB000000007', 1)]}], 'Asks': [{'price': 19000, 'orders': [(b'SUBBS000000007', 1), (b'SUBCS000000008', 1)]}]}}
{'timestamp': 71933093892000, 'order': 'O: SUB@B000000002:B1xLPS     @214748', 'book': {'Bids': [{'price': 17000, 'orders': [(b'SUBBB000000009', 1), (b'SUBCB000000007', 1)]}], 'Asks': [{'price': 19000, 'orders': [(b'SUBCS000000008', 1)]}]}}
{'timestamp': 71933204560000, 'order': 'O: SUBBS000000010:S1xLPS     @19000', 'book': {'Bids': [{'price': 17000, 'orders': [(b'SUBBB000000009', 1), (b'SUBCB000000007', 1)]}], 'Asks': [{'price': 19000, 'orders': [(b'SUBCS000000008', 1), (b'SUBBS000000010', 1)]}]}}
{'timestamp': 71938216826000, 'order': 'O: SUBAB000000002:B1xLPS     @21000', 'book': {'Bids': [{'price': 17000, 'orders': [(b'SUBBB000000009', 1), (b'SUBCB000000007', 1)]}], 'Asks': [{'price': 19000, 'orders': [(b'SUBBS000000010', 1)]}]}}
{'timestamp': 71938217541000, 'order': 'U: SUBBS000000010->SUBBS000000011:1@22000', 'book': {'Bids': [{'price': 17000, 'orders': [(b'SUBBB000000009', 1), (b'SUBCB000000007', 1)]}], 'Asks': [{'price': 22000, 'orders': [(b'SUBBS000000011', 1)]}]}}
{'timestamp': 71938218846000, 'order': 'U: SUBBB000000009->SUBBB000000012:1@20000', 'book': {'Bids': [{'price': 20000, 'orders': [(b'SUBBB000000012', 1)]}, {'price': 17000, 'orders': [(b'SUBCB000000007', 1)]}], 'Asks': [{'price': 22000, 'orders': [(b'SUBBS000000011', 1)]}]}}
{'timestamp': 71938743117000, 'order': 'U: SUBCS000000008->SUBCS000000009:1@22000', 'book': {'Bids': [{'price': 20000, 'orders': [(b'SUBBB000000012', 1)]}, {'price': 17000, 'orders': [(b'SUBCB000000007', 1)]}], 'Asks': [{'price': 22000, 'orders': [(b'SUBBS000000011', 1)]}]}}
{'timestamp': 71938743585000, 'order': 'U: SUBCB000000007->SUBCB000000010:1@20000', 'book': {'Bids': [{'price': 20000, 'orders': [(b'SUBBB000000012', 1), (b'SUBCB000000010', 1)]}], 'Asks': [{'price': 22000, 'orders': [(b'SUBBS000000011', 1)]}]}}
{'timestamp': 71938744990000, 'order': 'O: SUBCS000000011:S1xLPS     @22000', 'book': {'Bids': [{'price': 20000, 'orders': [(b'SUBBB000000012', 1), (b'SUBCB000000010', 1)]}], 'Asks': [{'price': 22000, 'orders': [(b'SUBBS000000011', 1), (b'SUBCS000000011', 1)]}]}}
{'timestamp': 71943095777000, 'order': 'O: SUB@S000000003:S1xLPS     @0', 'book': {'Bids': [{'price': 20000, 'orders': [(b'SUBCB000000010', 1)]}], 'Asks': [{'price': 22000, 'orders': [(b'SUBBS000000011', 1), (b'SUBCS000000011', 1)]}]}}
{'timestamp': 71943206548000, 'order': 'O: SUBBB000000013:B1xLPS     @20000', 'book': {'Bids': [{'price': 20000, 'orders': [(b'SUBCB000000010', 1), (b'SUBBB000000013', 1)]}], 'Asks': [{'price': 22000, 'orders': [(b'SUBBS000000011', 1), (b'SUBCS000000011', 1)]}]}}
{'timestamp': 71948217583000, 'order': 'O: SUBAS000000003:S1xLPS     @16000', 'book': {'Bids': [{'price': 20000, 'orders': [(b'SUBBB000000013', 1)]}], 'Asks': [{'price': 22000, 'orders': [(b'SUBBS000000011', 1), (b'SUBCS000000011', 1)]}]}}
{'timestamp': 71948222244000, 'order': 'U: SUBBB000000013->SUBBB000000014:1@15000', 'book': {'Bids': [{'price': 15000, 'orders': [(b'SUBBB000000014', 1)]}], 'Asks': [{'price': 22000, 'orders': [(b'SUBBS000000011', 1), (b'SUBCS000000011', 1)]}]}}
{'timestamp': 71948222702000, 'order': 'U: SUBBS000000011->SUBBS000000015:1@17000', 'book': {'Bids': [{'price': 15000, 'orders': [(b'SUBBB000000014', 1)]}], 'Asks': [{'price': 17000, 'orders': [(b'SUBBS000000015', 1)]}, {'price': 22000, 'orders': [(b'SUBCS000000011', 1)]}]}}
{'timestamp': 71948747187000, 'order': 'U: SUBCB000000010->SUBCB000000012:1@15000', 'book': {'Bids': [{'price': 15000, 'orders': [(b'SUBBB000000014', 1)]}], 'Asks': [{'price': 17000, 'orders': [(b'SUBBS000000015', 1)]}, {'price': 22000, 'orders': [(b'SUBCS000000011', 1)]}]}}
{'timestamp': 71948747643000, 'order': 'U: SUBCS000000011->SUBCS000000013:1@17000', 'book': {'Bids': [{'price': 15000, 'orders': [(b'SUBBB000000014', 1)]}], 'Asks': [{'price': 17000, 'orders': [(b'SUBBS000000015', 1), (b'SUBCS000000013', 1)]}]}}
{'timestamp': 71948749077000, 'order': 'O: SUBCB000000014:B1xLPS     @15000', 'book': {'Bids': [{'price': 15000, 'orders': [(b'SUBBB000000014', 1), (b'SUBCB000000014', 1)]}], 'Asks': [{'price': 17000, 'orders': [(b'SUBBS000000015', 1), (b'SUBCS000000013', 1)]}]}}
{'timestamp': 71953104674000, 'order': 'O: SUB@B000000004:B1xLPS     @214748', 'book': {'Bids': [{'price': 15000, 'orders': [(b'SUBBB000000014', 1), (b'SUBCB000000014', 1)]}], 'Asks': [{'price': 17000, 'orders': [(b'SUBCS000000013', 1)]}]}}
{'timestamp': 71953216912000, 'order': 'O: SUBBS000000016:S1xLPS     @17000', 'book': {'Bids': [{'price': 15000, 'orders': [(b'SUBBB000000014', 1), (b'SUBCB000000014', 1)]}], 'Asks': [{'price': 17000, 'orders': [(b'SUBCS000000013', 1), (b'SUBBS000000016', 1)]}]}}
{'timestamp': 71958234384000, 'order': 'U: SUBBS000000016->SUBBS000000017:1@23000', 'book': {'Bids': [{'price': 15000, 'orders': [(b'SUBBB000000014', 1), (b'SUBCB000000014', 1)]}], 'Asks': [{'price': 17000, 'orders': [(b'SUBCS000000013', 1)]}, {'price': 23000, 'orders': [(b'SUBBS000000017', 1)]}]}}
{'timestamp': 71958235315000, 'order': 'U: SUBBB000000014->SUBBB000000018:1@21000', 'book': {'Bids': [{'price': 15000, 'orders': [(b'SUBCB000000014', 1)]}], 'Asks': [{'price': 23000, 'orders': [(b'SUBBS000000017', 1)]}]}}
{'timestamp': 71958236715000, 'order': 'O: SUBAB000000004:B1xLPS     @22000', 'book': {'Bids': [{'price': 15000, 'orders': [(b'SUBCB000000014', 1)]}], 'Asks': [{'price': 23000, 'orders': [(b'SUBBS000000017', 1)]}]}}
{'timestamp': 71958866635000, 'order': 'O: SUBBB000000019:B1xLPS     @21000', 'book': {'Bids': [{'price': 21000, 'orders': [(b'SUBBB000000019', 1)]}, {'price': 15000, 'orders': [(b'SUBCB000000014', 1)]}], 'Asks': [{'price': 23000, 'orders': [(b'SUBBS000000017', 1)]}]}}
{'timestamp': 71958867551000, 'order': 'U: SUBCS000000013->SUBCS000000015:1@23000', 'book': {'Bids': [{'price': 21000, 'orders': [(b'SUBBB000000019', 1)]}, {'price': 15000, 'orders': [(b'SUBCB000000014', 1)]}], 'Asks': [{'price': 23000, 'orders': [(b'SUBBS000000017', 1)]}]}}
{'timestamp': 71958868968000, 'order': 'U: SUBCB000000014->SUBCB000000016:1@21000', 'book': {'Bids': [{'price': 21000, 'orders': [(b'SUBBB000000019', 1), (b'SUBCB000000016', 1)]}], 'Asks': [{'price': 23000, 'orders': [(b'SUBBS000000017', 1)]}]}}
{'timestamp': 71958869575000, 'order': 'O: SUBCS000000017:S1xLPS     @23000', 'book': {'Bids': [{'price': 21000, 'orders': [(b'SUBBB000000019', 1), (b'SUBCB000000016', 1)]}], 'Asks': [{'price': 23000, 'orders': [(b'SUBBS000000017', 1), (b'SUBCS000000017', 1)]}]}}
{'timestamp': 71963105292000, 'order': 'O: SUB@S000000005:S1xLPS     @0', 'book': {'Bids': [{'price': 21000, 'orders': [(b'SUBCB000000016', 1)]}], 'Asks': [{'price': 23000, 'orders': [(b'SUBBS000000017', 1), (b'SUBCS000000017', 1)]}]}}
{'timestamp': 71963216814000, 'order': 'O: SUBBB000000020:B1xLPS     @21000', 'book': {'Bids': [{'price': 21000, 'orders': [(b'SUBCB000000016', 1), (b'SUBBB000000020', 1)]}], 'Asks': [{'price': 23000, 'orders': [(b'SUBBS000000017', 1), (b'SUBCS000000017', 1)]}]}}
{'timestamp': 71968225260000, 'order': 'O: SUBAS000000005:S1xLPS     @17000', 'book': {'Bids': [{'price': 21000, 'orders': [(b'SUBBB000000020', 1)]}], 'Asks': [{'price': 23000, 'orders': [(b'SUBBS000000017', 1), (b'SUBCS000000017', 1)]}]}}
{'timestamp': 71968226188000, 'order': 'U: SUBBB000000020->SUBBB000000021:1@16000', 'book': {'Bids': [{'price': 16000, 'orders': [(b'SUBBB000000021', 1)]}], 'Asks': [{'price': 23000, 'orders': [(b'SUBBS000000017', 1), (b'SUBCS000000017', 1)]}]}}
{'timestamp': 71968227614000, 'order': 'U: SUBBS000000017->SUBBS000000022:1@18000', 'book': {'Bids': [{'price': 16000, 'orders': [(b'SUBBB000000021', 1)]}], 'Asks': [{'price': 18000, 'orders': [(b'SUBBS000000022', 1)]}, {'price': 23000, 'orders': [(b'SUBCS000000017', 1)]}]}}
{'timestamp': 71968754664000, 'order': 'U: SUBCB000000016->SUBCB000000018:1@16000', 'book': {'Bids': [{'price': 16000, 'orders': [(b'SUBBB000000021', 1)]}], 'Asks': [{'price': 18000, 'orders': [(b'SUBBS000000022', 1)]}, {'price': 23000, 'orders': [(b'SUBCS000000017', 1)]}]}}
{'timestamp': 71968755055000, 'order': 'U: SUBCS000000017->SUBCS000000019:1@18000', 'book': {'Bids': [{'price': 16000, 'orders': [(b'SUBBB000000021', 1)]}], 'Asks': [{'price': 18000, 'orders': [(b'SUBBS000000022', 1), (b'SUBCS000000019', 1)]}]}}
{'timestamp': 71968756609000, 'order': 'O: SUBCB000000020:B1xLPS     @16000', 'book': {'Bids': [{'price': 16000, 'orders': [(b'SUBBB000000021', 1), (b'SUBCB000000020', 1)]}], 'Asks': [{'price': 18000, 'orders': [(b'SUBBS000000022', 1), (b'SUBCS000000019', 1)]}]}}
{'timestamp': 71973107111000, 'order': 'O: SUB@B000000006:B1xLPS     @214748', 'book': {'Bids': [{'price': 16000, 'orders': [(b'SUBBB000000021', 1), (b'SUBCB000000020', 1)]}], 'Asks': [{'price': 18000, 'orders': [(b'SUBCS000000019', 1)]}]}}
{'timestamp': 71973220102000, 'order': 'O: SUBBS000000023:S1xLPS     @18000', 'book': {'Bids': [{'price': 16000, 'orders': [(b'SUBBB000000021', 1), (b'SUBCB000000020', 1)]}], 'Asks': [{'price': 18000, 'orders': [(b'SUBCS000000019', 1), (b'SUBBS000000023', 1)]}]}}
{'timestamp': 71984114737000, 'order': 'U: SUBCS000000019->SUBCS000000021:1@17053', 'book': {'Bids': [{'price': 16000, 'orders': [(b'SUBBB000000021', 1), (b'SUBCB000000020', 1)]}], 'Asks': [{'price': 17053, 'orders': [(b'SUBCS000000021', 1)]}, {'price': 18000, 'orders': [(b'SUBBS000000023', 1)]}]}}
{'timestamp': 71984115609000, 'order': 'U: SUBCB000000020->SUBCB000000022:1@16947', 'book': {'Bids': [{'price': 16947, 'orders': [(b'SUBCB000000022', 1)]}, {'price': 16000, 'orders': [(b'SUBBB000000021', 1)]}], 'Asks': [{'price': 17053, 'orders': [(b'SUBCS000000021', 1)]}, {'price': 18000, 'orders': [(b'SUBBS000000023', 1)]}]}}
{'timestamp': 71985675585000, 'order': 'U: SUBCS000000021->SUBCS000000023:1@17232', 'book': {'Bids': [{'price': 16947, 'orders': [(b'SUBCB000000022', 1)]}, {'price': 16000, 'orders': [(b'SUBBB000000021', 1)]}], 'Asks': [{'price': 17232, 'orders': [(b'SUBCS000000023', 1)]}, {'price': 18000, 'orders': [(b'SUBBS000000023', 1)]}]}}
{'timestamp': 71985676198000, 'order': 'U: SUBCB000000022->SUBCB000000024:1@16768', 'book': {'Bids': [{'price': 16768, 'orders': [(b'SUBCB000000024', 1)]}, {'price': 16000, 'orders': [(b'SUBBB000000021', 1)]}], 'Asks': [{'price': 17232, 'orders': [(b'SUBCS000000023', 1)]}, {'price': 18000, 'orders': [(b'SUBBS000000023', 1)]}]}}
{'timestamp': 71986709567000, 'order': 'U: SUBCS000000023->SUBCS000000025:1@17490', 'book': {'Bids': [{'price': 16768, 'orders': [(b'SUBCB000000024', 1)]}, {'price': 16000, 'orders': [(b'SUBBB000000021', 1)]}], 'Asks': [{'price': 17490, 'orders': [(b'SUBCS000000025', 1)]}, {'price': 18000, 'orders': [(b'SUBBS000000023', 1)]}]}}
{'timestamp': 71986710235000, 'order': 'U: SUBCB000000024->SUBCB000000026:1@16510', 'book': {'Bids': [{'price': 16510, 'orders': [(b'SUBCB000000026', 1)]}, {'price': 16000, 'orders': [(b'SUBBB000000021', 1)]}], 'Asks': [{'price': 17490, 'orders': [(b'SUBCS000000025', 1)]}, {'price': 18000, 'orders': [(b'SUBBS000000023', 1)]}]}}
{'timestamp': 71988387687000, 'order': 'U: SUBCS000000025->SUBCS000000027:1@17422', 'book': {'Bids': [{'price': 16510, 'orders': [(b'SUBCB000000026', 1)]}, {'price': 16000, 'orders': [(b'SUBBB000000021', 1)]}], 'Asks': [{'price': 17422, 'orders': [(b'SUBCS000000027', 1)]}, {'price': 18000, 'orders': [(b'SUBBS000000023', 1)]}]}}
{'timestamp': 71988388210000, 'order': 'U: SUBCB000000026->SUBCB000000028:1@16578', 'book': {'Bids': [{'price': 16578, 'orders': [(b'SUBCB000000028', 1)]}, {'price': 16000, 'orders': [(b'SUBBB000000021', 1)]}], 'Asks': [{'price': 17422, 'orders': [(b'SUBCS000000027', 1)]}, {'price': 18000, 'orders': [(b'SUBBS000000023', 1)]}]}}
{'timestamp': 71989305409000, 'order': 'U: SUBCS000000027->SUBCS000000029:1@17191', 'book': {'Bids': [{'price': 16578, 'orders': [(b'SUBCB000000028', 1)]}, {'price': 16000, 'orders': [(b'SUBBB000000021', 1)]}], 'Asks': [{'price': 17191, 'orders': [(b'SUBCS000000029', 1)]}, {'price': 18000, 'orders': [(b'SUBBS000000023', 1)]}]}}
{'timestamp': 71989306517000, 'order': 'U: SUBCB000000028->SUBCB000000030:1@16808', 'book': {'Bids': [{'price': 16808, 'orders': [(b'SUBCB000000030', 1)]}, {'price': 16000, 'orders': [(b'SUBBB000000021', 1)]}], 'Asks': [{'price': 17191, 'orders': [(b'SUBCS000000029', 1)]}, {'price': 18000, 'orders': [(b'SUBBS000000023', 1)]}]}}
{'timestamp': 71990610458000, 'order': 'U: SUBCS000000029->SUBCS000000031:1@17536', 'book': {'Bids': [{'price': 16808, 'orders': [(b'SUBCB000000030', 1)]}, {'price': 16000, 'orders': [(b'SUBBB000000021', 1)]}], 'Asks': [{'price': 17536, 'orders': [(b'SUBCS000000031', 1)]}, {'price': 18000, 'orders': [(b'SUBBS000000023', 1)]}]}}
{'timestamp': 71990611125000, 'order': 'U: SUBCB000000030->SUBCB000000032:1@16464', 'book': {'Bids': [{'price': 16464, 'orders': [(b'SUBCB000000032', 1)]}, {'price': 16000, 'orders': [(b'SUBBB000000021', 1)]}], 'Asks': [{'price': 17536, 'orders': [(b'SUBCS000000031', 1)]}, {'price': 18000, 'orders': [(b'SUBBS000000023', 1)]}]}}
{'timestamp': 71991892361000, 'order': 'U: SUBCS000000031->SUBCS000000033:1@17395', 'book': {'Bids': [{'price': 16464, 'orders': [(b'SUBCB000000032', 1)]}, {'price': 16000, 'orders': [(b'SUBBB000000021', 1)]}], 'Asks': [{'price': 17395, 'orders': [(b'SUBCS000000033', 1)]}, {'price': 18000, 'orders': [(b'SUBBS000000023', 1)]}]}}
{'timestamp': 71991893071000, 'order': 'U: SUBCB000000032->SUBCB000000034:1@16605', 'book': {'Bids': [{'price': 16605, 'orders': [(b'SUBCB000000034', 1)]}, {'price': 16000, 'orders': [(b'SUBBB000000021', 1)]}], 'Asks': [{'price': 17395, 'orders': [(b'SUBCS000000033', 1)]}, {'price': 18000, 'orders': [(b'SUBBS000000023', 1)]}]}}
{'timestamp': 71993226921000, 'order': 'U: SUBCS000000033->SUBCS000000035:1@17007', 'book': {'Bids': [{'price': 16605, 'orders': [(b'SUBCB000000034', 1)]}, {'price': 16000, 'orders': [(b'SUBBB000000021', 1)]}], 'Asks': [{'price': 17007, 'orders': [(b'SUBCS000000035', 1)]}, {'price': 18000, 'orders': [(b'SUBBS000000023', 1)]}]}}
{'timestamp': 71993227689000, 'order': 'U: SUBCB000000034->SUBCB000000036:1@16993', 'book': {'Bids': [{'price': 16993, 'orders': [(b'SUBCB000000036', 1)]}, {'price': 16000, 'orders': [(b'SUBBB000000021', 1)]}], 'Asks': [{'price': 17007, 'orders': [(b'SUBCS000000035', 1)]}, {'price': 18000, 'orders': [(b'SUBBS000000023', 1)]}]}}
{'timestamp': 71994336547000, 'order': 'U: SUBCS000000035->SUBCS000000037:1@17110', 'book': {'Bids': [{'price': 16993, 'orders': [(b'SUBCB000000036', 1)]}, {'price': 16000, 'orders': [(b'SUBBB000000021', 1)]}], 'Asks': [{'price': 17110, 'orders': [(b'SUBCS000000037', 1)]}, {'price': 18000, 'orders': [(b'SUBBS000000023', 1)]}]}}
{'timestamp': 71994337058000, 'order': 'U: SUBCB000000036->SUBCB000000038:1@16890', 'book': {'Bids': [{'price': 16890, 'orders': [(b'SUBCB000000038', 1)]}, {'price': 16000, 'orders': [(b'SUBBB000000021', 1)]}], 'Asks': [{'price': 17110, 'orders': [(b'SUBCS000000037', 1)]}, {'price': 18000, 'orders': [(b'SUBBS000000023', 1)]}]}}
{'timestamp': 71995845961000, 'order': 'U: SUBCS000000037->SUBCS000000039:1@17728', 'book': {'Bids': [{'price': 16890, 'orders': [(b'SUBCB000000038', 1)]}, {'price': 16000, 'orders': [(b'SUBBB000000021', 1)]}], 'Asks': [{'price': 17728, 'orders': [(b'SUBCS000000039', 1)]}, {'price': 18000, 'orders': [(b'SUBBS000000023', 1)]}]}}
{'timestamp': 71995847989000, 'order': 'U: SUBCB000000038->SUBCB000000040:1@16271', 'book': {'Bids': [{'price': 16271, 'orders': [(b'SUBCB000000040', 1)]}, {'price': 16000, 'orders': [(b'SUBBB000000021', 1)]}], 'Asks': [{'price': 17728, 'orders': [(b'SUBCS000000039', 1)]}, {'price': 18000, 'orders': [(b'SUBBS000000023', 1)]}]}}
{'timestamp': 71998735848000, 'order': 'U: SUBCS000000039->SUBCS000000041:1@17460', 'book': {'Bids': [{'price': 16271, 'orders': [(b'SUBCB000000040', 1)]}, {'price': 16000, 'orders': [(b'SUBBB000000021', 1)]}], 'Asks': [{'price': 17460, 'orders': [(b'SUBCS000000041', 1)]}, {'price': 18000, 'orders': [(b'SUBBS000000023', 1)]}]}}
{'timestamp': 71998736475000, 'order': 'U: SUBCB000000040->SUBCB000000042:1@16540', 'book': {'Bids': [{'price': 16540, 'orders': [(b'SUBCB000000042', 1)]}, {'price': 16000, 'orders': [(b'SUBBB000000021', 1)]}], 'Asks': [{'price': 17460, 'orders': [(b'SUBCS000000041', 1)]}, {'price': 18000, 'orders': [(b'SUBBS000000023', 1)]}]}}
{'timestamp': 71999891902000, 'order': 'U: SUBCS000000041->SUBCS000000043:1@17319', 'book': {'Bids': [{'price': 16540, 'orders': [(b'SUBCB000000042', 1)]}, {'price': 16000, 'orders': [(b'SUBBB000000021', 1)]}], 'Asks': [{'price': 17319, 'orders': [(b'SUBCS000000043', 1)]}, {'price': 18000, 'orders': [(b'SUBBS000000023', 1)]}]}}
{'timestamp': 71999892931000, 'order': 'U: SUBCB000000042->SUBCB000000044:1@16681', 'book': {'Bids': [{'price': 16681, 'orders': [(b'SUBCB000000044', 1)]}, {'price': 16000, 'orders': [(b'SUBBB000000021', 1)]}], 'Asks': [{'price': 17319, 'orders': [(b'SUBCS000000043', 1)]}, {'price': 18000, 'orders': [(b'SUBBS000000023', 1)]}]}}
{'timestamp': 72000542137000, 'order': 'U: SUBCS000000043->SUBCS000000045:1@17123', 'book': {'Bids': [{'price': 16681, 'orders': [(b'SUBCB000000044', 1)]}, {'price': 16000, 'orders': [(b'SUBBB000000021', 1)]}], 'Asks': [{'price': 17123, 'orders': [(b'SUBCS000000045', 1)]}, {'price': 18000, 'orders': [(b'SUBBS000000023', 1)]}]}}
{'timestamp': 72000543025000, 'order': 'U: SUBCB000000044->SUBCB000000046:1@16876', 'book': {'Bids': [{'price': 16876, 'orders': [(b'SUBCB000000046', 1)]}, {'price': 16000, 'orders': [(b'SUBBB000000021', 1)]}], 'Asks': [{'price': 17123, 'orders': [(b'SUBCS000000045', 1)]}, {'price': 18000, 'orders': [(b'SUBBS000000023', 1)]}]}}
{'timestamp': 72001990613000, 'order': 'U: SUBCS000000045->SUBCS000000047:1@17875', 'book': {'Bids': [{'price': 16876, 'orders': [(b'SUBCB000000046', 1)]}, {'price': 16000, 'orders': [(b'SUBBB000000021', 1)]}], 'Asks': [{'price': 17875, 'orders': [(b'SUBCS000000047', 1)]}, {'price': 18000, 'orders': [(b'SUBBS000000023', 1)]}]}}
{'timestamp': 72001992260000, 'order': 'U: SUBCB000000046->SUBCB000000048:1@16125', 'book': {'Bids': [{'price': 16125, 'orders': [(b'SUBCB000000048', 1)]}, {'price': 16000, 'orders': [(b'SUBBB000000021', 1)]}], 'Asks': [{'price': 17875, 'orders': [(b'SUBCS000000047', 1)]}, {'price': 18000, 'orders': [(b'SUBBS000000023', 1)]}]}}
{'timestamp': 73696837078000, 'order': 'H: 16193110034919469104:S', 'book': {'Bids': [], 'Asks': []}}
{'timestamp': 73698739071000, 'order': 'O: SUBCB000000001:B1xLPS     @9000', 'book': {'Bids': [{'price': 9000, 'orders': [(b'SUBCB000000001', 1)]}], 'Asks': []}}
{'timestamp': 73698739586000, 'order': 'O: SUBCS000000002:S1xLPS     @11000', 'book': {'Bids': [{'price': 9000, 'orders': [(b'SUBCB000000001', 1)]}], 'Asks': [{'price': 11000, 'orders': [(b'SUBCS000000002', 1)]}]}}
{'timestamp': 73700304866000, 'order': 'U: SUBCB000000001->SUBCB000000003:1@9795', 'book': {'Bids': [{'price': 9795, 'orders': [(b'SUBCB000000003', 1)]}], 'Asks': [{'price': 11000, 'orders': [(b'SUBCS000000002', 1)]}]}}
{'timestamp': 73700305576000, 'order': 'U: SUBCS000000002->SUBCS000000004:1@10205', 'book': {'Bids': [{'price': 9795, 'orders': [(b'SUBCB000000003', 1)]}], 'Asks': [{'price': 10205, 'orders': [(b'SUBCS000000004', 1)]}]}}
{'timestamp': 73703271093000, 'order': 'U: SUBCS000000004->SUBCS000000005:1@15205', 'book': {'Bids': [{'price': 9795, 'orders': [(b'SUBCB000000003', 1)]}], 'Asks': [{'price': 15205, 'orders': [(b'SUBCS000000005', 1)]}]}}
{'timestamp': 73703272029000, 'order': 'U: SUBCB000000003->SUBCB000000006:1@14795', 'book': {'Bids': [{'price': 14795, 'orders': [(b'SUBCB000000006', 1)]}], 'Asks': [{'price': 15205, 'orders': [(b'SUBCS000000005', 1)]}]}}
{'timestamp': 73707757863000, 'order': 'O: SUB@S000000001:S1xLPS     @0', 'book': {'Bids': [], 'Asks': [{'price': 15205, 'orders': [(b'SUBCS000000005', 1)]}]}}
{'timestamp': 73708273448000, 'order': 'O: SUBCB000000007:B1xLPS     @14795', 'book': {'Bids': [{'price': 14795, 'orders': [(b'SUBCB000000007', 1)]}], 'Asks': [{'price': 15205, 'orders': [(b'SUBCS000000005', 1)]}]}}
{'timestamp': 73708397045000, 'order': 'O: SUBBB000000001:B1xLPS     @14000', 'book': {'Bids': [{'price': 14795, 'orders': [(b'SUBCB000000007', 1)]}, {'price': 14000, 'orders': [(b'SUBBB000000001', 1)]}], 'Asks': [{'price': 15205, 'orders': [(b'SUBCS000000005', 1)]}]}}
{'timestamp': 73708398130000, 'order': 'O: SUBBS000000002:S1xLPS     @16000', 'book': {'Bids': [{'price': 14795, 'orders': [(b'SUBCB000000007', 1)]}, {'price': 14000, 'orders': [(b'SUBBB000000001', 1)]}], 'Asks': [{'price': 15205, 'orders': [(b'SUBCS000000005', 1)]}, {'price': 16000, 'orders': [(b'SUBBS000000002', 1)]}]}}
{'timestamp': 73709116534000, 'order': 'U: SUBBB000000001->SUBBB000000003:1@14846', 'book': {'Bids': [{'price': 14846, 'orders': [(b'SUBBB000000003', 1)]}, {'price': 14795, 'orders': [(b'SUBCB000000007', 1)]}], 'Asks': [{'price': 15205, 'orders': [(b'SUBCS000000005', 1)]}, {'price': 16000, 'orders': [(b'SUBBS000000002', 1)]}]}}
{'timestamp': 73709117262000, 'order': 'U: SUBBS000000002->SUBBS000000004:1@15153', 'book': {'Bids': [{'price': 14846, 'orders': [(b'SUBBB000000003', 1)]}, {'price': 14795, 'orders': [(b'SUBCB000000007', 1)]}], 'Asks': [{'price': 15153, 'orders': [(b'SUBBS000000004', 1)]}, {'price': 15205, 'orders': [(b'SUBCS000000005', 1)]}]}}
{'timestamp': 73712889527000, 'order': 'U: SUBBS000000004->SUBBS000000005:1@18153', 'book': {'Bids': [{'price': 14846, 'orders': [(b'SUBBB000000003', 1)]}, {'price': 14795, 'orders': [(b'SUBCB000000007', 1)]}], 'Asks': [{'price': 15205, 'orders': [(b'SUBCS000000005', 1)]}, {'price': 18153, 'orders': [(b'SUBBS000000005', 1)]}]}}
{'timestamp': 73712890233000, 'order': 'U: SUBBB000000003->SUBBB000000006:1@17846', 'book': {'Bids': [{'price': 14795, 'orders': [(b'SUBCB000000007', 1)]}], 'Asks': [{'price': 18153, 'orders': [(b'SUBBS000000005', 1)]}]}}
{'timestamp': 73712891614000, 'order': 'O: SUBAB000000001:B1xLPS     @18000', 'book': {'Bids': [{'price': 14795, 'orders': [(b'SUBCB000000007', 1)]}], 'Asks': [{'price': 18153, 'orders': [(b'SUBBS000000005', 1)]}]}}
{'timestamp': 73713522893000, 'order': 'O: SUBBB000000007:B1xLPS     @17846', 'book': {'Bids': [{'price': 17846, 'orders': [(b'SUBBB000000007', 1)]}, {'price': 14795, 'orders': [(b'SUBCB000000007', 1)]}], 'Asks': [{'price': 18153, 'orders': [(b'SUBBS000000005', 1)]}]}}
{'timestamp': 73713523359000, 'order': 'U: SUBCS000000005->SUBCS000000008:1@18205', 'book': {'Bids': [{'price': 17846, 'orders': [(b'SUBBB000000007', 1)]}, {'price': 14795, 'orders': [(b'SUBCB000000007', 1)]}], 'Asks': [{'price': 18153, 'orders': [(b'SUBBS000000005', 1)]}]}}
{'timestamp': 73713523672000, 'order': 'U: SUBCB000000007->SUBCB000000009:1@17795', 'book': {'Bids': [{'price': 17846, 'orders': [(b'SUBBB000000007', 1)]}, {'price': 17795, 'orders': [(b'SUBCB000000009', 1)]}], 'Asks': [{'price': 18153, 'orders': [(b'SUBBS000000005', 1)]}]}}
{'timestamp': 73713524356000, 'order': 'O: SUBCS000000010:S1xLPS     @18205', 'book': {'Bids': [{'price': 17846, 'orders': [(b'SUBBB000000007', 1)]}, {'price': 17795, 'orders': [(b'SUBCB000000009', 1)]}], 'Asks': [{'price': 18153, 'orders': [(b'SUBBS000000005', 1)]}, {'price': 18205, 'orders': [(b'SUBCS000000010', 1)]}]}}
{'timestamp': 73717763619000, 'order': 'O: SUB@B000000002:B1xLPS     @214748', 'book': {'Bids': [{'price': 17846, 'orders': [(b'SUBBB000000007', 1)]}, {'price': 17795, 'orders': [(b'SUBCB000000009', 1)]}], 'Asks': [{'price': 18205, 'orders': [(b'SUBCS000000010', 1)]}]}}
{'timestamp': 73717876027000, 'order': 'O: SUBBS000000008:S1xLPS     @18153', 'book': {'Bids': [{'price': 17846, 'orders': [(b'SUBBB000000007', 1)]}, {'price': 17795, 'orders': [(b'SUBCB000000009', 1)]}], 'Asks': [{'price': 18153, 'orders': [(b'SUBBS000000008', 1)]}, {'price': 18205, 'orders': [(b'SUBCS000000010', 1)]}]}}
{'timestamp': 73722881526000, 'order': 'O: SUBAB000000002:B1xLPS     @21000', 'book': {'Bids': [{'price': 17846, 'orders': [(b'SUBBB000000007', 1)]}, {'price': 17795, 'orders': [(b'SUBCB000000009', 1)]}], 'Asks': [{'price': 18205, 'orders': [(b'SUBCS000000010', 1)]}]}}
{'timestamp': 73722882403000, 'order': 'U: SUBBS000000008->SUBBS000000009:1@21153', 'book': {'Bids': [{'price': 17846, 'orders': [(b'SUBBB000000007', 1)]}, {'price': 17795, 'orders': [(b'SUBCB000000009', 1)]}], 'Asks': [{'price': 18205, 'orders': [(b'SUBCS000000010', 1)]}]}}
{'timestamp': 73722883543000, 'order': 'U: SUBBB000000007->SUBBB000000010:1@20846', 'book': {'Bids': [{'price': 17795, 'orders': [(b'SUBCB000000009', 1)]}], 'Asks': []}}
{'timestamp': 73723631758000, 'order': 'O: SUBBS000000011:S1xLPS     @21153', 'book': {'Bids': [{'price': 17795, 'orders': [(b'SUBCB000000009', 1)]}], 'Asks': [{'price': 21153, 'orders': [(b'SUBBS000000011', 1)]}]}}
{'timestamp': 73723632339000, 'order': 'O: SUBBB000000012:B1xLPS     @20846', 'book': {'Bids': [{'price': 20846, 'orders': [(b'SUBBB000000012', 1)]}, {'price': 17795, 'orders': [(b'SUBCB000000009', 1)]}], 'Asks': [{'price': 21153, 'orders': [(b'SUBBS000000011', 1)]}]}}
{'timestamp': 73723633564000, 'order': 'U: SUBCS000000010->SUBCS000000011:1@21205', 'book': {'Bids': [{'price': 20846, 'orders': [(b'SUBBB000000012', 1)]}, {'price': 17795, 'orders': [(b'SUBCB000000009', 1)]}], 'Asks': [{'price': 21153, 'orders': [(b'SUBBS000000011', 1)]}]}}
{'timestamp': 73723633977000, 'order': 'U: SUBCB000000009->SUBCB000000012:1@20795', 'book': {'Bids': [{'price': 20846, 'orders': [(b'SUBBB000000012', 1)]}, {'price': 20795, 'orders': [(b'SUBCB000000012', 1)]}], 'Asks': [{'price': 21153, 'orders': [(b'SUBBS000000011', 1)]}]}}
{'timestamp': 73723634639000, 'order': 'O: SUBCS000000013:S1xLPS     @21205', 'book': {'Bids': [{'price': 20846, 'orders': [(b'SUBBB000000012', 1)]}, {'price': 20795, 'orders': [(b'SUBCB000000012', 1)]}], 'Asks': [{'price': 21153, 'orders': [(b'SUBBS000000011', 1)]}, {'price': 21205, 'orders': [(b'SUBCS000000013', 1)]}]}}
{'timestamp': 73727762694000, 'order': 'O: SUB@S000000003:S1xLPS     @0', 'book': {'Bids': [{'price': 20795, 'orders': [(b'SUBCB000000012', 1)]}], 'Asks': [{'price': 21153, 'orders': [(b'SUBBS000000011', 1)]}, {'price': 21205, 'orders': [(b'SUBCS000000013', 1)]}]}}
{'timestamp': 73727874807000, 'order': 'O: SUBBB000000013:B1xLPS     @20846', 'book': {'Bids': [{'price': 20846, 'orders': [(b'SUBBB000000013', 1)]}, {'price': 20795, 'orders': [(b'SUBCB000000012', 1)]}], 'Asks': [{'price': 21153, 'orders': [(b'SUBBS000000011', 1)]}, {'price': 21205, 'orders': [(b'SUBCS000000013', 1)]}]}}
{'timestamp': 73732893264000, 'order': 'O: SUBAS000000003:S1xLPS     @16000', 'book': {'Bids': [{'price': 20795, 'orders': [(b'SUBCB000000012', 1)]}], 'Asks': [{'price': 21153, 'orders': [(b'SUBBS000000011', 1)]}, {'price': 21205, 'orders': [(b'SUBCS000000013', 1)]}]}}
{'timestamp': 73732893967000, 'order': 'U: SUBBB000000013->SUBBB000000014:1@15846', 'book': {'Bids': [{'price': 20795, 'orders': [(b'SUBCB000000012', 1)]}], 'Asks': [{'price': 21153, 'orders': [(b'SUBBS000000011', 1)]}, {'price': 21205, 'orders': [(b'SUBCS000000013', 1)]}]}}
{'timestamp': 73732895388000, 'order': 'U: SUBBS000000011->SUBBS000000015:1@16153', 'book': {'Bids': [], 'Asks': [{'price': 21205, 'orders': [(b'SUBCS000000013', 1)]}]}}
{'timestamp': 73733642852000, 'order': 'O: SUBBB000000016:B1xLPS     @15846', 'book': {'Bids': [{'price': 15846, 'orders': [(b'SUBBB000000016', 1)]}], 'Asks': [{'price': 21205, 'orders': [(b'SUBCS000000013', 1)]}]}}
{'timestamp': 73733643610000, 'order': 'O: SUBBS000000017:S1xLPS     @16153', 'book': {'Bids': [{'price': 15846, 'orders': [(b'SUBBB000000016', 1)]}], 'Asks': [{'price': 16153, 'orders': [(b'SUBBS000000017', 1)]}, {'price': 21205, 'orders': [(b'SUBCS000000013', 1)]}]}}
{'timestamp': 73733645054000, 'order': 'U: SUBCB000000012->SUBCB000000014:1@15795', 'book': {'Bids': [{'price': 15846, 'orders': [(b'SUBBB000000016', 1)]}], 'Asks': [{'price': 16153, 'orders': [(b'SUBBS000000017', 1)]}, {'price': 21205, 'orders': [(b'SUBCS000000013', 1)]}]}}
{'timestamp': 73733645394000, 'order': 'U: SUBCS000000013->SUBCS000000015:1@16205', 'book': {'Bids': [{'price': 15846, 'orders': [(b'SUBBB000000016', 1)]}], 'Asks': [{'price': 16153, 'orders': [(b'SUBBS000000017', 1)]}, {'price': 16205, 'orders': [(b'SUBCS000000015', 1)]}]}}
{'timestamp': 73733645939000, 'order': 'O: SUBCB000000016:B1xLPS     @15795', 'book': {'Bids': [{'price': 15846, 'orders': [(b'SUBBB000000016', 1)]}, {'price': 15795, 'orders': [(b'SUBCB000000016', 1)]}], 'Asks': [{'price': 16153, 'orders': [(b'SUBBS000000017', 1)]}, {'price': 16205, 'orders': [(b'SUBCS000000015', 1)]}]}}
{'timestamp': 73737769329000, 'order': 'O: SUB@B000000004:B1xLPS     @214748', 'book': {'Bids': [{'price': 15846, 'orders': [(b'SUBBB000000016', 1)]}, {'price': 15795, 'orders': [(b'SUBCB000000016', 1)]}], 'Asks': [{'price': 16205, 'orders': [(b'SUBCS000000015', 1)]}]}}
{'timestamp': 73737883803000, 'order': 'O: SUBBS000000018:S1xLPS     @16153', 'book': {'Bids': [{'price': 15846, 'orders': [(b'SUBBB000000016', 1)]}, {'price': 15795, 'orders': [(b'SUBCB000000016', 1)]}], 'Asks': [{'price': 16153, 'orders': [(b'SUBBS000000018', 1)]}, {'price': 16205, 'orders': [(b'SUBCS000000015', 1)]}]}}
{'timestamp': 73742887482000, 'order': 'U: SUBBS000000018->SUBBS000000019:1@22153', 'book': {'Bids': [{'price': 15846, 'orders': [(b'SUBBB000000016', 1)]}, {'price': 15795, 'orders': [(b'SUBCB000000016', 1)]}], 'Asks': [{'price': 16205, 'orders': [(b'SUBCS000000015', 1)]}, {'price': 22153, 'orders': [(b'SUBBS000000019', 1)]}]}}
{'timestamp': 73742888043000, 'order': 'U: SUBBB000000016->SUBBB000000020:1@21846', 'book': {'Bids': [{'price': 15795, 'orders': [(b'SUBCB000000016', 1)]}], 'Asks': [{'price': 22153, 'orders': [(b'SUBBS000000019', 1)]}]}}
{'timestamp': 73742889457000, 'order': 'O: SUBAB000000004:B1xLPS     @22000', 'book': {'Bids': [{'price': 15795, 'orders': [(b'SUBCB000000016', 1)]}], 'Asks': [{'price': 22153, 'orders': [(b'SUBBS000000019', 1)]}]}}
{'timestamp': 73743519568000, 'order': 'O: SUBBB000000021:B1xLPS     @21846', 'book': {'Bids': [{'price': 21846, 'orders': [(b'SUBBB000000021', 1)]}, {'price': 15795, 'orders': [(b'SUBCB000000016', 1)]}], 'Asks': [{'price': 22153, 'orders': [(b'SUBBS000000019', 1)]}]}}
{'timestamp': 73743520082000, 'order': 'U: SUBCS000000015->SUBCS000000017:1@22205', 'book': {'Bids': [{'price': 21846, 'orders': [(b'SUBBB000000021', 1)]}, {'price': 15795, 'orders': [(b'SUBCB000000016', 1)]}], 'Asks': [{'price': 22153, 'orders': [(b'SUBBS000000019', 1)]}]}}
{'timestamp': 73743521512000, 'order': 'U: SUBCB000000016->SUBCB000000018:1@21795', 'book': {'Bids': [{'price': 21846, 'orders': [(b'SUBBB000000021', 1)]}, {'price': 21795, 'orders': [(b'SUBCB000000018', 1)]}], 'Asks': [{'price': 22153, 'orders': [(b'SUBBS000000019', 1)]}]}}
{'timestamp': 73743522019000, 'order': 'O: SUBCS000000019:S1xLPS     @22205', 'book': {'Bids': [{'price': 21846, 'orders': [(b'SUBBB000000021', 1)]}, {'price': 21795, 'orders': [(b'SUBCB000000018', 1)]}], 'Asks': [{'price': 22153, 'orders': [(b'SUBBS000000019', 1)]}, {'price': 22205, 'orders': [(b'SUBCS000000019', 1)]}]}}
{'timestamp': 73747774345000, 'order': 'O: SUB@S000000005:S1xLPS     @0', 'book': {'Bids': [{'price': 21795, 'orders': [(b'SUBCB000000018', 1)]}], 'Asks': [{'price': 22153, 'orders': [(b'SUBBS000000019', 1)]}, {'price': 22205, 'orders': [(b'SUBCS000000019', 1)]}]}}
{'timestamp': 73747887416000, 'order': 'O: SUBBB000000022:B1xLPS     @21846', 'book': {'Bids': [{'price': 21846, 'orders': [(b'SUBBB000000022', 1)]}, {'price': 21795, 'orders': [(b'SUBCB000000018', 1)]}], 'Asks': [{'price': 22153, 'orders': [(b'SUBBS000000019', 1)]}, {'price': 22205, 'orders': [(b'SUBCS000000019', 1)]}]}}
{'timestamp': 73752902976000, 'order': 'U: SUBBB000000022->SUBBB000000023:1@16846', 'book': {'Bids': [{'price': 21795, 'orders': [(b'SUBCB000000018', 1)]}, {'price': 16846, 'orders': [(b'SUBBB000000023', 1)]}], 'Asks': [{'price': 22153, 'orders': [(b'SUBBS000000019', 1)]}, {'price': 22205, 'orders': [(b'SUBCS000000019', 1)]}]}}
{'timestamp': 73752903634000, 'order': 'U: SUBBS000000019->SUBBS000000024:1@17153', 'book': {'Bids': [{'price': 16846, 'orders': [(b'SUBBB000000023', 1)]}], 'Asks': [{'price': 22205, 'orders': [(b'SUBCS000000019', 1)]}]}}
{'timestamp': 73752905076000, 'order': 'O: SUBAS000000005:S1xLPS     @17000', 'book': {'Bids': [{'price': 16846, 'orders': [(b'SUBBB000000023', 1)]}], 'Asks': [{'price': 22205, 'orders': [(b'SUBCS000000019', 1)]}]}}
{'timestamp': 73753535572000, 'order': 'O: SUBBS000000025:S1xLPS     @17153', 'book': {'Bids': [{'price': 16846, 'orders': [(b'SUBBB000000023', 1)]}], 'Asks': [{'price': 17153, 'orders': [(b'SUBBS000000025', 1)]}, {'price': 22205, 'orders': [(b'SUBCS000000019', 1)]}]}}
{'timestamp': 73753536105000, 'order': 'U: SUBCB000000018->SUBCB000000020:1@16795', 'book': {'Bids': [{'price': 16846, 'orders': [(b'SUBBB000000023', 1)]}], 'Asks': [{'price': 17153, 'orders': [(b'SUBBS000000025', 1)]}, {'price': 22205, 'orders': [(b'SUBCS000000019', 1)]}]}}
{'timestamp': 73753537531000, 'order': 'U: SUBCS000000019->SUBCS000000021:1@17205', 'book': {'Bids': [{'price': 16846, 'orders': [(b'SUBBB000000023', 1)]}], 'Asks': [{'price': 17153, 'orders': [(b'SUBBS000000025', 1)]}, {'price': 17205, 'orders': [(b'SUBCS000000021', 1)]}]}}
{'timestamp': 73753538232000, 'order': 'O: SUBCB000000022:B1xLPS     @16795', 'book': {'Bids': [{'price': 16846, 'orders': [(b'SUBBB000000023', 1)]}, {'price': 16795, 'orders': [(b'SUBCB000000022', 1)]}], 'Asks': [{'price': 17153, 'orders': [(b'SUBBS000000025', 1)]}, {'price': 17205, 'orders': [(b'SUBCS000000021', 1)]}]}}
{'timestamp': 73757773101000, 'order': 'O: SUB@B000000006:B1xLPS     @214748', 'book': {'Bids': [{'price': 16846, 'orders': [(b'SUBBB000000023', 1)]}, {'price': 16795, 'orders': [(b'SUBCB000000022', 1)]}], 'Asks': [{'price': 17205, 'orders': [(b'SUBCS000000021', 1)]}]}}
{'timestamp': 73757885339000, 'order': 'O: SUBBS000000026:S1xLPS     @17153', 'book': {'Bids': [{'price': 16846, 'orders': [(b'SUBBB000000023', 1)]}, {'price': 16795, 'orders': [(b'SUBCB000000022', 1)]}], 'Asks': [{'price': 17153, 'orders': [(b'SUBBS000000026', 1)]}, {'price': 17205, 'orders': [(b'SUBCS000000021', 1)]}]}}
{'timestamp': 74162450623000, 'order': 'H: 5275319214485286960:S', 'book': {'Bids': [], 'Asks': []}}
{'timestamp': 74164343531000, 'order': 'O: SUBCB000000001:B1xLPS     @9000', 'book': {'Bids': [{'price': 9000, 'orders': [(b'SUBCB000000001', 1)]}], 'Asks': []}}
{'timestamp': 74164344042000, 'order': 'O: SUBCS000000002:S1xLPS     @11000', 'book': {'Bids': [{'price': 9000, 'orders': [(b'SUBCB000000001', 1)]}], 'Asks': [{'price': 11000, 'orders': [(b'SUBCS000000002', 1)]}]}}
{'timestamp': 74168621939000, 'order': 'O: SUBBB000000001:B1xLPS     @15000', 'book': {'Bids': [{'price': 9000, 'orders': [(b'SUBCB000000001', 1)]}], 'Asks': []}}
{'timestamp': 74168622558000, 'order': 'U: SUBCS000000002->SUBCS000000003:1@16000', 'book': {'Bids': [{'price': 9000, 'orders': [(b'SUBCB000000001', 1)]}], 'Asks': []}}
{'timestamp': 74168623770000, 'order': 'U: SUBCB000000001->SUBCB000000004:1@14000', 'book': {'Bids': [{'price': 14000, 'orders': [(b'SUBCB000000004', 1)]}], 'Asks': []}}
{'timestamp': 74169146179000, 'order': 'O: SUBCS000000005:S1xLPS     @16000', 'book': {'Bids': [{'price': 14000, 'orders': [(b'SUBCB000000004', 1)]}], 'Asks': [{'price': 16000, 'orders': [(b'SUBCS000000005', 1)]}]}}
{'timestamp': 74173091184000, 'order': 'O: SUB@S000000001:S1xLPS     @0', 'book': {'Bids': [], 'Asks': [{'price': 16000, 'orders': [(b'SUBCS000000005', 1)]}]}}
{'timestamp': 74173602483000, 'order': 'O: SUBCB000000006:B1xLPS     @14000', 'book': {'Bids': [{'price': 14000, 'orders': [(b'SUBCB000000006', 1)]}], 'Asks': [{'price': 16000, 'orders': [(b'SUBCS000000005', 1)]}]}}
{'timestamp': 74178228597000, 'order': 'O: SUBAB000000001:B1xLPS     @18000', 'book': {'Bids': [{'price': 14000, 'orders': [(b'SUBCB000000006', 1)]}], 'Asks': []}}
{'timestamp': 74178751144000, 'order': 'U: SUBCS000000005->SUBCS000000007:1@19000', 'book': {'Bids': [{'price': 14000, 'orders': [(b'SUBCB000000006', 1)]}], 'Asks': []}}
{'timestamp': 74178751704000, 'order': 'U: SUBCB000000006->SUBCB000000008:1@17000', 'book': {'Bids': [{'price': 17000, 'orders': [(b'SUBCB000000008', 1)]}], 'Asks': []}}
{'timestamp': 74178753045000, 'order': 'O: SUBBB000000002:B1xLPS     @18000', 'book': {'Bids': [{'price': 17000, 'orders': [(b'SUBCB000000008', 1)]}], 'Asks': []}}
{'timestamp': 74178753365000, 'order': 'O: SUBCS000000009:S1xLPS     @19000', 'book': {'Bids': [{'price': 17000, 'orders': [(b'SUBCB000000008', 1)]}], 'Asks': [{'price': 19000, 'orders': [(b'SUBCS000000009', 1)]}]}}
{'timestamp': 74183092779000, 'order': 'O: SUB@B000000002:B1xLPS     @214748', 'book': {'Bids': [{'price': 17000, 'orders': [(b'SUBCB000000008', 1)]}], 'Asks': []}}
{'timestamp': 74183607582000, 'order': 'O: SUBCS000000010:S1xLPS     @19000', 'book': {'Bids': [{'price': 17000, 'orders': [(b'SUBCB000000008', 1)]}], 'Asks': [{'price': 19000, 'orders': [(b'SUBCS000000010', 1)]}]}}
{'timestamp': 74188230166000, 'order': 'O: SUBAB000000002:B1xLPS     @21000', 'book': {'Bids': [{'price': 17000, 'orders': [(b'SUBCB000000008', 1)]}], 'Asks': []}}
{'timestamp': 74188750320000, 'order': 'U: SUBCS000000010->SUBCS000000011:1@22000', 'book': {'Bids': [{'price': 17000, 'orders': [(b'SUBCB000000008', 1)]}], 'Asks': []}}
{'timestamp': 74188750919000, 'order': 'U: SUBCB000000008->SUBCB000000012:1@20000', 'book': {'Bids': [{'price': 20000, 'orders': [(b'SUBCB000000012', 1)]}], 'Asks': []}}
{'timestamp': 74188752282000, 'order': 'O: SUBBB000000003:B1xLPS     @21000', 'book': {'Bids': [{'price': 20000, 'orders': [(b'SUBCB000000012', 1)]}], 'Asks': []}}
{'timestamp': 74188752690000, 'order': 'O: SUBCS000000013:S1xLPS     @22000', 'book': {'Bids': [{'price': 20000, 'orders': [(b'SUBCB000000012', 1)]}], 'Asks': [{'price': 22000, 'orders': [(b'SUBCS000000013', 1)]}]}}
{'timestamp': 74193101826000, 'order': 'O: SUB@S000000003:S1xLPS     @0', 'book': {'Bids': [], 'Asks': [{'price': 22000, 'orders': [(b'SUBCS000000013', 1)]}]}}
{'timestamp': 74193613418000, 'order': 'O: SUBCB000000014:B1xLPS     @20000', 'book': {'Bids': [{'price': 20000, 'orders': [(b'SUBCB000000014', 1)]}], 'Asks': [{'price': 22000, 'orders': [(b'SUBCS000000013', 1)]}]}}
{'timestamp': 74198227941000, 'order': 'O: SUBAS000000003:S1xLPS     @16000', 'book': {'Bids': [], 'Asks': [{'price': 22000, 'orders': [(b'SUBCS000000013', 1)]}]}}
{'timestamp': 74198750661000, 'order': 'U: SUBCB000000014->SUBCB000000015:1@15000', 'book': {'Bids': [], 'Asks': [{'price': 22000, 'orders': [(b'SUBCS000000013', 1)]}]}}
{'timestamp': 74198751267000, 'order': 'U: SUBCS000000013->SUBCS000000016:1@17000', 'book': {'Bids': [], 'Asks': [{'price': 17000, 'orders': [(b'SUBCS000000016', 1)]}]}}
{'timestamp': 74198752416000, 'order': 'O: SUBBS000000004:S1xLPS     @16000', 'book': {'Bids': [], 'Asks': [{'price': 17000, 'orders': [(b'SUBCS000000016', 1)]}]}}
{'timestamp': 74198752900000, 'order': 'O: SUBCB000000017:B1xLPS     @15000', 'book': {'Bids': [{'price': 15000, 'orders': [(b'SUBCB000000017', 1)]}], 'Asks': [{'price': 17000, 'orders': [(b'SUBCS000000016', 1)]}]}}
{'timestamp': 74200505440000, 'order': 'O: SUBBB000000005:B1xLPS     @15000', 'book': {'Bids': [{'price': 15000, 'orders': [(b'SUBCB000000017', 1), (b'SUBBB000000005', 1)]}], 'Asks': [{'price': 17000, 'orders': [(b'SUBCS000000016', 1)]}]}}
{'timestamp': 74200505973000, 'order': 'O: SUBBS000000006:S1xLPS     @17000', 'book': {'Bids': [{'price': 15000, 'orders': [(b'SUBCB000000017', 1), (b'SUBBB000000005', 1)]}], 'Asks': [{'price': 17000, 'orders': [(b'SUBCS000000016', 1), (b'SUBBS000000006', 1)]}]}}
{'timestamp': 74203108103000, 'order': 'O: SUB@B000000004:B1xLPS     @214748', 'book': {'Bids': [{'price': 15000, 'orders': [(b'SUBCB000000017', 1), (b'SUBBB000000005', 1)]}], 'Asks': [{'price': 17000, 'orders': [(b'SUBBS000000006', 1)]}]}}
{'timestamp': 74203620366000, 'order': 'O: SUBCS000000018:S1xLPS     @17000', 'book': {'Bids': [{'price': 15000, 'orders': [(b'SUBCB000000017', 1), (b'SUBBB000000005', 1)]}], 'Asks': [{'price': 17000, 'orders': [(b'SUBBS000000006', 1), (b'SUBCS000000018', 1)]}]}}
{'timestamp': 74204189115000, 'order': 'X: SUBBB000000002:0', 'book': {'Bids': [{'price': 15000, 'orders': [(b'SUBCB000000017', 1), (b'SUBBB000000005', 1)]}], 'Asks': [{'price': 17000, 'orders': [(b'SUBBS000000006', 1), (b'SUBCS000000018', 1)]}]}}
{'timestamp': 74204189460000, 'order': 'X: SUBBB000000003:0', 'book': {'Bids': [{'price': 15000, 'orders': [(b'SUBCB000000017', 1), (b'SUBBB000000005', 1)]}], 'Asks': [{'price': 17000, 'orders': [(b'SUBBS000000006', 1), (b'SUBCS000000018', 1)]}]}}
{'timestamp': 74204190886000, 'order': 'X: SUBBS000000004:0', 'book': {'Bids': [{'price': 15000, 'orders': [(b'SUBCB000000017', 1), (b'SUBBB000000005', 1)]}], 'Asks': [{'price': 17000, 'orders': [(b'SUBBS000000006', 1), (b'SUBCS000000018', 1)]}]}}
{'timestamp': 74204191155000, 'order': 'X: SUBBB000000005:0', 'book': {'Bids': [{'price': 15000, 'orders': [(b'SUBCB000000017', 1)]}], 'Asks': [{'price': 17000, 'orders': [(b'SUBBS000000006', 1), (b'SUBCS000000018', 1)]}]}}
{'timestamp': 74204191499000, 'order': 'X: SUBBS000000006:0', 'book': {'Bids': [{'price': 15000, 'orders': [(b'SUBCB000000017', 1)]}], 'Asks': [{'price': 17000, 'orders': [(b'SUBCS000000018', 1)]}]}}
{'timestamp': 74208234224000, 'order': 'O: SUBAB000000004:B1xLPS     @22000', 'book': {'Bids': [{'price': 15000, 'orders': [(b'SUBCB000000017', 1)]}], 'Asks': []}}
{'timestamp': 74208753410000, 'order': 'U: SUBCS000000018->SUBCS000000019:1@23000', 'book': {'Bids': [{'price': 15000, 'orders': [(b'SUBCB000000017', 1)]}], 'Asks': []}}
{'timestamp': 74208753996000, 'order': 'U: SUBCB000000017->SUBCB000000020:1@21000', 'book': {'Bids': [{'price': 21000, 'orders': [(b'SUBCB000000020', 1)]}], 'Asks': []}}
{'timestamp': 74208755404000, 'order': 'O: SUBBB000000007:B1xLPS     @22000', 'book': {'Bids': [{'price': 21000, 'orders': [(b'SUBCB000000020', 1)]}], 'Asks': []}}
{'timestamp': 74208755932000, 'order': 'O: SUBCS000000021:S1xLPS     @23000', 'book': {'Bids': [{'price': 21000, 'orders': [(b'SUBCB000000020', 1)]}], 'Asks': [{'price': 23000, 'orders': [(b'SUBCS000000021', 1)]}]}}
