{'timestamp': 84725050640000, 'order': 'H: 8827381103853580336:S', 'book': {'Bids': [], 'Asks': []}}
{'timestamp': 84731104152000, 'order': 'O: SUBBB000000001:B1xLPS     @9000', 'book': {'Bids': [{'price': 9000, 'orders': [(b'SUBBB000000001', 1)]}], 'Asks': []}}
{'timestamp': 84731104647000, 'order': 'O: SUBBS000000002:S1xLPS     @11000', 'book': {'Bids': [{'price': 9000, 'orders': [(b'SUBBB000000001', 1)]}], 'Asks': [{'price': 11000, 'orders': [(b'SUBBS000000002', 1)]}]}}
{'timestamp': 84736348021000, 'order': 'U: SUBBS000000002->SUBBS000000003:1@14000', 'book': {'Bids': [{'price': 9000, 'orders': [(b'SUBBB000000001', 1)]}], 'Asks': [{'price': 14000, 'orders': [(b'SUBBS000000003', 1)]}]}}
{'timestamp': 84736350267000, 'order': 'U: SUBBB000000001->SUBBB000000004:1@12000', 'book': {'Bids': [{'price': 12000, 'orders': [(b'SUBBB000000004', 1)]}], 'Asks': [{'price': 14000, 'orders': [(b'SUBBS000000003', 1)]}]}}
{'timestamp': 84736850881000, 'order': 'O: SUBAB000000001:B1xLPS     @13000', 'book': {'Bids': [{'price': 12000, 'orders': [(b'SUBBB000000004', 1)]}], 'Asks': [{'price': 14000, 'orders': [(b'SUBBS000000003', 1)]}]}}
{'timestamp': 84746354177000, 'order': 'U: SUBBS000000003->SUBBS000000005:1@16000', 'book': {'Bids': [{'price': 12000, 'orders': [(b'SUBBB000000004', 1)]}], 'Asks': [{'price': 16000, 'orders': [(b'SUBBS000000005', 1)]}]}}
{'timestamp': 84746354841000, 'order': 'U: SUBBB000000004->SUBBB000000006:1@14000', 'book': {'Bids': [{'price': 14000, 'orders': [(b'SUBBB000000006', 1)]}], 'Asks': [{'price': 16000, 'orders': [(b'SUBBS000000005', 1)]}]}}
{'timestamp': 84746856165000, 'order': 'O: SUBAB000000002:B1xLPS     @15000', 'book': {'Bids': [{'price': 14000, 'orders': [(b'SUBBB000000006', 1)]}], 'Asks': [{'price': 16000, 'orders': [(b'SUBBS000000005', 1)]}]}}
{'timestamp': 84756362983000, 'order': 'U: SUBBS000000005->SUBBS000000007:1@23000', 'book': {'Bids': [{'price': 14000, 'orders': [(b'SUBBB000000006', 1)]}], 'Asks': [{'price': 23000, 'orders': [(b'SUBBS000000007', 1)]}]}}
{'timestamp': 84756363797000, 'order': 'U: SUBBB000000006->SUBBB000000008:1@21000', 'book': {'Bids': [{'price': 21000, 'orders': [(b'SUBBB000000008', 1)]}], 'Asks': [{'price': 23000, 'orders': [(b'SUBBS000000007', 1)]}]}}
{'timestamp': 84756874388000, 'order': 'O: SUBAB000000003:B1xLPS     @22000', 'book': {'Bids': [{'price': 21000, 'orders': [(b'SUBBB000000008', 1)]}], 'Asks': [{'price': 23000, 'orders': [(b'SUBBS000000007', 1)]}]}}
{'timestamp': 84766357817000, 'order': 'U: SUBBS000000007->SUBBS000000009:1@24000', 'book': {'Bids': [{'price': 21000, 'orders': [(b'SUBBB000000008', 1)]}], 'Asks': [{'price': 24000, 'orders': [(b'SUBBS000000009', 1)]}]}}
{'timestamp': 84766358482000, 'order': 'U: SUBBB000000008->SUBBB000000010:1@22000', 'book': {'Bids': [{'price': 22000, 'orders': [(b'SUBBB000000010', 1)]}], 'Asks': [{'price': 24000, 'orders': [(b'SUBBS000000009', 1)]}]}}
{'timestamp': 84766859754000, 'order': 'O: SUBAB000000004:B1xLPS     @23000', 'book': {'Bids': [{'price': 22000, 'orders': [(b'SUBBB000000010', 1)]}], 'Asks': [{'price': 24000, 'orders': [(b'SUBBS000000009', 1)]}]}}
{'timestamp': 84776360759000, 'order': 'U: SUBBS000000009->SUBBS000000011:1@26000', 'book': {'Bids': [{'price': 22000, 'orders': [(b'SUBBB000000010', 1)]}], 'Asks': [{'price': 26000, 'orders': [(b'SUBBS000000011', 1)]}]}}
{'timestamp': 84776361433000, 'order': 'U: SUBBB000000010->SUBBB000000012:1@24000', 'book': {'Bids': [{'price': 24000, 'orders': [(b'SUBBB000000012', 1)]}], 'Asks': [{'price': 26000, 'orders': [(b'SUBBS000000011', 1)]}]}}
{'timestamp': 84776868543000, 'order': 'O: SUBAB000000005:B1xLPS     @25000', 'book': {'Bids': [{'price': 24000, 'orders': [(b'SUBBB000000012', 1)]}], 'Asks': [{'price': 26000, 'orders': [(b'SUBBS000000011', 1)]}]}}
{'timestamp': 84786362574000, 'order': 'U: SUBBS000000011->SUBBS000000013:1@27000', 'book': {'Bids': [{'price': 24000, 'orders': [(b'SUBBB000000012', 1)]}], 'Asks': [{'price': 27000, 'orders': [(b'SUBBS000000013', 1)]}]}}
{'timestamp': 84786363463000, 'order': 'U: SUBBB000000012->SUBBB000000014:1@25000', 'book': {'Bids': [{'price': 25000, 'orders': [(b'SUBBB000000014', 1)]}], 'Asks': [{'price': 27000, 'orders': [(b'SUBBS000000013', 1)]}]}}
{'timestamp': 84786882625000, 'order': 'O: SUBAB000000006:B1xLPS     @26000', 'book': {'Bids': [{'price': 25000, 'orders': [(b'SUBBB000000014', 1)]}], 'Asks': [{'price': 27000, 'orders': [(b'SUBBS000000013', 1)]}]}}
{'timestamp': 84862939174000, 'order': 'H: 9419601345296478256:S', 'book': {'Bids': [], 'Asks': []}}
{'timestamp': 84867226918000, 'order': 'O: SUBBB000000001:B1xLPS     @9000', 'book': {'Bids': [{'price': 9000, 'orders': [(b'SUBBB000000001', 1)]}], 'Asks': []}}
{'timestamp': 84867227346000, 'order': 'O: SUBBS000000002:S1xLPS     @11000', 'book': {'Bids': [{'price': 9000, 'orders': [(b'SUBBB000000001', 1)]}], 'Asks': [{'price': 11000, 'orders': [(b'SUBBS000000002', 1)]}]}}
{'timestamp': 84874201643000, 'order': 'U: SUBBS000000002->SUBBS000000003:1@14000', 'book': {'Bids': [{'price': 9000, 'orders': [(b'SUBBB000000001', 1)]}], 'Asks': [{'price': 14000, 'orders': [(b'SUBBS000000003', 1)]}]}}
{'timestamp': 84874202246000, 'order': 'U: SUBBB000000001->SUBBB000000004:1@12000', 'book': {'Bids': [{'price': 12000, 'orders': [(b'SUBBB000000004', 1)]}], 'Asks': [{'price': 14000, 'orders': [(b'SUBBS000000003', 1)]}]}}
{'timestamp': 84874715417000, 'order': 'O: SUBAB000000001:B1xLPS     @13000', 'book': {'Bids': [{'price': 12000, 'orders': [(b'SUBBB000000004', 1)]}], 'Asks': [{'price': 14000, 'orders': [(b'SUBBS000000003', 1)]}]}}
{'timestamp': 84884191800000, 'order': 'U: SUBBS000000003->SUBBS000000005:1@16000', 'book': {'Bids': [{'price': 12000, 'orders': [(b'SUBBB000000004', 1)]}], 'Asks': [{'price': 16000, 'orders': [(b'SUBBS000000005', 1)]}]}}
{'timestamp': 84884192480000, 'order': 'U: SUBBB000000004->SUBBB000000006:1@14000', 'book': {'Bids': [{'price': 14000, 'orders': [(b'SUBBB000000006', 1)]}], 'Asks': [{'price': 16000, 'orders': [(b'SUBBS000000005', 1)]}]}}
{'timestamp': 84884697288000, 'order': 'O: SUBAB000000002:B1xLPS     @15000', 'book': {'Bids': [{'price': 14000, 'orders': [(b'SUBBB000000006', 1)]}], 'Asks': [{'price': 16000, 'orders': [(b'SUBBS000000005', 1)]}]}}
{'timestamp': 84894205399000, 'order': 'U: SUBBS000000005->SUBBS000000007:1@23000', 'book': {'Bids': [{'price': 14000, 'orders': [(b'SUBBB000000006', 1)]}], 'Asks': [{'price': 23000, 'orders': [(b'SUBBS000000007', 1)]}]}}
{'timestamp': 84894207541000, 'order': 'U: SUBBB000000006->SUBBB000000008:1@21000', 'book': {'Bids': [{'price': 21000, 'orders': [(b'SUBBB000000008', 1)]}], 'Asks': [{'price': 23000, 'orders': [(b'SUBBS000000007', 1)]}]}}
{'timestamp': 84894707609000, 'order': 'O: SUBAB000000003:B1xLPS     @22000', 'book': {'Bids': [{'price': 21000, 'orders': [(b'SUBBB000000008', 1)]}], 'Asks': [{'price': 23000, 'orders': [(b'SUBBS000000007', 1)]}]}}
{'timestamp': 84904229476000, 'order': 'U: SUBBS000000007->SUBBS000000009:1@24000', 'book': {'Bids': [{'price': 21000, 'orders': [(b'SUBBB000000008', 1)]}], 'Asks': [{'price': 24000, 'orders': [(b'SUBBS000000009', 1)]}]}}
{'timestamp': 84904231479000, 'order': 'U: SUBBB000000008->SUBBB000000010:1@22000', 'book': {'Bids': [{'price': 22000, 'orders': [(b'SUBBB000000010', 1)]}], 'Asks': [{'price': 24000, 'orders': [(b'SUBBS000000009', 1)]}]}}
{'timestamp': 84904736341000, 'order': 'O: SUBAB000000004:B1xLPS     @23000', 'book': {'Bids': [{'price': 22000, 'orders': [(b'SUBBB000000010', 1)]}], 'Asks': [{'price': 24000, 'orders': [(b'SUBBS000000009', 1)]}]}}
{'timestamp': 85006529814000, 'order': 'H: 10036291845080756272:S', 'book': {'Bids': [], 'Asks': []}}
{'timestamp': 85011908086000, 'order': 'O: SUBBB000000001:B1xLPS     @9000', 'book': {'Bids': [{'price': 9000, 'orders': [(b'SUBBB000000001', 1)]}], 'Asks': []}}
{'timestamp': 85011908577000, 'order': 'O: SUBBS000000002:S1xLPS     @11000', 'book': {'Bids': [{'price': 9000, 'orders': [(b'SUBBB000000001', 1)]}], 'Asks': [{'price': 11000, 'orders': [(b'SUBBS000000002', 1)]}]}}
{'timestamp': 85017746602000, 'order': 'U: SUBBS000000002->SUBBS000000003:1@14000', 'book': {'Bids': [{'price': 9000, 'orders': [(b'SUBBB000000001', 1)]}], 'Asks': [{'price': 14000, 'orders': [(b'SUBBS000000003', 1)]}]}}
{'timestamp': 85017748969000, 'order': 'U: SUBBB000000001->SUBBB000000004:1@12000', 'book': {'Bids': [{'price': 12000, 'orders': [(b'SUBBB000000004', 1)]}], 'Asks': [{'price': 14000, 'orders': [(b'SUBBS000000003', 1)]}]}}
{'timestamp': 85018244379000, 'order': 'O: SUBAB000000001:B1xLPS     @13000', 'book': {'Bids': [{'price': 12000, 'orders': [(b'SUBBB000000004', 1)]}], 'Asks': [{'price': 14000, 'orders': [(b'SUBBS000000003', 1)]}]}}
{'timestamp': 85027753648000, 'order': 'U: SUBBS000000003->SUBBS000000005:1@16000', 'book': {'Bids': [{'price': 12000, 'orders': [(b'SUBBB000000004', 1)]}], 'Asks': [{'price': 16000, 'orders': [(b'SUBBS000000005', 1)]}]}}
{'timestamp': 85027754403000, 'order': 'U: SUBBB000000004->SUBBB000000006:1@14000', 'book': {'Bids': [{'price': 14000, 'orders': [(b'SUBBB000000006', 1)]}], 'Asks': [{'price': 16000, 'orders': [(b'SUBBS000000005', 1)]}]}}
{'timestamp': 85028267778000, 'order': 'O: SUBAB000000002:B1xLPS     @15000', 'book': {'Bids': [{'price': 14000, 'orders': [(b'SUBBB000000006', 1)]}], 'Asks': [{'price': 16000, 'orders': [(b'SUBBS000000005', 1)]}]}}
{'timestamp': 85037746770000, 'order': 'U: SUBBS000000005->SUBBS000000007:1@23000', 'book': {'Bids': [{'price': 14000, 'orders': [(b'SUBBB000000006', 1)]}], 'Asks': [{'price': 23000, 'orders': [(b'SUBBS000000007', 1)]}]}}
{'timestamp': 85037747513000, 'order': 'U: SUBBB000000006->SUBBB000000008:1@21000', 'book': {'Bids': [{'price': 21000, 'orders': [(b'SUBBB000000008', 1)]}], 'Asks': [{'price': 23000, 'orders': [(b'SUBBS000000007', 1)]}]}}
{'timestamp': 85038256499000, 'order': 'O: SUBAB000000003:B1xLPS     @22000', 'book': {'Bids': [{'price': 21000, 'orders': [(b'SUBBB000000008', 1)]}], 'Asks': [{'price': 23000, 'orders': [(b'SUBBS000000007', 1)]}]}}
{'timestamp': 85047763260000, 'order': 'U: SUBBS000000007->SUBBS000000009:1@24000', 'book': {'Bids': [{'price': 21000, 'orders': [(b'SUBBB000000008', 1)]}], 'Asks': [{'price': 24000, 'orders': [(b'SUBBS000000009', 1)]}]}}
{'timestamp': 85047765482000, 'order': 'U: SUBBB000000008->SUBBB000000010:1@22000', 'book': {'Bids': [{'price': 22000, 'orders': [(b'SUBBB000000010', 1)]}], 'Asks': [{'price': 24000, 'orders': [(b'SUBBS000000009', 1)]}]}}
{'timestamp': 85048270721000, 'order': 'O: SUBAB000000004:B1xLPS     @23000', 'book': {'Bids': [{'price': 22000, 'orders': [(b'SUBBB000000010', 1)]}], 'Asks': [{'price': 24000, 'orders': [(b'SUBBS000000009', 1)]}]}}
{'timestamp': 1175166741000, 'order': 'H: 2621743322136326192:S', 'book': {'Bids': [], 'Asks': []}}
{'timestamp': 1181244772000, 'order': 'O: SUBBB000000001:B1xLPS     @9000', 'book': {'Bids': [{'price': 9000, 'orders': [(b'SUBBB000000001', 1)]}], 'Asks': []}}
{'timestamp': 1181245466000, 'order': 'O: SUBBS000000002:S1xLPS     @11000', 'book': {'Bids': [{'price': 9000, 'orders': [(b'SUBBB000000001', 1)]}], 'Asks': [{'price': 11000, 'orders': [(b'SUBBS000000002', 1)]}]}}
{'timestamp': 1186428070000, 'order': 'U: SUBBS000000002->SUBBS000000003:1@14000', 'book': {'Bids': [{'price': 9000, 'orders': [(b'SUBBB000000001', 1)]}], 'Asks': [{'price': 14000, 'orders': [(b'SUBBS000000003', 1)]}]}}
{'timestamp': 1186428942000, 'order': 'U: SUBBB000000001->SUBBB000000004:1@12000', 'book': {'Bids': [{'price': 12000, 'orders': [(b'SUBBB000000004', 1)]}], 'Asks': [{'price': 14000, 'orders': [(b'SUBBS000000003', 1)]}]}}
{'timestamp': 1196434593000, 'order': 'U: SUBBS000000003->SUBBS000000005:1@16000', 'book': {'Bids': [{'price': 12000, 'orders': [(b'SUBBB000000004', 1)]}], 'Asks': [{'price': 16000, 'orders': [(b'SUBBS000000005', 1)]}]}}
{'timestamp': 1196435229000, 'order': 'U: SUBBB000000004->SUBBB000000006:1@14000', 'book': {'Bids': [{'price': 14000, 'orders': [(b'SUBBB000000006', 1)]}], 'Asks': [{'price': 16000, 'orders': [(b'SUBBS000000005', 1)]}]}}
{'timestamp': 1206436753000, 'order': 'U: SUBBS000000005->SUBBS000000007:1@23000', 'book': {'Bids': [{'price': 14000, 'orders': [(b'SUBBB000000006', 1)]}], 'Asks': [{'price': 23000, 'orders': [(b'SUBBS000000007', 1)]}]}}
{'timestamp': 1206437779000, 'order': 'U: SUBBB000000006->SUBBB000000008:1@21000', 'book': {'Bids': [{'price': 21000, 'orders': [(b'SUBBB000000008', 1)]}], 'Asks': [{'price': 23000, 'orders': [(b'SUBBS000000007', 1)]}]}}
{'timestamp': 1371856309000, 'order': 'H: 3466561319085289520:S', 'book': {'Bids': [], 'Asks': []}}
{'timestamp': 1377844305000, 'order': 'O: SUBBB000000001:B1xLPS     @9000', 'book': {'Bids': [{'price': 9000, 'orders': [(b'SUBBB000000001', 1)]}], 'Asks': []}}
{'timestamp': 1377844753000, 'order': 'O: SUBBS000000002:S1xLPS     @11000', 'book': {'Bids': [{'price': 9000, 'orders': [(b'SUBBB000000001', 1)]}], 'Asks': [{'price': 11000, 'orders': [(b'SUBBS000000002', 1)]}]}}
{'timestamp': 1383055450000, 'order': 'U: SUBBS000000002->SUBBS000000003:1@14000', 'book': {'Bids': [{'price': 9000, 'orders': [(b'SUBBB000000001', 1)]}], 'Asks': [{'price': 14000, 'orders': [(b'SUBBS000000003', 1)]}]}}
{'timestamp': 1383056462000, 'order': 'U: SUBBB000000001->SUBBB000000004:1@12000', 'book': {'Bids': [{'price': 12000, 'orders': [(b'SUBBB000000004', 1)]}], 'Asks': [{'price': 14000, 'orders': [(b'SUBBS000000003', 1)]}]}}
{'timestamp': 1393040824000, 'order': 'U: SUBBS000000003->SUBBS000000005:1@16000', 'book': {'Bids': [{'price': 12000, 'orders': [(b'SUBBB000000004', 1)]}], 'Asks': [{'price': 16000, 'orders': [(b'SUBBS000000005', 1)]}]}}
{'timestamp': 1393041514000, 'order': 'U: SUBBB000000004->SUBBB000000006:1@14000', 'book': {'Bids': [{'price': 14000, 'orders': [(b'SUBBB000000006', 1)]}], 'Asks': [{'price': 16000, 'orders': [(b'SUBBS000000005', 1)]}]}}
{'timestamp': 24940230055000, 'order': 'H: 12458241512661069872:S', 'book': {'Bids': [], 'Asks': []}}
{'timestamp': 24945214954000, 'order': 'O: SUBBB000000001:B1xLPS     @9000', 'book': {'Bids': [{'price': 9000, 'orders': [(b'SUBBB000000001', 1)]}], 'Asks': []}}
{'timestamp': 24945215448000, 'order': 'O: SUBBS000000002:S1xLPS     @11000', 'book': {'Bids': [{'price': 9000, 'orders': [(b'SUBBB000000001', 1)]}], 'Asks': [{'price': 11000, 'orders': [(b'SUBBS000000002', 1)]}]}}
{'timestamp': 25189496016000, 'order': 'H: 13528806675769733168:S', 'book': {'Bids': [], 'Asks': []}}
{'timestamp': 25194542460000, 'order': 'O: SUBBB000000001:B1xLPS     @9000', 'book': {'Bids': [{'price': 9000, 'orders': [(b'SUBBB000000001', 1)]}], 'Asks': []}}
{'timestamp': 25194542905000, 'order': 'O: SUBBS000000002:S1xLPS     @11000', 'book': {'Bids': [{'price': 9000, 'orders': [(b'SUBBB000000001', 1)]}], 'Asks': [{'price': 11000, 'orders': [(b'SUBBS000000002', 1)]}]}}
{'timestamp': 25561065014000, 'order': 'H: 15124696414202900528:S', 'book': {'Bids': [], 'Asks': []}}
{'timestamp': 25565843594000, 'order': 'O: SUBBB000000001:B1xLPS     @9000', 'book': {'Bids': [{'price': 9000, 'orders': [(b'SUBBB000000001', 1)]}], 'Asks': []}}
{'timestamp': 25565844141000, 'order': 'O: SUBBS000000002:S1xLPS     @11000', 'book': {'Bids': [{'price': 9000, 'orders': [(b'SUBBB000000001', 1)]}], 'Asks': [{'price': 11000, 'orders': [(b'SUBBS000000002', 1)]}]}}
{'timestamp': 25722250820000, 'order': 'H: 15816956262264877104:S', 'book': {'Bids': [], 'Asks': []}}
{'timestamp': 25726342783000, 'order': 'O: SUBBB000000001:B1xLPS     @9000', 'book': {'Bids': [{'price': 9000, 'orders': [(b'SUBBB000000001', 1)]}], 'Asks': []}}
{'timestamp': 25726343481000, 'order': 'O: SUBBS000000002:S1xLPS     @11000', 'book': {'Bids': [{'price': 9000, 'orders': [(b'SUBBB000000001', 1)]}], 'Asks': [{'price': 11000, 'orders': [(b'SUBBS000000002', 1)]}]}}
{'timestamp': 25800950229000, 'order': 'H: 16154981544353607728:S', 'book': {'Bids': [], 'Asks': []}}
{'timestamp': 25805222592000, 'order': 'O: SUBBB000000001:B1xLPS     @9000', 'book': {'Bids': [{'price': 9000, 'orders': [(b'SUBBB000000001', 1)]}], 'Asks': []}}
{'timestamp': 25805223086000, 'order': 'O: SUBBS000000002:S1xLPS     @11000', 'book': {'Bids': [{'price': 9000, 'orders': [(b'SUBBB000000001', 1)]}], 'Asks': [{'price': 11000, 'orders': [(b'SUBBS000000002', 1)]}]}}
{'timestamp': 25847844714000, 'order': 'H: 16356413582095691824:S', 'book': {'Bids': [], 'Asks': []}}
{'timestamp': 25852548698000, 'order': 'O: SUBBB000000001:B1xLPS     @9000', 'book': {'Bids': [{'price': 9000, 'orders': [(b'SUBBB000000001', 1)]}], 'Asks': []}}
{'timestamp': 25852549538000, 'order': 'O: SUBBS000000002:S1xLPS     @11000', 'book': {'Bids': [{'price': 9000, 'orders': [(b'SUBBB000000001', 1)]}], 'Asks': [{'price': 11000, 'orders': [(b'SUBBS000000002', 1)]}]}}
{'timestamp': 25918505080000, 'order': 'H: 16659819731266580528:S', 'book': {'Bids': [], 'Asks': []}}
{'timestamp': 25922981704000, 'order': 'O: SUBBB000000001:B1xLPS     @9000', 'book': {'Bids': [{'price': 9000, 'orders': [(b'SUBBB000000001', 1)]}], 'Asks': []}}
{'timestamp': 25922982147000, 'order': 'O: SUBBS000000002:S1xLPS     @11000', 'book': {'Bids': [{'price': 9000, 'orders': [(b'SUBBB000000001', 1)]}], 'Asks': [{'price': 11000, 'orders': [(b'SUBBS000000002', 1)]}]}}
{'timestamp': 26000492041000, 'order': 'H: 17012014106169847856:S', 'book': {'Bids': [], 'Asks': []}}
{'timestamp': 26005146946000, 'order': 'O: SUBBB000000001:B1xLPS     @9000', 'book': {'Bids': [{'price': 9000, 'orders': [(b'SUBBB000000001', 1)]}], 'Asks': []}}
{'timestamp': 26005147399000, 'order': 'O: SUBBS000000002:S1xLPS     @11000', 'book': {'Bids': [{'price': 9000, 'orders': [(b'SUBBB000000001', 1)]}], 'Asks': [{'price': 11000, 'orders': [(b'SUBBS000000002', 1)]}]}}
{'timestamp': 26011720841000, 'order': 'O: SUBAB000000001:B1xLPS     @13000', 'book': {'Bids': [{'price': 9000, 'orders': [(b'SUBBB000000001', 1)]}], 'Asks': []}}
{'timestamp': 26274325406000, 'order': 'H: 18188131642515664944:S', 'book': {'Bids': [], 'Asks': []}}
{'timestamp': 26277017635000, 'order': 'O: INV@S000000000:S1xLPS     @2147483647', 'book': {'Bids': [], 'Asks': []}}
{'timestamp': 26281032129000, 'order': 'O: SUBBB000000001:B1xLPS     @9000', 'book': {'Bids': [{'price': 9000, 'orders': [(b'SUBBB000000001', 1)]}], 'Asks': []}}
{'timestamp': 26281032531000, 'order': 'O: SUBBS000000002:S1xLPS     @11000', 'book': {'Bids': [{'price': 9000, 'orders': [(b'SUBBB000000001', 1)]}], 'Asks': [{'price': 11000, 'orders': [(b'SUBBS000000002', 1)]}]}}
{'timestamp': 26284030430000, 'order': 'O: INV@S000000001:S1xLPS     @2147483647', 'book': {'Bids': [{'price': 9000, 'orders': [(b'SUBBB000000001', 1)]}], 'Asks': [{'price': 11000, 'orders': [(b'SUBBS000000002', 1)]}]}}
{'timestamp': 26287026978000, 'order': 'O: INV@B000000002:B1xLPS     @2147483647', 'book': {'Bids': [{'price': 9000, 'orders': [(b'SUBBB000000001', 1)]}], 'Asks': []}}
{'timestamp': 26914367082000, 'order': 'H: 2490334343834120240:S', 'book': {'Bids': [], 'Asks': []}}
{'timestamp': 26917093435000, 'order': 'O: INV@S000000000:S1xLPS     @2147483647', 'book': {'Bids': [], 'Asks': []}}
{'timestamp': 26920454034000, 'order': 'O: SUBBB000000001:B1xLPS     @9000', 'book': {'Bids': [{'price': 9000, 'orders': [(b'SUBBB000000001', 1)]}], 'Asks': []}}
{'timestamp': 26920454512000, 'order': 'O: SUBBS000000002:S1xLPS     @11000', 'book': {'Bids': [{'price': 9000, 'orders': [(b'SUBBB000000001', 1)]}], 'Asks': [{'price': 11000, 'orders': [(b'SUBBS000000002', 1)]}]}}
{'timestamp': 26924075531000, 'order': 'O: INV@S000000001:S1xLPS     @2147483647', 'book': {'Bids': [{'price': 9000, 'orders': [(b'SUBBB000000001', 1)]}], 'Asks': [{'price': 11000, 'orders': [(b'SUBBS000000002', 1)]}]}}
{'timestamp': 26927068617000, 'order': 'O: INV@B000000002:B1xLPS     @2147483647', 'book': {'Bids': [{'price': 9000, 'orders': [(b'SUBBB000000001', 1)]}], 'Asks': []}}
{'timestamp': 26978967594000, 'order': 'H: 2767784738619928624:S', 'book': {'Bids': [], 'Asks': []}}
{'timestamp': 26981645920000, 'order': 'O: INV@S000000000:S1xLPS     @2147483647', 'book': {'Bids': [], 'Asks': []}}
{'timestamp': 26985524109000, 'order': 'O: SUBBB000000001:B1xLPS     @9000', 'book': {'Bids': [{'price': 9000, 'orders': [(b'SUBBB000000001', 1)]}], 'Asks': []}}
{'timestamp': 26985524645000, 'order': 'O: SUBBS000000002:S1xLPS     @11000', 'book': {'Bids': [{'price': 9000, 'orders': [(b'SUBBB000000001', 1)]}], 'Asks': [{'price': 11000, 'orders': [(b'SUBBS000000002', 1)]}]}}
{'timestamp': 26988649983000, 'order': 'O: INV@S000000001:S1xLPS     @2147483647', 'book': {'Bids': [{'price': 9000, 'orders': [(b'SUBBB000000001', 1)]}], 'Asks': [{'price': 11000, 'orders': [(b'SUBBS000000002', 1)]}]}}
{'timestamp': 26991652572000, 'order': 'O: INV@B000000002:B1xLPS     @2147483647', 'book': {'Bids': [{'price': 9000, 'orders': [(b'SUBBB000000001', 1)]}], 'Asks': []}}
{'timestamp': 27081757252000, 'order': 'H: 3209262640269373488:S', 'book': {'Bids': [], 'Asks': []}}
{'timestamp': 27084450630000, 'order': 'O: INV@S000000000:S1xLPS     @2147483647', 'book': {'Bids': [], 'Asks': []}}
{'timestamp': 27086503925000, 'order': 'O: SUBAB000000001:B1xLPS     @9000', 'book': {'Bids': [{'price': 9000, 'orders': [(b'SUBAB000000001', 1)]}], 'Asks': []}}
{'timestamp': 27086504575000, 'order': 'O: SUBAS000000002:S1xLPS     @11000', 'book': {'Bids': [{'price': 9000, 'orders': [(b'SUBAB000000001', 1)]}], 'Asks': [{'price': 11000, 'orders': [(b'SUBAS000000002', 1)]}]}}
{'timestamp': 27091449442000, 'order': 'O: INV@S000000001:S1xLPS     @2147483647', 'book': {'Bids': [{'price': 9000, 'orders': [(b'SUBAB000000001', 1)]}], 'Asks': [{'price': 11000, 'orders': [(b'SUBAS000000002', 1)]}]}}
{'timestamp': 27094443848000, 'order': 'O: INV@B000000002:B1xLPS     @2147483647', 'book': {'Bids': [{'price': 9000, 'orders': [(b'SUBAB000000001', 1)]}], 'Asks': []}}
