{'timestamp': 76942560128000, 'order': 'H: 299453899598737456:S', 'book': {'Bids': [], 'Asks': []}}
{'timestamp': 76945302104000, 'order': 'O: SUBAB000000001:B1xLPS     @9000', 'book': {'Bids': [{'price': 9000, 'orders': [(b'SUBAB000000001', 1)]}], 'Asks': []}}
{'timestamp': 76945302846000, 'order': 'O: SUBAS000000002:S1xLPS     @11000', 'book': {'Bids': [{'price': 9000, 'orders': [(b'SUBAB000000001', 1)]}], 'Asks': [{'price': 11000, 'orders': [(b'SUBAS000000002', 1)]}]}}
{'timestamp': 76948786286000, 'order': 'U: SUBAS000000002->SUBAS000000003:1@16000', 'book': {'Bids': [{'price': 9000, 'orders': [(b'SUBAB000000001', 1)]}], 'Asks': [{'price': 16000, 'orders': [(b'SUBAS000000003', 1)]}]}}
{'timestamp': 76948786964000, 'order': 'U: SUBAB000000001->SUBAB000000004:1@14000', 'book': {'Bids': [{'price': 14000, 'orders': [(b'SUBAB000000004', 1)]}], 'Asks': [{'price': 16000, 'orders': [(b'SUBAS000000003', 1)]}]}}
{'timestamp': 76948788169000, 'order': 'O: SUBBB000000001:B1xLPS     @15000', 'book': {'Bids': [{'price': 14000, 'orders': [(b'SUBAB000000004', 1)]}], 'Asks': [{'price': 16000, 'orders': [(b'SUBAS000000003', 1)]}]}}
{'timestamp': 76953253000000, 'order': 'O: SUB@S000000001:S1xLPS     @0', 'book': {'Bids': [], 'Asks': [{'price': 16000, 'orders': [(b'SUBAS000000003', 1)]}]}}
{'timestamp': 76953789588000, 'order': 'O: SUBAB000000005:B1xLPS     @14000', 'book': {'Bids': [{'price': 14000, 'orders': [(b'SUBAB000000005', 1)]}], 'Asks': [{'price': 16000, 'orders': [(b'SUBAS000000003', 1)]}]}}
{'timestamp': 76958807696000, 'order': 'O: SUBBB000000002:B1xLPS     @18000', 'book': {'Bids': [{'price': 14000, 'orders': [(b'SUBAB000000005', 1)]}], 'Asks': []}}
{'timestamp': 76958809595000, 'order': 'U: SUBAS000000003->SUBAS000000006:1@19000', 'book': {'Bids': [{'price': 14000, 'orders': [(b'SUBAB000000005', 1)]}], 'Asks': []}}
{'timestamp': 76958809911000, 'order': 'U: SUBAB000000005->SUBAB000000007:1@17000', 'book': {'Bids': [{'price': 17000, 'orders': [(b'SUBAB000000007', 1)]}], 'Asks': []}}
{'timestamp': 76959355988000, 'order': 'O: SUBAS000000008:S1xLPS     @19000', 'book': {'Bids': [{'price': 17000, 'orders': [(b'SUBAB000000007', 1)]}], 'Asks': [{'price': 19000, 'orders': [(b'SUBAS000000008', 1)]}]}}
{'timestamp': 76963827645000, 'order': 'O: SUB@B000000002:B1xLPS     @214748', 'book': {'Bids': [{'price': 17000, 'orders': [(b'SUBAB000000007', 1)]}], 'Asks': []}}
{'timestamp': 76964351687000, 'order': 'O: SUBAS000000009:S1xLPS     @19000', 'book': {'Bids': [{'price': 17000, 'orders': [(b'SUBAB000000007', 1)]}], 'Asks': [{'price': 19000, 'orders': [(b'SUBAS000000009', 1)]}]}}
{'timestamp': 76968847877000, 'order': 'U: SUBAS000000009->SUBAS000000010:1@22000', 'book': {'Bids': [{'price': 17000, 'orders': [(b'SUBAB000000007', 1)]}], 'Asks': [{'price': 22000, 'orders': [(b'SUBAS000000010', 1)]}]}}
{'timestamp': 76968848469000, 'order': 'U: SUBAB000000007->SUBAB000000011:1@20000', 'book': {'Bids': [{'price': 20000, 'orders': [(b'SUBAB000000011', 1)]}], 'Asks': [{'price': 22000, 'orders': [(b'SUBAS000000010', 1)]}]}}
{'timestamp': 76968849891000, 'order': 'O: SUBBB000000003:B1xLPS     @21000', 'book': {'Bids': [{'price': 20000, 'orders': [(b'SUBAB000000011', 1)]}], 'Asks': [{'price': 22000, 'orders': [(b'SUBAS000000010', 1)]}]}}
{'timestamp': 76973868172000, 'order': 'O: SUB@S000000003:S1xLPS     @0', 'book': {'Bids': [], 'Asks': [{'price': 22000, 'orders': [(b'SUBAS000000010', 1)]}]}}
{'timestamp': 76974393186000, 'order': 'O: SUBAB000000012:B1xLPS     @20000', 'book': {'Bids': [{'price': 20000, 'orders': [(b'SUBAB000000012', 1)]}], 'Asks': [{'price': 22000, 'orders': [(b'SUBAS000000010', 1)]}]}}
{'timestamp': 76978888430000, 'order': 'U: SUBAB000000012->SUBAB000000013:1@15000', 'book': {'Bids': [{'price': 15000, 'orders': [(b'SUBAB000000013', 1)]}], 'Asks': [{'price': 22000, 'orders': [(b'SUBAS000000010', 1)]}]}}
{'timestamp': 76978889075000, 'order': 'U: SUBAS000000010->SUBAS000000014:1@17000', 'book': {'Bids': [{'price': 15000, 'orders': [(b'SUBAB000000013', 1)]}], 'Asks': [{'price': 17000, 'orders': [(b'SUBAS000000014', 1)]}]}}
{'timestamp': 76978890499000, 'order': 'O: SUBBS000000004:S1xLPS     @16000', 'book': {'Bids': [{'price': 15000, 'orders': [(b'SUBAB000000013', 1)]}], 'Asks': [{'price': 17000, 'orders': [(b'SUBAS000000014', 1)]}]}}
{'timestamp': 76983909015000, 'order': 'O: SUB@B000000004:B1xLPS     @214748', 'book': {'Bids': [{'price': 15000, 'orders': [(b'SUBAB000000013', 1)]}], 'Asks': []}}
{'timestamp': 76984429156000, 'order': 'O: SUBAS000000015:S1xLPS     @17000', 'book': {'Bids': [{'price': 15000, 'orders': [(b'SUBAB000000013', 1)]}], 'Asks': [{'price': 17000, 'orders': [(b'SUBAS000000015', 1)]}]}}
{'timestamp': 76988927064000, 'order': 'O: SUBBB000000005:B1xLPS     @22000', 'book': {'Bids': [{'price': 15000, 'orders': [(b'SUBAB000000013', 1)]}], 'Asks': []}}
{'timestamp': 76988927617000, 'order': 'U: SUBAS000000015->SUBAS000000016:1@23000', 'book': {'Bids': [{'price': 15000, 'orders': [(b'SUBAB000000013', 1)]}], 'Asks': []}}
{'timestamp': 76988929052000, 'order': 'U: SUBAB000000013->SUBAB000000017:1@21000', 'book': {'Bids': [{'price': 21000, 'orders': [(b'SUBAB000000017', 1)]}], 'Asks': []}}
{'timestamp': 76989478170000, 'order': 'O: SUBAS000000018:S1xLPS     @23000', 'book': {'Bids': [{'price': 21000, 'orders': [(b'SUBAB000000017', 1)]}], 'Asks': [{'price': 23000, 'orders': [(b'SUBAS000000018', 1)]}]}}
{'timestamp': 76993945210000, 'order': 'O: SUB@S000000005:S1xLPS     @0', 'book': {'Bids': [], 'Asks': [{'price': 23000, 'orders': [(b'SUBAS000000018', 1)]}]}}
{'timestamp': 76994469703000, 'order': 'O: SUBAB000000019:B1xLPS     @21000', 'book': {'Bids': [{'price': 21000, 'orders': [(b'SUBAB000000019', 1)]}], 'Asks': [{'price': 23000, 'orders': [(b'SUBAS000000018', 1)]}]}}
{'timestamp': 76998958234000, 'order': 'O: SUBBS000000006:S1xLPS     @17000', 'book': {'Bids': [], 'Asks': [{'price': 23000, 'orders': [(b'SUBAS000000018', 1)]}]}}
{'timestamp': 76998958779000, 'order': 'U: SUBAB000000019->SUBAB000000020:1@16000', 'book': {'Bids': [], 'Asks': [{'price': 23000, 'orders': [(b'SUBAS000000018', 1)]}]}}
{'timestamp': 76998960216000, 'order': 'U: SUBAS000000018->SUBAS000000021:1@18000', 'book': {'Bids': [], 'Asks': [{'price': 18000, 'orders': [(b'SUBAS000000021', 1)]}]}}
{'timestamp': 76999510819000, 'order': 'O: SUBAB000000022:B1xLPS     @16000', 'book': {'Bids': [{'price': 16000, 'orders': [(b'SUBAB000000022', 1)]}], 'Asks': [{'price': 18000, 'orders': [(b'SUBAS000000021', 1)]}]}}
{'timestamp': 77003752418000, 'order': 'O: SUB@B000000006:B1xLPS     @214748', 'book': {'Bids': [{'price': 16000, 'orders': [(b'SUBAB000000022', 1)]}], 'Asks': []}}
{'timestamp': 77004276397000, 'order': 'O: SUBAS000000023:S1xLPS     @18000', 'book': {'Bids': [{'price': 16000, 'orders': [(b'SUBAB000000022', 1)]}], 'Asks': [{'price': 18000, 'orders': [(b'SUBAS000000023', 1)]}]}}
{'timestamp': 78229863822000, 'order': 'H: 5828384747351453744:S', 'book': {'Bids': [], 'Asks': []}}
{'timestamp': 78232463993000, 'order': 'O: SUBAB000000001:B1xLPS     @9000', 'book': {'Bids': [{'price': 9000, 'orders': [(b'SUBAB000000001', 1)]}], 'Asks': []}}
{'timestamp': 78232464448000, 'order': 'O: SUBAS000000002:S1xLPS     @11000', 'book': {'Bids': [{'price': 9000, 'orders': [(b'SUBAB000000001', 1)]}], 'Asks': [{'price': 11000, 'orders': [(b'SUBAS000000002', 1)]}]}}
{'timestamp': 78236288982000, 'order': 'O: SUBBB000000001:B1xLPS     @15000', 'book': {'Bids': [{'price': 9000, 'orders': [(b'SUBAB000000001', 1)]}], 'Asks': []}}
{'timestamp': 78236289520000, 'order': 'U: SUBAS000000002->SUBAS000000003:1@16000', 'book': {'Bids': [{'price': 9000, 'orders': [(b'SUBAB000000001', 1)]}], 'Asks': []}}
{'timestamp': 78236289750000, 'order': 'U: SUBAB000000001->SUBAB000000004:1@14000', 'book': {'Bids': [{'price': 14000, 'orders': [(b'SUBAB000000004', 1)]}], 'Asks': []}}
{'timestamp': 78236844606000, 'order': 'O: SUBAS000000005:S1xLPS     @16000', 'book': {'Bids': [{'price': 14000, 'orders': [(b'SUBAB000000004', 1)]}], 'Asks': [{'price': 16000, 'orders': [(b'SUBAS000000005', 1)]}]}}
{'timestamp': 78240743640000, 'order': 'O: SUB@S000000001:S1xLPS     @0', 'book': {'Bids': [], 'Asks': [{'price': 16000, 'orders': [(b'SUBAS000000005', 1)]}]}}
{'timestamp': 78241270486000, 'order': 'O: SUBAB000000006:B1xLPS     @14000', 'book': {'Bids': [{'price': 14000, 'orders': [(b'SUBAB000000006', 1)]}], 'Asks': [{'price': 16000, 'orders': [(b'SUBAS000000005', 1)]}]}}
{'timestamp': 78246283251000, 'order': 'U: SUBAS000000005->SUBAS000000007:1@19000', 'book': {'Bids': [{'price': 14000, 'orders': [(b'SUBAB000000006', 1)]}], 'Asks': [{'price': 19000, 'orders': [(b'SUBAS000000007', 1)]}]}}
{'timestamp': 78246284058000, 'order': 'U: SUBAB000000006->SUBAB000000008:1@17000', 'book': {'Bids': [{'price': 17000, 'orders': [(b'SUBAB000000008', 1)]}], 'Asks': [{'price': 19000, 'orders': [(b'SUBAS000000007', 1)]}]}}
{'timestamp': 78246285225000, 'order': 'O: SUBBB000000002:B1xLPS     @18000', 'book': {'Bids': [{'price': 17000, 'orders': [(b'SUBAB000000008', 1)]}], 'Asks': [{'price': 19000, 'orders': [(b'SUBAS000000007', 1)]}]}}
{'timestamp': 78251286044000, 'order': 'O: SUB@B000000002:B1xLPS     @214748', 'book': {'Bids': [{'price': 17000, 'orders': [(b'SUBAB000000008', 1)]}], 'Asks': []}}
{'timestamp': 78251807956000, 'order': 'O: SUBAS000000009:S1xLPS     @19000', 'book': {'Bids': [{'price': 17000, 'orders': [(b'SUBAB000000008', 1)]}], 'Asks': [{'price': 19000, 'orders': [(b'SUBAS000000009', 1)]}]}}
{'timestamp': 78256300577000, 'order': 'U: SUBAS000000009->SUBAS000000010:1@22000', 'book': {'Bids': [{'price': 17000, 'orders': [(b'SUBAB000000008', 1)]}], 'Asks': [{'price': 22000, 'orders': [(b'SUBAS000000010', 1)]}]}}
{'timestamp': 78256301343000, 'order': 'U: SUBAB000000008->SUBAB000000011:1@20000', 'book': {'Bids': [{'price': 20000, 'orders': [(b'SUBAB000000011', 1)]}], 'Asks': [{'price': 22000, 'orders': [(b'SUBAS000000010', 1)]}]}}
{'timestamp': 78256302756000, 'order': 'O: SUBBB000000003:B1xLPS     @21000', 'book': {'Bids': [{'price': 20000, 'orders': [(b'SUBAB000000011', 1)]}], 'Asks': [{'price': 22000, 'orders': [(b'SUBAS000000010', 1)]}]}}
{'timestamp': 78261303760000, 'order': 'O: SUB@S000000003:S1xLPS     @0', 'book': {'Bids': [], 'Asks': [{'price': 22000, 'orders': [(b'SUBAS000000010', 1)]}]}}
{'timestamp': 78261822884000, 'order': 'O: SUBAB000000012:B1xLPS     @20000', 'book': {'Bids': [{'price': 20000, 'orders': [(b'SUBAB000000012', 1)]}], 'Asks': [{'price': 22000, 'orders': [(b'SUBAS000000010', 1)]}]}}
{'timestamp': 78266317920000, 'order': 'O: SUBBS000000004:S1xLPS     @16000', 'book': {'Bids': [], 'Asks': [{'price': 22000, 'orders': [(b'SUBAS000000010', 1)]}]}}
{'timestamp': 78266318537000, 'order': 'U: SUBAB000000012->SUBAB000000013:1@15000', 'book': {'Bids': [], 'Asks': [{'price': 22000, 'orders': [(b'SUBAS000000010', 1)]}]}}
{'timestamp': 78266319921000, 'order': 'U: SUBAS000000010->SUBAS000000014:1@17000', 'book': {'Bids': [], 'Asks': [{'price': 17000, 'orders': [(b'SUBAS000000014', 1)]}]}}
{'timestamp': 78266867563000, 'order': 'O: SUBAB000000015:B1xLPS     @15000', 'book': {'Bids': [{'price': 15000, 'orders': [(b'SUBAB000000015', 1)]}], 'Asks': [{'price': 17000, 'orders': [(b'SUBAS000000014', 1)]}]}}
{'timestamp': 78271317648000, 'order': 'O: SUB@B000000004:B1xLPS     @214748', 'book': {'Bids': [{'price': 15000, 'orders': [(b'SUBAB000000015', 1)]}], 'Asks': []}}
{'timestamp': 78271840823000, 'order': 'O: SUBAS000000016:S1xLPS     @17000', 'book': {'Bids': [{'price': 15000, 'orders': [(b'SUBAB000000015', 1)]}], 'Asks': [{'price': 17000, 'orders': [(b'SUBAS000000016', 1)]}]}}
{'timestamp': 78276857565000, 'order': 'O: SUBBB000000005:B1xLPS     @22000', 'book': {'Bids': [{'price': 15000, 'orders': [(b'SUBAB000000015', 1)]}], 'Asks': []}}
{'timestamp': 78276858153000, 'order': 'U: SUBAS000000016->SUBAS000000017:1@23000', 'book': {'Bids': [{'price': 15000, 'orders': [(b'SUBAB000000015', 1)]}], 'Asks': []}}
{'timestamp': 78276859551000, 'order': 'U: SUBAB000000015->SUBAB000000018:1@21000', 'book': {'Bids': [{'price': 21000, 'orders': [(b'SUBAB000000018', 1)]}], 'Asks': []}}
{'timestamp': 78277409871000, 'order': 'O: SUBAS000000019:S1xLPS     @23000', 'book': {'Bids': [{'price': 21000, 'orders': [(b'SUBAB000000018', 1)]}], 'Asks': [{'price': 23000, 'orders': [(b'SUBAS000000019', 1)]}]}}
{'timestamp': 78280867812000, 'order': 'O: SUB@S000000005:S1xLPS     @0', 'book': {'Bids': [], 'Asks': [{'price': 23000, 'orders': [(b'SUBAS000000019', 1)]}]}}
{'timestamp': 78281391358000, 'order': 'O: SUBAB000000020:B1xLPS     @21000', 'book': {'Bids': [{'price': 21000, 'orders': [(b'SUBAB000000020', 1)]}], 'Asks': [{'price': 23000, 'orders': [(b'SUBAS000000019', 1)]}]}}
{'timestamp': 78286887663000, 'order': 'O: SUBBS000000006:S1xLPS     @17000', 'book': {'Bids': [], 'Asks': [{'price': 23000, 'orders': [(b'SUBAS000000019', 1)]}]}}
{'timestamp': 78286888268000, 'order': 'U: SUBAB000000020->SUBAB000000021:1@16000', 'book': {'Bids': [], 'Asks': [{'price': 23000, 'orders': [(b'SUBAS000000019', 1)]}]}}
{'timestamp': 78286889717000, 'order': 'U: SUBAS000000019->SUBAS000000022:1@18000', 'book': {'Bids': [], 'Asks': [{'price': 18000, 'orders': [(b'SUBAS000000022', 1)]}]}}
{'timestamp': 78287437843000, 'order': 'O: SUBAB000000023:B1xLPS     @16000', 'book': {'Bids': [{'price': 16000, 'orders': [(b'SUBAB000000023', 1)]}], 'Asks': [{'price': 18000, 'orders': [(b'SUBAS000000022', 1)]}]}}
{'timestamp': 78290902896000, 'order': 'O: SUB@B000000006:B1xLPS     @214748', 'book': {'Bids': [{'price': 16000, 'orders': [(b'SUBAB000000023', 1)]}], 'Asks': []}}
{'timestamp': 78291423742000, 'order': 'O: SUBAS000000024:S1xLPS     @18000', 'book': {'Bids': [{'price': 16000, 'orders': [(b'SUBAB000000023', 1)]}], 'Asks': [{'price': 18000, 'orders': [(b'SUBAS000000024', 1)]}]}}
{'timestamp': 78517961733000, 'order': 'H: 7065760225419079728:S', 'book': {'Bids': [], 'Asks': []}}
{'timestamp': 78524211004000, 'order': 'O: SUBAB000000001:B1xLPS     @15000', 'book': {'Bids': [], 'Asks': []}}
{'timestamp': 78524245285000, 'order': 'O: SUBBB000000001:B1xLPS     @14000', 'book': {'Bids': [{'price': 14000, 'orders': [(b'SUBBB000000001', 1)]}], 'Asks': []}}
{'timestamp': 78524245688000, 'order': 'O: SUBBS000000002:S1xLPS     @16000', 'book': {'Bids': [{'price': 14000, 'orders': [(b'SUBBB000000001', 1)]}], 'Asks': [{'price': 16000, 'orders': [(b'SUBBS000000002', 1)]}]}}
{'timestamp': 78526715622000, 'order': 'O: SUBCB000000001:B1xLPS     @14000', 'book': {'Bids': [{'price': 14000, 'orders': [(b'SUBBB000000001', 1), (b'SUBCB000000001', 1)]}], 'Asks': [{'price': 16000, 'orders': [(b'SUBBS000000002', 1)]}]}}
{'timestamp': 78526716377000, 'order': 'O: SUBCS000000002:S1xLPS     @16000', 'book': {'Bids': [{'price': 14000, 'orders': [(b'SUBBB000000001', 1), (b'SUBCB000000001', 1)]}], 'Asks': [{'price': 16000, 'orders': [(b'SUBBS000000002', 1), (b'SUBCS000000002', 1)]}]}}
{'timestamp': 78528697526000, 'order': 'O: SUB@S000000001:S1xLPS     @0', 'book': {'Bids': [{'price': 14000, 'orders': [(b'SUBCB000000001', 1)]}], 'Asks': [{'price': 16000, 'orders': [(b'SUBBS000000002', 1), (b'SUBCS000000002', 1)]}]}}
{'timestamp': 78529223311000, 'order': 'O: SUBDB000000001:B1xLPS     @14000', 'book': {'Bids': [{'price': 14000, 'orders': [(b'SUBCB000000001', 1), (b'SUBDB000000001', 1)]}], 'Asks': [{'price': 16000, 'orders': [(b'SUBBS000000002', 1), (b'SUBCS000000002', 1)]}]}}
{'timestamp': 78529223765000, 'order': 'O: SUBDS000000002:S1xLPS     @16000', 'book': {'Bids': [{'price': 14000, 'orders': [(b'SUBCB000000001', 1), (b'SUBDB000000001', 1)]}], 'Asks': [{'price': 16000, 'orders': [(b'SUBBS000000002', 1), (b'SUBCS000000002', 1), (b'SUBDS000000002', 1)]}]}}
{'timestamp': 78529224110000, 'order': 'O: SUBBB000000003:B1xLPS     @14000', 'book': {'Bids': [{'price': 14000, 'orders': [(b'SUBCB000000001', 1), (b'SUBDB000000001', 1), (b'SUBBB000000003', 1)]}], 'Asks': [{'price': 16000, 'orders': [(b'SUBBS000000002', 1), (b'SUBCS000000002', 1), (b'SUBDS000000002', 1)]}]}}
{'timestamp': 78534324090000, 'order': 'U: SUBCS000000002->SUBCS000000003:1@19000', 'book': {'Bids': [{'price': 14000, 'orders': [(b'SUBCB000000001', 1), (b'SUBDB000000001', 1), (b'SUBBB000000003', 1)]}], 'Asks': [{'price': 16000, 'orders': [(b'SUBBS000000002', 1), (b'SUBDS000000002', 1)]}, {'price': 19000, 'orders': [(b'SUBCS000000003', 1)]}]}}
{'timestamp': 78534326272000, 'order': 'U: SUBCB000000001->SUBCB000000004:1@17000', 'book': {'Bids': [{'price': 14000, 'orders': [(b'SUBDB000000001', 1), (b'SUBBB000000003', 1)]}], 'Asks': [{'price': 16000, 'orders': [(b'SUBDS000000002', 1)]}, {'price': 19000, 'orders': [(b'SUBCS000000003', 1)]}]}}
{'timestamp': 78534327216000, 'order': 'O: SUBEB000000001:B1xLPS     @18000', 'book': {'Bids': [{'price': 14000, 'orders': [(b'SUBDB000000001', 1), (b'SUBBB000000003', 1)]}], 'Asks': [{'price': 19000, 'orders': [(b'SUBCS000000003', 1)]}]}}
{'timestamp': 78534327730000, 'order': 'U: SUBDS000000002->SUBDS000000003:1@19000', 'book': {'Bids': [{'price': 14000, 'orders': [(b'SUBDB000000001', 1), (b'SUBBB000000003', 1)]}], 'Asks': [{'price': 19000, 'orders': [(b'SUBCS000000003', 1)]}]}}
{'timestamp': 78534328089000, 'order': 'U: SUBDB000000001->SUBDB000000004:1@17000', 'book': {'Bids': [{'price': 17000, 'orders': [(b'SUBDB000000004', 1)]}, {'price': 14000, 'orders': [(b'SUBBB000000003', 1)]}], 'Asks': [{'price': 19000, 'orders': [(b'SUBCS000000003', 1)]}]}}
{'timestamp': 78534328660000, 'order': 'U: SUBBS000000002->SUBBS000000004:1@19000', 'book': {'Bids': [{'price': 17000, 'orders': [(b'SUBDB000000004', 1)]}, {'price': 14000, 'orders': [(b'SUBBB000000003', 1)]}], 'Asks': [{'price': 19000, 'orders': [(b'SUBCS000000003', 1)]}]}}
{'timestamp': 78534328934000, 'order': 'U: SUBBB000000003->SUBBB000000005:1@17000', 'book': {'Bids': [{'price': 17000, 'orders': [(b'SUBDB000000004', 1), (b'SUBBB000000005', 1)]}], 'Asks': [{'price': 19000, 'orders': [(b'SUBCS000000003', 1)]}]}}
{'timestamp': 78534329603000, 'order': 'O: SUBAB000000002:B1xLPS     @18000', 'book': {'Bids': [{'price': 17000, 'orders': [(b'SUBDB000000004', 1), (b'SUBBB000000005', 1)]}], 'Asks': [{'price': 19000, 'orders': [(b'SUBCS000000003', 1)]}]}}
{'timestamp': 78535973418000, 'order': 'O: SUBFB000000001:B1xLPS     @17000', 'book': {'Bids': [{'price': 17000, 'orders': [(b'SUBDB000000004', 1), (b'SUBBB000000005', 1), (b'SUBFB000000001', 1)]}], 'Asks': [{'price': 19000, 'orders': [(b'SUBCS000000003', 1)]}]}}
{'timestamp': 78535973807000, 'order': 'O: SUBFS000000002:S1xLPS     @19000', 'book': {'Bids': [{'price': 17000, 'orders': [(b'SUBDB000000004', 1), (b'SUBBB000000005', 1), (b'SUBFB000000001', 1)]}], 'Asks': [{'price': 19000, 'orders': [(b'SUBCS000000003', 1), (b'SUBFS000000002', 1)]}]}}
{'timestamp': 78535974099000, 'order': 'O: SUBCB000000005:B1xLPS     @17000', 'book': {'Bids': [{'price': 17000, 'orders': [(b'SUBDB000000004', 1), (b'SUBBB000000005', 1), (b'SUBFB000000001', 1), (b'SUBCB000000005', 1)]}], 'Asks': [{'price': 19000, 'orders': [(b'SUBCS000000003', 1), (b'SUBFS000000002', 1)]}]}}
{'timestamp': 78535974384000, 'order': 'O: SUBBS000000006:S1xLPS     @19000', 'book': {'Bids': [{'price': 17000, 'orders': [(b'SUBDB000000004', 1), (b'SUBBB000000005', 1), (b'SUBFB000000001', 1), (b'SUBCB000000005', 1)]}], 'Asks': [{'price': 19000, 'orders': [(b'SUBCS000000003', 1), (b'SUBFS000000002', 1), (b'SUBBS000000006', 1)]}]}}
{'timestamp': 78535974671000, 'order': 'O: SUBDS000000005:S1xLPS     @19000', 'book': {'Bids': [{'price': 17000, 'orders': [(b'SUBDB000000004', 1), (b'SUBBB000000005', 1), (b'SUBFB000000001', 1), (b'SUBCB000000005', 1)]}], 'Asks': [{'price': 19000, 'orders': [(b'SUBCS000000003', 1), (b'SUBFS000000002', 1), (b'SUBBS000000006', 1), (b'SUBDS000000005', 1)]}]}}
{'timestamp': 78538981979000, 'order': 'O: SUB@B000000002:B1xLPS     @214748', 'book': {'Bids': [{'price': 17000, 'orders': [(b'SUBDB000000004', 1), (b'SUBBB000000005', 1), (b'SUBFB000000001', 1), (b'SUBCB000000005', 1)]}], 'Asks': [{'price': 19000, 'orders': [(b'SUBFS000000002', 1), (b'SUBBS000000006', 1), (b'SUBDS000000005', 1)]}]}}
{'timestamp': 78539511189000, 'order': 'O: SUBCS000000006:S1xLPS     @19000', 'book': {'Bids': [{'price': 17000, 'orders': [(b'SUBDB000000004', 1), (b'SUBBB000000005', 1), (b'SUBFB000000001', 1), (b'SUBCB000000005', 1)]}], 'Asks': [{'price': 19000, 'orders': [(b'SUBFS000000002', 1), (b'SUBBS000000006', 1), (b'SUBDS000000005', 1), (b'SUBCS000000006', 1)]}]}}
{'timestamp': 78544998376000, 'order': 'U: SUBDS000000005->SUBDS000000006:1@22000', 'book': {'Bids': [{'price': 17000, 'orders': [(b'SUBDB000000004', 1), (b'SUBBB000000005', 1), (b'SUBFB000000001', 1), (b'SUBCB000000005', 1)]}], 'Asks': [{'price': 19000, 'orders': [(b'SUBFS000000002', 1), (b'SUBBS000000006', 1), (b'SUBCS000000006', 1)]}, {'price': 22000, 'orders': [(b'SUBDS000000006', 1)]}]}}
{'timestamp': 78544999171000, 'order': 'U: SUBDB000000004->SUBDB000000007:1@20000', 'book': {'Bids': [{'price': 17000, 'orders': [(b'SUBBB000000005', 1), (b'SUBFB000000001', 1), (b'SUBCB000000005', 1)]}], 'Asks': [{'price': 19000, 'orders': [(b'SUBBS000000006', 1), (b'SUBCS000000006', 1)]}, {'price': 22000, 'orders': [(b'SUBDS000000006', 1)]}]}}
{'timestamp': 78545000609000, 'order': 'O: SUBEB000000002:B1xLPS     @21000', 'book': {'Bids': [{'price': 17000, 'orders': [(b'SUBBB000000005', 1), (b'SUBFB000000001', 1), (b'SUBCB000000005', 1)]}], 'Asks': [{'price': 19000, 'orders': [(b'SUBCS000000006', 1)]}, {'price': 22000, 'orders': [(b'SUBDS000000006', 1)]}]}}
{'timestamp': 78545001223000, 'order': 'U: SUBCS000000006->SUBCS000000007:1@22000', 'book': {'Bids': [{'price': 17000, 'orders': [(b'SUBBB000000005', 1), (b'SUBFB000000001', 1), (b'SUBCB000000005', 1)]}], 'Asks': [{'price': 22000, 'orders': [(b'SUBDS000000006', 1), (b'SUBCS000000007', 1)]}]}}
{'timestamp': 78545001750000, 'order': 'U: SUBCB000000005->SUBCB000000008:1@20000', 'book': {'Bids': [{'price': 20000, 'orders': [(b'SUBCB000000008', 1)]}, {'price': 17000, 'orders': [(b'SUBBB000000005', 1), (b'SUBFB000000001', 1)]}], 'Asks': [{'price': 22000, 'orders': [(b'SUBDS000000006', 1), (b'SUBCS000000007', 1)]}]}}
{'timestamp': 78545002279000, 'order': 'O: SUBAB000000003:B1xLPS     @21000', 'book': {'Bids': [{'price': 20000, 'orders': [(b'SUBCB000000008', 1)]}, {'price': 17000, 'orders': [(b'SUBBB000000005', 1), (b'SUBFB000000001', 1)]}], 'Asks': [{'price': 22000, 'orders': [(b'SUBDS000000006', 1), (b'SUBCS000000007', 1)]}]}}
{'timestamp': 78545002651000, 'order': 'U: SUBBS000000006->SUBBS000000007:1@22000', 'book': {'Bids': [{'price': 20000, 'orders': [(b'SUBCB000000008', 1)]}, {'price': 17000, 'orders': [(b'SUBBB000000005', 1), (b'SUBFB000000001', 1)]}], 'Asks': [{'price': 22000, 'orders': [(b'SUBDS000000006', 1), (b'SUBCS000000007', 1)]}]}}
{'timestamp': 78545002933000, 'order': 'U: SUBBB000000005->SUBBB000000008:1@20000', 'book': {'Bids': [{'price': 20000, 'orders': [(b'SUBCB000000008', 1), (b'SUBBB000000008', 1)]}, {'price': 17000, 'orders': [(b'SUBFB000000001', 1)]}], 'Asks': [{'price': 22000, 'orders': [(b'SUBDS000000006', 1), (b'SUBCS000000007', 1)]}]}}
{'timestamp': 78545003532000, 'order': 'U: SUBFS000000002->SUBFS000000003:1@22000', 'book': {'Bids': [{'price': 20000, 'orders': [(b'SUBCB000000008', 1), (b'SUBBB000000008', 1)]}, {'price': 17000, 'orders': [(b'SUBFB000000001', 1)]}], 'Asks': [{'price': 22000, 'orders': [(b'SUBDS000000006', 1), (b'SUBCS000000007', 1)]}]}}
{'timestamp': 78545003845000, 'order': 'U: SUBFB000000001->SUBFB000000004:1@20000', 'book': {'Bids': [{'price': 20000, 'orders': [(b'SUBCB000000008', 1), (b'SUBBB000000008', 1), (b'SUBFB000000004', 1)]}], 'Asks': [{'price': 22000, 'orders': [(b'SUBDS000000006', 1), (b'SUBCS000000007', 1)]}]}}
{'timestamp': 78546663580000, 'order': 'O: SUBDB000000008:B1xLPS     @20000', 'book': {'Bids': [{'price': 20000, 'orders': [(b'SUBCB000000008', 1), (b'SUBBB000000008', 1), (b'SUBFB000000004', 1), (b'SUBDB000000008', 1)]}], 'Asks': [{'price': 22000, 'orders': [(b'SUBDS000000006', 1), (b'SUBCS000000007', 1)]}]}}
{'timestamp': 78546663985000, 'order': 'O: SUBFS000000005:S1xLPS     @22000', 'book': {'Bids': [{'price': 20000, 'orders': [(b'SUBCB000000008', 1), (b'SUBBB000000008', 1), (b'SUBFB000000004', 1), (b'SUBDB000000008', 1)]}], 'Asks': [{'price': 22000, 'orders': [(b'SUBDS000000006', 1), (b'SUBCS000000007', 1), (b'SUBFS000000005', 1)]}]}}
{'timestamp': 78546664277000, 'order': 'O: SUBBS000000009:S1xLPS     @22000', 'book': {'Bids': [{'price': 20000, 'orders': [(b'SUBCB000000008', 1), (b'SUBBB000000008', 1), (b'SUBFB000000004', 1), (b'SUBDB000000008', 1)]}], 'Asks': [{'price': 22000, 'orders': [(b'SUBDS000000006', 1), (b'SUBCS000000007', 1), (b'SUBFS000000005', 1), (b'SUBBS000000009', 1)]}]}}
{'timestamp': 78549670413000, 'order': 'O: SUB@S000000003:S1xLPS     @0', 'book': {'Bids': [{'price': 20000, 'orders': [(b'SUBBB000000008', 1), (b'SUBFB000000004', 1), (b'SUBDB000000008', 1)]}], 'Asks': [{'price': 22000, 'orders': [(b'SUBDS000000006', 1), (b'SUBCS000000007', 1), (b'SUBFS000000005', 1), (b'SUBBS000000009', 1)]}]}}
{'timestamp': 78550197876000, 'order': 'O: SUBCB000000009:B1xLPS     @20000', 'book': {'Bids': [{'price': 20000, 'orders': [(b'SUBBB000000008', 1), (b'SUBFB000000004', 1), (b'SUBDB000000008', 1), (b'SUBCB000000009', 1)]}], 'Asks': [{'price': 22000, 'orders': [(b'SUBDS000000006', 1), (b'SUBCS000000007', 1), (b'SUBFS000000005', 1), (b'SUBBS000000009', 1)]}]}}
{'timestamp': 78554678847000, 'order': 'U: SUBCB000000009->SUBCB000000010:1@15000', 'book': {'Bids': [{'price': 20000, 'orders': [(b'SUBBB000000008', 1), (b'SUBFB000000004', 1), (b'SUBDB000000008', 1)]}, {'price': 15000, 'orders': [(b'SUBCB000000010', 1)]}], 'Asks': [{'price': 22000, 'orders': [(b'SUBDS000000006', 1), (b'SUBCS000000007', 1), (b'SUBFS000000005', 1), (b'SUBBS000000009', 1)]}]}}
{'timestamp': 78554679408000, 'order': 'U: SUBCS000000007->SUBCS000000011:1@17000', 'book': {'Bids': [{'price': 20000, 'orders': [(b'SUBFB000000004', 1), (b'SUBDB000000008', 1)]}, {'price': 15000, 'orders': [(b'SUBCB000000010', 1)]}], 'Asks': [{'price': 22000, 'orders': [(b'SUBDS000000006', 1), (b'SUBFS000000005', 1), (b'SUBBS000000009', 1)]}]}}
{'timestamp': 78554679909000, 'order': 'U: SUBBB000000008->SUBBB000000010:1@15000', 'book': {'Bids': [{'price': 20000, 'orders': [(b'SUBFB000000004', 1), (b'SUBDB000000008', 1)]}, {'price': 15000, 'orders': [(b'SUBCB000000010', 1)]}], 'Asks': [{'price': 22000, 'orders': [(b'SUBDS000000006', 1), (b'SUBFS000000005', 1), (b'SUBBS000000009', 1)]}]}}
{'timestamp': 78554680128000, 'order': 'U: SUBBS000000009->SUBBS000000011:1@17000', 'book': {'Bids': [{'price': 20000, 'orders': [(b'SUBDB000000008', 1)]}, {'price': 15000, 'orders': [(b'SUBCB000000010', 1)]}], 'Asks': [{'price': 22000, 'orders': [(b'SUBDS000000006', 1), (b'SUBFS000000005', 1)]}]}}
{'timestamp': 78554680685000, 'order': 'U: SUBFB000000004->SUBFB000000006:1@15000', 'book': {'Bids': [{'price': 20000, 'orders': [(b'SUBDB000000008', 1)]}, {'price': 15000, 'orders': [(b'SUBCB000000010', 1)]}], 'Asks': [{'price': 22000, 'orders': [(b'SUBDS000000006', 1), (b'SUBFS000000005', 1)]}]}}
{'timestamp': 78554680920000, 'order': 'U: SUBFS000000005->SUBFS000000007:1@17000', 'book': {'Bids': [{'price': 15000, 'orders': [(b'SUBCB000000010', 1)]}], 'Asks': [{'price': 22000, 'orders': [(b'SUBDS000000006', 1)]}]}}
{'timestamp': 78554681460000, 'order': 'O: SUBES000000003:S1xLPS     @16000', 'book': {'Bids': [{'price': 15000, 'orders': [(b'SUBCB000000010', 1)]}], 'Asks': [{'price': 22000, 'orders': [(b'SUBDS000000006', 1)]}]}}
{'timestamp': 78554681749000, 'order': 'U: SUBDB000000008->SUBDB000000009:1@15000', 'book': {'Bids': [{'price': 15000, 'orders': [(b'SUBCB000000010', 1)]}], 'Asks': [{'price': 22000, 'orders': [(b'SUBDS000000006', 1)]}]}}
{'timestamp': 78554681958000, 'order': 'U: SUBDS000000006->SUBDS000000010:1@17000', 'book': {'Bids': [{'price': 15000, 'orders': [(b'SUBCB000000010', 1)]}], 'Asks': [{'price': 17000, 'orders': [(b'SUBDS000000010', 1)]}]}}
{'timestamp': 78554682390000, 'order': 'O: SUBAS000000004:S1xLPS     @16000', 'book': {'Bids': [{'price': 15000, 'orders': [(b'SUBCB000000010', 1)]}], 'Asks': [{'price': 17000, 'orders': [(b'SUBDS000000010', 1)]}]}}
{'timestamp': 78557889688000, 'order': 'O: SUBCS000000012:S1xLPS     @17000', 'book': {'Bids': [{'price': 15000, 'orders': [(b'SUBCB000000010', 1)]}], 'Asks': [{'price': 17000, 'orders': [(b'SUBDS000000010', 1), (b'SUBCS000000012', 1)]}]}}
{'timestamp': 78557890076000, 'order': 'O: SUBBB000000012:B1xLPS     @15000', 'book': {'Bids': [{'price': 15000, 'orders': [(b'SUBCB000000010', 1), (b'SUBBB000000012', 1)]}], 'Asks': [{'price': 17000, 'orders': [(b'SUBDS000000010', 1), (b'SUBCS000000012', 1)]}]}}
{'timestamp': 78557890392000, 'order': 'O: SUBBS000000013:S1xLPS     @17000', 'book': {'Bids': [{'price': 15000, 'orders': [(b'SUBCB000000010', 1), (b'SUBBB000000012', 1)]}], 'Asks': [{'price': 17000, 'orders': [(b'SUBDS000000010', 1), (b'SUBCS000000012', 1), (b'SUBBS000000013', 1)]}]}}
{'timestamp': 78557890674000, 'order': 'O: SUBFB000000008:B1xLPS     @15000', 'book': {'Bids': [{'price': 15000, 'orders': [(b'SUBCB000000010', 1), (b'SUBBB000000012', 1), (b'SUBFB000000008', 1)]}], 'Asks': [{'price': 17000, 'orders': [(b'SUBDS000000010', 1), (b'SUBCS000000012', 1), (b'SUBBS000000013', 1)]}]}}
{'timestamp': 78557890962000, 'order': 'O: SUBFS000000009:S1xLPS     @17000', 'book': {'Bids': [{'price': 15000, 'orders': [(b'SUBCB000000010', 1), (b'SUBBB000000012', 1), (b'SUBFB000000008', 1)]}], 'Asks': [{'price': 17000, 'orders': [(b'SUBDS000000010', 1), (b'SUBCS000000012', 1), (b'SUBBS000000013', 1), (b'SUBFS000000009', 1)]}]}}
{'timestamp': 78557891241000, 'order': 'O: SUBDB000000011:B1xLPS     @15000', 'book': {'Bids': [{'price': 15000, 'orders': [(b'SUBCB000000010', 1), (b'SUBBB000000012', 1), (b'SUBFB000000008', 1), (b'SUBDB000000011', 1)]}], 'Asks': [{'price': 17000, 'orders': [(b'SUBDS000000010', 1), (b'SUBCS000000012', 1), (b'SUBBS000000013', 1), (b'SUBFS000000009', 1)]}]}}
{'timestamp': 78558892736000, 'order': 'O: SUB@B000000004:B1xLPS     @214748', 'book': {'Bids': [{'price': 15000, 'orders': [(b'SUBCB000000010', 1), (b'SUBBB000000012', 1), (b'SUBFB000000008', 1), (b'SUBDB000000011', 1)]}], 'Asks': [{'price': 17000, 'orders': [(b'SUBCS000000012', 1), (b'SUBBS000000013', 1), (b'SUBFS000000009', 1)]}]}}
{'timestamp': 78559418747000, 'order': 'O: SUBDS000000012:S1xLPS     @17000', 'book': {'Bids': [{'price': 15000, 'orders': [(b'SUBCB000000010', 1), (b'SUBBB000000012', 1), (b'SUBFB000000008', 1), (b'SUBDB000000011', 1)]}], 'Asks': [{'price': 17000, 'orders': [(b'SUBCS000000012', 1), (b'SUBBS000000013', 1), (b'SUBFS000000009', 1), (b'SUBDS000000012', 1)]}]}}
{'timestamp': 78564873040000, 'order': 'U: SUBDS000000012->SUBDS000000013:1@23000', 'book': {'Bids': [{'price': 15000, 'orders': [(b'SUBCB000000010', 1), (b'SUBBB000000012', 1), (b'SUBFB000000008', 1), (b'SUBDB000000011', 1)]}], 'Asks': [{'price': 17000, 'orders': [(b'SUBCS000000012', 1), (b'SUBBS000000013', 1), (b'SUBFS000000009', 1)]}, {'price': 23000, 'orders': [(b'SUBDS000000013', 1)]}]}}
{'timestamp': 78564873785000, 'order': 'U: SUBDB000000011->SUBDB000000014:1@21000', 'book': {'Bids': [{'price': 15000, 'orders': [(b'SUBCB000000010', 1), (b'SUBBB000000012', 1), (b'SUBFB000000008', 1)]}], 'Asks': [{'price': 17000, 'orders': [(b'SUBBS000000013', 1), (b'SUBFS000000009', 1)]}, {'price': 23000, 'orders': [(b'SUBDS000000013', 1)]}]}}
{'timestamp': 78564874949000, 'order': 'U: SUBBS000000013->SUBBS000000014:1@23000', 'book': {'Bids': [{'price': 15000, 'orders': [(b'SUBCB000000010', 1), (b'SUBBB000000012', 1), (b'SUBFB000000008', 1)]}], 'Asks': [{'price': 17000, 'orders': [(b'SUBFS000000009', 1)]}, {'price': 23000, 'orders': [(b'SUBDS000000013', 1), (b'SUBBS000000014', 1)]}]}}
{'timestamp': 78564875487000, 'order': 'U: SUBBB000000012->SUBBB000000015:1@21000', 'book': {'Bids': [{'price': 15000, 'orders': [(b'SUBCB000000010', 1), (b'SUBFB000000008', 1)]}], 'Asks': [{'price': 23000, 'orders': [(b'SUBDS000000013', 1), (b'SUBBS000000014', 1)]}]}}
{'timestamp': 78564876137000, 'order': 'U: SUBFS000000009->SUBFS000000010:1@23000', 'book': {'Bids': [{'price': 15000, 'orders': [(b'SUBCB000000010', 1), (b'SUBFB000000008', 1)]}], 'Asks': [{'price': 23000, 'orders': [(b'SUBDS000000013', 1), (b'SUBBS000000014', 1)]}]}}
{'timestamp': 78564876441000, 'order': 'U: SUBFB000000008->SUBFB000000011:1@21000', 'book': {'Bids': [{'price': 21000, 'orders': [(b'SUBFB000000011', 1)]}, {'price': 15000, 'orders': [(b'SUBCB000000010', 1)]}], 'Asks': [{'price': 23000, 'orders': [(b'SUBDS000000013', 1), (b'SUBBS000000014', 1)]}]}}
{'timestamp': 78564877048000, 'order': 'O: SUBEB000000004:B1xLPS     @22000', 'book': {'Bids': [{'price': 21000, 'orders': [(b'SUBFB000000011', 1)]}, {'price': 15000, 'orders': [(b'SUBCB000000010', 1)]}], 'Asks': [{'price': 23000, 'orders': [(b'SUBDS000000013', 1), (b'SUBBS000000014', 1)]}]}}
{'timestamp': 78564877523000, 'order': 'U: SUBCS000000012->SUBCS000000013:1@23000', 'book': {'Bids': [{'price': 21000, 'orders': [(b'SUBFB000000011', 1)]}, {'price': 15000, 'orders': [(b'SUBCB000000010', 1)]}], 'Asks': [{'price': 23000, 'orders': [(b'SUBDS000000013', 1), (b'SUBBS000000014', 1)]}]}}
{'timestamp': 78564877832000, 'order': 'U: SUBCB000000010->SUBCB000000014:1@21000', 'book': {'Bids': [{'price': 21000, 'orders': [(b'SUBFB000000011', 1), (b'SUBCB000000014', 1)]}], 'Asks': [{'price': 23000, 'orders': [(b'SUBDS000000013', 1), (b'SUBBS000000014', 1)]}]}}
{'timestamp': 78564878344000, 'order': 'O: SUBAB000000005:B1xLPS     @22000', 'book': {'Bids': [{'price': 21000, 'orders': [(b'SUBFB000000011', 1), (b'SUBCB000000014', 1)]}], 'Asks': [{'price': 23000, 'orders': [(b'SUBDS000000013', 1), (b'SUBBS000000014', 1)]}]}}
{'timestamp': 78567062290000, 'order': 'O: SUBDB000000015:B1xLPS     @21000', 'book': {'Bids': [{'price': 21000, 'orders': [(b'SUBFB000000011', 1), (b'SUBCB000000014', 1), (b'SUBDB000000015', 1)]}], 'Asks': [{'price': 23000, 'orders': [(b'SUBDS000000013', 1), (b'SUBBS000000014', 1)]}]}}
{'timestamp': 78567062735000, 'order': 'O: SUBCS000000015:S1xLPS     @23000', 'book': {'Bids': [{'price': 21000, 'orders': [(b'SUBFB000000011', 1), (b'SUBCB000000014', 1), (b'SUBDB000000015', 1)]}], 'Asks': [{'price': 23000, 'orders': [(b'SUBDS000000013', 1), (b'SUBBS000000014', 1), (b'SUBCS000000015', 1)]}]}}
{'timestamp': 78567063055000, 'order': 'O: SUBBB000000016:B1xLPS     @21000', 'book': {'Bids': [{'price': 21000, 'orders': [(b'SUBFB000000011', 1), (b'SUBCB000000014', 1), (b'SUBDB000000015', 1), (b'SUBBB000000016', 1)]}], 'Asks': [{'price': 23000, 'orders': [(b'SUBDS000000013', 1), (b'SUBBS000000014', 1), (b'SUBCS000000015', 1)]}]}}
{'timestamp': 78567063356000, 'order': 'O: SUBFS000000012:S1xLPS     @23000', 'book': {'Bids': [{'price': 21000, 'orders': [(b'SUBFB000000011', 1), (b'SUBCB000000014', 1), (b'SUBDB000000015', 1), (b'SUBBB000000016', 1)]}], 'Asks': [{'price': 23000, 'orders': [(b'SUBDS000000013', 1), (b'SUBBS000000014', 1), (b'SUBCS000000015', 1), (b'SUBFS000000012', 1)]}]}}
{'timestamp': 78569067365000, 'order': 'O: SUB@S000000005:S1xLPS     @0', 'book': {'Bids': [{'price': 21000, 'orders': [(b'SUBCB000000014', 1), (b'SUBDB000000015', 1), (b'SUBBB000000016', 1)]}], 'Asks': [{'price': 23000, 'orders': [(b'SUBDS000000013', 1), (b'SUBBS000000014', 1), (b'SUBCS000000015', 1), (b'SUBFS000000012', 1)]}]}}
{'timestamp': 78569593718000, 'order': 'O: SUBFB000000013:B1xLPS     @21000', 'book': {'Bids': [{'price': 21000, 'orders': [(b'SUBCB000000014', 1), (b'SUBDB000000015', 1), (b'SUBBB000000016', 1), (b'SUBFB000000013', 1)]}], 'Asks': [{'price': 23000, 'orders': [(b'SUBDS000000013', 1), (b'SUBBS000000014', 1), (b'SUBCS000000015', 1), (b'SUBFS000000012', 1)]}]}}
{'timestamp': 78575080042000, 'order': 'O: SUBAS000000006:S1xLPS     @17000', 'book': {'Bids': [{'price': 21000, 'orders': [(b'SUBDB000000015', 1), (b'SUBBB000000016', 1), (b'SUBFB000000013', 1)]}], 'Asks': [{'price': 23000, 'orders': [(b'SUBDS000000013', 1), (b'SUBBS000000014', 1), (b'SUBCS000000015', 1), (b'SUBFS000000012', 1)]}]}}
{'timestamp': 78575080773000, 'order': 'U: SUBFB000000013->SUBFB000000014:1@16000', 'book': {'Bids': [{'price': 21000, 'orders': [(b'SUBDB000000015', 1), (b'SUBBB000000016', 1)]}, {'price': 16000, 'orders': [(b'SUBFB000000014', 1)]}], 'Asks': [{'price': 23000, 'orders': [(b'SUBDS000000013', 1), (b'SUBBS000000014', 1), (b'SUBCS000000015', 1), (b'SUBFS000000012', 1)]}]}}
{'timestamp': 78575082204000, 'order': 'U: SUBFS000000012->SUBFS000000015:1@18000', 'book': {'Bids': [{'price': 21000, 'orders': [(b'SUBBB000000016', 1)]}, {'price': 16000, 'orders': [(b'SUBFB000000014', 1)]}], 'Asks': [{'price': 23000, 'orders': [(b'SUBDS000000013', 1), (b'SUBBS000000014', 1), (b'SUBCS000000015', 1)]}]}}
{'timestamp': 78575082888000, 'order': 'U: SUBBB000000016->SUBBB000000017:1@16000', 'book': {'Bids': [{'price': 16000, 'orders': [(b'SUBFB000000014', 1), (b'SUBBB000000017', 1)]}], 'Asks': [{'price': 23000, 'orders': [(b'SUBDS000000013', 1), (b'SUBBS000000014', 1), (b'SUBCS000000015', 1)]}]}}
{'timestamp': 78575083445000, 'order': 'U: SUBBS000000014->SUBBS000000018:1@18000', 'book': {'Bids': [{'price': 16000, 'orders': [(b'SUBFB000000014', 1), (b'SUBBB000000017', 1)]}], 'Asks': [{'price': 18000, 'orders': [(b'SUBBS000000018', 1)]}, {'price': 23000, 'orders': [(b'SUBDS000000013', 1), (b'SUBCS000000015', 1)]}]}}
{'timestamp': 78575083993000, 'order': 'U: SUBCB000000014->SUBCB000000016:1@16000', 'book': {'Bids': [{'price': 16000, 'orders': [(b'SUBFB000000014', 1), (b'SUBBB000000017', 1)]}], 'Asks': [{'price': 18000, 'orders': [(b'SUBBS000000018', 1)]}, {'price': 23000, 'orders': [(b'SUBDS000000013', 1), (b'SUBCS000000015', 1)]}]}}
{'timestamp': 78575084294000, 'order': 'U: SUBCS000000015->SUBCS000000017:1@18000', 'book': {'Bids': [{'price': 16000, 'orders': [(b'SUBFB000000014', 1), (b'SUBBB000000017', 1)]}], 'Asks': [{'price': 18000, 'orders': [(b'SUBBS000000018', 1), (b'SUBCS000000017', 1)]}, {'price': 23000, 'orders': [(b'SUBDS000000013', 1)]}]}}
{'timestamp': 78575084812000, 'order': 'O: SUBES000000005:S1xLPS     @17000', 'book': {'Bids': [{'price': 16000, 'orders': [(b'SUBFB000000014', 1), (b'SUBBB000000017', 1)]}], 'Asks': [{'price': 18000, 'orders': [(b'SUBBS000000018', 1), (b'SUBCS000000017', 1)]}, {'price': 23000, 'orders': [(b'SUBDS000000013', 1)]}]}}
{'timestamp': 78575085191000, 'order': 'U: SUBDB000000015->SUBDB000000016:1@16000', 'book': {'Bids': [{'price': 16000, 'orders': [(b'SUBFB000000014', 1), (b'SUBBB000000017', 1)]}], 'Asks': [{'price': 18000, 'orders': [(b'SUBBS000000018', 1), (b'SUBCS000000017', 1)]}, {'price': 23000, 'orders': [(b'SUBDS000000013', 1)]}]}}
{'timestamp': 78575085473000, 'order': 'U: SUBDS000000013->SUBDS000000017:1@18000', 'book': {'Bids': [{'price': 16000, 'orders': [(b'SUBFB000000014', 1), (b'SUBBB000000017', 1)]}], 'Asks': [{'price': 18000, 'orders': [(b'SUBBS000000018', 1), (b'SUBCS000000017', 1), (b'SUBDS000000017', 1)]}]}}
{'timestamp': 78576757157000, 'order': 'O: SUBCB000000018:B1xLPS     @16000', 'book': {'Bids': [{'price': 16000, 'orders': [(b'SUBFB000000014', 1), (b'SUBBB000000017', 1), (b'SUBCB000000018', 1)]}], 'Asks': [{'price': 18000, 'orders': [(b'SUBBS000000018', 1), (b'SUBCS000000017', 1), (b'SUBDS000000017', 1)]}]}}
{'timestamp': 78576757568000, 'order': 'O: SUBFS000000016:S1xLPS     @18000', 'book': {'Bids': [{'price': 16000, 'orders': [(b'SUBFB000000014', 1), (b'SUBBB000000017', 1), (b'SUBCB000000018', 1)]}], 'Asks': [{'price': 18000, 'orders': [(b'SUBBS000000018', 1), (b'SUBCS000000017', 1), (b'SUBDS000000017', 1), (b'SUBFS000000016', 1)]}]}}
{'timestamp': 78576757864000, 'order': 'O: SUBDB000000018:B1xLPS     @16000', 'book': {'Bids': [{'price': 16000, 'orders': [(b'SUBFB000000014', 1), (b'SUBBB000000017', 1), (b'SUBCB000000018', 1), (b'SUBDB000000018', 1)]}], 'Asks': [{'price': 18000, 'orders': [(b'SUBBS000000018', 1), (b'SUBCS000000017', 1), (b'SUBDS000000017', 1), (b'SUBFS000000016', 1)]}]}}
{'timestamp': 78578766042000, 'order': 'O: SUB@B000000006:B1xLPS     @214748', 'book': {'Bids': [{'price': 16000, 'orders': [(b'SUBFB000000014', 1), (b'SUBBB000000017', 1), (b'SUBCB000000018', 1), (b'SUBDB000000018', 1)]}], 'Asks': [{'price': 18000, 'orders': [(b'SUBCS000000017', 1), (b'SUBDS000000017', 1), (b'SUBFS000000016', 1)]}]}}
{'timestamp': 78579293497000, 'order': 'O: SUBBS000000019:S1xLPS     @18000', 'book': {'Bids': [{'price': 16000, 'orders': [(b'SUBFB000000014', 1), (b'SUBBB000000017', 1), (b'SUBCB000000018', 1), (b'SUBDB000000018', 1)]}], 'Asks': [{'price': 18000, 'orders': [(b'SUBCS000000017', 1), (b'SUBDS000000017', 1), (b'SUBFS000000016', 1), (b'SUBBS000000019', 1)]}]}}
{'timestamp': 79025899449000, 'order': 'H: 9247350397695176752:S', 'book': {'Bids': [], 'Asks': []}}
{'timestamp': 79032231815000, 'order': 'O: SUBFB000000001:B1xLPS     @9000', 'book': {'Bids': [{'price': 9000, 'orders': [(b'SUBFB000000001', 1)]}], 'Asks': []}}
{'timestamp': 79032232308000, 'order': 'O: SUBFS000000002:S1xLPS     @11000', 'book': {'Bids': [{'price': 9000, 'orders': [(b'SUBFB000000001', 1)]}], 'Asks': [{'price': 11000, 'orders': [(b'SUBFS000000002', 1)]}]}}
{'timestamp': 79034868005000, 'order': 'O: SUBDB000000001:B1xLPS     @14000', 'book': {'Bids': [{'price': 9000, 'orders': [(b'SUBFB000000001', 1)]}], 'Asks': []}}
{'timestamp': 79034868626000, 'order': 'O: SUBDS000000002:S1xLPS     @16000', 'book': {'Bids': [{'price': 9000, 'orders': [(b'SUBFB000000001', 1)]}], 'Asks': [{'price': 16000, 'orders': [(b'SUBDS000000002', 1)]}]}}
{'timestamp': 79035926317000, 'order': 'O: SUBDB000000003:B1xLPS     @14000', 'book': {'Bids': [{'price': 14000, 'orders': [(b'SUBDB000000003', 1)]}, {'price': 9000, 'orders': [(b'SUBFB000000001', 1)]}], 'Asks': [{'price': 16000, 'orders': [(b'SUBDS000000002', 1)]}]}}
{'timestamp': 79035926984000, 'order': 'O: SUBFS000000003:S1xLPS     @16000', 'book': {'Bids': [{'price': 14000, 'orders': [(b'SUBDB000000003', 1)]}, {'price': 9000, 'orders': [(b'SUBFB000000001', 1)]}], 'Asks': [{'price': 16000, 'orders': [(b'SUBDS000000002', 1), (b'SUBFS000000003', 1)]}]}}
{'timestamp': 79037020066000, 'order': 'O: SUB@S000000001:S1xLPS     @0', 'book': {'Bids': [{'price': 9000, 'orders': [(b'SUBFB000000001', 1)]}], 'Asks': [{'price': 16000, 'orders': [(b'SUBDS000000002', 1), (b'SUBFS000000003', 1)]}]}}
{'timestamp': 79037549415000, 'order': 'O: SUBDB000000004:B1xLPS     @14000', 'book': {'Bids': [{'price': 14000, 'orders': [(b'SUBDB000000004', 1)]}, {'price': 9000, 'orders': [(b'SUBFB000000001', 1)]}], 'Asks': [{'price': 16000, 'orders': [(b'SUBDS000000002', 1), (b'SUBFS000000003', 1)]}]}}
{'timestamp': 79042007367000, 'order': 'O: SUBBB000000001:B1xLPS     @14000', 'book': {'Bids': [{'price': 14000, 'orders': [(b'SUBDB000000004', 1), (b'SUBBB000000001', 1)]}, {'price': 9000, 'orders': [(b'SUBFB000000001', 1)]}], 'Asks': [{'price': 16000, 'orders': [(b'SUBDS000000002', 1), (b'SUBFS000000003', 1)]}]}}
{'timestamp': 79042007965000, 'order': 'O: SUBBS000000002:S1xLPS     @16000', 'book': {'Bids': [{'price': 14000, 'orders': [(b'SUBDB000000004', 1), (b'SUBBB000000001', 1)]}, {'price': 9000, 'orders': [(b'SUBFB000000001', 1)]}], 'Asks': [{'price': 16000, 'orders': [(b'SUBDS000000002', 1), (b'SUBFS000000003', 1), (b'SUBBS000000002', 1)]}]}}
{'timestamp': 79042933354000, 'order': 'U: SUBDS000000002->SUBDS000000005:1@19000', 'book': {'Bids': [{'price': 14000, 'orders': [(b'SUBDB000000004', 1), (b'SUBBB000000001', 1)]}, {'price': 9000, 'orders': [(b'SUBFB000000001', 1)]}], 'Asks': [{'price': 16000, 'orders': [(b'SUBFS000000003', 1), (b'SUBBS000000002', 1)]}, {'price': 19000, 'orders': [(b'SUBDS000000005', 1)]}]}}
{'timestamp': 79042934123000, 'order': 'U: SUBDB000000004->SUBDB000000006:1@17000', 'book': {'Bids': [{'price': 14000, 'orders': [(b'SUBBB000000001', 1)]}, {'price': 9000, 'orders': [(b'SUBFB000000001', 1)]}], 'Asks': [{'price': 16000, 'orders': [(b'SUBBS000000002', 1)]}, {'price': 19000, 'orders': [(b'SUBDS000000005', 1)]}]}}
{'timestamp': 79042935248000, 'order': 'O: SUBCB000000001:B1xLPS     @18000', 'book': {'Bids': [{'price': 14000, 'orders': [(b'SUBBB000000001', 1)]}, {'price': 9000, 'orders': [(b'SUBFB000000001', 1)]}], 'Asks': [{'price': 19000, 'orders': [(b'SUBDS000000005', 1)]}]}}
{'timestamp': 79042935689000, 'order': 'U: SUBFS000000003->SUBFS000000004:1@19000', 'book': {'Bids': [{'price': 14000, 'orders': [(b'SUBBB000000001', 1)]}, {'price': 9000, 'orders': [(b'SUBFB000000001', 1)]}], 'Asks': [{'price': 19000, 'orders': [(b'SUBDS000000005', 1)]}]}}
{'timestamp': 79042936095000, 'order': 'U: SUBFB000000001->SUBFB000000005:1@17000', 'book': {'Bids': [{'price': 17000, 'orders': [(b'SUBFB000000005', 1)]}, {'price': 14000, 'orders': [(b'SUBBB000000001', 1)]}], 'Asks': [{'price': 19000, 'orders': [(b'SUBDS000000005', 1)]}]}}
{'timestamp': 79044545859000, 'order': 'O: SUBDB000000007:B1xLPS     @17000', 'book': {'Bids': [{'price': 17000, 'orders': [(b'SUBFB000000005', 1), (b'SUBDB000000007', 1)]}, {'price': 14000, 'orders': [(b'SUBBB000000001', 1)]}], 'Asks': [{'price': 19000, 'orders': [(b'SUBDS000000005', 1)]}]}}
{'timestamp': 79044546357000, 'order': 'O: SUBFS000000006:S1xLPS     @19000', 'book': {'Bids': [{'price': 17000, 'orders': [(b'SUBFB000000005', 1), (b'SUBDB000000007', 1)]}, {'price': 14000, 'orders': [(b'SUBBB000000001', 1)]}], 'Asks': [{'price': 19000, 'orders': [(b'SUBDS000000005', 1), (b'SUBFS000000006', 1)]}]}}
{'timestamp': 79044546908000, 'order': 'O: SUBBS000000004:S1xLPS     @19000', 'book': {'Bids': [{'price': 17000, 'orders': [(b'SUBFB000000005', 1), (b'SUBDB000000007', 1)]}, {'price': 14000, 'orders': [(b'SUBBB000000001', 1)]}], 'Asks': [{'price': 19000, 'orders': [(b'SUBDS000000005', 1), (b'SUBFS000000006', 1), (b'SUBBS000000004', 1)]}]}}
{'timestamp': 79047553692000, 'order': 'O: SUB@B000000002:B1xLPS     @214748', 'book': {'Bids': [{'price': 17000, 'orders': [(b'SUBFB000000005', 1), (b'SUBDB000000007', 1)]}, {'price': 14000, 'orders': [(b'SUBBB000000001', 1)]}], 'Asks': [{'price': 19000, 'orders': [(b'SUBFS000000006', 1), (b'SUBBS000000004', 1)]}]}}
{'timestamp': 79048078556000, 'order': 'O: SUBDS000000008:S1xLPS     @19000', 'book': {'Bids': [{'price': 17000, 'orders': [(b'SUBFB000000005', 1), (b'SUBDB000000007', 1)]}, {'price': 14000, 'orders': [(b'SUBBB000000001', 1)]}], 'Asks': [{'price': 19000, 'orders': [(b'SUBFS000000006', 1), (b'SUBBS000000004', 1), (b'SUBDS000000008', 1)]}]}}
{'timestamp': 79053566577000, 'order': 'U: SUBDS000000008->SUBDS000000009:1@22000', 'book': {'Bids': [{'price': 17000, 'orders': [(b'SUBFB000000005', 1), (b'SUBDB000000007', 1)]}, {'price': 14000, 'orders': [(b'SUBBB000000001', 1)]}], 'Asks': [{'price': 19000, 'orders': [(b'SUBFS000000006', 1), (b'SUBBS000000004', 1)]}, {'price': 22000, 'orders': [(b'SUBDS000000009', 1)]}]}}
{'timestamp': 79053567269000, 'order': 'U: SUBDB000000007->SUBDB000000010:1@20000', 'book': {'Bids': [{'price': 17000, 'orders': [(b'SUBFB000000005', 1)]}, {'price': 14000, 'orders': [(b'SUBBB000000001', 1)]}], 'Asks': [{'price': 19000, 'orders': [(b'SUBBS000000004', 1)]}, {'price': 22000, 'orders': [(b'SUBDS000000009', 1)]}]}}
{'timestamp': 79053568721000, 'order': 'O: SUBAB000000001:B1xLPS     @21000', 'book': {'Bids': [{'price': 17000, 'orders': [(b'SUBFB000000005', 1)]}, {'price': 14000, 'orders': [(b'SUBBB000000001', 1)]}], 'Asks': [{'price': 22000, 'orders': [(b'SUBDS000000009', 1)]}]}}
{'timestamp': 79053569357000, 'order': 'U: SUBBS000000004->SUBBS000000005:1@22000', 'book': {'Bids': [{'price': 17000, 'orders': [(b'SUBFB000000005', 1)]}, {'price': 14000, 'orders': [(b'SUBBB000000001', 1)]}], 'Asks': [{'price': 22000, 'orders': [(b'SUBDS000000009', 1)]}]}}
{'timestamp': 79053569768000, 'order': 'U: SUBBB000000001->SUBBB000000006:1@20000', 'book': {'Bids': [{'price': 20000, 'orders': [(b'SUBBB000000006', 1)]}, {'price': 17000, 'orders': [(b'SUBFB000000005', 1)]}], 'Asks': [{'price': 22000, 'orders': [(b'SUBDS000000009', 1)]}]}}
{'timestamp': 79055178116000, 'order': 'O: SUBDB000000011:B1xLPS     @20000', 'book': {'Bids': [{'price': 20000, 'orders': [(b'SUBBB000000006', 1), (b'SUBDB000000011', 1)]}, {'price': 17000, 'orders': [(b'SUBFB000000005', 1)]}], 'Asks': [{'price': 22000, 'orders': [(b'SUBDS000000009', 1)]}]}}
{'timestamp': 79055178565000, 'order': 'O: SUBFS000000009:S1xLPS     @22000', 'book': {'Bids': [{'price': 20000, 'orders': [(b'SUBBB000000006', 1), (b'SUBDB000000011', 1)]}, {'price': 17000, 'orders': [(b'SUBFB000000005', 1)]}], 'Asks': [{'price': 22000, 'orders': [(b'SUBDS000000009', 1), (b'SUBFS000000009', 1)]}]}}
{'timestamp': 79055178929000, 'order': 'O: SUBBS000000007:S1xLPS     @22000', 'book': {'Bids': [{'price': 20000, 'orders': [(b'SUBBB000000006', 1), (b'SUBDB000000011', 1)]}, {'price': 17000, 'orders': [(b'SUBFB000000005', 1)]}], 'Asks': [{'price': 22000, 'orders': [(b'SUBDS000000009', 1), (b'SUBFS000000009', 1), (b'SUBBS000000007', 1)]}]}}
{'timestamp': 79057182547000, 'order': 'O: SUB@S000000003:S1xLPS     @0', 'book': {'Bids': [{'price': 20000, 'orders': [(b'SUBDB000000011', 1)]}, {'price': 17000, 'orders': [(b'SUBFB000000005', 1)]}], 'Asks': [{'price': 22000, 'orders': [(b'SUBDS000000009', 1), (b'SUBFS000000009', 1), (b'SUBBS000000007', 1)]}]}}
{'timestamp': 79057706319000, 'order': 'O: SUBBB000000008:B1xLPS     @20000', 'book': {'Bids': [{'price': 20000, 'orders': [(b'SUBDB000000011', 1), (b'SUBBB000000008', 1)]}, {'price': 17000, 'orders': [(b'SUBFB000000005', 1)]}], 'Asks': [{'price': 22000, 'orders': [(b'SUBDS000000009', 1), (b'SUBFS000000009', 1), (b'SUBBS000000007', 1)]}]}}
{'timestamp': 79063193175000, 'order': 'U: SUBBB000000008->SUBBB000000009:1@15000', 'book': {'Bids': [{'price': 20000, 'orders': [(b'SUBDB000000011', 1)]}, {'price': 17000, 'orders': [(b'SUBFB000000005', 1)]}, {'price': 15000, 'orders': [(b'SUBBB000000009', 1)]}], 'Asks': [{'price': 22000, 'orders': [(b'SUBDS000000009', 1), (b'SUBFS000000009', 1), (b'SUBBS000000007', 1)]}]}}
{'timestamp': 79063193784000, 'order': 'U: SUBBS000000007->SUBBS000000010:1@17000', 'book': {'Bids': [{'price': 17000, 'orders': [(b'SUBFB000000005', 1)]}, {'price': 15000, 'orders': [(b'SUBBB000000009', 1)]}], 'Asks': [{'price': 22000, 'orders': [(b'SUBDS000000009', 1), (b'SUBFS000000009', 1)]}]}}
{'timestamp': 79064255477000, 'order': 'O: SUBBS000000011:S1xLPS     @17000', 'book': {'Bids': [{'price': 15000, 'orders': [(b'SUBBB000000009', 1)]}], 'Asks': [{'price': 22000, 'orders': [(b'SUBDS000000009', 1), (b'SUBFS000000009', 1)]}]}}
{'timestamp': 79064256049000, 'order': 'O: SUBDB000000014:B1xLPS     @15000', 'book': {'Bids': [{'price': 15000, 'orders': [(b'SUBBB000000009', 1), (b'SUBDB000000014', 1)]}], 'Asks': [{'price': 22000, 'orders': [(b'SUBDS000000009', 1), (b'SUBFS000000009', 1)]}]}}
{'timestamp': 79065313309000, 'order': 'O: SUBBS000000012:S1xLPS     @17000', 'book': {'Bids': [{'price': 15000, 'orders': [(b'SUBBB000000009', 1), (b'SUBDB000000014', 1)]}], 'Asks': [{'price': 17000, 'orders': [(b'SUBBS000000012', 1)]}, {'price': 22000, 'orders': [(b'SUBDS000000009', 1), (b'SUBFS000000009', 1)]}]}}
{'timestamp': 79065313942000, 'order': 'O: SUBFB000000012:B1xLPS     @15000', 'book': {'Bids': [{'price': 15000, 'orders': [(b'SUBBB000000009', 1), (b'SUBDB000000014', 1), (b'SUBFB000000012', 1)]}], 'Asks': [{'price': 17000, 'orders': [(b'SUBBS000000012', 1)]}, {'price': 22000, 'orders': [(b'SUBDS000000009', 1), (b'SUBFS000000009', 1)]}]}}
{'timestamp': 79067305157000, 'order': 'O: SUB@B000000004:B1xLPS     @214748', 'book': {'Bids': [{'price': 15000, 'orders': [(b'SUBBB000000009', 1), (b'SUBDB000000014', 1), (b'SUBFB000000012', 1)]}], 'Asks': [{'price': 22000, 'orders': [(b'SUBDS000000009', 1), (b'SUBFS000000009', 1)]}]}}
{'timestamp': 79067824849000, 'order': 'O: SUBBS000000013:S1xLPS     @17000', 'book': {'Bids': [{'price': 15000, 'orders': [(b'SUBBB000000009', 1), (b'SUBDB000000014', 1), (b'SUBFB000000012', 1)]}], 'Asks': [{'price': 17000, 'orders': [(b'SUBBS000000013', 1)]}, {'price': 22000, 'orders': [(b'SUBDS000000009', 1), (b'SUBFS000000009', 1)]}]}}
{'timestamp': 79077324309000, 'order': 'O: SUB@S000000005:S1xLPS     @0', 'book': {'Bids': [{'price': 15000, 'orders': [(b'SUBDB000000014', 1), (b'SUBFB000000012', 1)]}], 'Asks': [{'price': 17000, 'orders': [(b'SUBBS000000013', 1)]}, {'price': 22000, 'orders': [(b'SUBDS000000009', 1), (b'SUBFS000000009', 1)]}]}}
{'timestamp': 79077846661000, 'order': 'O: SUBBB000000016:B1xLPS     @21000', 'book': {'Bids': [{'price': 15000, 'orders': [(b'SUBDB000000014', 1), (b'SUBFB000000012', 1)]}], 'Asks': [{'price': 22000, 'orders': [(b'SUBDS000000009', 1), (b'SUBFS000000009', 1)]}]}}
{'timestamp': 79078892100000, 'order': 'O: SUBBB000000017:B1xLPS     @21000', 'book': {'Bids': [{'price': 21000, 'orders': [(b'SUBBB000000017', 1)]}, {'price': 15000, 'orders': [(b'SUBDB000000014', 1), (b'SUBFB000000012', 1)]}], 'Asks': [{'price': 22000, 'orders': [(b'SUBDS000000009', 1), (b'SUBFS000000009', 1)]}]}}
{'timestamp': 79078892540000, 'order': 'O: SUBBS000000018:S1xLPS     @23000', 'book': {'Bids': [{'price': 21000, 'orders': [(b'SUBBB000000017', 1)]}, {'price': 15000, 'orders': [(b'SUBDB000000014', 1), (b'SUBFB000000012', 1)]}], 'Asks': [{'price': 22000, 'orders': [(b'SUBDS000000009', 1), (b'SUBFS000000009', 1)]}, {'price': 23000, 'orders': [(b'SUBBS000000018', 1)]}]}}
{'timestamp': 79082909836000, 'order': 'U: SUBBB000000017->SUBBB000000019:1@16000', 'book': {'Bids': [{'price': 16000, 'orders': [(b'SUBBB000000019', 1)]}, {'price': 15000, 'orders': [(b'SUBDB000000014', 1), (b'SUBFB000000012', 1)]}], 'Asks': [{'price': 22000, 'orders': [(b'SUBDS000000009', 1), (b'SUBFS000000009', 1)]}, {'price': 23000, 'orders': [(b'SUBBS000000018', 1)]}]}}
{'timestamp': 79082910635000, 'order': 'U: SUBBS000000018->SUBBS000000020:1@18000', 'book': {'Bids': [{'price': 16000, 'orders': [(b'SUBBB000000019', 1)]}, {'price': 15000, 'orders': [(b'SUBDB000000014', 1), (b'SUBFB000000012', 1)]}], 'Asks': [{'price': 18000, 'orders': [(b'SUBBS000000020', 1)]}, {'price': 22000, 'orders': [(b'SUBDS000000009', 1), (b'SUBFS000000009', 1)]}]}}
{'timestamp': 79082912067000, 'order': 'O: SUBAS000000004:S1xLPS     @17000', 'book': {'Bids': [{'price': 16000, 'orders': [(b'SUBBB000000019', 1)]}, {'price': 15000, 'orders': [(b'SUBDB000000014', 1), (b'SUBFB000000012', 1)]}], 'Asks': [{'price': 18000, 'orders': [(b'SUBBS000000020', 1)]}, {'price': 22000, 'orders': [(b'SUBDS000000009', 1), (b'SUBFS000000009', 1)]}]}}
{'timestamp': 79087339263000, 'order': 'O: SUB@B000000006:B1xLPS     @214748', 'book': {'Bids': [{'price': 16000, 'orders': [(b'SUBBB000000019', 1)]}, {'price': 15000, 'orders': [(b'SUBDB000000014', 1), (b'SUBFB000000012', 1)]}], 'Asks': [{'price': 22000, 'orders': [(b'SUBDS000000009', 1), (b'SUBFS000000009', 1)]}]}}
{'timestamp': 79087866457000, 'order': 'O: SUBBS000000021:S1xLPS     @18000', 'book': {'Bids': [{'price': 16000, 'orders': [(b'SUBBB000000019', 1)]}, {'price': 15000, 'orders': [(b'SUBDB000000014', 1), (b'SUBFB000000012', 1)]}], 'Asks': [{'price': 18000, 'orders': [(b'SUBBS000000021', 1)]}, {'price': 22000, 'orders': [(b'SUBDS000000009', 1), (b'SUBFS000000009', 1)]}]}}
{'timestamp': 80683493983000, 'order': 'H: 16366645358130901040:S', 'book': {'Bids': [], 'Asks': []}}
{'timestamp': 80687016835000, 'order': 'O: SUBFB000000001:B1xLPS     @9000', 'book': {'Bids': [{'price': 9000, 'orders': [(b'SUBFB000000001', 1)]}], 'Asks': []}}
{'timestamp': 80687017365000, 'order': 'O: SUBFS000000002:S1xLPS     @11000', 'book': {'Bids': [{'price': 9000, 'orders': [(b'SUBFB000000001', 1)]}], 'Asks': [{'price': 11000, 'orders': [(b'SUBFS000000002', 1)]}]}}
{'timestamp': 80692379648000, 'order': 'O: SUBDB000000001:B1xLPS     @14000', 'book': {'Bids': [{'price': 9000, 'orders': [(b'SUBFB000000001', 1)]}], 'Asks': []}}
{'timestamp': 80692380479000, 'order': 'O: SUBDS000000002:S1xLPS     @16000', 'book': {'Bids': [{'price': 9000, 'orders': [(b'SUBFB000000001', 1)]}], 'Asks': [{'price': 16000, 'orders': [(b'SUBDS000000002', 1)]}]}}
{'timestamp': 80693432131000, 'order': 'O: SUBDB000000003:B1xLPS     @14000', 'book': {'Bids': [{'price': 14000, 'orders': [(b'SUBDB000000003', 1)]}, {'price': 9000, 'orders': [(b'SUBFB000000001', 1)]}], 'Asks': [{'price': 16000, 'orders': [(b'SUBDS000000002', 1)]}]}}
{'timestamp': 80693432555000, 'order': 'O: SUBFS000000005:S1xLPS     @16000', 'book': {'Bids': [{'price': 14000, 'orders': [(b'SUBDB000000003', 1)]}, {'price': 9000, 'orders': [(b'SUBFB000000001', 1)]}], 'Asks': [{'price': 16000, 'orders': [(b'SUBDS000000002', 1), (b'SUBFS000000005', 1)]}]}}
{'timestamp': 80694495749000, 'order': 'O: SUB@S000000001:S1xLPS     @0', 'book': {'Bids': [{'price': 9000, 'orders': [(b'SUBFB000000001', 1)]}], 'Asks': [{'price': 16000, 'orders': [(b'SUBDS000000002', 1), (b'SUBFS000000005', 1)]}]}}
{'timestamp': 80695023861000, 'order': 'O: SUBDB000000004:B1xLPS     @14000', 'book': {'Bids': [{'price': 14000, 'orders': [(b'SUBDB000000004', 1)]}, {'price': 9000, 'orders': [(b'SUBFB000000001', 1)]}], 'Asks': [{'price': 16000, 'orders': [(b'SUBDS000000002', 1), (b'SUBFS000000005', 1)]}]}}
{'timestamp': 80698030255000, 'order': 'O: SUBBB000000001:B1xLPS     @14000', 'book': {'Bids': [{'price': 14000, 'orders': [(b'SUBDB000000004', 1), (b'SUBBB000000001', 1)]}, {'price': 9000, 'orders': [(b'SUBFB000000001', 1)]}], 'Asks': [{'price': 16000, 'orders': [(b'SUBDS000000002', 1), (b'SUBFS000000005', 1)]}]}}
{'timestamp': 80698030770000, 'order': 'O: SUBBS000000002:S1xLPS     @16000', 'book': {'Bids': [{'price': 14000, 'orders': [(b'SUBDB000000004', 1), (b'SUBBB000000001', 1)]}, {'price': 9000, 'orders': [(b'SUBFB000000001', 1)]}], 'Asks': [{'price': 16000, 'orders': [(b'SUBDS000000002', 1), (b'SUBFS000000005', 1), (b'SUBBS000000002', 1)]}]}}
{'timestamp': 80705036067000, 'order': 'O: SUB@B000000002:B1xLPS     @214748', 'book': {'Bids': [{'price': 14000, 'orders': [(b'SUBDB000000004', 1), (b'SUBBB000000001', 1)]}, {'price': 9000, 'orders': [(b'SUBFB000000001', 1)]}], 'Asks': [{'price': 16000, 'orders': [(b'SUBFS000000005', 1), (b'SUBBS000000002', 1)]}]}}
{'timestamp': 80705561661000, 'order': 'O: SUBDS000000007:S1xLPS     @19000', 'book': {'Bids': [{'price': 14000, 'orders': [(b'SUBDB000000004', 1), (b'SUBBB000000001', 1)]}, {'price': 9000, 'orders': [(b'SUBFB000000001', 1)]}], 'Asks': [{'price': 16000, 'orders': [(b'SUBFS000000005', 1), (b'SUBBS000000002', 1)]}, {'price': 19000, 'orders': [(b'SUBDS000000007', 1)]}]}}
{'timestamp': 80710577725000, 'order': 'U: SUBFS000000005->SUBFS000000008:1@22000', 'book': {'Bids': [{'price': 14000, 'orders': [(b'SUBDB000000004', 1), (b'SUBBB000000001', 1)]}, {'price': 9000, 'orders': [(b'SUBFB000000001', 1)]}], 'Asks': [{'price': 16000, 'orders': [(b'SUBBS000000002', 1)]}, {'price': 19000, 'orders': [(b'SUBDS000000007', 1)]}, {'price': 22000, 'orders': [(b'SUBFS000000008', 1)]}]}}
{'timestamp': 80710578383000, 'order': 'U: SUBFB000000001->SUBFB000000009:1@20000', 'book': {'Bids': [{'price': 14000, 'orders': [(b'SUBDB000000004', 1), (b'SUBBB000000001', 1)]}], 'Asks': [{'price': 19000, 'orders': [(b'SUBDS000000007', 1)]}, {'price': 22000, 'orders': [(b'SUBFS000000008', 1)]}]}}
{'timestamp': 80710579796000, 'order': 'O: SUBAB000000001:B1xLPS     @21000', 'book': {'Bids': [{'price': 14000, 'orders': [(b'SUBDB000000004', 1), (b'SUBBB000000001', 1)]}], 'Asks': [{'price': 22000, 'orders': [(b'SUBFS000000008', 1)]}]}}
{'timestamp': 80710580222000, 'order': 'U: SUBDS000000007->SUBDS000000008:1@22000', 'book': {'Bids': [{'price': 14000, 'orders': [(b'SUBDB000000004', 1), (b'SUBBB000000001', 1)]}], 'Asks': [{'price': 22000, 'orders': [(b'SUBFS000000008', 1)]}]}}
{'timestamp': 80710580452000, 'order': 'U: SUBDB000000004->SUBDB000000009:1@20000', 'book': {'Bids': [{'price': 20000, 'orders': [(b'SUBDB000000009', 1)]}, {'price': 14000, 'orders': [(b'SUBBB000000001', 1)]}], 'Asks': [{'price': 22000, 'orders': [(b'SUBFS000000008', 1)]}]}}
{'timestamp': 80710580985000, 'order': 'O: SUBCB000000002:B1xLPS     @21000', 'book': {'Bids': [{'price': 20000, 'orders': [(b'SUBDB000000009', 1)]}, {'price': 14000, 'orders': [(b'SUBBB000000001', 1)]}], 'Asks': [{'price': 22000, 'orders': [(b'SUBFS000000008', 1)]}]}}
{'timestamp': 80710581292000, 'order': 'O: SUBEB000000003:B1xLPS     @21000', 'book': {'Bids': [{'price': 20000, 'orders': [(b'SUBDB000000009', 1)]}, {'price': 14000, 'orders': [(b'SUBBB000000001', 1)]}], 'Asks': [{'price': 22000, 'orders': [(b'SUBFS000000008', 1)]}]}}
{'timestamp': 80710581584000, 'order': 'U: SUBBS000000002->SUBBS000000005:1@22000', 'book': {'Bids': [{'price': 20000, 'orders': [(b'SUBDB000000009', 1)]}, {'price': 14000, 'orders': [(b'SUBBB000000001', 1)]}], 'Asks': [{'price': 22000, 'orders': [(b'SUBFS000000008', 1)]}]}}
{'timestamp': 80710581829000, 'order': 'U: SUBBB000000001->SUBBB000000006:1@20000', 'book': {'Bids': [{'price': 20000, 'orders': [(b'SUBDB000000009', 1), (b'SUBBB000000006', 1)]}], 'Asks': [{'price': 22000, 'orders': [(b'SUBFS000000008', 1)]}]}}
{'timestamp': 80712223942000, 'order': 'O: SUBFB000000010:B1xLPS     @20000', 'book': {'Bids': [{'price': 20000, 'orders': [(b'SUBDB000000009', 1), (b'SUBBB000000006', 1), (b'SUBFB000000010', 1)]}], 'Asks': [{'price': 22000, 'orders': [(b'SUBFS000000008', 1)]}]}}
{'timestamp': 80712224362000, 'order': 'O: SUBBS000000007:S1xLPS     @22000', 'book': {'Bids': [{'price': 20000, 'orders': [(b'SUBDB000000009', 1), (b'SUBBB000000006', 1), (b'SUBFB000000010', 1)]}], 'Asks': [{'price': 22000, 'orders': [(b'SUBFS000000008', 1), (b'SUBBS000000007', 1)]}]}}
{'timestamp': 80712224722000, 'order': 'O: SUBDS000000010:S1xLPS     @22000', 'book': {'Bids': [{'price': 20000, 'orders': [(b'SUBDB000000009', 1), (b'SUBBB000000006', 1), (b'SUBFB000000010', 1)]}], 'Asks': [{'price': 22000, 'orders': [(b'SUBFS000000008', 1), (b'SUBBS000000007', 1), (b'SUBDS000000010', 1)]}]}}
{'timestamp': 80715233305000, 'order': 'O: SUB@S000000003:S1xLPS     @0', 'book': {'Bids': [{'price': 20000, 'orders': [(b'SUBBB000000006', 1), (b'SUBFB000000010', 1)]}], 'Asks': [{'price': 22000, 'orders': [(b'SUBFS000000008', 1), (b'SUBBS000000007', 1), (b'SUBDS000000010', 1)]}]}}
{'timestamp': 80715759812000, 'order': 'O: SUBDB000000011:B1xLPS     @20000', 'book': {'Bids': [{'price': 20000, 'orders': [(b'SUBBB000000006', 1), (b'SUBFB000000010', 1), (b'SUBDB000000011', 1)]}], 'Asks': [{'price': 22000, 'orders': [(b'SUBFS000000008', 1), (b'SUBBS000000007', 1), (b'SUBDS000000010', 1)]}]}}
{'timestamp': 80720236258000, 'order': 'O: SUBAS000000002:S1xLPS     @16000', 'book': {'Bids': [{'price': 20000, 'orders': [(b'SUBFB000000010', 1), (b'SUBDB000000011', 1)]}], 'Asks': [{'price': 22000, 'orders': [(b'SUBFS000000008', 1), (b'SUBBS000000007', 1), (b'SUBDS000000010', 1)]}]}}
{'timestamp': 80720236898000, 'order': 'U: SUBDB000000011->SUBDB000000012:1@15000', 'book': {'Bids': [{'price': 20000, 'orders': [(b'SUBFB000000010', 1)]}, {'price': 15000, 'orders': [(b'SUBDB000000012', 1)]}], 'Asks': [{'price': 22000, 'orders': [(b'SUBFS000000008', 1), (b'SUBBS000000007', 1), (b'SUBDS000000010', 1)]}]}}
{'timestamp': 80720238310000, 'order': 'U: SUBDS000000010->SUBDS000000013:1@17000', 'book': {'Bids': [{'price': 15000, 'orders': [(b'SUBDB000000012', 1)]}], 'Asks': [{'price': 22000, 'orders': [(b'SUBFS000000008', 1), (b'SUBBS000000007', 1)]}]}}
{'timestamp': 80720239037000, 'order': 'O: SUBES000000004:S1xLPS     @16000', 'book': {'Bids': [{'price': 15000, 'orders': [(b'SUBDB000000012', 1)]}], 'Asks': [{'price': 22000, 'orders': [(b'SUBFS000000008', 1), (b'SUBBS000000007', 1)]}]}}
{'timestamp': 80720239330000, 'order': 'U: SUBBB000000006->SUBBB000000008:1@15000', 'book': {'Bids': [{'price': 15000, 'orders': [(b'SUBDB000000012', 1)]}], 'Asks': [{'price': 22000, 'orders': [(b'SUBFS000000008', 1), (b'SUBBS000000007', 1)]}]}}
{'timestamp': 80720239594000, 'order': 'U: SUBBS000000007->SUBBS000000009:1@17000', 'book': {'Bids': [{'price': 15000, 'orders': [(b'SUBDB000000012', 1)]}], 'Asks': [{'price': 17000, 'orders': [(b'SUBBS000000009', 1)]}, {'price': 22000, 'orders': [(b'SUBFS000000008', 1)]}]}}
{'timestamp': 80720240173000, 'order': 'O: SUBCS000000003:S1xLPS     @16000', 'book': {'Bids': [{'price': 15000, 'orders': [(b'SUBDB000000012', 1)]}], 'Asks': [{'price': 17000, 'orders': [(b'SUBBS000000009', 1)]}, {'price': 22000, 'orders': [(b'SUBFS000000008', 1)]}]}}
{'timestamp': 80720240476000, 'order': 'U: SUBFB000000010->SUBFB000000011:1@15000', 'book': {'Bids': [{'price': 15000, 'orders': [(b'SUBDB000000012', 1)]}], 'Asks': [{'price': 17000, 'orders': [(b'SUBBS000000009', 1)]}, {'price': 22000, 'orders': [(b'SUBFS000000008', 1)]}]}}
{'timestamp': 80720240700000, 'order': 'U: SUBFS000000008->SUBFS000000012:1@17000', 'book': {'Bids': [{'price': 15000, 'orders': [(b'SUBDB000000012', 1)]}], 'Asks': [{'price': 17000, 'orders': [(b'SUBBS000000009', 1), (b'SUBFS000000012', 1)]}]}}
{'timestamp': 80721875190000, 'order': 'O: SUBBB000000010:B1xLPS     @15000', 'book': {'Bids': [{'price': 15000, 'orders': [(b'SUBDB000000012', 1), (b'SUBBB000000010', 1)]}], 'Asks': [{'price': 17000, 'orders': [(b'SUBBS000000009', 1), (b'SUBFS000000012', 1)]}]}}
{'timestamp': 80721875785000, 'order': 'O: SUBDS000000014:S1xLPS     @17000', 'book': {'Bids': [{'price': 15000, 'orders': [(b'SUBDB000000012', 1), (b'SUBBB000000010', 1)]}], 'Asks': [{'price': 17000, 'orders': [(b'SUBBS000000009', 1), (b'SUBFS000000012', 1), (b'SUBDS000000014', 1)]}]}}
{'timestamp': 80721876226000, 'order': 'O: SUBFB000000013:B1xLPS     @15000', 'book': {'Bids': [{'price': 15000, 'orders': [(b'SUBDB000000012', 1), (b'SUBBB000000010', 1), (b'SUBFB000000013', 1)]}], 'Asks': [{'price': 17000, 'orders': [(b'SUBBS000000009', 1), (b'SUBFS000000012', 1), (b'SUBDS000000014', 1)]}]}}
{'timestamp': 80724885331000, 'order': 'O: SUB@B000000004:B1xLPS     @214748', 'book': {'Bids': [{'price': 15000, 'orders': [(b'SUBDB000000012', 1), (b'SUBBB000000010', 1), (b'SUBFB000000013', 1)]}], 'Asks': [{'price': 17000, 'orders': [(b'SUBFS000000012', 1), (b'SUBDS000000014', 1)]}]}}
{'timestamp': 80725409668000, 'order': 'O: SUBBS000000011:S1xLPS     @17000', 'book': {'Bids': [{'price': 15000, 'orders': [(b'SUBDB000000012', 1), (b'SUBBB000000010', 1), (b'SUBFB000000013', 1)]}], 'Asks': [{'price': 17000, 'orders': [(b'SUBFS000000012', 1), (b'SUBDS000000014', 1), (b'SUBBS000000011', 1)]}]}}
{'timestamp': 80730253863000, 'order': 'O: SUBEB000000005:B1xLPS     @22000', 'book': {'Bids': [{'price': 15000, 'orders': [(b'SUBDB000000012', 1), (b'SUBBB000000010', 1), (b'SUBFB000000013', 1)]}], 'Asks': [{'price': 17000, 'orders': [(b'SUBDS000000014', 1), (b'SUBBS000000011', 1)]}]}}
{'timestamp': 80730254497000, 'order': 'O: SUBAB000000003:B1xLPS     @22000', 'book': {'Bids': [{'price': 15000, 'orders': [(b'SUBDB000000012', 1), (b'SUBBB000000010', 1), (b'SUBFB000000013', 1)]}], 'Asks': [{'price': 17000, 'orders': [(b'SUBBS000000011', 1)]}]}}
{'timestamp': 80730255911000, 'order': 'O: SUBCB000000004:B1xLPS     @22000', 'book': {'Bids': [{'price': 15000, 'orders': [(b'SUBDB000000012', 1), (b'SUBBB000000010', 1), (b'SUBFB000000013', 1)]}], 'Asks': []}}
{'timestamp': 80730256332000, 'order': 'U: SUBBS000000011->SUBBS000000012:1@23000', 'book': {'Bids': [{'price': 15000, 'orders': [(b'SUBDB000000012', 1), (b'SUBBB000000010', 1), (b'SUBFB000000013', 1)]}], 'Asks': []}}
{'timestamp': 80730256556000, 'order': 'U: SUBBB000000010->SUBBB000000013:1@21000', 'book': {'Bids': [{'price': 21000, 'orders': [(b'SUBBB000000013', 1)]}, {'price': 15000, 'orders': [(b'SUBDB000000012', 1), (b'SUBFB000000013', 1)]}], 'Asks': []}}
{'timestamp': 80730257040000, 'order': 'U: SUBDS000000014->SUBDS000000015:1@23000', 'book': {'Bids': [{'price': 21000, 'orders': [(b'SUBBB000000013', 1)]}, {'price': 15000, 'orders': [(b'SUBDB000000012', 1), (b'SUBFB000000013', 1)]}], 'Asks': []}}
{'timestamp': 80730257266000, 'order': 'U: SUBDB000000012->SUBDB000000016:1@21000', 'book': {'Bids': [{'price': 21000, 'orders': [(b'SUBBB000000013', 1), (b'SUBDB000000016', 1)]}, {'price': 15000, 'orders': [(b'SUBFB000000013', 1)]}], 'Asks': []}}
{'timestamp': 80730257637000, 'order': 'U: SUBFS000000012->SUBFS000000014:1@23000', 'book': {'Bids': [{'price': 21000, 'orders': [(b'SUBBB000000013', 1), (b'SUBDB000000016', 1)]}, {'price': 15000, 'orders': [(b'SUBFB000000013', 1)]}], 'Asks': []}}
{'timestamp': 80730257849000, 'order': 'U: SUBFB000000013->SUBFB000000015:1@21000', 'book': {'Bids': [{'price': 21000, 'orders': [(b'SUBBB000000013', 1), (b'SUBDB000000016', 1), (b'SUBFB000000015', 1)]}], 'Asks': []}}
{'timestamp': 80731904134000, 'order': 'O: SUBFS000000016:S1xLPS     @23000', 'book': {'Bids': [{'price': 21000, 'orders': [(b'SUBBB000000013', 1), (b'SUBDB000000016', 1), (b'SUBFB000000015', 1)]}], 'Asks': [{'price': 23000, 'orders': [(b'SUBFS000000016', 1)]}]}}
{'timestamp': 80731904568000, 'order': 'O: SUBDS000000017:S1xLPS     @23000', 'book': {'Bids': [{'price': 21000, 'orders': [(b'SUBBB000000013', 1), (b'SUBDB000000016', 1), (b'SUBFB000000015', 1)]}], 'Asks': [{'price': 23000, 'orders': [(b'SUBFS000000016', 1), (b'SUBDS000000017', 1)]}]}}
{'timestamp': 80731904882000, 'order': 'O: SUBBS000000014:S1xLPS     @23000', 'book': {'Bids': [{'price': 21000, 'orders': [(b'SUBBB000000013', 1), (b'SUBDB000000016', 1), (b'SUBFB000000015', 1)]}], 'Asks': [{'price': 23000, 'orders': [(b'SUBFS000000016', 1), (b'SUBDS000000017', 1), (b'SUBBS000000014', 1)]}]}}
{'timestamp': 80734913626000, 'order': 'O: SUB@S000000005:S1xLPS     @0', 'book': {'Bids': [{'price': 21000, 'orders': [(b'SUBDB000000016', 1), (b'SUBFB000000015', 1)]}], 'Asks': [{'price': 23000, 'orders': [(b'SUBFS000000016', 1), (b'SUBDS000000017', 1), (b'SUBBS000000014', 1)]}]}}
{'timestamp': 80735434994000, 'order': 'O: SUBBB000000015:B1xLPS     @21000', 'book': {'Bids': [{'price': 21000, 'orders': [(b'SUBDB000000016', 1), (b'SUBFB000000015', 1), (b'SUBBB000000015', 1)]}], 'Asks': [{'price': 23000, 'orders': [(b'SUBFS000000016', 1), (b'SUBDS000000017', 1), (b'SUBBS000000014', 1)]}]}}
{'timestamp': 80740272656000, 'order': 'O: SUBAS000000004:S1xLPS     @17000', 'book': {'Bids': [{'price': 21000, 'orders': [(b'SUBFB000000015', 1), (b'SUBBB000000015', 1)]}], 'Asks': [{'price': 23000, 'orders': [(b'SUBFS000000016', 1), (b'SUBDS000000017', 1), (b'SUBBS000000014', 1)]}]}}
{'timestamp': 80740273292000, 'order': 'U: SUBBB000000015->SUBBB000000016:1@16000', 'book': {'Bids': [{'price': 21000, 'orders': [(b'SUBFB000000015', 1)]}, {'price': 16000, 'orders': [(b'SUBBB000000016', 1)]}], 'Asks': [{'price': 23000, 'orders': [(b'SUBFS000000016', 1), (b'SUBDS000000017', 1), (b'SUBBS000000014', 1)]}]}}
{'timestamp': 80740274728000, 'order': 'U: SUBBS000000014->SUBBS000000017:1@18000', 'book': {'Bids': [{'price': 16000, 'orders': [(b'SUBBB000000016', 1)]}], 'Asks': [{'price': 23000, 'orders': [(b'SUBFS000000016', 1), (b'SUBDS000000017', 1)]}]}}
{'timestamp': 80740275643000, 'order': 'U: SUBDB000000016->SUBDB000000018:1@16000', 'book': {'Bids': [{'price': 16000, 'orders': [(b'SUBBB000000016', 1)]}], 'Asks': [{'price': 23000, 'orders': [(b'SUBFS000000016', 1), (b'SUBDS000000017', 1)]}]}}
{'timestamp': 80740275925000, 'order': 'U: SUBDS000000017->SUBDS000000019:1@18000', 'book': {'Bids': [{'price': 16000, 'orders': [(b'SUBBB000000016', 1)]}], 'Asks': [{'price': 18000, 'orders': [(b'SUBDS000000019', 1)]}, {'price': 23000, 'orders': [(b'SUBFS000000016', 1)]}]}}
{'timestamp': 80740276506000, 'order': 'U: SUBFB000000015->SUBFB000000017:1@16000', 'book': {'Bids': [{'price': 16000, 'orders': [(b'SUBBB000000016', 1)]}], 'Asks': [{'price': 18000, 'orders': [(b'SUBDS000000019', 1)]}, {'price': 23000, 'orders': [(b'SUBFS000000016', 1)]}]}}
{'timestamp': 80740276797000, 'order': 'U: SUBFS000000016->SUBFS000000018:1@18000', 'book': {'Bids': [{'price': 16000, 'orders': [(b'SUBBB000000016', 1)]}], 'Asks': [{'price': 18000, 'orders': [(b'SUBDS000000019', 1), (b'SUBFS000000018', 1)]}]}}
{'timestamp': 80740277310000, 'order': 'O: SUBES000000006:S1xLPS     @17000', 'book': {'Bids': [{'price': 16000, 'orders': [(b'SUBBB000000016', 1)]}], 'Asks': [{'price': 18000, 'orders': [(b'SUBDS000000019', 1), (b'SUBFS000000018', 1)]}]}}
{'timestamp': 80740277622000, 'order': 'O: SUBCS000000005:S1xLPS     @17000', 'book': {'Bids': [{'price': 16000, 'orders': [(b'SUBBB000000016', 1)]}], 'Asks': [{'price': 18000, 'orders': [(b'SUBDS000000019', 1), (b'SUBFS000000018', 1)]}]}}
{'timestamp': 80741917707000, 'order': 'O: SUBDB000000020:B1xLPS     @16000', 'book': {'Bids': [{'price': 16000, 'orders': [(b'SUBBB000000016', 1), (b'SUBDB000000020', 1)]}], 'Asks': [{'price': 18000, 'orders': [(b'SUBDS000000019', 1), (b'SUBFS000000018', 1)]}]}}
{'timestamp': 80741918121000, 'order': 'O: SUBBS000000018:S1xLPS     @18000', 'book': {'Bids': [{'price': 16000, 'orders': [(b'SUBBB000000016', 1), (b'SUBDB000000020', 1)]}], 'Asks': [{'price': 18000, 'orders': [(b'SUBDS000000019', 1), (b'SUBFS000000018', 1), (b'SUBBS000000018', 1)]}]}}
{'timestamp': 80741918433000, 'order': 'O: SUBFB000000019:B1xLPS     @16000', 'book': {'Bids': [{'price': 16000, 'orders': [(b'SUBBB000000016', 1), (b'SUBDB000000020', 1), (b'SUBFB000000019', 1)]}], 'Asks': [{'price': 18000, 'orders': [(b'SUBDS000000019', 1), (b'SUBFS000000018', 1), (b'SUBBS000000018', 1)]}]}}
{'timestamp': 80744927866000, 'order': 'O: SUB@B000000006:B1xLPS     @214748', 'book': {'Bids': [{'price': 16000, 'orders': [(b'SUBBB000000016', 1), (b'SUBDB000000020', 1), (b'SUBFB000000019', 1)]}], 'Asks': [{'price': 18000, 'orders': [(b'SUBFS000000018', 1), (b'SUBBS000000018', 1)]}]}}
{'timestamp': 80745451121000, 'order': 'O: SUBDS000000021:S1xLPS     @18000', 'book': {'Bids': [{'price': 16000, 'orders': [(b'SUBBB000000016', 1), (b'SUBDB000000020', 1), (b'SUBFB000000019', 1)]}], 'Asks': [{'price': 18000, 'orders': [(b'SUBFS000000018', 1), (b'SUBBS000000018', 1), (b'SUBDS000000021', 1)]}]}}
